[2024-05-12T08:20:35.306+0000] {processor.py:161} INFO - Started process (PID=57) to work on /home/airflow/.local/lib/python3.8/site-packages/airflow/example_dags/example_dag_decorator.py
[2024-05-12T08:20:35.307+0000] {processor.py:830} INFO - Processing file /home/airflow/.local/lib/python3.8/site-packages/airflow/example_dags/example_dag_decorator.py for tasks to queue
[2024-05-12T08:20:35.309+0000] {logging_mixin.py:188} INFO - [2024-05-12T08:20:35.308+0000] {dagbag.py:540} INFO - Filling up the DagBag from /home/airflow/.local/lib/python3.8/site-packages/airflow/example_dags/example_dag_decorator.py
[2024-05-12T08:20:38.235+0000] {processor.py:840} INFO - DAG(s) 'example_dag_decorator' retrieved from /home/airflow/.local/lib/python3.8/site-packages/airflow/example_dags/example_dag_decorator.py
[2024-05-12T08:20:41.948+0000] {logging_mixin.py:188} INFO - [2024-05-12T08:20:41.948+0000] {dag.py:3047} INFO - Sync 1 DAGs
[2024-05-12T08:20:41.959+0000] {logging_mixin.py:188} INFO - [2024-05-12T08:20:41.958+0000] {dag.py:3834} INFO - Setting next_dagrun for example_dag_decorator to None, run_after=None
[2024-05-12T08:20:41.994+0000] {processor.py:183} INFO - Processing /home/airflow/.local/lib/python3.8/site-packages/airflow/example_dags/example_dag_decorator.py took 6.692 seconds
[2024-05-12T08:21:12.469+0000] {processor.py:161} INFO - Started process (PID=123) to work on /home/airflow/.local/lib/python3.8/site-packages/airflow/example_dags/example_dag_decorator.py
[2024-05-12T08:21:12.470+0000] {processor.py:830} INFO - Processing file /home/airflow/.local/lib/python3.8/site-packages/airflow/example_dags/example_dag_decorator.py for tasks to queue
[2024-05-12T08:21:12.472+0000] {logging_mixin.py:188} INFO - [2024-05-12T08:21:12.472+0000] {dagbag.py:540} INFO - Filling up the DagBag from /home/airflow/.local/lib/python3.8/site-packages/airflow/example_dags/example_dag_decorator.py
[2024-05-12T08:21:12.603+0000] {processor.py:840} INFO - DAG(s) 'example_dag_decorator' retrieved from /home/airflow/.local/lib/python3.8/site-packages/airflow/example_dags/example_dag_decorator.py
[2024-05-12T08:21:12.759+0000] {logging_mixin.py:188} INFO - [2024-05-12T08:21:12.758+0000] {dag.py:3047} INFO - Sync 1 DAGs
[2024-05-12T08:21:12.774+0000] {logging_mixin.py:188} INFO - [2024-05-12T08:21:12.773+0000] {dag.py:3834} INFO - Setting next_dagrun for example_dag_decorator to None, run_after=None
[2024-05-12T08:21:12.807+0000] {processor.py:183} INFO - Processing /home/airflow/.local/lib/python3.8/site-packages/airflow/example_dags/example_dag_decorator.py took 0.343 seconds
[2024-05-12T08:21:43.415+0000] {processor.py:161} INFO - Started process (PID=178) to work on /home/airflow/.local/lib/python3.8/site-packages/airflow/example_dags/example_dag_decorator.py
[2024-05-12T08:21:43.417+0000] {processor.py:830} INFO - Processing file /home/airflow/.local/lib/python3.8/site-packages/airflow/example_dags/example_dag_decorator.py for tasks to queue
[2024-05-12T08:21:43.419+0000] {logging_mixin.py:188} INFO - [2024-05-12T08:21:43.419+0000] {dagbag.py:540} INFO - Filling up the DagBag from /home/airflow/.local/lib/python3.8/site-packages/airflow/example_dags/example_dag_decorator.py
[2024-05-12T08:21:43.530+0000] {processor.py:840} INFO - DAG(s) 'example_dag_decorator' retrieved from /home/airflow/.local/lib/python3.8/site-packages/airflow/example_dags/example_dag_decorator.py
[2024-05-12T08:21:43.662+0000] {logging_mixin.py:188} INFO - [2024-05-12T08:21:43.662+0000] {dag.py:3047} INFO - Sync 1 DAGs
[2024-05-12T08:21:43.679+0000] {logging_mixin.py:188} INFO - [2024-05-12T08:21:43.678+0000] {dag.py:3834} INFO - Setting next_dagrun for example_dag_decorator to None, run_after=None
[2024-05-12T08:21:43.702+0000] {processor.py:183} INFO - Processing /home/airflow/.local/lib/python3.8/site-packages/airflow/example_dags/example_dag_decorator.py took 0.292 seconds
[2024-05-12T08:22:13.858+0000] {processor.py:161} INFO - Started process (PID=233) to work on /home/airflow/.local/lib/python3.8/site-packages/airflow/example_dags/example_dag_decorator.py
[2024-05-12T08:22:13.859+0000] {processor.py:830} INFO - Processing file /home/airflow/.local/lib/python3.8/site-packages/airflow/example_dags/example_dag_decorator.py for tasks to queue
[2024-05-12T08:22:13.862+0000] {logging_mixin.py:188} INFO - [2024-05-12T08:22:13.861+0000] {dagbag.py:540} INFO - Filling up the DagBag from /home/airflow/.local/lib/python3.8/site-packages/airflow/example_dags/example_dag_decorator.py
[2024-05-12T08:22:13.989+0000] {processor.py:840} INFO - DAG(s) 'example_dag_decorator' retrieved from /home/airflow/.local/lib/python3.8/site-packages/airflow/example_dags/example_dag_decorator.py
[2024-05-12T08:22:14.124+0000] {logging_mixin.py:188} INFO - [2024-05-12T08:22:14.124+0000] {dag.py:3047} INFO - Sync 1 DAGs
[2024-05-12T08:22:14.138+0000] {logging_mixin.py:188} INFO - [2024-05-12T08:22:14.138+0000] {dag.py:3834} INFO - Setting next_dagrun for example_dag_decorator to None, run_after=None
[2024-05-12T08:22:14.165+0000] {processor.py:183} INFO - Processing /home/airflow/.local/lib/python3.8/site-packages/airflow/example_dags/example_dag_decorator.py took 0.311 seconds
[2024-05-12T08:22:44.297+0000] {processor.py:161} INFO - Started process (PID=288) to work on /home/airflow/.local/lib/python3.8/site-packages/airflow/example_dags/example_dag_decorator.py
[2024-05-12T08:22:44.298+0000] {processor.py:830} INFO - Processing file /home/airflow/.local/lib/python3.8/site-packages/airflow/example_dags/example_dag_decorator.py for tasks to queue
[2024-05-12T08:22:44.300+0000] {logging_mixin.py:188} INFO - [2024-05-12T08:22:44.299+0000] {dagbag.py:540} INFO - Filling up the DagBag from /home/airflow/.local/lib/python3.8/site-packages/airflow/example_dags/example_dag_decorator.py
[2024-05-12T08:22:44.423+0000] {processor.py:840} INFO - DAG(s) 'example_dag_decorator' retrieved from /home/airflow/.local/lib/python3.8/site-packages/airflow/example_dags/example_dag_decorator.py
[2024-05-12T08:22:44.565+0000] {logging_mixin.py:188} INFO - [2024-05-12T08:22:44.564+0000] {dag.py:3047} INFO - Sync 1 DAGs
[2024-05-12T08:22:44.576+0000] {logging_mixin.py:188} INFO - [2024-05-12T08:22:44.576+0000] {dag.py:3834} INFO - Setting next_dagrun for example_dag_decorator to None, run_after=None
[2024-05-12T08:22:44.597+0000] {processor.py:183} INFO - Processing /home/airflow/.local/lib/python3.8/site-packages/airflow/example_dags/example_dag_decorator.py took 0.304 seconds
[2024-05-12T08:23:14.943+0000] {processor.py:161} INFO - Started process (PID=342) to work on /home/airflow/.local/lib/python3.8/site-packages/airflow/example_dags/example_dag_decorator.py
[2024-05-12T08:23:14.944+0000] {processor.py:830} INFO - Processing file /home/airflow/.local/lib/python3.8/site-packages/airflow/example_dags/example_dag_decorator.py for tasks to queue
[2024-05-12T08:23:14.946+0000] {logging_mixin.py:188} INFO - [2024-05-12T08:23:14.946+0000] {dagbag.py:540} INFO - Filling up the DagBag from /home/airflow/.local/lib/python3.8/site-packages/airflow/example_dags/example_dag_decorator.py
[2024-05-12T08:23:15.091+0000] {processor.py:840} INFO - DAG(s) 'example_dag_decorator' retrieved from /home/airflow/.local/lib/python3.8/site-packages/airflow/example_dags/example_dag_decorator.py
[2024-05-12T08:23:15.105+0000] {logging_mixin.py:188} INFO - [2024-05-12T08:23:15.105+0000] {dag.py:3047} INFO - Sync 1 DAGs
[2024-05-12T08:23:15.126+0000] {logging_mixin.py:188} INFO - [2024-05-12T08:23:15.125+0000] {dag.py:3834} INFO - Setting next_dagrun for example_dag_decorator to None, run_after=None
[2024-05-12T08:23:15.151+0000] {processor.py:183} INFO - Processing /home/airflow/.local/lib/python3.8/site-packages/airflow/example_dags/example_dag_decorator.py took 0.212 seconds
[2024-05-12T08:23:45.754+0000] {processor.py:161} INFO - Started process (PID=397) to work on /home/airflow/.local/lib/python3.8/site-packages/airflow/example_dags/example_dag_decorator.py
[2024-05-12T08:23:45.756+0000] {processor.py:830} INFO - Processing file /home/airflow/.local/lib/python3.8/site-packages/airflow/example_dags/example_dag_decorator.py for tasks to queue
[2024-05-12T08:23:45.758+0000] {logging_mixin.py:188} INFO - [2024-05-12T08:23:45.757+0000] {dagbag.py:540} INFO - Filling up the DagBag from /home/airflow/.local/lib/python3.8/site-packages/airflow/example_dags/example_dag_decorator.py
[2024-05-12T08:23:45.867+0000] {processor.py:840} INFO - DAG(s) 'example_dag_decorator' retrieved from /home/airflow/.local/lib/python3.8/site-packages/airflow/example_dags/example_dag_decorator.py
[2024-05-12T08:23:45.978+0000] {logging_mixin.py:188} INFO - [2024-05-12T08:23:45.978+0000] {dag.py:3047} INFO - Sync 1 DAGs
[2024-05-12T08:23:45.991+0000] {logging_mixin.py:188} INFO - [2024-05-12T08:23:45.990+0000] {dag.py:3834} INFO - Setting next_dagrun for example_dag_decorator to None, run_after=None
[2024-05-12T08:23:46.009+0000] {processor.py:183} INFO - Processing /home/airflow/.local/lib/python3.8/site-packages/airflow/example_dags/example_dag_decorator.py took 0.259 seconds
[2024-05-12T08:24:16.124+0000] {processor.py:161} INFO - Started process (PID=453) to work on /home/airflow/.local/lib/python3.8/site-packages/airflow/example_dags/example_dag_decorator.py
[2024-05-12T08:24:16.126+0000] {processor.py:830} INFO - Processing file /home/airflow/.local/lib/python3.8/site-packages/airflow/example_dags/example_dag_decorator.py for tasks to queue
[2024-05-12T08:24:16.127+0000] {logging_mixin.py:188} INFO - [2024-05-12T08:24:16.127+0000] {dagbag.py:540} INFO - Filling up the DagBag from /home/airflow/.local/lib/python3.8/site-packages/airflow/example_dags/example_dag_decorator.py
[2024-05-12T08:24:16.232+0000] {processor.py:840} INFO - DAG(s) 'example_dag_decorator' retrieved from /home/airflow/.local/lib/python3.8/site-packages/airflow/example_dags/example_dag_decorator.py
[2024-05-12T08:24:16.358+0000] {logging_mixin.py:188} INFO - [2024-05-12T08:24:16.357+0000] {dag.py:3047} INFO - Sync 1 DAGs
[2024-05-12T08:24:16.371+0000] {logging_mixin.py:188} INFO - [2024-05-12T08:24:16.371+0000] {dag.py:3834} INFO - Setting next_dagrun for example_dag_decorator to None, run_after=None
[2024-05-12T08:24:16.398+0000] {processor.py:183} INFO - Processing /home/airflow/.local/lib/python3.8/site-packages/airflow/example_dags/example_dag_decorator.py took 0.278 seconds
[2024-05-12T08:24:46.515+0000] {processor.py:161} INFO - Started process (PID=509) to work on /home/airflow/.local/lib/python3.8/site-packages/airflow/example_dags/example_dag_decorator.py
[2024-05-12T08:24:46.516+0000] {processor.py:830} INFO - Processing file /home/airflow/.local/lib/python3.8/site-packages/airflow/example_dags/example_dag_decorator.py for tasks to queue
[2024-05-12T08:24:46.518+0000] {logging_mixin.py:188} INFO - [2024-05-12T08:24:46.518+0000] {dagbag.py:540} INFO - Filling up the DagBag from /home/airflow/.local/lib/python3.8/site-packages/airflow/example_dags/example_dag_decorator.py
[2024-05-12T08:24:46.620+0000] {processor.py:840} INFO - DAG(s) 'example_dag_decorator' retrieved from /home/airflow/.local/lib/python3.8/site-packages/airflow/example_dags/example_dag_decorator.py
[2024-05-12T08:24:46.727+0000] {logging_mixin.py:188} INFO - [2024-05-12T08:24:46.726+0000] {dag.py:3047} INFO - Sync 1 DAGs
[2024-05-12T08:24:46.737+0000] {logging_mixin.py:188} INFO - [2024-05-12T08:24:46.737+0000] {dag.py:3834} INFO - Setting next_dagrun for example_dag_decorator to None, run_after=None
[2024-05-12T08:24:46.764+0000] {processor.py:183} INFO - Processing /home/airflow/.local/lib/python3.8/site-packages/airflow/example_dags/example_dag_decorator.py took 0.252 seconds
[2024-05-12T08:25:16.817+0000] {processor.py:161} INFO - Started process (PID=566) to work on /home/airflow/.local/lib/python3.8/site-packages/airflow/example_dags/example_dag_decorator.py
[2024-05-12T08:25:16.819+0000] {processor.py:830} INFO - Processing file /home/airflow/.local/lib/python3.8/site-packages/airflow/example_dags/example_dag_decorator.py for tasks to queue
[2024-05-12T08:25:16.821+0000] {logging_mixin.py:188} INFO - [2024-05-12T08:25:16.820+0000] {dagbag.py:540} INFO - Filling up the DagBag from /home/airflow/.local/lib/python3.8/site-packages/airflow/example_dags/example_dag_decorator.py
[2024-05-12T08:25:16.941+0000] {processor.py:840} INFO - DAG(s) 'example_dag_decorator' retrieved from /home/airflow/.local/lib/python3.8/site-packages/airflow/example_dags/example_dag_decorator.py
[2024-05-12T08:25:17.071+0000] {logging_mixin.py:188} INFO - [2024-05-12T08:25:17.071+0000] {dag.py:3047} INFO - Sync 1 DAGs
[2024-05-12T08:25:17.082+0000] {logging_mixin.py:188} INFO - [2024-05-12T08:25:17.082+0000] {dag.py:3834} INFO - Setting next_dagrun for example_dag_decorator to None, run_after=None
[2024-05-12T08:25:17.105+0000] {processor.py:183} INFO - Processing /home/airflow/.local/lib/python3.8/site-packages/airflow/example_dags/example_dag_decorator.py took 0.292 seconds
[2024-05-12T08:25:47.170+0000] {processor.py:161} INFO - Started process (PID=622) to work on /home/airflow/.local/lib/python3.8/site-packages/airflow/example_dags/example_dag_decorator.py
[2024-05-12T08:25:47.170+0000] {processor.py:830} INFO - Processing file /home/airflow/.local/lib/python3.8/site-packages/airflow/example_dags/example_dag_decorator.py for tasks to queue
[2024-05-12T08:25:47.172+0000] {logging_mixin.py:188} INFO - [2024-05-12T08:25:47.172+0000] {dagbag.py:540} INFO - Filling up the DagBag from /home/airflow/.local/lib/python3.8/site-packages/airflow/example_dags/example_dag_decorator.py
[2024-05-12T08:25:47.273+0000] {processor.py:840} INFO - DAG(s) 'example_dag_decorator' retrieved from /home/airflow/.local/lib/python3.8/site-packages/airflow/example_dags/example_dag_decorator.py
[2024-05-12T08:25:47.379+0000] {logging_mixin.py:188} INFO - [2024-05-12T08:25:47.378+0000] {dag.py:3047} INFO - Sync 1 DAGs
[2024-05-12T08:25:47.390+0000] {logging_mixin.py:188} INFO - [2024-05-12T08:25:47.390+0000] {dag.py:3834} INFO - Setting next_dagrun for example_dag_decorator to None, run_after=None
[2024-05-12T08:25:47.408+0000] {processor.py:183} INFO - Processing /home/airflow/.local/lib/python3.8/site-packages/airflow/example_dags/example_dag_decorator.py took 0.242 seconds
[2024-05-12T08:26:17.668+0000] {processor.py:161} INFO - Started process (PID=671) to work on /home/airflow/.local/lib/python3.8/site-packages/airflow/example_dags/example_dag_decorator.py
[2024-05-12T08:26:17.681+0000] {processor.py:830} INFO - Processing file /home/airflow/.local/lib/python3.8/site-packages/airflow/example_dags/example_dag_decorator.py for tasks to queue
[2024-05-12T08:26:17.682+0000] {logging_mixin.py:188} INFO - [2024-05-12T08:26:17.682+0000] {dagbag.py:540} INFO - Filling up the DagBag from /home/airflow/.local/lib/python3.8/site-packages/airflow/example_dags/example_dag_decorator.py
[2024-05-12T08:26:17.783+0000] {processor.py:840} INFO - DAG(s) 'example_dag_decorator' retrieved from /home/airflow/.local/lib/python3.8/site-packages/airflow/example_dags/example_dag_decorator.py
[2024-05-12T08:26:17.897+0000] {logging_mixin.py:188} INFO - [2024-05-12T08:26:17.897+0000] {dag.py:3047} INFO - Sync 1 DAGs
[2024-05-12T08:26:17.911+0000] {logging_mixin.py:188} INFO - [2024-05-12T08:26:17.911+0000] {dag.py:3834} INFO - Setting next_dagrun for example_dag_decorator to None, run_after=None
[2024-05-12T08:26:17.932+0000] {processor.py:183} INFO - Processing /home/airflow/.local/lib/python3.8/site-packages/airflow/example_dags/example_dag_decorator.py took 0.269 seconds
[2024-05-12T08:26:47.970+0000] {processor.py:161} INFO - Started process (PID=728) to work on /home/airflow/.local/lib/python3.8/site-packages/airflow/example_dags/example_dag_decorator.py
[2024-05-12T08:26:47.972+0000] {processor.py:830} INFO - Processing file /home/airflow/.local/lib/python3.8/site-packages/airflow/example_dags/example_dag_decorator.py for tasks to queue
[2024-05-12T08:26:47.973+0000] {logging_mixin.py:188} INFO - [2024-05-12T08:26:47.973+0000] {dagbag.py:540} INFO - Filling up the DagBag from /home/airflow/.local/lib/python3.8/site-packages/airflow/example_dags/example_dag_decorator.py
[2024-05-12T08:26:48.087+0000] {processor.py:840} INFO - DAG(s) 'example_dag_decorator' retrieved from /home/airflow/.local/lib/python3.8/site-packages/airflow/example_dags/example_dag_decorator.py
[2024-05-12T08:26:48.234+0000] {logging_mixin.py:188} INFO - [2024-05-12T08:26:48.233+0000] {dag.py:3047} INFO - Sync 1 DAGs
[2024-05-12T08:26:48.246+0000] {logging_mixin.py:188} INFO - [2024-05-12T08:26:48.246+0000] {dag.py:3834} INFO - Setting next_dagrun for example_dag_decorator to None, run_after=None
[2024-05-12T08:26:48.266+0000] {processor.py:183} INFO - Processing /home/airflow/.local/lib/python3.8/site-packages/airflow/example_dags/example_dag_decorator.py took 0.299 seconds
[2024-05-12T08:27:18.792+0000] {processor.py:161} INFO - Started process (PID=782) to work on /home/airflow/.local/lib/python3.8/site-packages/airflow/example_dags/example_dag_decorator.py
[2024-05-12T08:27:18.794+0000] {processor.py:830} INFO - Processing file /home/airflow/.local/lib/python3.8/site-packages/airflow/example_dags/example_dag_decorator.py for tasks to queue
[2024-05-12T08:27:18.796+0000] {logging_mixin.py:188} INFO - [2024-05-12T08:27:18.795+0000] {dagbag.py:540} INFO - Filling up the DagBag from /home/airflow/.local/lib/python3.8/site-packages/airflow/example_dags/example_dag_decorator.py
[2024-05-12T08:27:18.893+0000] {processor.py:840} INFO - DAG(s) 'example_dag_decorator' retrieved from /home/airflow/.local/lib/python3.8/site-packages/airflow/example_dags/example_dag_decorator.py
[2024-05-12T08:27:19.006+0000] {logging_mixin.py:188} INFO - [2024-05-12T08:27:19.006+0000] {dag.py:3047} INFO - Sync 1 DAGs
[2024-05-12T08:27:19.022+0000] {logging_mixin.py:188} INFO - [2024-05-12T08:27:19.021+0000] {dag.py:3834} INFO - Setting next_dagrun for example_dag_decorator to None, run_after=None
[2024-05-12T08:27:19.048+0000] {processor.py:183} INFO - Processing /home/airflow/.local/lib/python3.8/site-packages/airflow/example_dags/example_dag_decorator.py took 0.259 seconds
[2024-05-12T08:27:49.144+0000] {processor.py:161} INFO - Started process (PID=845) to work on /home/airflow/.local/lib/python3.8/site-packages/airflow/example_dags/example_dag_decorator.py
[2024-05-12T08:27:49.146+0000] {processor.py:830} INFO - Processing file /home/airflow/.local/lib/python3.8/site-packages/airflow/example_dags/example_dag_decorator.py for tasks to queue
[2024-05-12T08:27:49.147+0000] {logging_mixin.py:188} INFO - [2024-05-12T08:27:49.147+0000] {dagbag.py:540} INFO - Filling up the DagBag from /home/airflow/.local/lib/python3.8/site-packages/airflow/example_dags/example_dag_decorator.py
[2024-05-12T08:27:49.250+0000] {processor.py:840} INFO - DAG(s) 'example_dag_decorator' retrieved from /home/airflow/.local/lib/python3.8/site-packages/airflow/example_dags/example_dag_decorator.py
[2024-05-12T08:27:49.361+0000] {logging_mixin.py:188} INFO - [2024-05-12T08:27:49.361+0000] {dag.py:3047} INFO - Sync 1 DAGs
[2024-05-12T08:27:49.372+0000] {logging_mixin.py:188} INFO - [2024-05-12T08:27:49.371+0000] {dag.py:3834} INFO - Setting next_dagrun for example_dag_decorator to None, run_after=None
[2024-05-12T08:27:49.395+0000] {processor.py:183} INFO - Processing /home/airflow/.local/lib/python3.8/site-packages/airflow/example_dags/example_dag_decorator.py took 0.255 seconds
[2024-05-12T08:28:19.427+0000] {processor.py:161} INFO - Started process (PID=901) to work on /home/airflow/.local/lib/python3.8/site-packages/airflow/example_dags/example_dag_decorator.py
[2024-05-12T08:28:19.428+0000] {processor.py:830} INFO - Processing file /home/airflow/.local/lib/python3.8/site-packages/airflow/example_dags/example_dag_decorator.py for tasks to queue
[2024-05-12T08:28:19.430+0000] {logging_mixin.py:188} INFO - [2024-05-12T08:28:19.430+0000] {dagbag.py:540} INFO - Filling up the DagBag from /home/airflow/.local/lib/python3.8/site-packages/airflow/example_dags/example_dag_decorator.py
[2024-05-12T08:28:19.551+0000] {processor.py:840} INFO - DAG(s) 'example_dag_decorator' retrieved from /home/airflow/.local/lib/python3.8/site-packages/airflow/example_dags/example_dag_decorator.py
[2024-05-12T08:28:19.670+0000] {logging_mixin.py:188} INFO - [2024-05-12T08:28:19.669+0000] {dag.py:3047} INFO - Sync 1 DAGs
[2024-05-12T08:28:19.685+0000] {logging_mixin.py:188} INFO - [2024-05-12T08:28:19.684+0000] {dag.py:3834} INFO - Setting next_dagrun for example_dag_decorator to None, run_after=None
[2024-05-12T08:28:19.709+0000] {processor.py:183} INFO - Processing /home/airflow/.local/lib/python3.8/site-packages/airflow/example_dags/example_dag_decorator.py took 0.286 seconds
