[2024-05-12T08:20:44.025+0000] {processor.py:161} INFO - Started process (PID=94) to work on /home/airflow/.local/lib/python3.8/site-packages/airflow/example_dags/example_skip_dag.py
[2024-05-12T08:20:44.026+0000] {processor.py:830} INFO - Processing file /home/airflow/.local/lib/python3.8/site-packages/airflow/example_dags/example_skip_dag.py for tasks to queue
[2024-05-12T08:20:44.028+0000] {logging_mixin.py:188} INFO - [2024-05-12T08:20:44.027+0000] {dagbag.py:540} INFO - Filling up the DagBag from /home/airflow/.local/lib/python3.8/site-packages/airflow/example_dags/example_skip_dag.py
[2024-05-12T08:20:44.034+0000] {processor.py:840} INFO - DAG(s) 'example_skip_dag' retrieved from /home/airflow/.local/lib/python3.8/site-packages/airflow/example_dags/example_skip_dag.py
[2024-05-12T08:20:44.061+0000] {logging_mixin.py:188} INFO - [2024-05-12T08:20:44.061+0000] {dag.py:3047} INFO - Sync 1 DAGs
[2024-05-12T08:20:44.093+0000] {logging_mixin.py:188} INFO - [2024-05-12T08:20:44.092+0000] {dag.py:3834} INFO - Setting next_dagrun for example_skip_dag to 2024-05-11 00:00:00+00:00, run_after=2024-05-12 00:00:00+00:00
[2024-05-12T08:20:44.119+0000] {processor.py:183} INFO - Processing /home/airflow/.local/lib/python3.8/site-packages/airflow/example_dags/example_skip_dag.py took 0.097 seconds
[2024-05-12T08:21:15.293+0000] {processor.py:161} INFO - Started process (PID=150) to work on /home/airflow/.local/lib/python3.8/site-packages/airflow/example_dags/example_skip_dag.py
[2024-05-12T08:21:15.294+0000] {processor.py:830} INFO - Processing file /home/airflow/.local/lib/python3.8/site-packages/airflow/example_dags/example_skip_dag.py for tasks to queue
[2024-05-12T08:21:15.296+0000] {logging_mixin.py:188} INFO - [2024-05-12T08:21:15.295+0000] {dagbag.py:540} INFO - Filling up the DagBag from /home/airflow/.local/lib/python3.8/site-packages/airflow/example_dags/example_skip_dag.py
[2024-05-12T08:21:15.302+0000] {processor.py:840} INFO - DAG(s) 'example_skip_dag' retrieved from /home/airflow/.local/lib/python3.8/site-packages/airflow/example_dags/example_skip_dag.py
[2024-05-12T08:21:15.327+0000] {logging_mixin.py:188} INFO - [2024-05-12T08:21:15.327+0000] {dag.py:3047} INFO - Sync 1 DAGs
[2024-05-12T08:21:15.350+0000] {logging_mixin.py:188} INFO - [2024-05-12T08:21:15.350+0000] {dag.py:3834} INFO - Setting next_dagrun for example_skip_dag to 2024-05-11 00:00:00+00:00, run_after=2024-05-12 00:00:00+00:00
[2024-05-12T08:21:15.374+0000] {processor.py:183} INFO - Processing /home/airflow/.local/lib/python3.8/site-packages/airflow/example_dags/example_skip_dag.py took 0.086 seconds
[2024-05-12T08:21:45.433+0000] {processor.py:161} INFO - Started process (PID=205) to work on /home/airflow/.local/lib/python3.8/site-packages/airflow/example_dags/example_skip_dag.py
[2024-05-12T08:21:45.438+0000] {processor.py:830} INFO - Processing file /home/airflow/.local/lib/python3.8/site-packages/airflow/example_dags/example_skip_dag.py for tasks to queue
[2024-05-12T08:21:45.441+0000] {logging_mixin.py:188} INFO - [2024-05-12T08:21:45.440+0000] {dagbag.py:540} INFO - Filling up the DagBag from /home/airflow/.local/lib/python3.8/site-packages/airflow/example_dags/example_skip_dag.py
[2024-05-12T08:21:45.450+0000] {processor.py:840} INFO - DAG(s) 'example_skip_dag' retrieved from /home/airflow/.local/lib/python3.8/site-packages/airflow/example_dags/example_skip_dag.py
[2024-05-12T08:21:45.479+0000] {logging_mixin.py:188} INFO - [2024-05-12T08:21:45.479+0000] {dag.py:3047} INFO - Sync 1 DAGs
[2024-05-12T08:21:45.511+0000] {logging_mixin.py:188} INFO - [2024-05-12T08:21:45.511+0000] {dag.py:3834} INFO - Setting next_dagrun for example_skip_dag to 2024-05-11 00:00:00+00:00, run_after=2024-05-12 00:00:00+00:00
[2024-05-12T08:21:45.543+0000] {processor.py:183} INFO - Processing /home/airflow/.local/lib/python3.8/site-packages/airflow/example_dags/example_skip_dag.py took 0.115 seconds
[2024-05-12T08:22:16.048+0000] {processor.py:161} INFO - Started process (PID=260) to work on /home/airflow/.local/lib/python3.8/site-packages/airflow/example_dags/example_skip_dag.py
[2024-05-12T08:22:16.050+0000] {processor.py:830} INFO - Processing file /home/airflow/.local/lib/python3.8/site-packages/airflow/example_dags/example_skip_dag.py for tasks to queue
[2024-05-12T08:22:16.052+0000] {logging_mixin.py:188} INFO - [2024-05-12T08:22:16.051+0000] {dagbag.py:540} INFO - Filling up the DagBag from /home/airflow/.local/lib/python3.8/site-packages/airflow/example_dags/example_skip_dag.py
[2024-05-12T08:22:16.059+0000] {processor.py:840} INFO - DAG(s) 'example_skip_dag' retrieved from /home/airflow/.local/lib/python3.8/site-packages/airflow/example_dags/example_skip_dag.py
[2024-05-12T08:22:16.083+0000] {logging_mixin.py:188} INFO - [2024-05-12T08:22:16.082+0000] {dag.py:3047} INFO - Sync 1 DAGs
[2024-05-12T08:22:16.109+0000] {logging_mixin.py:188} INFO - [2024-05-12T08:22:16.109+0000] {dag.py:3834} INFO - Setting next_dagrun for example_skip_dag to 2024-05-11 00:00:00+00:00, run_after=2024-05-12 00:00:00+00:00
[2024-05-12T08:22:16.138+0000] {processor.py:183} INFO - Processing /home/airflow/.local/lib/python3.8/site-packages/airflow/example_dags/example_skip_dag.py took 0.094 seconds
[2024-05-12T08:22:46.935+0000] {processor.py:161} INFO - Started process (PID=314) to work on /home/airflow/.local/lib/python3.8/site-packages/airflow/example_dags/example_skip_dag.py
[2024-05-12T08:22:46.936+0000] {processor.py:830} INFO - Processing file /home/airflow/.local/lib/python3.8/site-packages/airflow/example_dags/example_skip_dag.py for tasks to queue
[2024-05-12T08:22:46.938+0000] {logging_mixin.py:188} INFO - [2024-05-12T08:22:46.938+0000] {dagbag.py:540} INFO - Filling up the DagBag from /home/airflow/.local/lib/python3.8/site-packages/airflow/example_dags/example_skip_dag.py
[2024-05-12T08:22:46.945+0000] {processor.py:840} INFO - DAG(s) 'example_skip_dag' retrieved from /home/airflow/.local/lib/python3.8/site-packages/airflow/example_dags/example_skip_dag.py
[2024-05-12T08:22:46.967+0000] {logging_mixin.py:188} INFO - [2024-05-12T08:22:46.967+0000] {dag.py:3047} INFO - Sync 1 DAGs
[2024-05-12T08:22:46.990+0000] {logging_mixin.py:188} INFO - [2024-05-12T08:22:46.990+0000] {dag.py:3834} INFO - Setting next_dagrun for example_skip_dag to 2024-05-11 00:00:00+00:00, run_after=2024-05-12 00:00:00+00:00
[2024-05-12T08:22:47.015+0000] {processor.py:183} INFO - Processing /home/airflow/.local/lib/python3.8/site-packages/airflow/example_dags/example_skip_dag.py took 0.084 seconds
[2024-05-12T08:23:17.448+0000] {processor.py:161} INFO - Started process (PID=369) to work on /home/airflow/.local/lib/python3.8/site-packages/airflow/example_dags/example_skip_dag.py
[2024-05-12T08:23:17.450+0000] {processor.py:830} INFO - Processing file /home/airflow/.local/lib/python3.8/site-packages/airflow/example_dags/example_skip_dag.py for tasks to queue
[2024-05-12T08:23:17.452+0000] {logging_mixin.py:188} INFO - [2024-05-12T08:23:17.452+0000] {dagbag.py:540} INFO - Filling up the DagBag from /home/airflow/.local/lib/python3.8/site-packages/airflow/example_dags/example_skip_dag.py
[2024-05-12T08:23:17.462+0000] {processor.py:840} INFO - DAG(s) 'example_skip_dag' retrieved from /home/airflow/.local/lib/python3.8/site-packages/airflow/example_dags/example_skip_dag.py
[2024-05-12T08:23:17.477+0000] {logging_mixin.py:188} INFO - [2024-05-12T08:23:17.476+0000] {dag.py:3047} INFO - Sync 1 DAGs
[2024-05-12T08:23:17.512+0000] {logging_mixin.py:188} INFO - [2024-05-12T08:23:17.512+0000] {dag.py:3834} INFO - Setting next_dagrun for example_skip_dag to 2024-05-11 00:00:00+00:00, run_after=2024-05-12 00:00:00+00:00
[2024-05-12T08:23:17.535+0000] {processor.py:183} INFO - Processing /home/airflow/.local/lib/python3.8/site-packages/airflow/example_dags/example_skip_dag.py took 0.092 seconds
[2024-05-12T08:23:48.634+0000] {processor.py:161} INFO - Started process (PID=431) to work on /home/airflow/.local/lib/python3.8/site-packages/airflow/example_dags/example_skip_dag.py
[2024-05-12T08:23:48.636+0000] {processor.py:830} INFO - Processing file /home/airflow/.local/lib/python3.8/site-packages/airflow/example_dags/example_skip_dag.py for tasks to queue
[2024-05-12T08:23:48.638+0000] {logging_mixin.py:188} INFO - [2024-05-12T08:23:48.637+0000] {dagbag.py:540} INFO - Filling up the DagBag from /home/airflow/.local/lib/python3.8/site-packages/airflow/example_dags/example_skip_dag.py
[2024-05-12T08:23:48.645+0000] {processor.py:840} INFO - DAG(s) 'example_skip_dag' retrieved from /home/airflow/.local/lib/python3.8/site-packages/airflow/example_dags/example_skip_dag.py
[2024-05-12T08:23:48.765+0000] {logging_mixin.py:188} INFO - [2024-05-12T08:23:48.765+0000] {dag.py:3047} INFO - Sync 1 DAGs
[2024-05-12T08:23:48.792+0000] {logging_mixin.py:188} INFO - [2024-05-12T08:23:48.792+0000] {dag.py:3834} INFO - Setting next_dagrun for example_skip_dag to 2024-05-11 00:00:00+00:00, run_after=2024-05-12 00:00:00+00:00
[2024-05-12T08:23:48.816+0000] {processor.py:183} INFO - Processing /home/airflow/.local/lib/python3.8/site-packages/airflow/example_dags/example_skip_dag.py took 0.186 seconds
[2024-05-12T08:24:18.900+0000] {processor.py:161} INFO - Started process (PID=486) to work on /home/airflow/.local/lib/python3.8/site-packages/airflow/example_dags/example_skip_dag.py
[2024-05-12T08:24:18.901+0000] {processor.py:830} INFO - Processing file /home/airflow/.local/lib/python3.8/site-packages/airflow/example_dags/example_skip_dag.py for tasks to queue
[2024-05-12T08:24:18.903+0000] {logging_mixin.py:188} INFO - [2024-05-12T08:24:18.903+0000] {dagbag.py:540} INFO - Filling up the DagBag from /home/airflow/.local/lib/python3.8/site-packages/airflow/example_dags/example_skip_dag.py
[2024-05-12T08:24:18.910+0000] {processor.py:840} INFO - DAG(s) 'example_skip_dag' retrieved from /home/airflow/.local/lib/python3.8/site-packages/airflow/example_dags/example_skip_dag.py
[2024-05-12T08:24:18.934+0000] {logging_mixin.py:188} INFO - [2024-05-12T08:24:18.934+0000] {dag.py:3047} INFO - Sync 1 DAGs
[2024-05-12T08:24:18.958+0000] {logging_mixin.py:188} INFO - [2024-05-12T08:24:18.957+0000] {dag.py:3834} INFO - Setting next_dagrun for example_skip_dag to 2024-05-11 00:00:00+00:00, run_after=2024-05-12 00:00:00+00:00
[2024-05-12T08:24:18.985+0000] {processor.py:183} INFO - Processing /home/airflow/.local/lib/python3.8/site-packages/airflow/example_dags/example_skip_dag.py took 0.089 seconds
[2024-05-12T08:24:49.144+0000] {processor.py:161} INFO - Started process (PID=541) to work on /home/airflow/.local/lib/python3.8/site-packages/airflow/example_dags/example_skip_dag.py
[2024-05-12T08:24:49.145+0000] {processor.py:830} INFO - Processing file /home/airflow/.local/lib/python3.8/site-packages/airflow/example_dags/example_skip_dag.py for tasks to queue
[2024-05-12T08:24:49.147+0000] {logging_mixin.py:188} INFO - [2024-05-12T08:24:49.147+0000] {dagbag.py:540} INFO - Filling up the DagBag from /home/airflow/.local/lib/python3.8/site-packages/airflow/example_dags/example_skip_dag.py
[2024-05-12T08:24:49.156+0000] {processor.py:840} INFO - DAG(s) 'example_skip_dag' retrieved from /home/airflow/.local/lib/python3.8/site-packages/airflow/example_dags/example_skip_dag.py
[2024-05-12T08:24:49.180+0000] {logging_mixin.py:188} INFO - [2024-05-12T08:24:49.180+0000] {dag.py:3047} INFO - Sync 1 DAGs
[2024-05-12T08:24:49.205+0000] {logging_mixin.py:188} INFO - [2024-05-12T08:24:49.205+0000] {dag.py:3834} INFO - Setting next_dagrun for example_skip_dag to 2024-05-11 00:00:00+00:00, run_after=2024-05-12 00:00:00+00:00
[2024-05-12T08:24:49.223+0000] {processor.py:183} INFO - Processing /home/airflow/.local/lib/python3.8/site-packages/airflow/example_dags/example_skip_dag.py took 0.084 seconds
[2024-05-12T08:25:19.325+0000] {processor.py:161} INFO - Started process (PID=596) to work on /home/airflow/.local/lib/python3.8/site-packages/airflow/example_dags/example_skip_dag.py
[2024-05-12T08:25:19.326+0000] {processor.py:830} INFO - Processing file /home/airflow/.local/lib/python3.8/site-packages/airflow/example_dags/example_skip_dag.py for tasks to queue
[2024-05-12T08:25:19.328+0000] {logging_mixin.py:188} INFO - [2024-05-12T08:25:19.327+0000] {dagbag.py:540} INFO - Filling up the DagBag from /home/airflow/.local/lib/python3.8/site-packages/airflow/example_dags/example_skip_dag.py
[2024-05-12T08:25:19.335+0000] {processor.py:840} INFO - DAG(s) 'example_skip_dag' retrieved from /home/airflow/.local/lib/python3.8/site-packages/airflow/example_dags/example_skip_dag.py
[2024-05-12T08:25:19.360+0000] {logging_mixin.py:188} INFO - [2024-05-12T08:25:19.360+0000] {dag.py:3047} INFO - Sync 1 DAGs
[2024-05-12T08:25:19.389+0000] {logging_mixin.py:188} INFO - [2024-05-12T08:25:19.388+0000] {dag.py:3834} INFO - Setting next_dagrun for example_skip_dag to 2024-05-11 00:00:00+00:00, run_after=2024-05-12 00:00:00+00:00
[2024-05-12T08:25:19.412+0000] {processor.py:183} INFO - Processing /home/airflow/.local/lib/python3.8/site-packages/airflow/example_dags/example_skip_dag.py took 0.092 seconds
[2024-05-12T08:25:49.502+0000] {processor.py:161} INFO - Started process (PID=651) to work on /home/airflow/.local/lib/python3.8/site-packages/airflow/example_dags/example_skip_dag.py
[2024-05-12T08:25:49.503+0000] {processor.py:830} INFO - Processing file /home/airflow/.local/lib/python3.8/site-packages/airflow/example_dags/example_skip_dag.py for tasks to queue
[2024-05-12T08:25:49.505+0000] {logging_mixin.py:188} INFO - [2024-05-12T08:25:49.505+0000] {dagbag.py:540} INFO - Filling up the DagBag from /home/airflow/.local/lib/python3.8/site-packages/airflow/example_dags/example_skip_dag.py
[2024-05-12T08:25:49.512+0000] {processor.py:840} INFO - DAG(s) 'example_skip_dag' retrieved from /home/airflow/.local/lib/python3.8/site-packages/airflow/example_dags/example_skip_dag.py
[2024-05-12T08:25:49.538+0000] {logging_mixin.py:188} INFO - [2024-05-12T08:25:49.538+0000] {dag.py:3047} INFO - Sync 1 DAGs
[2024-05-12T08:25:49.566+0000] {logging_mixin.py:188} INFO - [2024-05-12T08:25:49.566+0000] {dag.py:3834} INFO - Setting next_dagrun for example_skip_dag to 2024-05-11 00:00:00+00:00, run_after=2024-05-12 00:00:00+00:00
[2024-05-12T08:25:49.599+0000] {processor.py:183} INFO - Processing /home/airflow/.local/lib/python3.8/site-packages/airflow/example_dags/example_skip_dag.py took 0.100 seconds
[2024-05-12T08:26:19.788+0000] {processor.py:161} INFO - Started process (PID=707) to work on /home/airflow/.local/lib/python3.8/site-packages/airflow/example_dags/example_skip_dag.py
[2024-05-12T08:26:19.790+0000] {processor.py:830} INFO - Processing file /home/airflow/.local/lib/python3.8/site-packages/airflow/example_dags/example_skip_dag.py for tasks to queue
[2024-05-12T08:26:19.792+0000] {logging_mixin.py:188} INFO - [2024-05-12T08:26:19.791+0000] {dagbag.py:540} INFO - Filling up the DagBag from /home/airflow/.local/lib/python3.8/site-packages/airflow/example_dags/example_skip_dag.py
[2024-05-12T08:26:19.799+0000] {processor.py:840} INFO - DAG(s) 'example_skip_dag' retrieved from /home/airflow/.local/lib/python3.8/site-packages/airflow/example_dags/example_skip_dag.py
[2024-05-12T08:26:19.825+0000] {logging_mixin.py:188} INFO - [2024-05-12T08:26:19.825+0000] {dag.py:3047} INFO - Sync 1 DAGs
[2024-05-12T08:26:19.849+0000] {logging_mixin.py:188} INFO - [2024-05-12T08:26:19.849+0000] {dag.py:3834} INFO - Setting next_dagrun for example_skip_dag to 2024-05-11 00:00:00+00:00, run_after=2024-05-12 00:00:00+00:00
[2024-05-12T08:26:19.868+0000] {processor.py:183} INFO - Processing /home/airflow/.local/lib/python3.8/site-packages/airflow/example_dags/example_skip_dag.py took 0.084 seconds
[2024-05-12T08:26:50.623+0000] {processor.py:161} INFO - Started process (PID=762) to work on /home/airflow/.local/lib/python3.8/site-packages/airflow/example_dags/example_skip_dag.py
[2024-05-12T08:26:50.624+0000] {processor.py:830} INFO - Processing file /home/airflow/.local/lib/python3.8/site-packages/airflow/example_dags/example_skip_dag.py for tasks to queue
[2024-05-12T08:26:50.626+0000] {logging_mixin.py:188} INFO - [2024-05-12T08:26:50.625+0000] {dagbag.py:540} INFO - Filling up the DagBag from /home/airflow/.local/lib/python3.8/site-packages/airflow/example_dags/example_skip_dag.py
[2024-05-12T08:26:50.635+0000] {processor.py:840} INFO - DAG(s) 'example_skip_dag' retrieved from /home/airflow/.local/lib/python3.8/site-packages/airflow/example_dags/example_skip_dag.py
[2024-05-12T08:26:50.659+0000] {logging_mixin.py:188} INFO - [2024-05-12T08:26:50.659+0000] {dag.py:3047} INFO - Sync 1 DAGs
[2024-05-12T08:26:50.682+0000] {logging_mixin.py:188} INFO - [2024-05-12T08:26:50.682+0000] {dag.py:3834} INFO - Setting next_dagrun for example_skip_dag to 2024-05-11 00:00:00+00:00, run_after=2024-05-12 00:00:00+00:00
[2024-05-12T08:26:50.705+0000] {processor.py:183} INFO - Processing /home/airflow/.local/lib/python3.8/site-packages/airflow/example_dags/example_skip_dag.py took 0.086 seconds
[2024-05-12T08:27:21.351+0000] {processor.py:161} INFO - Started process (PID=815) to work on /home/airflow/.local/lib/python3.8/site-packages/airflow/example_dags/example_skip_dag.py
[2024-05-12T08:27:21.352+0000] {processor.py:830} INFO - Processing file /home/airflow/.local/lib/python3.8/site-packages/airflow/example_dags/example_skip_dag.py for tasks to queue
[2024-05-12T08:27:21.354+0000] {logging_mixin.py:188} INFO - [2024-05-12T08:27:21.354+0000] {dagbag.py:540} INFO - Filling up the DagBag from /home/airflow/.local/lib/python3.8/site-packages/airflow/example_dags/example_skip_dag.py
[2024-05-12T08:27:21.362+0000] {processor.py:840} INFO - DAG(s) 'example_skip_dag' retrieved from /home/airflow/.local/lib/python3.8/site-packages/airflow/example_dags/example_skip_dag.py
[2024-05-12T08:27:21.383+0000] {logging_mixin.py:188} INFO - [2024-05-12T08:27:21.383+0000] {dag.py:3047} INFO - Sync 1 DAGs
[2024-05-12T08:27:21.406+0000] {logging_mixin.py:188} INFO - [2024-05-12T08:27:21.406+0000] {dag.py:3834} INFO - Setting next_dagrun for example_skip_dag to 2024-05-11 00:00:00+00:00, run_after=2024-05-12 00:00:00+00:00
[2024-05-12T08:27:21.430+0000] {processor.py:183} INFO - Processing /home/airflow/.local/lib/python3.8/site-packages/airflow/example_dags/example_skip_dag.py took 0.082 seconds
[2024-05-12T08:27:51.756+0000] {processor.py:161} INFO - Started process (PID=871) to work on /home/airflow/.local/lib/python3.8/site-packages/airflow/example_dags/example_skip_dag.py
[2024-05-12T08:27:51.759+0000] {processor.py:830} INFO - Processing file /home/airflow/.local/lib/python3.8/site-packages/airflow/example_dags/example_skip_dag.py for tasks to queue
[2024-05-12T08:27:51.760+0000] {logging_mixin.py:188} INFO - [2024-05-12T08:27:51.760+0000] {dagbag.py:540} INFO - Filling up the DagBag from /home/airflow/.local/lib/python3.8/site-packages/airflow/example_dags/example_skip_dag.py
[2024-05-12T08:27:51.767+0000] {processor.py:840} INFO - DAG(s) 'example_skip_dag' retrieved from /home/airflow/.local/lib/python3.8/site-packages/airflow/example_dags/example_skip_dag.py
[2024-05-12T08:27:51.789+0000] {logging_mixin.py:188} INFO - [2024-05-12T08:27:51.789+0000] {dag.py:3047} INFO - Sync 1 DAGs
[2024-05-12T08:27:51.815+0000] {logging_mixin.py:188} INFO - [2024-05-12T08:27:51.814+0000] {dag.py:3834} INFO - Setting next_dagrun for example_skip_dag to 2024-05-11 00:00:00+00:00, run_after=2024-05-12 00:00:00+00:00
[2024-05-12T08:27:51.840+0000] {processor.py:183} INFO - Processing /home/airflow/.local/lib/python3.8/site-packages/airflow/example_dags/example_skip_dag.py took 0.087 seconds
[2024-05-12T08:28:21.958+0000] {processor.py:161} INFO - Started process (PID=926) to work on /home/airflow/.local/lib/python3.8/site-packages/airflow/example_dags/example_skip_dag.py
[2024-05-12T08:28:21.959+0000] {processor.py:830} INFO - Processing file /home/airflow/.local/lib/python3.8/site-packages/airflow/example_dags/example_skip_dag.py for tasks to queue
[2024-05-12T08:28:21.961+0000] {logging_mixin.py:188} INFO - [2024-05-12T08:28:21.961+0000] {dagbag.py:540} INFO - Filling up the DagBag from /home/airflow/.local/lib/python3.8/site-packages/airflow/example_dags/example_skip_dag.py
[2024-05-12T08:28:21.968+0000] {processor.py:840} INFO - DAG(s) 'example_skip_dag' retrieved from /home/airflow/.local/lib/python3.8/site-packages/airflow/example_dags/example_skip_dag.py
[2024-05-12T08:28:21.990+0000] {logging_mixin.py:188} INFO - [2024-05-12T08:28:21.990+0000] {dag.py:3047} INFO - Sync 1 DAGs
[2024-05-12T08:28:22.015+0000] {logging_mixin.py:188} INFO - [2024-05-12T08:28:22.015+0000] {dag.py:3834} INFO - Setting next_dagrun for example_skip_dag to 2024-05-11 00:00:00+00:00, run_after=2024-05-12 00:00:00+00:00
[2024-05-12T08:28:22.037+0000] {processor.py:183} INFO - Processing /home/airflow/.local/lib/python3.8/site-packages/airflow/example_dags/example_skip_dag.py took 0.083 seconds
