[2024-05-12T08:20:42.397+0000] {processor.py:161} INFO - Started process (PID=74) to work on /home/airflow/.local/lib/python3.8/site-packages/airflow/example_dags/example_sla_dag.py
[2024-05-12T08:20:42.397+0000] {processor.py:830} INFO - Processing file /home/airflow/.local/lib/python3.8/site-packages/airflow/example_dags/example_sla_dag.py for tasks to queue
[2024-05-12T08:20:42.399+0000] {logging_mixin.py:188} INFO - [2024-05-12T08:20:42.399+0000] {dagbag.py:540} INFO - Filling up the DagBag from /home/airflow/.local/lib/python3.8/site-packages/airflow/example_dags/example_sla_dag.py
[2024-05-12T08:20:42.408+0000] {processor.py:840} INFO - DAG(s) 'example_sla_dag' retrieved from /home/airflow/.local/lib/python3.8/site-packages/airflow/example_dags/example_sla_dag.py
[2024-05-12T08:20:42.443+0000] {logging_mixin.py:188} INFO - [2024-05-12T08:20:42.443+0000] {dag.py:3047} INFO - Sync 1 DAGs
[2024-05-12T08:20:42.479+0000] {logging_mixin.py:188} INFO - [2024-05-12T08:20:42.479+0000] {dag.py:3834} INFO - Setting next_dagrun for example_sla_dag to 2024-05-12 08:18:00+00:00, run_after=2024-05-12 08:20:00+00:00
[2024-05-12T08:20:42.506+0000] {processor.py:183} INFO - Processing /home/airflow/.local/lib/python3.8/site-packages/airflow/example_dags/example_sla_dag.py took 0.113 seconds
[2024-05-12T08:21:13.074+0000] {processor.py:161} INFO - Started process (PID=130) to work on /home/airflow/.local/lib/python3.8/site-packages/airflow/example_dags/example_sla_dag.py
[2024-05-12T08:21:13.075+0000] {processor.py:830} INFO - Processing file /home/airflow/.local/lib/python3.8/site-packages/airflow/example_dags/example_sla_dag.py for tasks to queue
[2024-05-12T08:21:13.078+0000] {logging_mixin.py:188} INFO - [2024-05-12T08:21:13.077+0000] {dagbag.py:540} INFO - Filling up the DagBag from /home/airflow/.local/lib/python3.8/site-packages/airflow/example_dags/example_sla_dag.py
[2024-05-12T08:21:13.090+0000] {processor.py:840} INFO - DAG(s) 'example_sla_dag' retrieved from /home/airflow/.local/lib/python3.8/site-packages/airflow/example_dags/example_sla_dag.py
[2024-05-12T08:21:13.110+0000] {logging_mixin.py:188} INFO - [2024-05-12T08:21:13.109+0000] {dag.py:3047} INFO - Sync 1 DAGs
[2024-05-12T08:21:13.155+0000] {logging_mixin.py:188} INFO - [2024-05-12T08:21:13.154+0000] {dag.py:3834} INFO - Setting next_dagrun for example_sla_dag to 2024-05-12 08:18:00+00:00, run_after=2024-05-12 08:20:00+00:00
[2024-05-12T08:21:13.214+0000] {processor.py:183} INFO - Processing /home/airflow/.local/lib/python3.8/site-packages/airflow/example_dags/example_sla_dag.py took 0.145 seconds
[2024-05-12T08:21:44.111+0000] {processor.py:161} INFO - Started process (PID=185) to work on /home/airflow/.local/lib/python3.8/site-packages/airflow/example_dags/example_sla_dag.py
[2024-05-12T08:21:44.113+0000] {processor.py:830} INFO - Processing file /home/airflow/.local/lib/python3.8/site-packages/airflow/example_dags/example_sla_dag.py for tasks to queue
[2024-05-12T08:21:44.115+0000] {logging_mixin.py:188} INFO - [2024-05-12T08:21:44.114+0000] {dagbag.py:540} INFO - Filling up the DagBag from /home/airflow/.local/lib/python3.8/site-packages/airflow/example_dags/example_sla_dag.py
[2024-05-12T08:21:44.123+0000] {processor.py:840} INFO - DAG(s) 'example_sla_dag' retrieved from /home/airflow/.local/lib/python3.8/site-packages/airflow/example_dags/example_sla_dag.py
[2024-05-12T08:21:44.146+0000] {logging_mixin.py:188} INFO - [2024-05-12T08:21:44.146+0000] {dag.py:3047} INFO - Sync 1 DAGs
[2024-05-12T08:21:44.186+0000] {logging_mixin.py:188} INFO - [2024-05-12T08:21:44.186+0000] {dag.py:3834} INFO - Setting next_dagrun for example_sla_dag to 2024-05-12 08:18:00+00:00, run_after=2024-05-12 08:20:00+00:00
[2024-05-12T08:21:44.214+0000] {processor.py:183} INFO - Processing /home/airflow/.local/lib/python3.8/site-packages/airflow/example_dags/example_sla_dag.py took 0.107 seconds
[2024-05-12T08:22:14.548+0000] {processor.py:161} INFO - Started process (PID=240) to work on /home/airflow/.local/lib/python3.8/site-packages/airflow/example_dags/example_sla_dag.py
[2024-05-12T08:22:14.550+0000] {processor.py:830} INFO - Processing file /home/airflow/.local/lib/python3.8/site-packages/airflow/example_dags/example_sla_dag.py for tasks to queue
[2024-05-12T08:22:14.553+0000] {logging_mixin.py:188} INFO - [2024-05-12T08:22:14.552+0000] {dagbag.py:540} INFO - Filling up the DagBag from /home/airflow/.local/lib/python3.8/site-packages/airflow/example_dags/example_sla_dag.py
[2024-05-12T08:22:14.564+0000] {processor.py:840} INFO - DAG(s) 'example_sla_dag' retrieved from /home/airflow/.local/lib/python3.8/site-packages/airflow/example_dags/example_sla_dag.py
[2024-05-12T08:22:14.596+0000] {logging_mixin.py:188} INFO - [2024-05-12T08:22:14.596+0000] {dag.py:3047} INFO - Sync 1 DAGs
[2024-05-12T08:22:14.634+0000] {logging_mixin.py:188} INFO - [2024-05-12T08:22:14.634+0000] {dag.py:3834} INFO - Setting next_dagrun for example_sla_dag to 2024-05-12 08:20:00+00:00, run_after=2024-05-12 08:22:00+00:00
[2024-05-12T08:22:14.658+0000] {processor.py:183} INFO - Processing /home/airflow/.local/lib/python3.8/site-packages/airflow/example_dags/example_sla_dag.py took 0.114 seconds
[2024-05-12T08:22:44.721+0000] {processor.py:161} INFO - Started process (PID=294) to work on /home/airflow/.local/lib/python3.8/site-packages/airflow/example_dags/example_sla_dag.py
[2024-05-12T08:22:44.722+0000] {processor.py:830} INFO - Processing file /home/airflow/.local/lib/python3.8/site-packages/airflow/example_dags/example_sla_dag.py for tasks to queue
[2024-05-12T08:22:44.724+0000] {logging_mixin.py:188} INFO - [2024-05-12T08:22:44.724+0000] {dagbag.py:540} INFO - Filling up the DagBag from /home/airflow/.local/lib/python3.8/site-packages/airflow/example_dags/example_sla_dag.py
[2024-05-12T08:22:44.733+0000] {processor.py:840} INFO - DAG(s) 'example_sla_dag' retrieved from /home/airflow/.local/lib/python3.8/site-packages/airflow/example_dags/example_sla_dag.py
[2024-05-12T08:22:44.754+0000] {logging_mixin.py:188} INFO - [2024-05-12T08:22:44.753+0000] {dag.py:3047} INFO - Sync 1 DAGs
[2024-05-12T08:22:44.780+0000] {logging_mixin.py:188} INFO - [2024-05-12T08:22:44.780+0000] {dag.py:3834} INFO - Setting next_dagrun for example_sla_dag to 2024-05-12 08:20:00+00:00, run_after=2024-05-12 08:22:00+00:00
[2024-05-12T08:22:44.798+0000] {processor.py:183} INFO - Processing /home/airflow/.local/lib/python3.8/site-packages/airflow/example_dags/example_sla_dag.py took 0.081 seconds
[2024-05-12T08:23:15.369+0000] {processor.py:161} INFO - Started process (PID=349) to work on /home/airflow/.local/lib/python3.8/site-packages/airflow/example_dags/example_sla_dag.py
[2024-05-12T08:23:15.371+0000] {processor.py:830} INFO - Processing file /home/airflow/.local/lib/python3.8/site-packages/airflow/example_dags/example_sla_dag.py for tasks to queue
[2024-05-12T08:23:15.373+0000] {logging_mixin.py:188} INFO - [2024-05-12T08:23:15.373+0000] {dagbag.py:540} INFO - Filling up the DagBag from /home/airflow/.local/lib/python3.8/site-packages/airflow/example_dags/example_sla_dag.py
[2024-05-12T08:23:15.385+0000] {processor.py:840} INFO - DAG(s) 'example_sla_dag' retrieved from /home/airflow/.local/lib/python3.8/site-packages/airflow/example_dags/example_sla_dag.py
[2024-05-12T08:23:15.398+0000] {logging_mixin.py:188} INFO - [2024-05-12T08:23:15.398+0000] {dag.py:3047} INFO - Sync 1 DAGs
[2024-05-12T08:23:15.433+0000] {logging_mixin.py:188} INFO - [2024-05-12T08:23:15.433+0000] {dag.py:3834} INFO - Setting next_dagrun for example_sla_dag to 2024-05-12 08:20:00+00:00, run_after=2024-05-12 08:22:00+00:00
[2024-05-12T08:23:15.457+0000] {processor.py:183} INFO - Processing /home/airflow/.local/lib/python3.8/site-packages/airflow/example_dags/example_sla_dag.py took 0.093 seconds
[2024-05-12T08:23:46.457+0000] {processor.py:161} INFO - Started process (PID=404) to work on /home/airflow/.local/lib/python3.8/site-packages/airflow/example_dags/example_sla_dag.py
[2024-05-12T08:23:46.459+0000] {processor.py:830} INFO - Processing file /home/airflow/.local/lib/python3.8/site-packages/airflow/example_dags/example_sla_dag.py for tasks to queue
[2024-05-12T08:23:46.461+0000] {logging_mixin.py:188} INFO - [2024-05-12T08:23:46.461+0000] {dagbag.py:540} INFO - Filling up the DagBag from /home/airflow/.local/lib/python3.8/site-packages/airflow/example_dags/example_sla_dag.py
[2024-05-12T08:23:46.470+0000] {processor.py:840} INFO - DAG(s) 'example_sla_dag' retrieved from /home/airflow/.local/lib/python3.8/site-packages/airflow/example_dags/example_sla_dag.py
[2024-05-12T08:23:46.593+0000] {logging_mixin.py:188} INFO - [2024-05-12T08:23:46.592+0000] {dag.py:3047} INFO - Sync 1 DAGs
[2024-05-12T08:23:46.633+0000] {logging_mixin.py:188} INFO - [2024-05-12T08:23:46.632+0000] {dag.py:3834} INFO - Setting next_dagrun for example_sla_dag to 2024-05-12 08:20:00+00:00, run_after=2024-05-12 08:22:00+00:00
[2024-05-12T08:23:46.654+0000] {processor.py:183} INFO - Processing /home/airflow/.local/lib/python3.8/site-packages/airflow/example_dags/example_sla_dag.py took 0.201 seconds
[2024-05-12T08:24:17.551+0000] {processor.py:161} INFO - Started process (PID=460) to work on /home/airflow/.local/lib/python3.8/site-packages/airflow/example_dags/example_sla_dag.py
[2024-05-12T08:24:17.553+0000] {processor.py:830} INFO - Processing file /home/airflow/.local/lib/python3.8/site-packages/airflow/example_dags/example_sla_dag.py for tasks to queue
[2024-05-12T08:24:17.555+0000] {logging_mixin.py:188} INFO - [2024-05-12T08:24:17.554+0000] {dagbag.py:540} INFO - Filling up the DagBag from /home/airflow/.local/lib/python3.8/site-packages/airflow/example_dags/example_sla_dag.py
[2024-05-12T08:24:17.564+0000] {processor.py:840} INFO - DAG(s) 'example_sla_dag' retrieved from /home/airflow/.local/lib/python3.8/site-packages/airflow/example_dags/example_sla_dag.py
[2024-05-12T08:24:17.583+0000] {logging_mixin.py:188} INFO - [2024-05-12T08:24:17.583+0000] {dag.py:3047} INFO - Sync 1 DAGs
[2024-05-12T08:24:17.609+0000] {logging_mixin.py:188} INFO - [2024-05-12T08:24:17.609+0000] {dag.py:3834} INFO - Setting next_dagrun for example_sla_dag to 2024-05-12 08:22:00+00:00, run_after=2024-05-12 08:24:00+00:00
[2024-05-12T08:24:17.632+0000] {processor.py:183} INFO - Processing /home/airflow/.local/lib/python3.8/site-packages/airflow/example_dags/example_sla_dag.py took 0.084 seconds
[2024-05-12T08:24:47.869+0000] {processor.py:161} INFO - Started process (PID=515) to work on /home/airflow/.local/lib/python3.8/site-packages/airflow/example_dags/example_sla_dag.py
[2024-05-12T08:24:47.870+0000] {processor.py:830} INFO - Processing file /home/airflow/.local/lib/python3.8/site-packages/airflow/example_dags/example_sla_dag.py for tasks to queue
[2024-05-12T08:24:47.872+0000] {logging_mixin.py:188} INFO - [2024-05-12T08:24:47.871+0000] {dagbag.py:540} INFO - Filling up the DagBag from /home/airflow/.local/lib/python3.8/site-packages/airflow/example_dags/example_sla_dag.py
[2024-05-12T08:24:47.881+0000] {processor.py:840} INFO - DAG(s) 'example_sla_dag' retrieved from /home/airflow/.local/lib/python3.8/site-packages/airflow/example_dags/example_sla_dag.py
[2024-05-12T08:24:47.901+0000] {logging_mixin.py:188} INFO - [2024-05-12T08:24:47.901+0000] {dag.py:3047} INFO - Sync 1 DAGs
[2024-05-12T08:24:47.926+0000] {logging_mixin.py:188} INFO - [2024-05-12T08:24:47.926+0000] {dag.py:3834} INFO - Setting next_dagrun for example_sla_dag to 2024-05-12 08:22:00+00:00, run_after=2024-05-12 08:24:00+00:00
[2024-05-12T08:24:47.945+0000] {processor.py:183} INFO - Processing /home/airflow/.local/lib/python3.8/site-packages/airflow/example_dags/example_sla_dag.py took 0.080 seconds
[2024-05-12T08:25:18.139+0000] {processor.py:161} INFO - Started process (PID=570) to work on /home/airflow/.local/lib/python3.8/site-packages/airflow/example_dags/example_sla_dag.py
[2024-05-12T08:25:18.140+0000] {processor.py:830} INFO - Processing file /home/airflow/.local/lib/python3.8/site-packages/airflow/example_dags/example_sla_dag.py for tasks to queue
[2024-05-12T08:25:18.142+0000] {logging_mixin.py:188} INFO - [2024-05-12T08:25:18.142+0000] {dagbag.py:540} INFO - Filling up the DagBag from /home/airflow/.local/lib/python3.8/site-packages/airflow/example_dags/example_sla_dag.py
[2024-05-12T08:25:18.151+0000] {processor.py:840} INFO - DAG(s) 'example_sla_dag' retrieved from /home/airflow/.local/lib/python3.8/site-packages/airflow/example_dags/example_sla_dag.py
[2024-05-12T08:25:18.172+0000] {logging_mixin.py:188} INFO - [2024-05-12T08:25:18.172+0000] {dag.py:3047} INFO - Sync 1 DAGs
[2024-05-12T08:25:18.208+0000] {logging_mixin.py:188} INFO - [2024-05-12T08:25:18.207+0000] {dag.py:3834} INFO - Setting next_dagrun for example_sla_dag to 2024-05-12 08:22:00+00:00, run_after=2024-05-12 08:24:00+00:00
[2024-05-12T08:25:18.232+0000] {processor.py:183} INFO - Processing /home/airflow/.local/lib/python3.8/site-packages/airflow/example_dags/example_sla_dag.py took 0.097 seconds
[2024-05-12T08:25:48.282+0000] {processor.py:161} INFO - Started process (PID=625) to work on /home/airflow/.local/lib/python3.8/site-packages/airflow/example_dags/example_sla_dag.py
[2024-05-12T08:25:48.283+0000] {processor.py:830} INFO - Processing file /home/airflow/.local/lib/python3.8/site-packages/airflow/example_dags/example_sla_dag.py for tasks to queue
[2024-05-12T08:25:48.285+0000] {logging_mixin.py:188} INFO - [2024-05-12T08:25:48.284+0000] {dagbag.py:540} INFO - Filling up the DagBag from /home/airflow/.local/lib/python3.8/site-packages/airflow/example_dags/example_sla_dag.py
[2024-05-12T08:25:48.294+0000] {processor.py:840} INFO - DAG(s) 'example_sla_dag' retrieved from /home/airflow/.local/lib/python3.8/site-packages/airflow/example_dags/example_sla_dag.py
[2024-05-12T08:25:48.316+0000] {logging_mixin.py:188} INFO - [2024-05-12T08:25:48.316+0000] {dag.py:3047} INFO - Sync 1 DAGs
[2024-05-12T08:25:48.351+0000] {logging_mixin.py:188} INFO - [2024-05-12T08:25:48.351+0000] {dag.py:3834} INFO - Setting next_dagrun for example_sla_dag to 2024-05-12 08:22:00+00:00, run_after=2024-05-12 08:24:00+00:00
[2024-05-12T08:25:48.373+0000] {processor.py:183} INFO - Processing /home/airflow/.local/lib/python3.8/site-packages/airflow/example_dags/example_sla_dag.py took 0.094 seconds
[2024-05-12T08:26:18.495+0000] {processor.py:161} INFO - Started process (PID=680) to work on /home/airflow/.local/lib/python3.8/site-packages/airflow/example_dags/example_sla_dag.py
[2024-05-12T08:26:18.497+0000] {processor.py:830} INFO - Processing file /home/airflow/.local/lib/python3.8/site-packages/airflow/example_dags/example_sla_dag.py for tasks to queue
[2024-05-12T08:26:18.499+0000] {logging_mixin.py:188} INFO - [2024-05-12T08:26:18.498+0000] {dagbag.py:540} INFO - Filling up the DagBag from /home/airflow/.local/lib/python3.8/site-packages/airflow/example_dags/example_sla_dag.py
[2024-05-12T08:26:18.508+0000] {processor.py:840} INFO - DAG(s) 'example_sla_dag' retrieved from /home/airflow/.local/lib/python3.8/site-packages/airflow/example_dags/example_sla_dag.py
[2024-05-12T08:26:18.531+0000] {logging_mixin.py:188} INFO - [2024-05-12T08:26:18.531+0000] {dag.py:3047} INFO - Sync 1 DAGs
[2024-05-12T08:26:18.558+0000] {logging_mixin.py:188} INFO - [2024-05-12T08:26:18.558+0000] {dag.py:3834} INFO - Setting next_dagrun for example_sla_dag to 2024-05-12 08:24:00+00:00, run_after=2024-05-12 08:26:00+00:00
[2024-05-12T08:26:18.579+0000] {processor.py:183} INFO - Processing /home/airflow/.local/lib/python3.8/site-packages/airflow/example_dags/example_sla_dag.py took 0.088 seconds
[2024-05-12T08:26:49.376+0000] {processor.py:161} INFO - Started process (PID=740) to work on /home/airflow/.local/lib/python3.8/site-packages/airflow/example_dags/example_sla_dag.py
[2024-05-12T08:26:49.377+0000] {processor.py:830} INFO - Processing file /home/airflow/.local/lib/python3.8/site-packages/airflow/example_dags/example_sla_dag.py for tasks to queue
[2024-05-12T08:26:49.379+0000] {logging_mixin.py:188} INFO - [2024-05-12T08:26:49.379+0000] {dagbag.py:540} INFO - Filling up the DagBag from /home/airflow/.local/lib/python3.8/site-packages/airflow/example_dags/example_sla_dag.py
[2024-05-12T08:26:49.389+0000] {processor.py:840} INFO - DAG(s) 'example_sla_dag' retrieved from /home/airflow/.local/lib/python3.8/site-packages/airflow/example_dags/example_sla_dag.py
[2024-05-12T08:26:49.408+0000] {logging_mixin.py:188} INFO - [2024-05-12T08:26:49.408+0000] {dag.py:3047} INFO - Sync 1 DAGs
[2024-05-12T08:26:49.435+0000] {logging_mixin.py:188} INFO - [2024-05-12T08:26:49.435+0000] {dag.py:3834} INFO - Setting next_dagrun for example_sla_dag to 2024-05-12 08:24:00+00:00, run_after=2024-05-12 08:26:00+00:00
[2024-05-12T08:26:49.454+0000] {processor.py:183} INFO - Processing /home/airflow/.local/lib/python3.8/site-packages/airflow/example_dags/example_sla_dag.py took 0.081 seconds
[2024-05-12T08:27:20.202+0000] {processor.py:161} INFO - Started process (PID=795) to work on /home/airflow/.local/lib/python3.8/site-packages/airflow/example_dags/example_sla_dag.py
[2024-05-12T08:27:20.203+0000] {processor.py:830} INFO - Processing file /home/airflow/.local/lib/python3.8/site-packages/airflow/example_dags/example_sla_dag.py for tasks to queue
[2024-05-12T08:27:20.205+0000] {logging_mixin.py:188} INFO - [2024-05-12T08:27:20.204+0000] {dagbag.py:540} INFO - Filling up the DagBag from /home/airflow/.local/lib/python3.8/site-packages/airflow/example_dags/example_sla_dag.py
[2024-05-12T08:27:20.214+0000] {processor.py:840} INFO - DAG(s) 'example_sla_dag' retrieved from /home/airflow/.local/lib/python3.8/site-packages/airflow/example_dags/example_sla_dag.py
[2024-05-12T08:27:20.237+0000] {logging_mixin.py:188} INFO - [2024-05-12T08:27:20.237+0000] {dag.py:3047} INFO - Sync 1 DAGs
[2024-05-12T08:27:20.270+0000] {logging_mixin.py:188} INFO - [2024-05-12T08:27:20.270+0000] {dag.py:3834} INFO - Setting next_dagrun for example_sla_dag to 2024-05-12 08:24:00+00:00, run_after=2024-05-12 08:26:00+00:00
[2024-05-12T08:27:20.292+0000] {processor.py:183} INFO - Processing /home/airflow/.local/lib/python3.8/site-packages/airflow/example_dags/example_sla_dag.py took 0.094 seconds
[2024-05-12T08:27:50.533+0000] {processor.py:161} INFO - Started process (PID=851) to work on /home/airflow/.local/lib/python3.8/site-packages/airflow/example_dags/example_sla_dag.py
[2024-05-12T08:27:50.535+0000] {processor.py:830} INFO - Processing file /home/airflow/.local/lib/python3.8/site-packages/airflow/example_dags/example_sla_dag.py for tasks to queue
[2024-05-12T08:27:50.537+0000] {logging_mixin.py:188} INFO - [2024-05-12T08:27:50.537+0000] {dagbag.py:540} INFO - Filling up the DagBag from /home/airflow/.local/lib/python3.8/site-packages/airflow/example_dags/example_sla_dag.py
[2024-05-12T08:27:50.546+0000] {processor.py:840} INFO - DAG(s) 'example_sla_dag' retrieved from /home/airflow/.local/lib/python3.8/site-packages/airflow/example_dags/example_sla_dag.py
[2024-05-12T08:27:50.565+0000] {logging_mixin.py:188} INFO - [2024-05-12T08:27:50.565+0000] {dag.py:3047} INFO - Sync 1 DAGs
[2024-05-12T08:27:50.590+0000] {logging_mixin.py:188} INFO - [2024-05-12T08:27:50.590+0000] {dag.py:3834} INFO - Setting next_dagrun for example_sla_dag to 2024-05-12 08:24:00+00:00, run_after=2024-05-12 08:26:00+00:00
[2024-05-12T08:27:50.615+0000] {processor.py:183} INFO - Processing /home/airflow/.local/lib/python3.8/site-packages/airflow/example_dags/example_sla_dag.py took 0.085 seconds
[2024-05-12T08:28:20.746+0000] {processor.py:161} INFO - Started process (PID=906) to work on /home/airflow/.local/lib/python3.8/site-packages/airflow/example_dags/example_sla_dag.py
[2024-05-12T08:28:20.748+0000] {processor.py:830} INFO - Processing file /home/airflow/.local/lib/python3.8/site-packages/airflow/example_dags/example_sla_dag.py for tasks to queue
[2024-05-12T08:28:20.750+0000] {logging_mixin.py:188} INFO - [2024-05-12T08:28:20.749+0000] {dagbag.py:540} INFO - Filling up the DagBag from /home/airflow/.local/lib/python3.8/site-packages/airflow/example_dags/example_sla_dag.py
[2024-05-12T08:28:20.759+0000] {processor.py:840} INFO - DAG(s) 'example_sla_dag' retrieved from /home/airflow/.local/lib/python3.8/site-packages/airflow/example_dags/example_sla_dag.py
[2024-05-12T08:28:20.780+0000] {logging_mixin.py:188} INFO - [2024-05-12T08:28:20.780+0000] {dag.py:3047} INFO - Sync 1 DAGs
[2024-05-12T08:28:20.813+0000] {logging_mixin.py:188} INFO - [2024-05-12T08:28:20.813+0000] {dag.py:3834} INFO - Setting next_dagrun for example_sla_dag to 2024-05-12 08:26:00+00:00, run_after=2024-05-12 08:28:00+00:00
[2024-05-12T08:28:20.833+0000] {processor.py:183} INFO - Processing /home/airflow/.local/lib/python3.8/site-packages/airflow/example_dags/example_sla_dag.py took 0.090 seconds
