[2024-05-12T08:20:43.921+0000] {processor.py:161} INFO - Started process (PID=93) to work on /home/airflow/.local/lib/python3.8/site-packages/airflow/example_dags/example_external_task_marker_dag.py
[2024-05-12T08:20:43.922+0000] {processor.py:830} INFO - Processing file /home/airflow/.local/lib/python3.8/site-packages/airflow/example_dags/example_external_task_marker_dag.py for tasks to queue
[2024-05-12T08:20:43.924+0000] {logging_mixin.py:188} INFO - [2024-05-12T08:20:43.923+0000] {dagbag.py:540} INFO - Filling up the DagBag from /home/airflow/.local/lib/python3.8/site-packages/airflow/example_dags/example_external_task_marker_dag.py
[2024-05-12T08:20:43.930+0000] {processor.py:840} INFO - DAG(s) 'example_external_task_marker_parent', 'example_external_task_marker_child' retrieved from /home/airflow/.local/lib/python3.8/site-packages/airflow/example_dags/example_external_task_marker_dag.py
[2024-05-12T08:20:43.960+0000] {logging_mixin.py:188} INFO - [2024-05-12T08:20:43.959+0000] {dag.py:3047} INFO - Sync 2 DAGs
[2024-05-12T08:20:43.979+0000] {logging_mixin.py:188} INFO - [2024-05-12T08:20:43.978+0000] {dag.py:3834} INFO - Setting next_dagrun for example_external_task_marker_child to None, run_after=None
[2024-05-12T08:20:43.984+0000] {logging_mixin.py:188} INFO - [2024-05-12T08:20:43.984+0000] {dag.py:3834} INFO - Setting next_dagrun for example_external_task_marker_parent to None, run_after=None
[2024-05-12T08:20:44.003+0000] {processor.py:183} INFO - Processing /home/airflow/.local/lib/python3.8/site-packages/airflow/example_dags/example_external_task_marker_dag.py took 0.086 seconds
[2024-05-12T08:21:14.233+0000] {processor.py:161} INFO - Started process (PID=149) to work on /home/airflow/.local/lib/python3.8/site-packages/airflow/example_dags/example_external_task_marker_dag.py
[2024-05-12T08:21:14.234+0000] {processor.py:830} INFO - Processing file /home/airflow/.local/lib/python3.8/site-packages/airflow/example_dags/example_external_task_marker_dag.py for tasks to queue
[2024-05-12T08:21:14.236+0000] {logging_mixin.py:188} INFO - [2024-05-12T08:21:14.236+0000] {dagbag.py:540} INFO - Filling up the DagBag from /home/airflow/.local/lib/python3.8/site-packages/airflow/example_dags/example_external_task_marker_dag.py
[2024-05-12T08:21:14.243+0000] {processor.py:840} INFO - DAG(s) 'example_external_task_marker_parent', 'example_external_task_marker_child' retrieved from /home/airflow/.local/lib/python3.8/site-packages/airflow/example_dags/example_external_task_marker_dag.py
[2024-05-12T08:21:14.269+0000] {logging_mixin.py:188} INFO - [2024-05-12T08:21:14.268+0000] {dag.py:3047} INFO - Sync 2 DAGs
[2024-05-12T08:21:14.282+0000] {logging_mixin.py:188} INFO - [2024-05-12T08:21:14.282+0000] {dag.py:3834} INFO - Setting next_dagrun for example_external_task_marker_child to None, run_after=None
[2024-05-12T08:21:14.286+0000] {logging_mixin.py:188} INFO - [2024-05-12T08:21:14.285+0000] {dag.py:3834} INFO - Setting next_dagrun for example_external_task_marker_parent to None, run_after=None
[2024-05-12T08:21:14.305+0000] {processor.py:183} INFO - Processing /home/airflow/.local/lib/python3.8/site-packages/airflow/example_dags/example_external_task_marker_dag.py took 0.076 seconds
[2024-05-12T08:21:45.393+0000] {processor.py:161} INFO - Started process (PID=204) to work on /home/airflow/.local/lib/python3.8/site-packages/airflow/example_dags/example_external_task_marker_dag.py
[2024-05-12T08:21:45.395+0000] {processor.py:830} INFO - Processing file /home/airflow/.local/lib/python3.8/site-packages/airflow/example_dags/example_external_task_marker_dag.py for tasks to queue
[2024-05-12T08:21:45.397+0000] {logging_mixin.py:188} INFO - [2024-05-12T08:21:45.397+0000] {dagbag.py:540} INFO - Filling up the DagBag from /home/airflow/.local/lib/python3.8/site-packages/airflow/example_dags/example_external_task_marker_dag.py
[2024-05-12T08:21:45.406+0000] {processor.py:840} INFO - DAG(s) 'example_external_task_marker_parent', 'example_external_task_marker_child' retrieved from /home/airflow/.local/lib/python3.8/site-packages/airflow/example_dags/example_external_task_marker_dag.py
[2024-05-12T08:21:45.435+0000] {logging_mixin.py:188} INFO - [2024-05-12T08:21:45.434+0000] {dag.py:3047} INFO - Sync 2 DAGs
[2024-05-12T08:21:45.448+0000] {logging_mixin.py:188} INFO - [2024-05-12T08:21:45.447+0000] {dag.py:3834} INFO - Setting next_dagrun for example_external_task_marker_child to None, run_after=None
[2024-05-12T08:21:45.451+0000] {logging_mixin.py:188} INFO - [2024-05-12T08:21:45.451+0000] {dag.py:3834} INFO - Setting next_dagrun for example_external_task_marker_parent to None, run_after=None
[2024-05-12T08:21:45.470+0000] {processor.py:183} INFO - Processing /home/airflow/.local/lib/python3.8/site-packages/airflow/example_dags/example_external_task_marker_dag.py took 0.080 seconds
[2024-05-12T08:22:15.970+0000] {processor.py:161} INFO - Started process (PID=259) to work on /home/airflow/.local/lib/python3.8/site-packages/airflow/example_dags/example_external_task_marker_dag.py
[2024-05-12T08:22:15.971+0000] {processor.py:830} INFO - Processing file /home/airflow/.local/lib/python3.8/site-packages/airflow/example_dags/example_external_task_marker_dag.py for tasks to queue
[2024-05-12T08:22:15.974+0000] {logging_mixin.py:188} INFO - [2024-05-12T08:22:15.973+0000] {dagbag.py:540} INFO - Filling up the DagBag from /home/airflow/.local/lib/python3.8/site-packages/airflow/example_dags/example_external_task_marker_dag.py
[2024-05-12T08:22:15.983+0000] {processor.py:840} INFO - DAG(s) 'example_external_task_marker_child', 'example_external_task_marker_parent' retrieved from /home/airflow/.local/lib/python3.8/site-packages/airflow/example_dags/example_external_task_marker_dag.py
[2024-05-12T08:22:16.018+0000] {logging_mixin.py:188} INFO - [2024-05-12T08:22:16.017+0000] {dag.py:3047} INFO - Sync 2 DAGs
[2024-05-12T08:22:16.043+0000] {logging_mixin.py:188} INFO - [2024-05-12T08:22:16.042+0000] {dag.py:3834} INFO - Setting next_dagrun for example_external_task_marker_child to None, run_after=None
[2024-05-12T08:22:16.048+0000] {logging_mixin.py:188} INFO - [2024-05-12T08:22:16.048+0000] {dag.py:3834} INFO - Setting next_dagrun for example_external_task_marker_parent to None, run_after=None
[2024-05-12T08:22:16.073+0000] {processor.py:183} INFO - Processing /home/airflow/.local/lib/python3.8/site-packages/airflow/example_dags/example_external_task_marker_dag.py took 0.108 seconds
[2024-05-12T08:22:46.851+0000] {processor.py:161} INFO - Started process (PID=313) to work on /home/airflow/.local/lib/python3.8/site-packages/airflow/example_dags/example_external_task_marker_dag.py
[2024-05-12T08:22:46.852+0000] {processor.py:830} INFO - Processing file /home/airflow/.local/lib/python3.8/site-packages/airflow/example_dags/example_external_task_marker_dag.py for tasks to queue
[2024-05-12T08:22:46.854+0000] {logging_mixin.py:188} INFO - [2024-05-12T08:22:46.854+0000] {dagbag.py:540} INFO - Filling up the DagBag from /home/airflow/.local/lib/python3.8/site-packages/airflow/example_dags/example_external_task_marker_dag.py
[2024-05-12T08:22:46.860+0000] {processor.py:840} INFO - DAG(s) 'example_external_task_marker_parent', 'example_external_task_marker_child' retrieved from /home/airflow/.local/lib/python3.8/site-packages/airflow/example_dags/example_external_task_marker_dag.py
[2024-05-12T08:22:46.885+0000] {logging_mixin.py:188} INFO - [2024-05-12T08:22:46.885+0000] {dag.py:3047} INFO - Sync 2 DAGs
[2024-05-12T08:22:46.898+0000] {logging_mixin.py:188} INFO - [2024-05-12T08:22:46.898+0000] {dag.py:3834} INFO - Setting next_dagrun for example_external_task_marker_child to None, run_after=None
[2024-05-12T08:22:46.902+0000] {logging_mixin.py:188} INFO - [2024-05-12T08:22:46.901+0000] {dag.py:3834} INFO - Setting next_dagrun for example_external_task_marker_parent to None, run_after=None
[2024-05-12T08:22:46.917+0000] {processor.py:183} INFO - Processing /home/airflow/.local/lib/python3.8/site-packages/airflow/example_dags/example_external_task_marker_dag.py took 0.070 seconds
[2024-05-12T08:23:17.423+0000] {processor.py:161} INFO - Started process (PID=368) to work on /home/airflow/.local/lib/python3.8/site-packages/airflow/example_dags/example_external_task_marker_dag.py
[2024-05-12T08:23:17.427+0000] {processor.py:830} INFO - Processing file /home/airflow/.local/lib/python3.8/site-packages/airflow/example_dags/example_external_task_marker_dag.py for tasks to queue
[2024-05-12T08:23:17.429+0000] {logging_mixin.py:188} INFO - [2024-05-12T08:23:17.429+0000] {dagbag.py:540} INFO - Filling up the DagBag from /home/airflow/.local/lib/python3.8/site-packages/airflow/example_dags/example_external_task_marker_dag.py
[2024-05-12T08:23:17.437+0000] {processor.py:840} INFO - DAG(s) 'example_external_task_marker_parent', 'example_external_task_marker_child' retrieved from /home/airflow/.local/lib/python3.8/site-packages/airflow/example_dags/example_external_task_marker_dag.py
[2024-05-12T08:23:17.449+0000] {logging_mixin.py:188} INFO - [2024-05-12T08:23:17.449+0000] {dag.py:3047} INFO - Sync 2 DAGs
[2024-05-12T08:23:17.464+0000] {logging_mixin.py:188} INFO - [2024-05-12T08:23:17.464+0000] {dag.py:3834} INFO - Setting next_dagrun for example_external_task_marker_child to None, run_after=None
[2024-05-12T08:23:17.468+0000] {logging_mixin.py:188} INFO - [2024-05-12T08:23:17.468+0000] {dag.py:3834} INFO - Setting next_dagrun for example_external_task_marker_parent to None, run_after=None
[2024-05-12T08:23:17.487+0000] {processor.py:183} INFO - Processing /home/airflow/.local/lib/python3.8/site-packages/airflow/example_dags/example_external_task_marker_dag.py took 0.071 seconds
[2024-05-12T08:23:48.486+0000] {processor.py:161} INFO - Started process (PID=423) to work on /home/airflow/.local/lib/python3.8/site-packages/airflow/example_dags/example_external_task_marker_dag.py
[2024-05-12T08:23:48.487+0000] {processor.py:830} INFO - Processing file /home/airflow/.local/lib/python3.8/site-packages/airflow/example_dags/example_external_task_marker_dag.py for tasks to queue
[2024-05-12T08:23:48.489+0000] {logging_mixin.py:188} INFO - [2024-05-12T08:23:48.489+0000] {dagbag.py:540} INFO - Filling up the DagBag from /home/airflow/.local/lib/python3.8/site-packages/airflow/example_dags/example_external_task_marker_dag.py
[2024-05-12T08:23:48.496+0000] {processor.py:840} INFO - DAG(s) 'example_external_task_marker_parent', 'example_external_task_marker_child' retrieved from /home/airflow/.local/lib/python3.8/site-packages/airflow/example_dags/example_external_task_marker_dag.py
[2024-05-12T08:23:48.654+0000] {logging_mixin.py:188} INFO - [2024-05-12T08:23:48.654+0000] {dag.py:3047} INFO - Sync 2 DAGs
[2024-05-12T08:23:48.665+0000] {logging_mixin.py:188} INFO - [2024-05-12T08:23:48.665+0000] {dag.py:3834} INFO - Setting next_dagrun for example_external_task_marker_child to None, run_after=None
[2024-05-12T08:23:48.668+0000] {logging_mixin.py:188} INFO - [2024-05-12T08:23:48.668+0000] {dag.py:3834} INFO - Setting next_dagrun for example_external_task_marker_parent to None, run_after=None
[2024-05-12T08:23:48.697+0000] {processor.py:183} INFO - Processing /home/airflow/.local/lib/python3.8/site-packages/airflow/example_dags/example_external_task_marker_dag.py took 0.215 seconds
[2024-05-12T08:24:18.801+0000] {processor.py:161} INFO - Started process (PID=485) to work on /home/airflow/.local/lib/python3.8/site-packages/airflow/example_dags/example_external_task_marker_dag.py
[2024-05-12T08:24:18.803+0000] {processor.py:830} INFO - Processing file /home/airflow/.local/lib/python3.8/site-packages/airflow/example_dags/example_external_task_marker_dag.py for tasks to queue
[2024-05-12T08:24:18.805+0000] {logging_mixin.py:188} INFO - [2024-05-12T08:24:18.805+0000] {dagbag.py:540} INFO - Filling up the DagBag from /home/airflow/.local/lib/python3.8/site-packages/airflow/example_dags/example_external_task_marker_dag.py
[2024-05-12T08:24:18.811+0000] {processor.py:840} INFO - DAG(s) 'example_external_task_marker_parent', 'example_external_task_marker_child' retrieved from /home/airflow/.local/lib/python3.8/site-packages/airflow/example_dags/example_external_task_marker_dag.py
[2024-05-12T08:24:18.836+0000] {logging_mixin.py:188} INFO - [2024-05-12T08:24:18.836+0000] {dag.py:3047} INFO - Sync 2 DAGs
[2024-05-12T08:24:18.850+0000] {logging_mixin.py:188} INFO - [2024-05-12T08:24:18.849+0000] {dag.py:3834} INFO - Setting next_dagrun for example_external_task_marker_child to None, run_after=None
[2024-05-12T08:24:18.853+0000] {logging_mixin.py:188} INFO - [2024-05-12T08:24:18.853+0000] {dag.py:3834} INFO - Setting next_dagrun for example_external_task_marker_parent to None, run_after=None
[2024-05-12T08:24:18.880+0000] {processor.py:183} INFO - Processing /home/airflow/.local/lib/python3.8/site-packages/airflow/example_dags/example_external_task_marker_dag.py took 0.083 seconds
[2024-05-12T08:24:49.121+0000] {processor.py:161} INFO - Started process (PID=540) to work on /home/airflow/.local/lib/python3.8/site-packages/airflow/example_dags/example_external_task_marker_dag.py
[2024-05-12T08:24:49.122+0000] {processor.py:830} INFO - Processing file /home/airflow/.local/lib/python3.8/site-packages/airflow/example_dags/example_external_task_marker_dag.py for tasks to queue
[2024-05-12T08:24:49.124+0000] {logging_mixin.py:188} INFO - [2024-05-12T08:24:49.124+0000] {dagbag.py:540} INFO - Filling up the DagBag from /home/airflow/.local/lib/python3.8/site-packages/airflow/example_dags/example_external_task_marker_dag.py
[2024-05-12T08:24:49.132+0000] {processor.py:840} INFO - DAG(s) 'example_external_task_marker_child', 'example_external_task_marker_parent' retrieved from /home/airflow/.local/lib/python3.8/site-packages/airflow/example_dags/example_external_task_marker_dag.py
[2024-05-12T08:24:49.161+0000] {logging_mixin.py:188} INFO - [2024-05-12T08:24:49.161+0000] {dag.py:3047} INFO - Sync 2 DAGs
[2024-05-12T08:24:49.175+0000] {logging_mixin.py:188} INFO - [2024-05-12T08:24:49.175+0000] {dag.py:3834} INFO - Setting next_dagrun for example_external_task_marker_child to None, run_after=None
[2024-05-12T08:24:49.179+0000] {logging_mixin.py:188} INFO - [2024-05-12T08:24:49.179+0000] {dag.py:3834} INFO - Setting next_dagrun for example_external_task_marker_parent to None, run_after=None
[2024-05-12T08:24:49.195+0000] {processor.py:183} INFO - Processing /home/airflow/.local/lib/python3.8/site-packages/airflow/example_dags/example_external_task_marker_dag.py took 0.078 seconds
[2024-05-12T08:25:19.301+0000] {processor.py:161} INFO - Started process (PID=595) to work on /home/airflow/.local/lib/python3.8/site-packages/airflow/example_dags/example_external_task_marker_dag.py
[2024-05-12T08:25:19.302+0000] {processor.py:830} INFO - Processing file /home/airflow/.local/lib/python3.8/site-packages/airflow/example_dags/example_external_task_marker_dag.py for tasks to queue
[2024-05-12T08:25:19.304+0000] {logging_mixin.py:188} INFO - [2024-05-12T08:25:19.303+0000] {dagbag.py:540} INFO - Filling up the DagBag from /home/airflow/.local/lib/python3.8/site-packages/airflow/example_dags/example_external_task_marker_dag.py
[2024-05-12T08:25:19.310+0000] {processor.py:840} INFO - DAG(s) 'example_external_task_marker_child', 'example_external_task_marker_parent' retrieved from /home/airflow/.local/lib/python3.8/site-packages/airflow/example_dags/example_external_task_marker_dag.py
[2024-05-12T08:25:19.334+0000] {logging_mixin.py:188} INFO - [2024-05-12T08:25:19.333+0000] {dag.py:3047} INFO - Sync 2 DAGs
[2024-05-12T08:25:19.348+0000] {logging_mixin.py:188} INFO - [2024-05-12T08:25:19.348+0000] {dag.py:3834} INFO - Setting next_dagrun for example_external_task_marker_child to None, run_after=None
[2024-05-12T08:25:19.354+0000] {logging_mixin.py:188} INFO - [2024-05-12T08:25:19.354+0000] {dag.py:3834} INFO - Setting next_dagrun for example_external_task_marker_parent to None, run_after=None
[2024-05-12T08:25:19.375+0000] {processor.py:183} INFO - Processing /home/airflow/.local/lib/python3.8/site-packages/airflow/example_dags/example_external_task_marker_dag.py took 0.078 seconds
[2024-05-12T08:25:49.477+0000] {processor.py:161} INFO - Started process (PID=650) to work on /home/airflow/.local/lib/python3.8/site-packages/airflow/example_dags/example_external_task_marker_dag.py
[2024-05-12T08:25:49.478+0000] {processor.py:830} INFO - Processing file /home/airflow/.local/lib/python3.8/site-packages/airflow/example_dags/example_external_task_marker_dag.py for tasks to queue
[2024-05-12T08:25:49.480+0000] {logging_mixin.py:188} INFO - [2024-05-12T08:25:49.480+0000] {dagbag.py:540} INFO - Filling up the DagBag from /home/airflow/.local/lib/python3.8/site-packages/airflow/example_dags/example_external_task_marker_dag.py
[2024-05-12T08:25:49.487+0000] {processor.py:840} INFO - DAG(s) 'example_external_task_marker_child', 'example_external_task_marker_parent' retrieved from /home/airflow/.local/lib/python3.8/site-packages/airflow/example_dags/example_external_task_marker_dag.py
[2024-05-12T08:25:49.512+0000] {logging_mixin.py:188} INFO - [2024-05-12T08:25:49.511+0000] {dag.py:3047} INFO - Sync 2 DAGs
[2024-05-12T08:25:49.526+0000] {logging_mixin.py:188} INFO - [2024-05-12T08:25:49.526+0000] {dag.py:3834} INFO - Setting next_dagrun for example_external_task_marker_child to None, run_after=None
[2024-05-12T08:25:49.531+0000] {logging_mixin.py:188} INFO - [2024-05-12T08:25:49.531+0000] {dag.py:3834} INFO - Setting next_dagrun for example_external_task_marker_parent to None, run_after=None
[2024-05-12T08:25:49.553+0000] {processor.py:183} INFO - Processing /home/airflow/.local/lib/python3.8/site-packages/airflow/example_dags/example_external_task_marker_dag.py took 0.079 seconds
[2024-05-12T08:26:19.721+0000] {processor.py:161} INFO - Started process (PID=706) to work on /home/airflow/.local/lib/python3.8/site-packages/airflow/example_dags/example_external_task_marker_dag.py
[2024-05-12T08:26:19.762+0000] {processor.py:830} INFO - Processing file /home/airflow/.local/lib/python3.8/site-packages/airflow/example_dags/example_external_task_marker_dag.py for tasks to queue
[2024-05-12T08:26:19.764+0000] {logging_mixin.py:188} INFO - [2024-05-12T08:26:19.764+0000] {dagbag.py:540} INFO - Filling up the DagBag from /home/airflow/.local/lib/python3.8/site-packages/airflow/example_dags/example_external_task_marker_dag.py
[2024-05-12T08:26:19.772+0000] {processor.py:840} INFO - DAG(s) 'example_external_task_marker_child', 'example_external_task_marker_parent' retrieved from /home/airflow/.local/lib/python3.8/site-packages/airflow/example_dags/example_external_task_marker_dag.py
[2024-05-12T08:26:19.797+0000] {logging_mixin.py:188} INFO - [2024-05-12T08:26:19.797+0000] {dag.py:3047} INFO - Sync 2 DAGs
[2024-05-12T08:26:19.812+0000] {logging_mixin.py:188} INFO - [2024-05-12T08:26:19.812+0000] {dag.py:3834} INFO - Setting next_dagrun for example_external_task_marker_child to None, run_after=None
[2024-05-12T08:26:19.816+0000] {logging_mixin.py:188} INFO - [2024-05-12T08:26:19.816+0000] {dag.py:3834} INFO - Setting next_dagrun for example_external_task_marker_parent to None, run_after=None
[2024-05-12T08:26:19.834+0000] {processor.py:183} INFO - Processing /home/airflow/.local/lib/python3.8/site-packages/airflow/example_dags/example_external_task_marker_dag.py took 0.117 seconds
[2024-05-12T08:26:50.609+0000] {processor.py:161} INFO - Started process (PID=761) to work on /home/airflow/.local/lib/python3.8/site-packages/airflow/example_dags/example_external_task_marker_dag.py
[2024-05-12T08:26:50.610+0000] {processor.py:830} INFO - Processing file /home/airflow/.local/lib/python3.8/site-packages/airflow/example_dags/example_external_task_marker_dag.py for tasks to queue
[2024-05-12T08:26:50.612+0000] {logging_mixin.py:188} INFO - [2024-05-12T08:26:50.611+0000] {dagbag.py:540} INFO - Filling up the DagBag from /home/airflow/.local/lib/python3.8/site-packages/airflow/example_dags/example_external_task_marker_dag.py
[2024-05-12T08:26:50.618+0000] {processor.py:840} INFO - DAG(s) 'example_external_task_marker_child', 'example_external_task_marker_parent' retrieved from /home/airflow/.local/lib/python3.8/site-packages/airflow/example_dags/example_external_task_marker_dag.py
[2024-05-12T08:26:50.645+0000] {logging_mixin.py:188} INFO - [2024-05-12T08:26:50.645+0000] {dag.py:3047} INFO - Sync 2 DAGs
[2024-05-12T08:26:50.659+0000] {logging_mixin.py:188} INFO - [2024-05-12T08:26:50.659+0000] {dag.py:3834} INFO - Setting next_dagrun for example_external_task_marker_child to None, run_after=None
[2024-05-12T08:26:50.663+0000] {logging_mixin.py:188} INFO - [2024-05-12T08:26:50.663+0000] {dag.py:3834} INFO - Setting next_dagrun for example_external_task_marker_parent to None, run_after=None
[2024-05-12T08:26:50.687+0000] {processor.py:183} INFO - Processing /home/airflow/.local/lib/python3.8/site-packages/airflow/example_dags/example_external_task_marker_dag.py took 0.082 seconds
[2024-05-12T08:27:21.252+0000] {processor.py:161} INFO - Started process (PID=814) to work on /home/airflow/.local/lib/python3.8/site-packages/airflow/example_dags/example_external_task_marker_dag.py
[2024-05-12T08:27:21.253+0000] {processor.py:830} INFO - Processing file /home/airflow/.local/lib/python3.8/site-packages/airflow/example_dags/example_external_task_marker_dag.py for tasks to queue
[2024-05-12T08:27:21.255+0000] {logging_mixin.py:188} INFO - [2024-05-12T08:27:21.255+0000] {dagbag.py:540} INFO - Filling up the DagBag from /home/airflow/.local/lib/python3.8/site-packages/airflow/example_dags/example_external_task_marker_dag.py
[2024-05-12T08:27:21.264+0000] {processor.py:840} INFO - DAG(s) 'example_external_task_marker_parent', 'example_external_task_marker_child' retrieved from /home/airflow/.local/lib/python3.8/site-packages/airflow/example_dags/example_external_task_marker_dag.py
[2024-05-12T08:27:21.294+0000] {logging_mixin.py:188} INFO - [2024-05-12T08:27:21.293+0000] {dag.py:3047} INFO - Sync 2 DAGs
[2024-05-12T08:27:21.311+0000] {logging_mixin.py:188} INFO - [2024-05-12T08:27:21.310+0000] {dag.py:3834} INFO - Setting next_dagrun for example_external_task_marker_child to None, run_after=None
[2024-05-12T08:27:21.315+0000] {logging_mixin.py:188} INFO - [2024-05-12T08:27:21.315+0000] {dag.py:3834} INFO - Setting next_dagrun for example_external_task_marker_parent to None, run_after=None
[2024-05-12T08:27:21.339+0000] {processor.py:183} INFO - Processing /home/airflow/.local/lib/python3.8/site-packages/airflow/example_dags/example_external_task_marker_dag.py took 0.091 seconds
[2024-05-12T08:27:51.712+0000] {processor.py:161} INFO - Started process (PID=870) to work on /home/airflow/.local/lib/python3.8/site-packages/airflow/example_dags/example_external_task_marker_dag.py
[2024-05-12T08:27:51.715+0000] {processor.py:830} INFO - Processing file /home/airflow/.local/lib/python3.8/site-packages/airflow/example_dags/example_external_task_marker_dag.py for tasks to queue
[2024-05-12T08:27:51.716+0000] {logging_mixin.py:188} INFO - [2024-05-12T08:27:51.716+0000] {dagbag.py:540} INFO - Filling up the DagBag from /home/airflow/.local/lib/python3.8/site-packages/airflow/example_dags/example_external_task_marker_dag.py
[2024-05-12T08:27:51.723+0000] {processor.py:840} INFO - DAG(s) 'example_external_task_marker_parent', 'example_external_task_marker_child' retrieved from /home/airflow/.local/lib/python3.8/site-packages/airflow/example_dags/example_external_task_marker_dag.py
[2024-05-12T08:27:51.747+0000] {logging_mixin.py:188} INFO - [2024-05-12T08:27:51.747+0000] {dag.py:3047} INFO - Sync 2 DAGs
[2024-05-12T08:27:51.760+0000] {logging_mixin.py:188} INFO - [2024-05-12T08:27:51.760+0000] {dag.py:3834} INFO - Setting next_dagrun for example_external_task_marker_child to None, run_after=None
[2024-05-12T08:27:51.763+0000] {logging_mixin.py:188} INFO - [2024-05-12T08:27:51.763+0000] {dag.py:3834} INFO - Setting next_dagrun for example_external_task_marker_parent to None, run_after=None
[2024-05-12T08:27:51.787+0000] {processor.py:183} INFO - Processing /home/airflow/.local/lib/python3.8/site-packages/airflow/example_dags/example_external_task_marker_dag.py took 0.079 seconds
[2024-05-12T08:28:21.902+0000] {processor.py:161} INFO - Started process (PID=925) to work on /home/airflow/.local/lib/python3.8/site-packages/airflow/example_dags/example_external_task_marker_dag.py
[2024-05-12T08:28:21.903+0000] {processor.py:830} INFO - Processing file /home/airflow/.local/lib/python3.8/site-packages/airflow/example_dags/example_external_task_marker_dag.py for tasks to queue
[2024-05-12T08:28:21.905+0000] {logging_mixin.py:188} INFO - [2024-05-12T08:28:21.905+0000] {dagbag.py:540} INFO - Filling up the DagBag from /home/airflow/.local/lib/python3.8/site-packages/airflow/example_dags/example_external_task_marker_dag.py
[2024-05-12T08:28:21.911+0000] {processor.py:840} INFO - DAG(s) 'example_external_task_marker_parent', 'example_external_task_marker_child' retrieved from /home/airflow/.local/lib/python3.8/site-packages/airflow/example_dags/example_external_task_marker_dag.py
[2024-05-12T08:28:21.936+0000] {logging_mixin.py:188} INFO - [2024-05-12T08:28:21.936+0000] {dag.py:3047} INFO - Sync 2 DAGs
[2024-05-12T08:28:21.949+0000] {logging_mixin.py:188} INFO - [2024-05-12T08:28:21.949+0000] {dag.py:3834} INFO - Setting next_dagrun for example_external_task_marker_child to None, run_after=None
[2024-05-12T08:28:21.954+0000] {logging_mixin.py:188} INFO - [2024-05-12T08:28:21.953+0000] {dag.py:3834} INFO - Setting next_dagrun for example_external_task_marker_parent to None, run_after=None
[2024-05-12T08:28:21.969+0000] {processor.py:183} INFO - Processing /home/airflow/.local/lib/python3.8/site-packages/airflow/example_dags/example_external_task_marker_dag.py took 0.071 seconds
