[2024-05-12T08:20:43.134+0000] {processor.py:161} INFO - Started process (PID=84) to work on /home/airflow/.local/lib/python3.8/site-packages/airflow/example_dags/example_xcomargs.py
[2024-05-12T08:20:43.135+0000] {processor.py:830} INFO - Processing file /home/airflow/.local/lib/python3.8/site-packages/airflow/example_dags/example_xcomargs.py for tasks to queue
[2024-05-12T08:20:43.137+0000] {logging_mixin.py:188} INFO - [2024-05-12T08:20:43.136+0000] {dagbag.py:540} INFO - Filling up the DagBag from /home/airflow/.local/lib/python3.8/site-packages/airflow/example_dags/example_xcomargs.py
[2024-05-12T08:20:43.145+0000] {processor.py:840} INFO - DAG(s) 'example_xcom_args', 'example_xcom_args_with_operators' retrieved from /home/airflow/.local/lib/python3.8/site-packages/airflow/example_dags/example_xcomargs.py
[2024-05-12T08:20:43.182+0000] {logging_mixin.py:188} INFO - [2024-05-12T08:20:43.182+0000] {dag.py:3047} INFO - Sync 2 DAGs
[2024-05-12T08:20:43.196+0000] {logging_mixin.py:188} INFO - [2024-05-12T08:20:43.196+0000] {dag.py:3834} INFO - Setting next_dagrun for example_xcom_args to None, run_after=None
[2024-05-12T08:20:43.199+0000] {logging_mixin.py:188} INFO - [2024-05-12T08:20:43.199+0000] {dag.py:3834} INFO - Setting next_dagrun for example_xcom_args_with_operators to None, run_after=None
[2024-05-12T08:20:43.217+0000] {processor.py:183} INFO - Processing /home/airflow/.local/lib/python3.8/site-packages/airflow/example_dags/example_xcomargs.py took 0.087 seconds
[2024-05-12T08:21:13.742+0000] {processor.py:161} INFO - Started process (PID=140) to work on /home/airflow/.local/lib/python3.8/site-packages/airflow/example_dags/example_xcomargs.py
[2024-05-12T08:21:13.743+0000] {processor.py:830} INFO - Processing file /home/airflow/.local/lib/python3.8/site-packages/airflow/example_dags/example_xcomargs.py for tasks to queue
[2024-05-12T08:21:13.745+0000] {logging_mixin.py:188} INFO - [2024-05-12T08:21:13.745+0000] {dagbag.py:540} INFO - Filling up the DagBag from /home/airflow/.local/lib/python3.8/site-packages/airflow/example_dags/example_xcomargs.py
[2024-05-12T08:21:13.756+0000] {processor.py:840} INFO - DAG(s) 'example_xcom_args', 'example_xcom_args_with_operators' retrieved from /home/airflow/.local/lib/python3.8/site-packages/airflow/example_dags/example_xcomargs.py
[2024-05-12T08:21:13.781+0000] {logging_mixin.py:188} INFO - [2024-05-12T08:21:13.781+0000] {dag.py:3047} INFO - Sync 2 DAGs
[2024-05-12T08:21:13.797+0000] {logging_mixin.py:188} INFO - [2024-05-12T08:21:13.796+0000] {dag.py:3834} INFO - Setting next_dagrun for example_xcom_args to None, run_after=None
[2024-05-12T08:21:13.801+0000] {logging_mixin.py:188} INFO - [2024-05-12T08:21:13.801+0000] {dag.py:3834} INFO - Setting next_dagrun for example_xcom_args_with_operators to None, run_after=None
[2024-05-12T08:21:13.824+0000] {processor.py:183} INFO - Processing /home/airflow/.local/lib/python3.8/site-packages/airflow/example_dags/example_xcomargs.py took 0.086 seconds
[2024-05-12T08:21:44.777+0000] {processor.py:161} INFO - Started process (PID=195) to work on /home/airflow/.local/lib/python3.8/site-packages/airflow/example_dags/example_xcomargs.py
[2024-05-12T08:21:44.779+0000] {processor.py:830} INFO - Processing file /home/airflow/.local/lib/python3.8/site-packages/airflow/example_dags/example_xcomargs.py for tasks to queue
[2024-05-12T08:21:44.782+0000] {logging_mixin.py:188} INFO - [2024-05-12T08:21:44.781+0000] {dagbag.py:540} INFO - Filling up the DagBag from /home/airflow/.local/lib/python3.8/site-packages/airflow/example_dags/example_xcomargs.py
[2024-05-12T08:21:44.794+0000] {processor.py:840} INFO - DAG(s) 'example_xcom_args_with_operators', 'example_xcom_args' retrieved from /home/airflow/.local/lib/python3.8/site-packages/airflow/example_dags/example_xcomargs.py
[2024-05-12T08:21:44.822+0000] {logging_mixin.py:188} INFO - [2024-05-12T08:21:44.822+0000] {dag.py:3047} INFO - Sync 2 DAGs
[2024-05-12T08:21:44.841+0000] {logging_mixin.py:188} INFO - [2024-05-12T08:21:44.841+0000] {dag.py:3834} INFO - Setting next_dagrun for example_xcom_args to None, run_after=None
[2024-05-12T08:21:44.845+0000] {logging_mixin.py:188} INFO - [2024-05-12T08:21:44.845+0000] {dag.py:3834} INFO - Setting next_dagrun for example_xcom_args_with_operators to None, run_after=None
[2024-05-12T08:21:44.865+0000] {processor.py:183} INFO - Processing /home/airflow/.local/lib/python3.8/site-packages/airflow/example_dags/example_xcomargs.py took 0.093 seconds
[2024-05-12T08:22:15.311+0000] {processor.py:161} INFO - Started process (PID=250) to work on /home/airflow/.local/lib/python3.8/site-packages/airflow/example_dags/example_xcomargs.py
[2024-05-12T08:22:15.313+0000] {processor.py:830} INFO - Processing file /home/airflow/.local/lib/python3.8/site-packages/airflow/example_dags/example_xcomargs.py for tasks to queue
[2024-05-12T08:22:15.315+0000] {logging_mixin.py:188} INFO - [2024-05-12T08:22:15.315+0000] {dagbag.py:540} INFO - Filling up the DagBag from /home/airflow/.local/lib/python3.8/site-packages/airflow/example_dags/example_xcomargs.py
[2024-05-12T08:22:15.326+0000] {processor.py:840} INFO - DAG(s) 'example_xcom_args', 'example_xcom_args_with_operators' retrieved from /home/airflow/.local/lib/python3.8/site-packages/airflow/example_dags/example_xcomargs.py
[2024-05-12T08:22:15.359+0000] {logging_mixin.py:188} INFO - [2024-05-12T08:22:15.359+0000] {dag.py:3047} INFO - Sync 2 DAGs
[2024-05-12T08:22:15.378+0000] {logging_mixin.py:188} INFO - [2024-05-12T08:22:15.378+0000] {dag.py:3834} INFO - Setting next_dagrun for example_xcom_args to None, run_after=None
[2024-05-12T08:22:15.383+0000] {logging_mixin.py:188} INFO - [2024-05-12T08:22:15.383+0000] {dag.py:3834} INFO - Setting next_dagrun for example_xcom_args_with_operators to None, run_after=None
[2024-05-12T08:22:15.405+0000] {processor.py:183} INFO - Processing /home/airflow/.local/lib/python3.8/site-packages/airflow/example_dags/example_xcomargs.py took 0.099 seconds
[2024-05-12T08:22:46.274+0000] {processor.py:161} INFO - Started process (PID=304) to work on /home/airflow/.local/lib/python3.8/site-packages/airflow/example_dags/example_xcomargs.py
[2024-05-12T08:22:46.276+0000] {processor.py:830} INFO - Processing file /home/airflow/.local/lib/python3.8/site-packages/airflow/example_dags/example_xcomargs.py for tasks to queue
[2024-05-12T08:22:46.277+0000] {logging_mixin.py:188} INFO - [2024-05-12T08:22:46.277+0000] {dagbag.py:540} INFO - Filling up the DagBag from /home/airflow/.local/lib/python3.8/site-packages/airflow/example_dags/example_xcomargs.py
[2024-05-12T08:22:46.286+0000] {processor.py:840} INFO - DAG(s) 'example_xcom_args', 'example_xcom_args_with_operators' retrieved from /home/airflow/.local/lib/python3.8/site-packages/airflow/example_dags/example_xcomargs.py
[2024-05-12T08:22:46.311+0000] {logging_mixin.py:188} INFO - [2024-05-12T08:22:46.311+0000] {dag.py:3047} INFO - Sync 2 DAGs
[2024-05-12T08:22:46.326+0000] {logging_mixin.py:188} INFO - [2024-05-12T08:22:46.326+0000] {dag.py:3834} INFO - Setting next_dagrun for example_xcom_args to None, run_after=None
[2024-05-12T08:22:46.330+0000] {logging_mixin.py:188} INFO - [2024-05-12T08:22:46.330+0000] {dag.py:3834} INFO - Setting next_dagrun for example_xcom_args_with_operators to None, run_after=None
[2024-05-12T08:22:46.366+0000] {processor.py:183} INFO - Processing /home/airflow/.local/lib/python3.8/site-packages/airflow/example_dags/example_xcomargs.py took 0.095 seconds
[2024-05-12T08:23:16.896+0000] {processor.py:161} INFO - Started process (PID=359) to work on /home/airflow/.local/lib/python3.8/site-packages/airflow/example_dags/example_xcomargs.py
[2024-05-12T08:23:16.898+0000] {processor.py:830} INFO - Processing file /home/airflow/.local/lib/python3.8/site-packages/airflow/example_dags/example_xcomargs.py for tasks to queue
[2024-05-12T08:23:16.900+0000] {logging_mixin.py:188} INFO - [2024-05-12T08:23:16.900+0000] {dagbag.py:540} INFO - Filling up the DagBag from /home/airflow/.local/lib/python3.8/site-packages/airflow/example_dags/example_xcomargs.py
[2024-05-12T08:23:16.909+0000] {processor.py:840} INFO - DAG(s) 'example_xcom_args', 'example_xcom_args_with_operators' retrieved from /home/airflow/.local/lib/python3.8/site-packages/airflow/example_dags/example_xcomargs.py
[2024-05-12T08:23:16.923+0000] {logging_mixin.py:188} INFO - [2024-05-12T08:23:16.923+0000] {dag.py:3047} INFO - Sync 2 DAGs
[2024-05-12T08:23:16.938+0000] {logging_mixin.py:188} INFO - [2024-05-12T08:23:16.938+0000] {dag.py:3834} INFO - Setting next_dagrun for example_xcom_args to None, run_after=None
[2024-05-12T08:23:16.944+0000] {logging_mixin.py:188} INFO - [2024-05-12T08:23:16.944+0000] {dag.py:3834} INFO - Setting next_dagrun for example_xcom_args_with_operators to None, run_after=None
[2024-05-12T08:23:16.968+0000] {processor.py:183} INFO - Processing /home/airflow/.local/lib/python3.8/site-packages/airflow/example_dags/example_xcomargs.py took 0.075 seconds
[2024-05-12T08:23:47.585+0000] {processor.py:161} INFO - Started process (PID=414) to work on /home/airflow/.local/lib/python3.8/site-packages/airflow/example_dags/example_xcomargs.py
[2024-05-12T08:23:47.587+0000] {processor.py:830} INFO - Processing file /home/airflow/.local/lib/python3.8/site-packages/airflow/example_dags/example_xcomargs.py for tasks to queue
[2024-05-12T08:23:47.588+0000] {logging_mixin.py:188} INFO - [2024-05-12T08:23:47.588+0000] {dagbag.py:540} INFO - Filling up the DagBag from /home/airflow/.local/lib/python3.8/site-packages/airflow/example_dags/example_xcomargs.py
[2024-05-12T08:23:47.597+0000] {processor.py:840} INFO - DAG(s) 'example_xcom_args_with_operators', 'example_xcom_args' retrieved from /home/airflow/.local/lib/python3.8/site-packages/airflow/example_dags/example_xcomargs.py
[2024-05-12T08:23:47.723+0000] {logging_mixin.py:188} INFO - [2024-05-12T08:23:47.723+0000] {dag.py:3047} INFO - Sync 2 DAGs
[2024-05-12T08:23:47.734+0000] {logging_mixin.py:188} INFO - [2024-05-12T08:23:47.734+0000] {dag.py:3834} INFO - Setting next_dagrun for example_xcom_args to None, run_after=None
[2024-05-12T08:23:47.737+0000] {logging_mixin.py:188} INFO - [2024-05-12T08:23:47.737+0000] {dag.py:3834} INFO - Setting next_dagrun for example_xcom_args_with_operators to None, run_after=None
[2024-05-12T08:23:47.756+0000] {processor.py:183} INFO - Processing /home/airflow/.local/lib/python3.8/site-packages/airflow/example_dags/example_xcomargs.py took 0.175 seconds
[2024-05-12T08:24:18.163+0000] {processor.py:161} INFO - Started process (PID=470) to work on /home/airflow/.local/lib/python3.8/site-packages/airflow/example_dags/example_xcomargs.py
[2024-05-12T08:24:18.165+0000] {processor.py:830} INFO - Processing file /home/airflow/.local/lib/python3.8/site-packages/airflow/example_dags/example_xcomargs.py for tasks to queue
[2024-05-12T08:24:18.166+0000] {logging_mixin.py:188} INFO - [2024-05-12T08:24:18.166+0000] {dagbag.py:540} INFO - Filling up the DagBag from /home/airflow/.local/lib/python3.8/site-packages/airflow/example_dags/example_xcomargs.py
[2024-05-12T08:24:18.175+0000] {processor.py:840} INFO - DAG(s) 'example_xcom_args', 'example_xcom_args_with_operators' retrieved from /home/airflow/.local/lib/python3.8/site-packages/airflow/example_dags/example_xcomargs.py
[2024-05-12T08:24:18.202+0000] {logging_mixin.py:188} INFO - [2024-05-12T08:24:18.201+0000] {dag.py:3047} INFO - Sync 2 DAGs
[2024-05-12T08:24:18.215+0000] {logging_mixin.py:188} INFO - [2024-05-12T08:24:18.215+0000] {dag.py:3834} INFO - Setting next_dagrun for example_xcom_args to None, run_after=None
[2024-05-12T08:24:18.219+0000] {logging_mixin.py:188} INFO - [2024-05-12T08:24:18.219+0000] {dag.py:3834} INFO - Setting next_dagrun for example_xcom_args_with_operators to None, run_after=None
[2024-05-12T08:24:18.239+0000] {processor.py:183} INFO - Processing /home/airflow/.local/lib/python3.8/site-packages/airflow/example_dags/example_xcomargs.py took 0.080 seconds
[2024-05-12T08:24:48.611+0000] {processor.py:161} INFO - Started process (PID=525) to work on /home/airflow/.local/lib/python3.8/site-packages/airflow/example_dags/example_xcomargs.py
[2024-05-12T08:24:48.612+0000] {processor.py:830} INFO - Processing file /home/airflow/.local/lib/python3.8/site-packages/airflow/example_dags/example_xcomargs.py for tasks to queue
[2024-05-12T08:24:48.613+0000] {logging_mixin.py:188} INFO - [2024-05-12T08:24:48.613+0000] {dagbag.py:540} INFO - Filling up the DagBag from /home/airflow/.local/lib/python3.8/site-packages/airflow/example_dags/example_xcomargs.py
[2024-05-12T08:24:48.622+0000] {processor.py:840} INFO - DAG(s) 'example_xcom_args_with_operators', 'example_xcom_args' retrieved from /home/airflow/.local/lib/python3.8/site-packages/airflow/example_dags/example_xcomargs.py
[2024-05-12T08:24:48.650+0000] {logging_mixin.py:188} INFO - [2024-05-12T08:24:48.650+0000] {dag.py:3047} INFO - Sync 2 DAGs
[2024-05-12T08:24:48.664+0000] {logging_mixin.py:188} INFO - [2024-05-12T08:24:48.664+0000] {dag.py:3834} INFO - Setting next_dagrun for example_xcom_args to None, run_after=None
[2024-05-12T08:24:48.668+0000] {logging_mixin.py:188} INFO - [2024-05-12T08:24:48.667+0000] {dag.py:3834} INFO - Setting next_dagrun for example_xcom_args_with_operators to None, run_after=None
[2024-05-12T08:24:48.685+0000] {processor.py:183} INFO - Processing /home/airflow/.local/lib/python3.8/site-packages/airflow/example_dags/example_xcomargs.py took 0.078 seconds
[2024-05-12T08:25:18.736+0000] {processor.py:161} INFO - Started process (PID=580) to work on /home/airflow/.local/lib/python3.8/site-packages/airflow/example_dags/example_xcomargs.py
[2024-05-12T08:25:18.737+0000] {processor.py:830} INFO - Processing file /home/airflow/.local/lib/python3.8/site-packages/airflow/example_dags/example_xcomargs.py for tasks to queue
[2024-05-12T08:25:18.739+0000] {logging_mixin.py:188} INFO - [2024-05-12T08:25:18.739+0000] {dagbag.py:540} INFO - Filling up the DagBag from /home/airflow/.local/lib/python3.8/site-packages/airflow/example_dags/example_xcomargs.py
[2024-05-12T08:25:18.748+0000] {processor.py:840} INFO - DAG(s) 'example_xcom_args', 'example_xcom_args_with_operators' retrieved from /home/airflow/.local/lib/python3.8/site-packages/airflow/example_dags/example_xcomargs.py
[2024-05-12T08:25:18.774+0000] {logging_mixin.py:188} INFO - [2024-05-12T08:25:18.774+0000] {dag.py:3047} INFO - Sync 2 DAGs
[2024-05-12T08:25:18.789+0000] {logging_mixin.py:188} INFO - [2024-05-12T08:25:18.789+0000] {dag.py:3834} INFO - Setting next_dagrun for example_xcom_args to None, run_after=None
[2024-05-12T08:25:18.793+0000] {logging_mixin.py:188} INFO - [2024-05-12T08:25:18.793+0000] {dag.py:3834} INFO - Setting next_dagrun for example_xcom_args_with_operators to None, run_after=None
[2024-05-12T08:25:18.817+0000] {processor.py:183} INFO - Processing /home/airflow/.local/lib/python3.8/site-packages/airflow/example_dags/example_xcomargs.py took 0.085 seconds
[2024-05-12T08:25:48.954+0000] {processor.py:161} INFO - Started process (PID=641) to work on /home/airflow/.local/lib/python3.8/site-packages/airflow/example_dags/example_xcomargs.py
[2024-05-12T08:25:48.955+0000] {processor.py:830} INFO - Processing file /home/airflow/.local/lib/python3.8/site-packages/airflow/example_dags/example_xcomargs.py for tasks to queue
[2024-05-12T08:25:48.957+0000] {logging_mixin.py:188} INFO - [2024-05-12T08:25:48.956+0000] {dagbag.py:540} INFO - Filling up the DagBag from /home/airflow/.local/lib/python3.8/site-packages/airflow/example_dags/example_xcomargs.py
[2024-05-12T08:25:48.966+0000] {processor.py:840} INFO - DAG(s) 'example_xcom_args', 'example_xcom_args_with_operators' retrieved from /home/airflow/.local/lib/python3.8/site-packages/airflow/example_dags/example_xcomargs.py
[2024-05-12T08:25:48.992+0000] {logging_mixin.py:188} INFO - [2024-05-12T08:25:48.991+0000] {dag.py:3047} INFO - Sync 2 DAGs
[2024-05-12T08:25:49.006+0000] {logging_mixin.py:188} INFO - [2024-05-12T08:25:49.006+0000] {dag.py:3834} INFO - Setting next_dagrun for example_xcom_args to None, run_after=None
[2024-05-12T08:25:49.010+0000] {logging_mixin.py:188} INFO - [2024-05-12T08:25:49.010+0000] {dag.py:3834} INFO - Setting next_dagrun for example_xcom_args_with_operators to None, run_after=None
[2024-05-12T08:25:49.029+0000] {processor.py:183} INFO - Processing /home/airflow/.local/lib/python3.8/site-packages/airflow/example_dags/example_xcomargs.py took 0.079 seconds
[2024-05-12T08:26:19.166+0000] {processor.py:161} INFO - Started process (PID=697) to work on /home/airflow/.local/lib/python3.8/site-packages/airflow/example_dags/example_xcomargs.py
[2024-05-12T08:26:19.168+0000] {processor.py:830} INFO - Processing file /home/airflow/.local/lib/python3.8/site-packages/airflow/example_dags/example_xcomargs.py for tasks to queue
[2024-05-12T08:26:19.170+0000] {logging_mixin.py:188} INFO - [2024-05-12T08:26:19.169+0000] {dagbag.py:540} INFO - Filling up the DagBag from /home/airflow/.local/lib/python3.8/site-packages/airflow/example_dags/example_xcomargs.py
[2024-05-12T08:26:19.178+0000] {processor.py:840} INFO - DAG(s) 'example_xcom_args_with_operators', 'example_xcom_args' retrieved from /home/airflow/.local/lib/python3.8/site-packages/airflow/example_dags/example_xcomargs.py
[2024-05-12T08:26:19.201+0000] {logging_mixin.py:188} INFO - [2024-05-12T08:26:19.201+0000] {dag.py:3047} INFO - Sync 2 DAGs
[2024-05-12T08:26:19.214+0000] {logging_mixin.py:188} INFO - [2024-05-12T08:26:19.214+0000] {dag.py:3834} INFO - Setting next_dagrun for example_xcom_args to None, run_after=None
[2024-05-12T08:26:19.218+0000] {logging_mixin.py:188} INFO - [2024-05-12T08:26:19.218+0000] {dag.py:3834} INFO - Setting next_dagrun for example_xcom_args_with_operators to None, run_after=None
[2024-05-12T08:26:19.237+0000] {processor.py:183} INFO - Processing /home/airflow/.local/lib/python3.8/site-packages/airflow/example_dags/example_xcomargs.py took 0.074 seconds
[2024-05-12T08:26:49.948+0000] {processor.py:161} INFO - Started process (PID=750) to work on /home/airflow/.local/lib/python3.8/site-packages/airflow/example_dags/example_xcomargs.py
[2024-05-12T08:26:49.948+0000] {processor.py:830} INFO - Processing file /home/airflow/.local/lib/python3.8/site-packages/airflow/example_dags/example_xcomargs.py for tasks to queue
[2024-05-12T08:26:49.950+0000] {logging_mixin.py:188} INFO - [2024-05-12T08:26:49.950+0000] {dagbag.py:540} INFO - Filling up the DagBag from /home/airflow/.local/lib/python3.8/site-packages/airflow/example_dags/example_xcomargs.py
[2024-05-12T08:26:49.959+0000] {processor.py:840} INFO - DAG(s) 'example_xcom_args_with_operators', 'example_xcom_args' retrieved from /home/airflow/.local/lib/python3.8/site-packages/airflow/example_dags/example_xcomargs.py
[2024-05-12T08:26:49.983+0000] {logging_mixin.py:188} INFO - [2024-05-12T08:26:49.983+0000] {dag.py:3047} INFO - Sync 2 DAGs
[2024-05-12T08:26:49.996+0000] {logging_mixin.py:188} INFO - [2024-05-12T08:26:49.996+0000] {dag.py:3834} INFO - Setting next_dagrun for example_xcom_args to None, run_after=None
[2024-05-12T08:26:50.000+0000] {logging_mixin.py:188} INFO - [2024-05-12T08:26:50.000+0000] {dag.py:3834} INFO - Setting next_dagrun for example_xcom_args_with_operators to None, run_after=None
[2024-05-12T08:26:50.030+0000] {processor.py:183} INFO - Processing /home/airflow/.local/lib/python3.8/site-packages/airflow/example_dags/example_xcomargs.py took 0.086 seconds
[2024-05-12T08:27:20.769+0000] {processor.py:161} INFO - Started process (PID=805) to work on /home/airflow/.local/lib/python3.8/site-packages/airflow/example_dags/example_xcomargs.py
[2024-05-12T08:27:20.770+0000] {processor.py:830} INFO - Processing file /home/airflow/.local/lib/python3.8/site-packages/airflow/example_dags/example_xcomargs.py for tasks to queue
[2024-05-12T08:27:20.772+0000] {logging_mixin.py:188} INFO - [2024-05-12T08:27:20.772+0000] {dagbag.py:540} INFO - Filling up the DagBag from /home/airflow/.local/lib/python3.8/site-packages/airflow/example_dags/example_xcomargs.py
[2024-05-12T08:27:20.780+0000] {processor.py:840} INFO - DAG(s) 'example_xcom_args', 'example_xcom_args_with_operators' retrieved from /home/airflow/.local/lib/python3.8/site-packages/airflow/example_dags/example_xcomargs.py
[2024-05-12T08:27:20.807+0000] {logging_mixin.py:188} INFO - [2024-05-12T08:27:20.807+0000] {dag.py:3047} INFO - Sync 2 DAGs
[2024-05-12T08:27:20.821+0000] {logging_mixin.py:188} INFO - [2024-05-12T08:27:20.821+0000] {dag.py:3834} INFO - Setting next_dagrun for example_xcom_args to None, run_after=None
[2024-05-12T08:27:20.825+0000] {logging_mixin.py:188} INFO - [2024-05-12T08:27:20.825+0000] {dag.py:3834} INFO - Setting next_dagrun for example_xcom_args_with_operators to None, run_after=None
[2024-05-12T08:27:20.844+0000] {processor.py:183} INFO - Processing /home/airflow/.local/lib/python3.8/site-packages/airflow/example_dags/example_xcomargs.py took 0.079 seconds
[2024-05-12T08:27:51.189+0000] {processor.py:161} INFO - Started process (PID=861) to work on /home/airflow/.local/lib/python3.8/site-packages/airflow/example_dags/example_xcomargs.py
[2024-05-12T08:27:51.191+0000] {processor.py:830} INFO - Processing file /home/airflow/.local/lib/python3.8/site-packages/airflow/example_dags/example_xcomargs.py for tasks to queue
[2024-05-12T08:27:51.193+0000] {logging_mixin.py:188} INFO - [2024-05-12T08:27:51.193+0000] {dagbag.py:540} INFO - Filling up the DagBag from /home/airflow/.local/lib/python3.8/site-packages/airflow/example_dags/example_xcomargs.py
[2024-05-12T08:27:51.205+0000] {processor.py:840} INFO - DAG(s) 'example_xcom_args', 'example_xcom_args_with_operators' retrieved from /home/airflow/.local/lib/python3.8/site-packages/airflow/example_dags/example_xcomargs.py
[2024-05-12T08:27:51.234+0000] {logging_mixin.py:188} INFO - [2024-05-12T08:27:51.233+0000] {dag.py:3047} INFO - Sync 2 DAGs
[2024-05-12T08:27:51.251+0000] {logging_mixin.py:188} INFO - [2024-05-12T08:27:51.251+0000] {dag.py:3834} INFO - Setting next_dagrun for example_xcom_args to None, run_after=None
[2024-05-12T08:27:51.255+0000] {logging_mixin.py:188} INFO - [2024-05-12T08:27:51.255+0000] {dag.py:3834} INFO - Setting next_dagrun for example_xcom_args_with_operators to None, run_after=None
[2024-05-12T08:27:51.276+0000] {processor.py:183} INFO - Processing /home/airflow/.local/lib/python3.8/site-packages/airflow/example_dags/example_xcomargs.py took 0.092 seconds
[2024-05-12T08:28:21.401+0000] {processor.py:161} INFO - Started process (PID=916) to work on /home/airflow/.local/lib/python3.8/site-packages/airflow/example_dags/example_xcomargs.py
[2024-05-12T08:28:21.402+0000] {processor.py:830} INFO - Processing file /home/airflow/.local/lib/python3.8/site-packages/airflow/example_dags/example_xcomargs.py for tasks to queue
[2024-05-12T08:28:21.404+0000] {logging_mixin.py:188} INFO - [2024-05-12T08:28:21.403+0000] {dagbag.py:540} INFO - Filling up the DagBag from /home/airflow/.local/lib/python3.8/site-packages/airflow/example_dags/example_xcomargs.py
[2024-05-12T08:28:21.412+0000] {processor.py:840} INFO - DAG(s) 'example_xcom_args', 'example_xcom_args_with_operators' retrieved from /home/airflow/.local/lib/python3.8/site-packages/airflow/example_dags/example_xcomargs.py
[2024-05-12T08:28:21.441+0000] {logging_mixin.py:188} INFO - [2024-05-12T08:28:21.440+0000] {dag.py:3047} INFO - Sync 2 DAGs
[2024-05-12T08:28:21.457+0000] {logging_mixin.py:188} INFO - [2024-05-12T08:28:21.457+0000] {dag.py:3834} INFO - Setting next_dagrun for example_xcom_args to None, run_after=None
[2024-05-12T08:28:21.461+0000] {logging_mixin.py:188} INFO - [2024-05-12T08:28:21.461+0000] {dag.py:3834} INFO - Setting next_dagrun for example_xcom_args_with_operators to None, run_after=None
[2024-05-12T08:28:21.482+0000] {processor.py:183} INFO - Processing /home/airflow/.local/lib/python3.8/site-packages/airflow/example_dags/example_xcomargs.py took 0.085 seconds
