[2024-05-12T08:20:43.372+0000] {processor.py:161} INFO - Started process (PID=87) to work on /home/airflow/.local/lib/python3.8/site-packages/airflow/example_dags/example_python_operator.py
[2024-05-12T08:20:43.373+0000] {processor.py:830} INFO - Processing file /home/airflow/.local/lib/python3.8/site-packages/airflow/example_dags/example_python_operator.py for tasks to queue
[2024-05-12T08:20:43.375+0000] {logging_mixin.py:188} INFO - [2024-05-12T08:20:43.375+0000] {dagbag.py:540} INFO - Filling up the DagBag from /home/airflow/.local/lib/python3.8/site-packages/airflow/example_dags/example_python_operator.py
[2024-05-12T08:20:43.386+0000] {processor.py:840} INFO - DAG(s) 'example_python_operator' retrieved from /home/airflow/.local/lib/python3.8/site-packages/airflow/example_dags/example_python_operator.py
[2024-05-12T08:20:43.498+0000] {logging_mixin.py:188} INFO - [2024-05-12T08:20:43.498+0000] {dag.py:3047} INFO - Sync 1 DAGs
[2024-05-12T08:20:43.509+0000] {logging_mixin.py:188} INFO - [2024-05-12T08:20:43.509+0000] {dag.py:3834} INFO - Setting next_dagrun for example_python_operator to None, run_after=None
[2024-05-12T08:20:43.528+0000] {processor.py:183} INFO - Processing /home/airflow/.local/lib/python3.8/site-packages/airflow/example_dags/example_python_operator.py took 0.160 seconds
[2024-05-12T08:21:13.891+0000] {processor.py:161} INFO - Started process (PID=143) to work on /home/airflow/.local/lib/python3.8/site-packages/airflow/example_dags/example_python_operator.py
[2024-05-12T08:21:13.892+0000] {processor.py:830} INFO - Processing file /home/airflow/.local/lib/python3.8/site-packages/airflow/example_dags/example_python_operator.py for tasks to queue
[2024-05-12T08:21:13.894+0000] {logging_mixin.py:188} INFO - [2024-05-12T08:21:13.894+0000] {dagbag.py:540} INFO - Filling up the DagBag from /home/airflow/.local/lib/python3.8/site-packages/airflow/example_dags/example_python_operator.py
[2024-05-12T08:21:13.905+0000] {processor.py:840} INFO - DAG(s) 'example_python_operator' retrieved from /home/airflow/.local/lib/python3.8/site-packages/airflow/example_dags/example_python_operator.py
[2024-05-12T08:21:13.929+0000] {logging_mixin.py:188} INFO - [2024-05-12T08:21:13.928+0000] {dag.py:3047} INFO - Sync 1 DAGs
[2024-05-12T08:21:13.942+0000] {logging_mixin.py:188} INFO - [2024-05-12T08:21:13.941+0000] {dag.py:3834} INFO - Setting next_dagrun for example_python_operator to None, run_after=None
[2024-05-12T08:21:13.963+0000] {processor.py:183} INFO - Processing /home/airflow/.local/lib/python3.8/site-packages/airflow/example_dags/example_python_operator.py took 0.076 seconds
[2024-05-12T08:21:44.990+0000] {processor.py:161} INFO - Started process (PID=198) to work on /home/airflow/.local/lib/python3.8/site-packages/airflow/example_dags/example_python_operator.py
[2024-05-12T08:21:44.992+0000] {processor.py:830} INFO - Processing file /home/airflow/.local/lib/python3.8/site-packages/airflow/example_dags/example_python_operator.py for tasks to queue
[2024-05-12T08:21:44.994+0000] {logging_mixin.py:188} INFO - [2024-05-12T08:21:44.994+0000] {dagbag.py:540} INFO - Filling up the DagBag from /home/airflow/.local/lib/python3.8/site-packages/airflow/example_dags/example_python_operator.py
[2024-05-12T08:21:45.010+0000] {processor.py:840} INFO - DAG(s) 'example_python_operator' retrieved from /home/airflow/.local/lib/python3.8/site-packages/airflow/example_dags/example_python_operator.py
[2024-05-12T08:21:45.043+0000] {logging_mixin.py:188} INFO - [2024-05-12T08:21:45.042+0000] {dag.py:3047} INFO - Sync 1 DAGs
[2024-05-12T08:21:45.060+0000] {logging_mixin.py:188} INFO - [2024-05-12T08:21:45.060+0000] {dag.py:3834} INFO - Setting next_dagrun for example_python_operator to None, run_after=None
[2024-05-12T08:21:45.088+0000] {processor.py:183} INFO - Processing /home/airflow/.local/lib/python3.8/site-packages/airflow/example_dags/example_python_operator.py took 0.102 seconds
[2024-05-12T08:22:15.556+0000] {processor.py:161} INFO - Started process (PID=253) to work on /home/airflow/.local/lib/python3.8/site-packages/airflow/example_dags/example_python_operator.py
[2024-05-12T08:22:15.558+0000] {processor.py:830} INFO - Processing file /home/airflow/.local/lib/python3.8/site-packages/airflow/example_dags/example_python_operator.py for tasks to queue
[2024-05-12T08:22:15.561+0000] {logging_mixin.py:188} INFO - [2024-05-12T08:22:15.560+0000] {dagbag.py:540} INFO - Filling up the DagBag from /home/airflow/.local/lib/python3.8/site-packages/airflow/example_dags/example_python_operator.py
[2024-05-12T08:22:15.576+0000] {processor.py:840} INFO - DAG(s) 'example_python_operator' retrieved from /home/airflow/.local/lib/python3.8/site-packages/airflow/example_dags/example_python_operator.py
[2024-05-12T08:22:15.607+0000] {logging_mixin.py:188} INFO - [2024-05-12T08:22:15.607+0000] {dag.py:3047} INFO - Sync 1 DAGs
[2024-05-12T08:22:15.624+0000] {logging_mixin.py:188} INFO - [2024-05-12T08:22:15.623+0000] {dag.py:3834} INFO - Setting next_dagrun for example_python_operator to None, run_after=None
[2024-05-12T08:22:15.648+0000] {processor.py:183} INFO - Processing /home/airflow/.local/lib/python3.8/site-packages/airflow/example_dags/example_python_operator.py took 0.097 seconds
[2024-05-12T08:22:46.496+0000] {processor.py:161} INFO - Started process (PID=307) to work on /home/airflow/.local/lib/python3.8/site-packages/airflow/example_dags/example_python_operator.py
[2024-05-12T08:22:46.497+0000] {processor.py:830} INFO - Processing file /home/airflow/.local/lib/python3.8/site-packages/airflow/example_dags/example_python_operator.py for tasks to queue
[2024-05-12T08:22:46.499+0000] {logging_mixin.py:188} INFO - [2024-05-12T08:22:46.499+0000] {dagbag.py:540} INFO - Filling up the DagBag from /home/airflow/.local/lib/python3.8/site-packages/airflow/example_dags/example_python_operator.py
[2024-05-12T08:22:46.511+0000] {processor.py:840} INFO - DAG(s) 'example_python_operator' retrieved from /home/airflow/.local/lib/python3.8/site-packages/airflow/example_dags/example_python_operator.py
[2024-05-12T08:22:46.533+0000] {logging_mixin.py:188} INFO - [2024-05-12T08:22:46.533+0000] {dag.py:3047} INFO - Sync 1 DAGs
[2024-05-12T08:22:46.545+0000] {logging_mixin.py:188} INFO - [2024-05-12T08:22:46.545+0000] {dag.py:3834} INFO - Setting next_dagrun for example_python_operator to None, run_after=None
[2024-05-12T08:22:46.564+0000] {processor.py:183} INFO - Processing /home/airflow/.local/lib/python3.8/site-packages/airflow/example_dags/example_python_operator.py took 0.071 seconds
[2024-05-12T08:23:17.068+0000] {processor.py:161} INFO - Started process (PID=362) to work on /home/airflow/.local/lib/python3.8/site-packages/airflow/example_dags/example_python_operator.py
[2024-05-12T08:23:17.070+0000] {processor.py:830} INFO - Processing file /home/airflow/.local/lib/python3.8/site-packages/airflow/example_dags/example_python_operator.py for tasks to queue
[2024-05-12T08:23:17.073+0000] {logging_mixin.py:188} INFO - [2024-05-12T08:23:17.072+0000] {dagbag.py:540} INFO - Filling up the DagBag from /home/airflow/.local/lib/python3.8/site-packages/airflow/example_dags/example_python_operator.py
[2024-05-12T08:23:17.086+0000] {processor.py:840} INFO - DAG(s) 'example_python_operator' retrieved from /home/airflow/.local/lib/python3.8/site-packages/airflow/example_dags/example_python_operator.py
[2024-05-12T08:23:17.097+0000] {logging_mixin.py:188} INFO - [2024-05-12T08:23:17.096+0000] {dag.py:3047} INFO - Sync 1 DAGs
[2024-05-12T08:23:17.110+0000] {logging_mixin.py:188} INFO - [2024-05-12T08:23:17.110+0000] {dag.py:3834} INFO - Setting next_dagrun for example_python_operator to None, run_after=None
[2024-05-12T08:23:17.129+0000] {processor.py:183} INFO - Processing /home/airflow/.local/lib/python3.8/site-packages/airflow/example_dags/example_python_operator.py took 0.066 seconds
[2024-05-12T08:23:47.869+0000] {processor.py:161} INFO - Started process (PID=417) to work on /home/airflow/.local/lib/python3.8/site-packages/airflow/example_dags/example_python_operator.py
[2024-05-12T08:23:47.871+0000] {processor.py:830} INFO - Processing file /home/airflow/.local/lib/python3.8/site-packages/airflow/example_dags/example_python_operator.py for tasks to queue
[2024-05-12T08:23:47.872+0000] {logging_mixin.py:188} INFO - [2024-05-12T08:23:47.872+0000] {dagbag.py:540} INFO - Filling up the DagBag from /home/airflow/.local/lib/python3.8/site-packages/airflow/example_dags/example_python_operator.py
[2024-05-12T08:23:47.883+0000] {processor.py:840} INFO - DAG(s) 'example_python_operator' retrieved from /home/airflow/.local/lib/python3.8/site-packages/airflow/example_dags/example_python_operator.py
[2024-05-12T08:23:48.007+0000] {logging_mixin.py:188} INFO - [2024-05-12T08:23:48.007+0000] {dag.py:3047} INFO - Sync 1 DAGs
[2024-05-12T08:23:48.018+0000] {logging_mixin.py:188} INFO - [2024-05-12T08:23:48.017+0000] {dag.py:3834} INFO - Setting next_dagrun for example_python_operator to None, run_after=None
[2024-05-12T08:23:48.037+0000] {processor.py:183} INFO - Processing /home/airflow/.local/lib/python3.8/site-packages/airflow/example_dags/example_python_operator.py took 0.172 seconds
[2024-05-12T08:24:18.367+0000] {processor.py:161} INFO - Started process (PID=473) to work on /home/airflow/.local/lib/python3.8/site-packages/airflow/example_dags/example_python_operator.py
[2024-05-12T08:24:18.368+0000] {processor.py:830} INFO - Processing file /home/airflow/.local/lib/python3.8/site-packages/airflow/example_dags/example_python_operator.py for tasks to queue
[2024-05-12T08:24:18.370+0000] {logging_mixin.py:188} INFO - [2024-05-12T08:24:18.370+0000] {dagbag.py:540} INFO - Filling up the DagBag from /home/airflow/.local/lib/python3.8/site-packages/airflow/example_dags/example_python_operator.py
[2024-05-12T08:24:18.385+0000] {processor.py:840} INFO - DAG(s) 'example_python_operator' retrieved from /home/airflow/.local/lib/python3.8/site-packages/airflow/example_dags/example_python_operator.py
[2024-05-12T08:24:18.408+0000] {logging_mixin.py:188} INFO - [2024-05-12T08:24:18.408+0000] {dag.py:3047} INFO - Sync 1 DAGs
[2024-05-12T08:24:18.420+0000] {logging_mixin.py:188} INFO - [2024-05-12T08:24:18.420+0000] {dag.py:3834} INFO - Setting next_dagrun for example_python_operator to None, run_after=None
[2024-05-12T08:24:18.439+0000] {processor.py:183} INFO - Processing /home/airflow/.local/lib/python3.8/site-packages/airflow/example_dags/example_python_operator.py took 0.076 seconds
[2024-05-12T08:24:48.812+0000] {processor.py:161} INFO - Started process (PID=534) to work on /home/airflow/.local/lib/python3.8/site-packages/airflow/example_dags/example_python_operator.py
[2024-05-12T08:24:48.813+0000] {processor.py:830} INFO - Processing file /home/airflow/.local/lib/python3.8/site-packages/airflow/example_dags/example_python_operator.py for tasks to queue
[2024-05-12T08:24:48.815+0000] {logging_mixin.py:188} INFO - [2024-05-12T08:24:48.815+0000] {dagbag.py:540} INFO - Filling up the DagBag from /home/airflow/.local/lib/python3.8/site-packages/airflow/example_dags/example_python_operator.py
[2024-05-12T08:24:48.826+0000] {processor.py:840} INFO - DAG(s) 'example_python_operator' retrieved from /home/airflow/.local/lib/python3.8/site-packages/airflow/example_dags/example_python_operator.py
[2024-05-12T08:24:48.848+0000] {logging_mixin.py:188} INFO - [2024-05-12T08:24:48.848+0000] {dag.py:3047} INFO - Sync 1 DAGs
[2024-05-12T08:24:48.861+0000] {logging_mixin.py:188} INFO - [2024-05-12T08:24:48.861+0000] {dag.py:3834} INFO - Setting next_dagrun for example_python_operator to None, run_after=None
[2024-05-12T08:24:48.879+0000] {processor.py:183} INFO - Processing /home/airflow/.local/lib/python3.8/site-packages/airflow/example_dags/example_python_operator.py took 0.071 seconds
[2024-05-12T08:25:18.944+0000] {processor.py:161} INFO - Started process (PID=589) to work on /home/airflow/.local/lib/python3.8/site-packages/airflow/example_dags/example_python_operator.py
[2024-05-12T08:25:18.945+0000] {processor.py:830} INFO - Processing file /home/airflow/.local/lib/python3.8/site-packages/airflow/example_dags/example_python_operator.py for tasks to queue
[2024-05-12T08:25:18.947+0000] {logging_mixin.py:188} INFO - [2024-05-12T08:25:18.947+0000] {dagbag.py:540} INFO - Filling up the DagBag from /home/airflow/.local/lib/python3.8/site-packages/airflow/example_dags/example_python_operator.py
[2024-05-12T08:25:18.959+0000] {processor.py:840} INFO - DAG(s) 'example_python_operator' retrieved from /home/airflow/.local/lib/python3.8/site-packages/airflow/example_dags/example_python_operator.py
[2024-05-12T08:25:18.982+0000] {logging_mixin.py:188} INFO - [2024-05-12T08:25:18.982+0000] {dag.py:3047} INFO - Sync 1 DAGs
[2024-05-12T08:25:18.999+0000] {logging_mixin.py:188} INFO - [2024-05-12T08:25:18.998+0000] {dag.py:3834} INFO - Setting next_dagrun for example_python_operator to None, run_after=None
[2024-05-12T08:25:19.020+0000] {processor.py:183} INFO - Processing /home/airflow/.local/lib/python3.8/site-packages/airflow/example_dags/example_python_operator.py took 0.081 seconds
[2024-05-12T08:25:49.142+0000] {processor.py:161} INFO - Started process (PID=644) to work on /home/airflow/.local/lib/python3.8/site-packages/airflow/example_dags/example_python_operator.py
[2024-05-12T08:25:49.143+0000] {processor.py:830} INFO - Processing file /home/airflow/.local/lib/python3.8/site-packages/airflow/example_dags/example_python_operator.py for tasks to queue
[2024-05-12T08:25:49.145+0000] {logging_mixin.py:188} INFO - [2024-05-12T08:25:49.144+0000] {dagbag.py:540} INFO - Filling up the DagBag from /home/airflow/.local/lib/python3.8/site-packages/airflow/example_dags/example_python_operator.py
[2024-05-12T08:25:49.158+0000] {processor.py:840} INFO - DAG(s) 'example_python_operator' retrieved from /home/airflow/.local/lib/python3.8/site-packages/airflow/example_dags/example_python_operator.py
[2024-05-12T08:25:49.185+0000] {logging_mixin.py:188} INFO - [2024-05-12T08:25:49.184+0000] {dag.py:3047} INFO - Sync 1 DAGs
[2024-05-12T08:25:49.201+0000] {logging_mixin.py:188} INFO - [2024-05-12T08:25:49.201+0000] {dag.py:3834} INFO - Setting next_dagrun for example_python_operator to None, run_after=None
[2024-05-12T08:25:49.229+0000] {processor.py:183} INFO - Processing /home/airflow/.local/lib/python3.8/site-packages/airflow/example_dags/example_python_operator.py took 0.091 seconds
[2024-05-12T08:26:19.369+0000] {processor.py:161} INFO - Started process (PID=700) to work on /home/airflow/.local/lib/python3.8/site-packages/airflow/example_dags/example_python_operator.py
[2024-05-12T08:26:19.371+0000] {processor.py:830} INFO - Processing file /home/airflow/.local/lib/python3.8/site-packages/airflow/example_dags/example_python_operator.py for tasks to queue
[2024-05-12T08:26:19.373+0000] {logging_mixin.py:188} INFO - [2024-05-12T08:26:19.372+0000] {dagbag.py:540} INFO - Filling up the DagBag from /home/airflow/.local/lib/python3.8/site-packages/airflow/example_dags/example_python_operator.py
[2024-05-12T08:26:19.384+0000] {processor.py:840} INFO - DAG(s) 'example_python_operator' retrieved from /home/airflow/.local/lib/python3.8/site-packages/airflow/example_dags/example_python_operator.py
[2024-05-12T08:26:19.407+0000] {logging_mixin.py:188} INFO - [2024-05-12T08:26:19.406+0000] {dag.py:3047} INFO - Sync 1 DAGs
[2024-05-12T08:26:19.419+0000] {logging_mixin.py:188} INFO - [2024-05-12T08:26:19.419+0000] {dag.py:3834} INFO - Setting next_dagrun for example_python_operator to None, run_after=None
[2024-05-12T08:26:19.436+0000] {processor.py:183} INFO - Processing /home/airflow/.local/lib/python3.8/site-packages/airflow/example_dags/example_python_operator.py took 0.071 seconds
[2024-05-12T08:26:50.204+0000] {processor.py:161} INFO - Started process (PID=755) to work on /home/airflow/.local/lib/python3.8/site-packages/airflow/example_dags/example_python_operator.py
[2024-05-12T08:26:50.205+0000] {processor.py:830} INFO - Processing file /home/airflow/.local/lib/python3.8/site-packages/airflow/example_dags/example_python_operator.py for tasks to queue
[2024-05-12T08:26:50.207+0000] {logging_mixin.py:188} INFO - [2024-05-12T08:26:50.207+0000] {dagbag.py:540} INFO - Filling up the DagBag from /home/airflow/.local/lib/python3.8/site-packages/airflow/example_dags/example_python_operator.py
[2024-05-12T08:26:50.220+0000] {processor.py:840} INFO - DAG(s) 'example_python_operator' retrieved from /home/airflow/.local/lib/python3.8/site-packages/airflow/example_dags/example_python_operator.py
[2024-05-12T08:26:50.243+0000] {logging_mixin.py:188} INFO - [2024-05-12T08:26:50.243+0000] {dag.py:3047} INFO - Sync 1 DAGs
[2024-05-12T08:26:50.256+0000] {logging_mixin.py:188} INFO - [2024-05-12T08:26:50.256+0000] {dag.py:3834} INFO - Setting next_dagrun for example_python_operator to None, run_after=None
[2024-05-12T08:26:50.275+0000] {processor.py:183} INFO - Processing /home/airflow/.local/lib/python3.8/site-packages/airflow/example_dags/example_python_operator.py took 0.075 seconds
[2024-05-12T08:27:20.904+0000] {processor.py:161} INFO - Started process (PID=808) to work on /home/airflow/.local/lib/python3.8/site-packages/airflow/example_dags/example_python_operator.py
[2024-05-12T08:27:20.905+0000] {processor.py:830} INFO - Processing file /home/airflow/.local/lib/python3.8/site-packages/airflow/example_dags/example_python_operator.py for tasks to queue
[2024-05-12T08:27:20.907+0000] {logging_mixin.py:188} INFO - [2024-05-12T08:27:20.906+0000] {dagbag.py:540} INFO - Filling up the DagBag from /home/airflow/.local/lib/python3.8/site-packages/airflow/example_dags/example_python_operator.py
[2024-05-12T08:27:20.918+0000] {processor.py:840} INFO - DAG(s) 'example_python_operator' retrieved from /home/airflow/.local/lib/python3.8/site-packages/airflow/example_dags/example_python_operator.py
[2024-05-12T08:27:20.945+0000] {logging_mixin.py:188} INFO - [2024-05-12T08:27:20.945+0000] {dag.py:3047} INFO - Sync 1 DAGs
[2024-05-12T08:27:20.959+0000] {logging_mixin.py:188} INFO - [2024-05-12T08:27:20.959+0000] {dag.py:3834} INFO - Setting next_dagrun for example_python_operator to None, run_after=None
[2024-05-12T08:27:20.979+0000] {processor.py:183} INFO - Processing /home/airflow/.local/lib/python3.8/site-packages/airflow/example_dags/example_python_operator.py took 0.079 seconds
[2024-05-12T08:27:51.369+0000] {processor.py:161} INFO - Started process (PID=864) to work on /home/airflow/.local/lib/python3.8/site-packages/airflow/example_dags/example_python_operator.py
[2024-05-12T08:27:51.371+0000] {processor.py:830} INFO - Processing file /home/airflow/.local/lib/python3.8/site-packages/airflow/example_dags/example_python_operator.py for tasks to queue
[2024-05-12T08:27:51.373+0000] {logging_mixin.py:188} INFO - [2024-05-12T08:27:51.372+0000] {dagbag.py:540} INFO - Filling up the DagBag from /home/airflow/.local/lib/python3.8/site-packages/airflow/example_dags/example_python_operator.py
[2024-05-12T08:27:51.384+0000] {processor.py:840} INFO - DAG(s) 'example_python_operator' retrieved from /home/airflow/.local/lib/python3.8/site-packages/airflow/example_dags/example_python_operator.py
[2024-05-12T08:27:51.407+0000] {logging_mixin.py:188} INFO - [2024-05-12T08:27:51.406+0000] {dag.py:3047} INFO - Sync 1 DAGs
[2024-05-12T08:27:51.420+0000] {logging_mixin.py:188} INFO - [2024-05-12T08:27:51.419+0000] {dag.py:3834} INFO - Setting next_dagrun for example_python_operator to None, run_after=None
[2024-05-12T08:27:51.450+0000] {processor.py:183} INFO - Processing /home/airflow/.local/lib/python3.8/site-packages/airflow/example_dags/example_python_operator.py took 0.084 seconds
[2024-05-12T08:28:21.565+0000] {processor.py:161} INFO - Started process (PID=919) to work on /home/airflow/.local/lib/python3.8/site-packages/airflow/example_dags/example_python_operator.py
[2024-05-12T08:28:21.566+0000] {processor.py:830} INFO - Processing file /home/airflow/.local/lib/python3.8/site-packages/airflow/example_dags/example_python_operator.py for tasks to queue
[2024-05-12T08:28:21.568+0000] {logging_mixin.py:188} INFO - [2024-05-12T08:28:21.568+0000] {dagbag.py:540} INFO - Filling up the DagBag from /home/airflow/.local/lib/python3.8/site-packages/airflow/example_dags/example_python_operator.py
[2024-05-12T08:28:21.579+0000] {processor.py:840} INFO - DAG(s) 'example_python_operator' retrieved from /home/airflow/.local/lib/python3.8/site-packages/airflow/example_dags/example_python_operator.py
[2024-05-12T08:28:21.605+0000] {logging_mixin.py:188} INFO - [2024-05-12T08:28:21.605+0000] {dag.py:3047} INFO - Sync 1 DAGs
[2024-05-12T08:28:21.621+0000] {logging_mixin.py:188} INFO - [2024-05-12T08:28:21.620+0000] {dag.py:3834} INFO - Setting next_dagrun for example_python_operator to None, run_after=None
[2024-05-12T08:28:21.642+0000] {processor.py:183} INFO - Processing /home/airflow/.local/lib/python3.8/site-packages/airflow/example_dags/example_python_operator.py took 0.081 seconds
