[2024-05-12T08:20:35.711+0000] {processor.py:161} INFO - Started process (PID=61) to work on /home/airflow/.local/lib/python3.8/site-packages/airflow/example_dags/example_nested_branch_dag.py
[2024-05-12T08:20:35.712+0000] {processor.py:830} INFO - Processing file /home/airflow/.local/lib/python3.8/site-packages/airflow/example_dags/example_nested_branch_dag.py for tasks to queue
[2024-05-12T08:20:35.714+0000] {logging_mixin.py:188} INFO - [2024-05-12T08:20:35.714+0000] {dagbag.py:540} INFO - Filling up the DagBag from /home/airflow/.local/lib/python3.8/site-packages/airflow/example_dags/example_nested_branch_dag.py
[2024-05-12T08:20:35.729+0000] {processor.py:840} INFO - DAG(s) 'example_nested_branch_dag' retrieved from /home/airflow/.local/lib/python3.8/site-packages/airflow/example_dags/example_nested_branch_dag.py
[2024-05-12T08:20:35.765+0000] {logging_mixin.py:188} INFO - [2024-05-12T08:20:35.765+0000] {dag.py:3047} INFO - Sync 1 DAGs
[2024-05-12T08:20:35.793+0000] {logging_mixin.py:188} INFO - [2024-05-12T08:20:35.793+0000] {dag.py:3834} INFO - Setting next_dagrun for example_nested_branch_dag to 2024-05-11 00:00:00+00:00, run_after=2024-05-12 00:00:00+00:00
[2024-05-12T08:20:35.811+0000] {processor.py:183} INFO - Processing /home/airflow/.local/lib/python3.8/site-packages/airflow/example_dags/example_nested_branch_dag.py took 0.104 seconds
[2024-05-12T08:21:06.726+0000] {processor.py:161} INFO - Started process (PID=116) to work on /home/airflow/.local/lib/python3.8/site-packages/airflow/example_dags/example_nested_branch_dag.py
[2024-05-12T08:21:06.728+0000] {processor.py:830} INFO - Processing file /home/airflow/.local/lib/python3.8/site-packages/airflow/example_dags/example_nested_branch_dag.py for tasks to queue
[2024-05-12T08:21:06.730+0000] {logging_mixin.py:188} INFO - [2024-05-12T08:21:06.730+0000] {dagbag.py:540} INFO - Filling up the DagBag from /home/airflow/.local/lib/python3.8/site-packages/airflow/example_dags/example_nested_branch_dag.py
[2024-05-12T08:21:06.741+0000] {processor.py:840} INFO - DAG(s) 'example_nested_branch_dag' retrieved from /home/airflow/.local/lib/python3.8/site-packages/airflow/example_dags/example_nested_branch_dag.py
[2024-05-12T08:21:06.763+0000] {logging_mixin.py:188} INFO - [2024-05-12T08:21:06.763+0000] {dag.py:3047} INFO - Sync 1 DAGs
[2024-05-12T08:21:06.788+0000] {logging_mixin.py:188} INFO - [2024-05-12T08:21:06.787+0000] {dag.py:3834} INFO - Setting next_dagrun for example_nested_branch_dag to 2024-05-11 00:00:00+00:00, run_after=2024-05-12 00:00:00+00:00
[2024-05-12T08:21:06.806+0000] {processor.py:183} INFO - Processing /home/airflow/.local/lib/python3.8/site-packages/airflow/example_dags/example_nested_branch_dag.py took 0.083 seconds
[2024-05-12T08:21:36.997+0000] {processor.py:161} INFO - Started process (PID=169) to work on /home/airflow/.local/lib/python3.8/site-packages/airflow/example_dags/example_nested_branch_dag.py
[2024-05-12T08:21:36.998+0000] {processor.py:830} INFO - Processing file /home/airflow/.local/lib/python3.8/site-packages/airflow/example_dags/example_nested_branch_dag.py for tasks to queue
[2024-05-12T08:21:37.001+0000] {logging_mixin.py:188} INFO - [2024-05-12T08:21:37.000+0000] {dagbag.py:540} INFO - Filling up the DagBag from /home/airflow/.local/lib/python3.8/site-packages/airflow/example_dags/example_nested_branch_dag.py
[2024-05-12T08:21:37.014+0000] {processor.py:840} INFO - DAG(s) 'example_nested_branch_dag' retrieved from /home/airflow/.local/lib/python3.8/site-packages/airflow/example_dags/example_nested_branch_dag.py
[2024-05-12T08:21:37.043+0000] {logging_mixin.py:188} INFO - [2024-05-12T08:21:37.043+0000] {dag.py:3047} INFO - Sync 1 DAGs
[2024-05-12T08:21:37.077+0000] {logging_mixin.py:188} INFO - [2024-05-12T08:21:37.076+0000] {dag.py:3834} INFO - Setting next_dagrun for example_nested_branch_dag to 2024-05-11 00:00:00+00:00, run_after=2024-05-12 00:00:00+00:00
[2024-05-12T08:21:37.105+0000] {processor.py:183} INFO - Processing /home/airflow/.local/lib/python3.8/site-packages/airflow/example_dags/example_nested_branch_dag.py took 0.111 seconds
[2024-05-12T08:22:07.230+0000] {processor.py:161} INFO - Started process (PID=224) to work on /home/airflow/.local/lib/python3.8/site-packages/airflow/example_dags/example_nested_branch_dag.py
[2024-05-12T08:22:07.232+0000] {processor.py:830} INFO - Processing file /home/airflow/.local/lib/python3.8/site-packages/airflow/example_dags/example_nested_branch_dag.py for tasks to queue
[2024-05-12T08:22:07.234+0000] {logging_mixin.py:188} INFO - [2024-05-12T08:22:07.234+0000] {dagbag.py:540} INFO - Filling up the DagBag from /home/airflow/.local/lib/python3.8/site-packages/airflow/example_dags/example_nested_branch_dag.py
[2024-05-12T08:22:07.249+0000] {processor.py:840} INFO - DAG(s) 'example_nested_branch_dag' retrieved from /home/airflow/.local/lib/python3.8/site-packages/airflow/example_dags/example_nested_branch_dag.py
[2024-05-12T08:22:07.282+0000] {logging_mixin.py:188} INFO - [2024-05-12T08:22:07.281+0000] {dag.py:3047} INFO - Sync 1 DAGs
[2024-05-12T08:22:07.317+0000] {logging_mixin.py:188} INFO - [2024-05-12T08:22:07.317+0000] {dag.py:3834} INFO - Setting next_dagrun for example_nested_branch_dag to 2024-05-11 00:00:00+00:00, run_after=2024-05-12 00:00:00+00:00
[2024-05-12T08:22:07.342+0000] {processor.py:183} INFO - Processing /home/airflow/.local/lib/python3.8/site-packages/airflow/example_dags/example_nested_branch_dag.py took 0.117 seconds
[2024-05-12T08:22:37.695+0000] {processor.py:161} INFO - Started process (PID=278) to work on /home/airflow/.local/lib/python3.8/site-packages/airflow/example_dags/example_nested_branch_dag.py
[2024-05-12T08:22:37.696+0000] {processor.py:830} INFO - Processing file /home/airflow/.local/lib/python3.8/site-packages/airflow/example_dags/example_nested_branch_dag.py for tasks to queue
[2024-05-12T08:22:37.698+0000] {logging_mixin.py:188} INFO - [2024-05-12T08:22:37.697+0000] {dagbag.py:540} INFO - Filling up the DagBag from /home/airflow/.local/lib/python3.8/site-packages/airflow/example_dags/example_nested_branch_dag.py
[2024-05-12T08:22:37.708+0000] {processor.py:840} INFO - DAG(s) 'example_nested_branch_dag' retrieved from /home/airflow/.local/lib/python3.8/site-packages/airflow/example_dags/example_nested_branch_dag.py
[2024-05-12T08:22:37.734+0000] {logging_mixin.py:188} INFO - [2024-05-12T08:22:37.734+0000] {dag.py:3047} INFO - Sync 1 DAGs
[2024-05-12T08:22:37.758+0000] {logging_mixin.py:188} INFO - [2024-05-12T08:22:37.757+0000] {dag.py:3834} INFO - Setting next_dagrun for example_nested_branch_dag to 2024-05-11 00:00:00+00:00, run_after=2024-05-12 00:00:00+00:00
[2024-05-12T08:22:37.778+0000] {processor.py:183} INFO - Processing /home/airflow/.local/lib/python3.8/site-packages/airflow/example_dags/example_nested_branch_dag.py took 0.087 seconds
[2024-05-12T08:23:08.545+0000] {processor.py:161} INFO - Started process (PID=333) to work on /home/airflow/.local/lib/python3.8/site-packages/airflow/example_dags/example_nested_branch_dag.py
[2024-05-12T08:23:08.547+0000] {processor.py:830} INFO - Processing file /home/airflow/.local/lib/python3.8/site-packages/airflow/example_dags/example_nested_branch_dag.py for tasks to queue
[2024-05-12T08:23:08.549+0000] {logging_mixin.py:188} INFO - [2024-05-12T08:23:08.548+0000] {dagbag.py:540} INFO - Filling up the DagBag from /home/airflow/.local/lib/python3.8/site-packages/airflow/example_dags/example_nested_branch_dag.py
[2024-05-12T08:23:08.559+0000] {processor.py:840} INFO - DAG(s) 'example_nested_branch_dag' retrieved from /home/airflow/.local/lib/python3.8/site-packages/airflow/example_dags/example_nested_branch_dag.py
[2024-05-12T08:23:08.584+0000] {logging_mixin.py:188} INFO - [2024-05-12T08:23:08.583+0000] {dag.py:3047} INFO - Sync 1 DAGs
[2024-05-12T08:23:08.617+0000] {logging_mixin.py:188} INFO - [2024-05-12T08:23:08.617+0000] {dag.py:3834} INFO - Setting next_dagrun for example_nested_branch_dag to 2024-05-11 00:00:00+00:00, run_after=2024-05-12 00:00:00+00:00
[2024-05-12T08:23:08.644+0000] {processor.py:183} INFO - Processing /home/airflow/.local/lib/python3.8/site-packages/airflow/example_dags/example_nested_branch_dag.py took 0.103 seconds
[2024-05-12T08:23:39.139+0000] {processor.py:161} INFO - Started process (PID=388) to work on /home/airflow/.local/lib/python3.8/site-packages/airflow/example_dags/example_nested_branch_dag.py
[2024-05-12T08:23:39.141+0000] {processor.py:830} INFO - Processing file /home/airflow/.local/lib/python3.8/site-packages/airflow/example_dags/example_nested_branch_dag.py for tasks to queue
[2024-05-12T08:23:39.143+0000] {logging_mixin.py:188} INFO - [2024-05-12T08:23:39.142+0000] {dagbag.py:540} INFO - Filling up the DagBag from /home/airflow/.local/lib/python3.8/site-packages/airflow/example_dags/example_nested_branch_dag.py
[2024-05-12T08:23:39.154+0000] {processor.py:840} INFO - DAG(s) 'example_nested_branch_dag' retrieved from /home/airflow/.local/lib/python3.8/site-packages/airflow/example_dags/example_nested_branch_dag.py
[2024-05-12T08:23:39.166+0000] {logging_mixin.py:188} INFO - [2024-05-12T08:23:39.165+0000] {dag.py:3047} INFO - Sync 1 DAGs
[2024-05-12T08:23:39.191+0000] {logging_mixin.py:188} INFO - [2024-05-12T08:23:39.190+0000] {dag.py:3834} INFO - Setting next_dagrun for example_nested_branch_dag to 2024-05-11 00:00:00+00:00, run_after=2024-05-12 00:00:00+00:00
[2024-05-12T08:23:39.210+0000] {processor.py:183} INFO - Processing /home/airflow/.local/lib/python3.8/site-packages/airflow/example_dags/example_nested_branch_dag.py took 0.075 seconds
[2024-05-12T08:24:09.663+0000] {processor.py:161} INFO - Started process (PID=444) to work on /home/airflow/.local/lib/python3.8/site-packages/airflow/example_dags/example_nested_branch_dag.py
[2024-05-12T08:24:09.665+0000] {processor.py:830} INFO - Processing file /home/airflow/.local/lib/python3.8/site-packages/airflow/example_dags/example_nested_branch_dag.py for tasks to queue
[2024-05-12T08:24:09.667+0000] {logging_mixin.py:188} INFO - [2024-05-12T08:24:09.666+0000] {dagbag.py:540} INFO - Filling up the DagBag from /home/airflow/.local/lib/python3.8/site-packages/airflow/example_dags/example_nested_branch_dag.py
[2024-05-12T08:24:09.677+0000] {processor.py:840} INFO - DAG(s) 'example_nested_branch_dag' retrieved from /home/airflow/.local/lib/python3.8/site-packages/airflow/example_dags/example_nested_branch_dag.py
[2024-05-12T08:24:09.790+0000] {logging_mixin.py:188} INFO - [2024-05-12T08:24:09.790+0000] {dag.py:3047} INFO - Sync 1 DAGs
[2024-05-12T08:24:09.811+0000] {logging_mixin.py:188} INFO - [2024-05-12T08:24:09.811+0000] {dag.py:3834} INFO - Setting next_dagrun for example_nested_branch_dag to 2024-05-11 00:00:00+00:00, run_after=2024-05-12 00:00:00+00:00
[2024-05-12T08:24:09.830+0000] {processor.py:183} INFO - Processing /home/airflow/.local/lib/python3.8/site-packages/airflow/example_dags/example_nested_branch_dag.py took 0.170 seconds
[2024-05-12T08:24:39.897+0000] {processor.py:161} INFO - Started process (PID=499) to work on /home/airflow/.local/lib/python3.8/site-packages/airflow/example_dags/example_nested_branch_dag.py
[2024-05-12T08:24:39.898+0000] {processor.py:830} INFO - Processing file /home/airflow/.local/lib/python3.8/site-packages/airflow/example_dags/example_nested_branch_dag.py for tasks to queue
[2024-05-12T08:24:39.900+0000] {logging_mixin.py:188} INFO - [2024-05-12T08:24:39.899+0000] {dagbag.py:540} INFO - Filling up the DagBag from /home/airflow/.local/lib/python3.8/site-packages/airflow/example_dags/example_nested_branch_dag.py
[2024-05-12T08:24:39.910+0000] {processor.py:840} INFO - DAG(s) 'example_nested_branch_dag' retrieved from /home/airflow/.local/lib/python3.8/site-packages/airflow/example_dags/example_nested_branch_dag.py
[2024-05-12T08:24:39.937+0000] {logging_mixin.py:188} INFO - [2024-05-12T08:24:39.937+0000] {dag.py:3047} INFO - Sync 1 DAGs
[2024-05-12T08:24:39.969+0000] {logging_mixin.py:188} INFO - [2024-05-12T08:24:39.968+0000] {dag.py:3834} INFO - Setting next_dagrun for example_nested_branch_dag to 2024-05-11 00:00:00+00:00, run_after=2024-05-12 00:00:00+00:00
[2024-05-12T08:24:39.992+0000] {processor.py:183} INFO - Processing /home/airflow/.local/lib/python3.8/site-packages/airflow/example_dags/example_nested_branch_dag.py took 0.099 seconds
[2024-05-12T08:25:10.928+0000] {processor.py:161} INFO - Started process (PID=554) to work on /home/airflow/.local/lib/python3.8/site-packages/airflow/example_dags/example_nested_branch_dag.py
[2024-05-12T08:25:10.929+0000] {processor.py:830} INFO - Processing file /home/airflow/.local/lib/python3.8/site-packages/airflow/example_dags/example_nested_branch_dag.py for tasks to queue
[2024-05-12T08:25:10.931+0000] {logging_mixin.py:188} INFO - [2024-05-12T08:25:10.931+0000] {dagbag.py:540} INFO - Filling up the DagBag from /home/airflow/.local/lib/python3.8/site-packages/airflow/example_dags/example_nested_branch_dag.py
[2024-05-12T08:25:10.942+0000] {processor.py:840} INFO - DAG(s) 'example_nested_branch_dag' retrieved from /home/airflow/.local/lib/python3.8/site-packages/airflow/example_dags/example_nested_branch_dag.py
[2024-05-12T08:25:10.968+0000] {logging_mixin.py:188} INFO - [2024-05-12T08:25:10.967+0000] {dag.py:3047} INFO - Sync 1 DAGs
[2024-05-12T08:25:10.992+0000] {logging_mixin.py:188} INFO - [2024-05-12T08:25:10.992+0000] {dag.py:3834} INFO - Setting next_dagrun for example_nested_branch_dag to 2024-05-11 00:00:00+00:00, run_after=2024-05-12 00:00:00+00:00
[2024-05-12T08:25:11.017+0000] {processor.py:183} INFO - Processing /home/airflow/.local/lib/python3.8/site-packages/airflow/example_dags/example_nested_branch_dag.py took 0.093 seconds
[2024-05-12T08:25:41.092+0000] {processor.py:161} INFO - Started process (PID=609) to work on /home/airflow/.local/lib/python3.8/site-packages/airflow/example_dags/example_nested_branch_dag.py
[2024-05-12T08:25:41.093+0000] {processor.py:830} INFO - Processing file /home/airflow/.local/lib/python3.8/site-packages/airflow/example_dags/example_nested_branch_dag.py for tasks to queue
[2024-05-12T08:25:41.095+0000] {logging_mixin.py:188} INFO - [2024-05-12T08:25:41.095+0000] {dagbag.py:540} INFO - Filling up the DagBag from /home/airflow/.local/lib/python3.8/site-packages/airflow/example_dags/example_nested_branch_dag.py
[2024-05-12T08:25:41.106+0000] {processor.py:840} INFO - DAG(s) 'example_nested_branch_dag' retrieved from /home/airflow/.local/lib/python3.8/site-packages/airflow/example_dags/example_nested_branch_dag.py
[2024-05-12T08:25:41.130+0000] {logging_mixin.py:188} INFO - [2024-05-12T08:25:41.130+0000] {dag.py:3047} INFO - Sync 1 DAGs
[2024-05-12T08:25:41.156+0000] {logging_mixin.py:188} INFO - [2024-05-12T08:25:41.155+0000] {dag.py:3834} INFO - Setting next_dagrun for example_nested_branch_dag to 2024-05-11 00:00:00+00:00, run_after=2024-05-12 00:00:00+00:00
[2024-05-12T08:25:41.181+0000] {processor.py:183} INFO - Processing /home/airflow/.local/lib/python3.8/site-packages/airflow/example_dags/example_nested_branch_dag.py took 0.092 seconds
[2024-05-12T08:26:11.247+0000] {processor.py:161} INFO - Started process (PID=664) to work on /home/airflow/.local/lib/python3.8/site-packages/airflow/example_dags/example_nested_branch_dag.py
[2024-05-12T08:26:11.247+0000] {processor.py:830} INFO - Processing file /home/airflow/.local/lib/python3.8/site-packages/airflow/example_dags/example_nested_branch_dag.py for tasks to queue
[2024-05-12T08:26:11.249+0000] {logging_mixin.py:188} INFO - [2024-05-12T08:26:11.249+0000] {dagbag.py:540} INFO - Filling up the DagBag from /home/airflow/.local/lib/python3.8/site-packages/airflow/example_dags/example_nested_branch_dag.py
[2024-05-12T08:26:11.260+0000] {processor.py:840} INFO - DAG(s) 'example_nested_branch_dag' retrieved from /home/airflow/.local/lib/python3.8/site-packages/airflow/example_dags/example_nested_branch_dag.py
[2024-05-12T08:26:11.286+0000] {logging_mixin.py:188} INFO - [2024-05-12T08:26:11.285+0000] {dag.py:3047} INFO - Sync 1 DAGs
[2024-05-12T08:26:11.311+0000] {logging_mixin.py:188} INFO - [2024-05-12T08:26:11.311+0000] {dag.py:3834} INFO - Setting next_dagrun for example_nested_branch_dag to 2024-05-11 00:00:00+00:00, run_after=2024-05-12 00:00:00+00:00
[2024-05-12T08:26:11.330+0000] {processor.py:183} INFO - Processing /home/airflow/.local/lib/python3.8/site-packages/airflow/example_dags/example_nested_branch_dag.py took 0.087 seconds
[2024-05-12T08:26:41.445+0000] {processor.py:161} INFO - Started process (PID=720) to work on /home/airflow/.local/lib/python3.8/site-packages/airflow/example_dags/example_nested_branch_dag.py
[2024-05-12T08:26:41.446+0000] {processor.py:830} INFO - Processing file /home/airflow/.local/lib/python3.8/site-packages/airflow/example_dags/example_nested_branch_dag.py for tasks to queue
[2024-05-12T08:26:41.448+0000] {logging_mixin.py:188} INFO - [2024-05-12T08:26:41.447+0000] {dagbag.py:540} INFO - Filling up the DagBag from /home/airflow/.local/lib/python3.8/site-packages/airflow/example_dags/example_nested_branch_dag.py
[2024-05-12T08:26:41.458+0000] {processor.py:840} INFO - DAG(s) 'example_nested_branch_dag' retrieved from /home/airflow/.local/lib/python3.8/site-packages/airflow/example_dags/example_nested_branch_dag.py
[2024-05-12T08:26:41.483+0000] {logging_mixin.py:188} INFO - [2024-05-12T08:26:41.483+0000] {dag.py:3047} INFO - Sync 1 DAGs
[2024-05-12T08:26:41.516+0000] {logging_mixin.py:188} INFO - [2024-05-12T08:26:41.516+0000] {dag.py:3834} INFO - Setting next_dagrun for example_nested_branch_dag to 2024-05-11 00:00:00+00:00, run_after=2024-05-12 00:00:00+00:00
[2024-05-12T08:26:41.541+0000] {processor.py:183} INFO - Processing /home/airflow/.local/lib/python3.8/site-packages/airflow/example_dags/example_nested_branch_dag.py took 0.101 seconds
[2024-05-12T08:27:12.395+0000] {processor.py:161} INFO - Started process (PID=775) to work on /home/airflow/.local/lib/python3.8/site-packages/airflow/example_dags/example_nested_branch_dag.py
[2024-05-12T08:27:12.397+0000] {processor.py:830} INFO - Processing file /home/airflow/.local/lib/python3.8/site-packages/airflow/example_dags/example_nested_branch_dag.py for tasks to queue
[2024-05-12T08:27:12.399+0000] {logging_mixin.py:188} INFO - [2024-05-12T08:27:12.398+0000] {dagbag.py:540} INFO - Filling up the DagBag from /home/airflow/.local/lib/python3.8/site-packages/airflow/example_dags/example_nested_branch_dag.py
[2024-05-12T08:27:12.409+0000] {processor.py:840} INFO - DAG(s) 'example_nested_branch_dag' retrieved from /home/airflow/.local/lib/python3.8/site-packages/airflow/example_dags/example_nested_branch_dag.py
[2024-05-12T08:27:12.432+0000] {logging_mixin.py:188} INFO - [2024-05-12T08:27:12.432+0000] {dag.py:3047} INFO - Sync 1 DAGs
[2024-05-12T08:27:12.460+0000] {logging_mixin.py:188} INFO - [2024-05-12T08:27:12.460+0000] {dag.py:3834} INFO - Setting next_dagrun for example_nested_branch_dag to 2024-05-11 00:00:00+00:00, run_after=2024-05-12 00:00:00+00:00
[2024-05-12T08:27:12.483+0000] {processor.py:183} INFO - Processing /home/airflow/.local/lib/python3.8/site-packages/airflow/example_dags/example_nested_branch_dag.py took 0.093 seconds
[2024-05-12T08:27:42.568+0000] {processor.py:161} INFO - Started process (PID=830) to work on /home/airflow/.local/lib/python3.8/site-packages/airflow/example_dags/example_nested_branch_dag.py
[2024-05-12T08:27:42.570+0000] {processor.py:830} INFO - Processing file /home/airflow/.local/lib/python3.8/site-packages/airflow/example_dags/example_nested_branch_dag.py for tasks to queue
[2024-05-12T08:27:42.573+0000] {logging_mixin.py:188} INFO - [2024-05-12T08:27:42.572+0000] {dagbag.py:540} INFO - Filling up the DagBag from /home/airflow/.local/lib/python3.8/site-packages/airflow/example_dags/example_nested_branch_dag.py
[2024-05-12T08:27:42.587+0000] {processor.py:840} INFO - DAG(s) 'example_nested_branch_dag' retrieved from /home/airflow/.local/lib/python3.8/site-packages/airflow/example_dags/example_nested_branch_dag.py
[2024-05-12T08:27:42.622+0000] {logging_mixin.py:188} INFO - [2024-05-12T08:27:42.621+0000] {dag.py:3047} INFO - Sync 1 DAGs
[2024-05-12T08:27:42.655+0000] {logging_mixin.py:188} INFO - [2024-05-12T08:27:42.655+0000] {dag.py:3834} INFO - Setting next_dagrun for example_nested_branch_dag to 2024-05-11 00:00:00+00:00, run_after=2024-05-12 00:00:00+00:00
[2024-05-12T08:27:42.684+0000] {processor.py:183} INFO - Processing /home/airflow/.local/lib/python3.8/site-packages/airflow/example_dags/example_nested_branch_dag.py took 0.119 seconds
[2024-05-12T08:28:12.840+0000] {processor.py:161} INFO - Started process (PID=886) to work on /home/airflow/.local/lib/python3.8/site-packages/airflow/example_dags/example_nested_branch_dag.py
[2024-05-12T08:28:12.841+0000] {processor.py:830} INFO - Processing file /home/airflow/.local/lib/python3.8/site-packages/airflow/example_dags/example_nested_branch_dag.py for tasks to queue
[2024-05-12T08:28:12.843+0000] {logging_mixin.py:188} INFO - [2024-05-12T08:28:12.842+0000] {dagbag.py:540} INFO - Filling up the DagBag from /home/airflow/.local/lib/python3.8/site-packages/airflow/example_dags/example_nested_branch_dag.py
[2024-05-12T08:28:12.853+0000] {processor.py:840} INFO - DAG(s) 'example_nested_branch_dag' retrieved from /home/airflow/.local/lib/python3.8/site-packages/airflow/example_dags/example_nested_branch_dag.py
[2024-05-12T08:28:12.880+0000] {logging_mixin.py:188} INFO - [2024-05-12T08:28:12.879+0000] {dag.py:3047} INFO - Sync 1 DAGs
[2024-05-12T08:28:12.912+0000] {logging_mixin.py:188} INFO - [2024-05-12T08:28:12.911+0000] {dag.py:3834} INFO - Setting next_dagrun for example_nested_branch_dag to 2024-05-11 00:00:00+00:00, run_after=2024-05-12 00:00:00+00:00
[2024-05-12T08:28:12.933+0000] {processor.py:183} INFO - Processing /home/airflow/.local/lib/python3.8/site-packages/airflow/example_dags/example_nested_branch_dag.py took 0.097 seconds
