[2024-05-12T08:20:42.015+0000] {processor.py:161} INFO - Started process (PID=69) to work on /home/airflow/.local/lib/python3.8/site-packages/airflow/example_dags/example_complex.py
[2024-05-12T08:20:42.016+0000] {processor.py:830} INFO - Processing file /home/airflow/.local/lib/python3.8/site-packages/airflow/example_dags/example_complex.py for tasks to queue
[2024-05-12T08:20:42.018+0000] {logging_mixin.py:188} INFO - [2024-05-12T08:20:42.018+0000] {dagbag.py:540} INFO - Filling up the DagBag from /home/airflow/.local/lib/python3.8/site-packages/airflow/example_dags/example_complex.py
[2024-05-12T08:20:42.030+0000] {processor.py:840} INFO - DAG(s) 'example_complex' retrieved from /home/airflow/.local/lib/python3.8/site-packages/airflow/example_dags/example_complex.py
[2024-05-12T08:20:42.071+0000] {logging_mixin.py:188} INFO - [2024-05-12T08:20:42.071+0000] {dag.py:3047} INFO - Sync 1 DAGs
[2024-05-12T08:20:42.084+0000] {logging_mixin.py:188} INFO - [2024-05-12T08:20:42.084+0000] {dag.py:3834} INFO - Setting next_dagrun for example_complex to None, run_after=None
[2024-05-12T08:20:42.104+0000] {processor.py:183} INFO - Processing /home/airflow/.local/lib/python3.8/site-packages/airflow/example_dags/example_complex.py took 0.093 seconds
[2024-05-12T08:21:12.662+0000] {processor.py:161} INFO - Started process (PID=125) to work on /home/airflow/.local/lib/python3.8/site-packages/airflow/example_dags/example_complex.py
[2024-05-12T08:21:12.663+0000] {processor.py:830} INFO - Processing file /home/airflow/.local/lib/python3.8/site-packages/airflow/example_dags/example_complex.py for tasks to queue
[2024-05-12T08:21:12.665+0000] {logging_mixin.py:188} INFO - [2024-05-12T08:21:12.664+0000] {dagbag.py:540} INFO - Filling up the DagBag from /home/airflow/.local/lib/python3.8/site-packages/airflow/example_dags/example_complex.py
[2024-05-12T08:21:12.677+0000] {processor.py:840} INFO - DAG(s) 'example_complex' retrieved from /home/airflow/.local/lib/python3.8/site-packages/airflow/example_dags/example_complex.py
[2024-05-12T08:21:12.712+0000] {logging_mixin.py:188} INFO - [2024-05-12T08:21:12.712+0000] {dag.py:3047} INFO - Sync 1 DAGs
[2024-05-12T08:21:12.725+0000] {logging_mixin.py:188} INFO - [2024-05-12T08:21:12.724+0000] {dag.py:3834} INFO - Setting next_dagrun for example_complex to None, run_after=None
[2024-05-12T08:21:12.744+0000] {processor.py:183} INFO - Processing /home/airflow/.local/lib/python3.8/site-packages/airflow/example_dags/example_complex.py took 0.086 seconds
[2024-05-12T08:21:43.588+0000] {processor.py:161} INFO - Started process (PID=180) to work on /home/airflow/.local/lib/python3.8/site-packages/airflow/example_dags/example_complex.py
[2024-05-12T08:21:43.591+0000] {processor.py:830} INFO - Processing file /home/airflow/.local/lib/python3.8/site-packages/airflow/example_dags/example_complex.py for tasks to queue
[2024-05-12T08:21:43.593+0000] {logging_mixin.py:188} INFO - [2024-05-12T08:21:43.592+0000] {dagbag.py:540} INFO - Filling up the DagBag from /home/airflow/.local/lib/python3.8/site-packages/airflow/example_dags/example_complex.py
[2024-05-12T08:21:43.609+0000] {processor.py:840} INFO - DAG(s) 'example_complex' retrieved from /home/airflow/.local/lib/python3.8/site-packages/airflow/example_dags/example_complex.py
[2024-05-12T08:21:43.659+0000] {logging_mixin.py:188} INFO - [2024-05-12T08:21:43.658+0000] {dag.py:3047} INFO - Sync 1 DAGs
[2024-05-12T08:21:43.679+0000] {logging_mixin.py:188} INFO - [2024-05-12T08:21:43.679+0000] {dag.py:3834} INFO - Setting next_dagrun for example_complex to None, run_after=None
[2024-05-12T08:21:43.702+0000] {processor.py:183} INFO - Processing /home/airflow/.local/lib/python3.8/site-packages/airflow/example_dags/example_complex.py took 0.118 seconds
[2024-05-12T08:22:14.029+0000] {processor.py:161} INFO - Started process (PID=235) to work on /home/airflow/.local/lib/python3.8/site-packages/airflow/example_dags/example_complex.py
[2024-05-12T08:22:14.032+0000] {processor.py:830} INFO - Processing file /home/airflow/.local/lib/python3.8/site-packages/airflow/example_dags/example_complex.py for tasks to queue
[2024-05-12T08:22:14.034+0000] {logging_mixin.py:188} INFO - [2024-05-12T08:22:14.033+0000] {dagbag.py:540} INFO - Filling up the DagBag from /home/airflow/.local/lib/python3.8/site-packages/airflow/example_dags/example_complex.py
[2024-05-12T08:22:14.051+0000] {processor.py:840} INFO - DAG(s) 'example_complex' retrieved from /home/airflow/.local/lib/python3.8/site-packages/airflow/example_dags/example_complex.py
[2024-05-12T08:22:14.098+0000] {logging_mixin.py:188} INFO - [2024-05-12T08:22:14.098+0000] {dag.py:3047} INFO - Sync 1 DAGs
[2024-05-12T08:22:14.117+0000] {logging_mixin.py:188} INFO - [2024-05-12T08:22:14.116+0000] {dag.py:3834} INFO - Setting next_dagrun for example_complex to None, run_after=None
[2024-05-12T08:22:14.142+0000] {processor.py:183} INFO - Processing /home/airflow/.local/lib/python3.8/site-packages/airflow/example_dags/example_complex.py took 0.118 seconds
[2024-05-12T08:22:44.303+0000] {processor.py:161} INFO - Started process (PID=289) to work on /home/airflow/.local/lib/python3.8/site-packages/airflow/example_dags/example_complex.py
[2024-05-12T08:22:44.304+0000] {processor.py:830} INFO - Processing file /home/airflow/.local/lib/python3.8/site-packages/airflow/example_dags/example_complex.py for tasks to queue
[2024-05-12T08:22:44.306+0000] {logging_mixin.py:188} INFO - [2024-05-12T08:22:44.306+0000] {dagbag.py:540} INFO - Filling up the DagBag from /home/airflow/.local/lib/python3.8/site-packages/airflow/example_dags/example_complex.py
[2024-05-12T08:22:44.319+0000] {processor.py:840} INFO - DAG(s) 'example_complex' retrieved from /home/airflow/.local/lib/python3.8/site-packages/airflow/example_dags/example_complex.py
[2024-05-12T08:22:44.363+0000] {logging_mixin.py:188} INFO - [2024-05-12T08:22:44.363+0000] {dag.py:3047} INFO - Sync 1 DAGs
[2024-05-12T08:22:44.380+0000] {logging_mixin.py:188} INFO - [2024-05-12T08:22:44.380+0000] {dag.py:3834} INFO - Setting next_dagrun for example_complex to None, run_after=None
[2024-05-12T08:22:44.403+0000] {processor.py:183} INFO - Processing /home/airflow/.local/lib/python3.8/site-packages/airflow/example_dags/example_complex.py took 0.103 seconds
[2024-05-12T08:23:15.040+0000] {processor.py:161} INFO - Started process (PID=344) to work on /home/airflow/.local/lib/python3.8/site-packages/airflow/example_dags/example_complex.py
[2024-05-12T08:23:15.042+0000] {processor.py:830} INFO - Processing file /home/airflow/.local/lib/python3.8/site-packages/airflow/example_dags/example_complex.py for tasks to queue
[2024-05-12T08:23:15.044+0000] {logging_mixin.py:188} INFO - [2024-05-12T08:23:15.044+0000] {dagbag.py:540} INFO - Filling up the DagBag from /home/airflow/.local/lib/python3.8/site-packages/airflow/example_dags/example_complex.py
[2024-05-12T08:23:15.057+0000] {processor.py:840} INFO - DAG(s) 'example_complex' retrieved from /home/airflow/.local/lib/python3.8/site-packages/airflow/example_dags/example_complex.py
[2024-05-12T08:23:15.070+0000] {logging_mixin.py:188} INFO - [2024-05-12T08:23:15.070+0000] {dag.py:3047} INFO - Sync 1 DAGs
[2024-05-12T08:23:15.085+0000] {logging_mixin.py:188} INFO - [2024-05-12T08:23:15.085+0000] {dag.py:3834} INFO - Setting next_dagrun for example_complex to None, run_after=None
[2024-05-12T08:23:15.116+0000] {processor.py:183} INFO - Processing /home/airflow/.local/lib/python3.8/site-packages/airflow/example_dags/example_complex.py took 0.080 seconds
[2024-05-12T08:23:46.011+0000] {processor.py:161} INFO - Started process (PID=399) to work on /home/airflow/.local/lib/python3.8/site-packages/airflow/example_dags/example_complex.py
[2024-05-12T08:23:46.016+0000] {processor.py:830} INFO - Processing file /home/airflow/.local/lib/python3.8/site-packages/airflow/example_dags/example_complex.py for tasks to queue
[2024-05-12T08:23:46.018+0000] {logging_mixin.py:188} INFO - [2024-05-12T08:23:46.018+0000] {dagbag.py:540} INFO - Filling up the DagBag from /home/airflow/.local/lib/python3.8/site-packages/airflow/example_dags/example_complex.py
[2024-05-12T08:23:46.034+0000] {processor.py:840} INFO - DAG(s) 'example_complex' retrieved from /home/airflow/.local/lib/python3.8/site-packages/airflow/example_dags/example_complex.py
[2024-05-12T08:23:46.171+0000] {logging_mixin.py:188} INFO - [2024-05-12T08:23:46.170+0000] {dag.py:3047} INFO - Sync 1 DAGs
[2024-05-12T08:23:46.184+0000] {logging_mixin.py:188} INFO - [2024-05-12T08:23:46.183+0000] {dag.py:3834} INFO - Setting next_dagrun for example_complex to None, run_after=None
[2024-05-12T08:23:46.206+0000] {processor.py:183} INFO - Processing /home/airflow/.local/lib/python3.8/site-packages/airflow/example_dags/example_complex.py took 0.200 seconds
[2024-05-12T08:24:16.278+0000] {processor.py:161} INFO - Started process (PID=455) to work on /home/airflow/.local/lib/python3.8/site-packages/airflow/example_dags/example_complex.py
[2024-05-12T08:24:16.280+0000] {processor.py:830} INFO - Processing file /home/airflow/.local/lib/python3.8/site-packages/airflow/example_dags/example_complex.py for tasks to queue
[2024-05-12T08:24:16.282+0000] {logging_mixin.py:188} INFO - [2024-05-12T08:24:16.282+0000] {dagbag.py:540} INFO - Filling up the DagBag from /home/airflow/.local/lib/python3.8/site-packages/airflow/example_dags/example_complex.py
[2024-05-12T08:24:16.294+0000] {processor.py:840} INFO - DAG(s) 'example_complex' retrieved from /home/airflow/.local/lib/python3.8/site-packages/airflow/example_dags/example_complex.py
[2024-05-12T08:24:16.341+0000] {logging_mixin.py:188} INFO - [2024-05-12T08:24:16.341+0000] {dag.py:3047} INFO - Sync 1 DAGs
[2024-05-12T08:24:16.358+0000] {logging_mixin.py:188} INFO - [2024-05-12T08:24:16.357+0000] {dag.py:3834} INFO - Setting next_dagrun for example_complex to None, run_after=None
[2024-05-12T08:24:16.380+0000] {processor.py:183} INFO - Processing /home/airflow/.local/lib/python3.8/site-packages/airflow/example_dags/example_complex.py took 0.105 seconds
[2024-05-12T08:24:46.522+0000] {processor.py:161} INFO - Started process (PID=510) to work on /home/airflow/.local/lib/python3.8/site-packages/airflow/example_dags/example_complex.py
[2024-05-12T08:24:46.523+0000] {processor.py:830} INFO - Processing file /home/airflow/.local/lib/python3.8/site-packages/airflow/example_dags/example_complex.py for tasks to queue
[2024-05-12T08:24:46.525+0000] {logging_mixin.py:188} INFO - [2024-05-12T08:24:46.524+0000] {dagbag.py:540} INFO - Filling up the DagBag from /home/airflow/.local/lib/python3.8/site-packages/airflow/example_dags/example_complex.py
[2024-05-12T08:24:46.537+0000] {processor.py:840} INFO - DAG(s) 'example_complex' retrieved from /home/airflow/.local/lib/python3.8/site-packages/airflow/example_dags/example_complex.py
[2024-05-12T08:24:46.572+0000] {logging_mixin.py:188} INFO - [2024-05-12T08:24:46.572+0000] {dag.py:3047} INFO - Sync 1 DAGs
[2024-05-12T08:24:46.587+0000] {logging_mixin.py:188} INFO - [2024-05-12T08:24:46.587+0000] {dag.py:3834} INFO - Setting next_dagrun for example_complex to None, run_after=None
[2024-05-12T08:24:46.608+0000] {processor.py:183} INFO - Processing /home/airflow/.local/lib/python3.8/site-packages/airflow/example_dags/example_complex.py took 0.090 seconds
[2024-05-12T08:25:16.666+0000] {processor.py:161} INFO - Started process (PID=564) to work on /home/airflow/.local/lib/python3.8/site-packages/airflow/example_dags/example_complex.py
[2024-05-12T08:25:16.667+0000] {processor.py:830} INFO - Processing file /home/airflow/.local/lib/python3.8/site-packages/airflow/example_dags/example_complex.py for tasks to queue
[2024-05-12T08:25:16.669+0000] {logging_mixin.py:188} INFO - [2024-05-12T08:25:16.668+0000] {dagbag.py:540} INFO - Filling up the DagBag from /home/airflow/.local/lib/python3.8/site-packages/airflow/example_dags/example_complex.py
[2024-05-12T08:25:16.681+0000] {processor.py:840} INFO - DAG(s) 'example_complex' retrieved from /home/airflow/.local/lib/python3.8/site-packages/airflow/example_dags/example_complex.py
[2024-05-12T08:25:16.716+0000] {logging_mixin.py:188} INFO - [2024-05-12T08:25:16.715+0000] {dag.py:3047} INFO - Sync 1 DAGs
[2024-05-12T08:25:16.729+0000] {logging_mixin.py:188} INFO - [2024-05-12T08:25:16.729+0000] {dag.py:3834} INFO - Setting next_dagrun for example_complex to None, run_after=None
[2024-05-12T08:25:16.756+0000] {processor.py:183} INFO - Processing /home/airflow/.local/lib/python3.8/site-packages/airflow/example_dags/example_complex.py took 0.094 seconds
[2024-05-12T08:25:46.839+0000] {processor.py:161} INFO - Started process (PID=619) to work on /home/airflow/.local/lib/python3.8/site-packages/airflow/example_dags/example_complex.py
[2024-05-12T08:25:46.840+0000] {processor.py:830} INFO - Processing file /home/airflow/.local/lib/python3.8/site-packages/airflow/example_dags/example_complex.py for tasks to queue
[2024-05-12T08:25:46.841+0000] {logging_mixin.py:188} INFO - [2024-05-12T08:25:46.841+0000] {dagbag.py:540} INFO - Filling up the DagBag from /home/airflow/.local/lib/python3.8/site-packages/airflow/example_dags/example_complex.py
[2024-05-12T08:25:46.854+0000] {processor.py:840} INFO - DAG(s) 'example_complex' retrieved from /home/airflow/.local/lib/python3.8/site-packages/airflow/example_dags/example_complex.py
[2024-05-12T08:25:46.889+0000] {logging_mixin.py:188} INFO - [2024-05-12T08:25:46.889+0000] {dag.py:3047} INFO - Sync 1 DAGs
[2024-05-12T08:25:46.903+0000] {logging_mixin.py:188} INFO - [2024-05-12T08:25:46.903+0000] {dag.py:3834} INFO - Setting next_dagrun for example_complex to None, run_after=None
[2024-05-12T08:25:46.928+0000] {processor.py:183} INFO - Processing /home/airflow/.local/lib/python3.8/site-packages/airflow/example_dags/example_complex.py took 0.094 seconds
[2024-05-12T08:26:17.832+0000] {processor.py:161} INFO - Started process (PID=673) to work on /home/airflow/.local/lib/python3.8/site-packages/airflow/example_dags/example_complex.py
[2024-05-12T08:26:17.847+0000] {processor.py:830} INFO - Processing file /home/airflow/.local/lib/python3.8/site-packages/airflow/example_dags/example_complex.py for tasks to queue
[2024-05-12T08:26:17.849+0000] {logging_mixin.py:188} INFO - [2024-05-12T08:26:17.849+0000] {dagbag.py:540} INFO - Filling up the DagBag from /home/airflow/.local/lib/python3.8/site-packages/airflow/example_dags/example_complex.py
[2024-05-12T08:26:17.862+0000] {processor.py:840} INFO - DAG(s) 'example_complex' retrieved from /home/airflow/.local/lib/python3.8/site-packages/airflow/example_dags/example_complex.py
[2024-05-12T08:26:17.896+0000] {logging_mixin.py:188} INFO - [2024-05-12T08:26:17.895+0000] {dag.py:3047} INFO - Sync 1 DAGs
[2024-05-12T08:26:17.912+0000] {logging_mixin.py:188} INFO - [2024-05-12T08:26:17.912+0000] {dag.py:3834} INFO - Setting next_dagrun for example_complex to None, run_after=None
[2024-05-12T08:26:17.934+0000] {processor.py:183} INFO - Processing /home/airflow/.local/lib/python3.8/site-packages/airflow/example_dags/example_complex.py took 0.106 seconds
[2024-05-12T08:26:47.977+0000] {processor.py:161} INFO - Started process (PID=729) to work on /home/airflow/.local/lib/python3.8/site-packages/airflow/example_dags/example_complex.py
[2024-05-12T08:26:47.978+0000] {processor.py:830} INFO - Processing file /home/airflow/.local/lib/python3.8/site-packages/airflow/example_dags/example_complex.py for tasks to queue
[2024-05-12T08:26:47.980+0000] {logging_mixin.py:188} INFO - [2024-05-12T08:26:47.980+0000] {dagbag.py:540} INFO - Filling up the DagBag from /home/airflow/.local/lib/python3.8/site-packages/airflow/example_dags/example_complex.py
[2024-05-12T08:26:47.993+0000] {processor.py:840} INFO - DAG(s) 'example_complex' retrieved from /home/airflow/.local/lib/python3.8/site-packages/airflow/example_dags/example_complex.py
[2024-05-12T08:26:48.038+0000] {logging_mixin.py:188} INFO - [2024-05-12T08:26:48.037+0000] {dag.py:3047} INFO - Sync 1 DAGs
[2024-05-12T08:26:48.051+0000] {logging_mixin.py:188} INFO - [2024-05-12T08:26:48.050+0000] {dag.py:3834} INFO - Setting next_dagrun for example_complex to None, run_after=None
[2024-05-12T08:26:48.072+0000] {processor.py:183} INFO - Processing /home/airflow/.local/lib/python3.8/site-packages/airflow/example_dags/example_complex.py took 0.099 seconds
[2024-05-12T08:27:18.944+0000] {processor.py:161} INFO - Started process (PID=784) to work on /home/airflow/.local/lib/python3.8/site-packages/airflow/example_dags/example_complex.py
[2024-05-12T08:27:18.945+0000] {processor.py:830} INFO - Processing file /home/airflow/.local/lib/python3.8/site-packages/airflow/example_dags/example_complex.py for tasks to queue
[2024-05-12T08:27:18.947+0000] {logging_mixin.py:188} INFO - [2024-05-12T08:27:18.947+0000] {dagbag.py:540} INFO - Filling up the DagBag from /home/airflow/.local/lib/python3.8/site-packages/airflow/example_dags/example_complex.py
[2024-05-12T08:27:18.960+0000] {processor.py:840} INFO - DAG(s) 'example_complex' retrieved from /home/airflow/.local/lib/python3.8/site-packages/airflow/example_dags/example_complex.py
[2024-05-12T08:27:18.994+0000] {logging_mixin.py:188} INFO - [2024-05-12T08:27:18.993+0000] {dag.py:3047} INFO - Sync 1 DAGs
[2024-05-12T08:27:19.009+0000] {logging_mixin.py:188} INFO - [2024-05-12T08:27:19.009+0000] {dag.py:3834} INFO - Setting next_dagrun for example_complex to None, run_after=None
[2024-05-12T08:27:19.036+0000] {processor.py:183} INFO - Processing /home/airflow/.local/lib/python3.8/site-packages/airflow/example_dags/example_complex.py took 0.096 seconds
[2024-05-12T08:27:49.194+0000] {processor.py:161} INFO - Started process (PID=846) to work on /home/airflow/.local/lib/python3.8/site-packages/airflow/example_dags/example_complex.py
[2024-05-12T08:27:49.196+0000] {processor.py:830} INFO - Processing file /home/airflow/.local/lib/python3.8/site-packages/airflow/example_dags/example_complex.py for tasks to queue
[2024-05-12T08:27:49.198+0000] {logging_mixin.py:188} INFO - [2024-05-12T08:27:49.197+0000] {dagbag.py:540} INFO - Filling up the DagBag from /home/airflow/.local/lib/python3.8/site-packages/airflow/example_dags/example_complex.py
[2024-05-12T08:27:49.210+0000] {processor.py:840} INFO - DAG(s) 'example_complex' retrieved from /home/airflow/.local/lib/python3.8/site-packages/airflow/example_dags/example_complex.py
[2024-05-12T08:27:49.244+0000] {logging_mixin.py:188} INFO - [2024-05-12T08:27:49.244+0000] {dag.py:3047} INFO - Sync 1 DAGs
[2024-05-12T08:27:49.258+0000] {logging_mixin.py:188} INFO - [2024-05-12T08:27:49.257+0000] {dag.py:3834} INFO - Setting next_dagrun for example_complex to None, run_after=None
[2024-05-12T08:27:49.284+0000] {processor.py:183} INFO - Processing /home/airflow/.local/lib/python3.8/site-packages/airflow/example_dags/example_complex.py took 0.094 seconds
[2024-05-12T08:28:19.328+0000] {processor.py:161} INFO - Started process (PID=900) to work on /home/airflow/.local/lib/python3.8/site-packages/airflow/example_dags/example_complex.py
[2024-05-12T08:28:19.329+0000] {processor.py:830} INFO - Processing file /home/airflow/.local/lib/python3.8/site-packages/airflow/example_dags/example_complex.py for tasks to queue
[2024-05-12T08:28:19.332+0000] {logging_mixin.py:188} INFO - [2024-05-12T08:28:19.331+0000] {dagbag.py:540} INFO - Filling up the DagBag from /home/airflow/.local/lib/python3.8/site-packages/airflow/example_dags/example_complex.py
[2024-05-12T08:28:19.345+0000] {processor.py:840} INFO - DAG(s) 'example_complex' retrieved from /home/airflow/.local/lib/python3.8/site-packages/airflow/example_dags/example_complex.py
[2024-05-12T08:28:19.379+0000] {logging_mixin.py:188} INFO - [2024-05-12T08:28:19.379+0000] {dag.py:3047} INFO - Sync 1 DAGs
[2024-05-12T08:28:19.392+0000] {logging_mixin.py:188} INFO - [2024-05-12T08:28:19.392+0000] {dag.py:3834} INFO - Setting next_dagrun for example_complex to None, run_after=None
[2024-05-12T08:28:19.409+0000] {processor.py:183} INFO - Processing /home/airflow/.local/lib/python3.8/site-packages/airflow/example_dags/example_complex.py took 0.086 seconds
