[2024-05-12T08:20:35.144+0000] {processor.py:161} INFO - Started process (PID=54) to work on /home/airflow/.local/lib/python3.8/site-packages/airflow/example_dags/example_xcom.py
[2024-05-12T08:20:35.145+0000] {processor.py:830} INFO - Processing file /home/airflow/.local/lib/python3.8/site-packages/airflow/example_dags/example_xcom.py for tasks to queue
[2024-05-12T08:20:35.148+0000] {logging_mixin.py:188} INFO - [2024-05-12T08:20:35.147+0000] {dagbag.py:540} INFO - Filling up the DagBag from /home/airflow/.local/lib/python3.8/site-packages/airflow/example_dags/example_xcom.py
[2024-05-12T08:20:35.158+0000] {processor.py:840} INFO - DAG(s) 'example_xcom' retrieved from /home/airflow/.local/lib/python3.8/site-packages/airflow/example_dags/example_xcom.py
[2024-05-12T08:20:35.190+0000] {logging_mixin.py:188} INFO - [2024-05-12T08:20:35.190+0000] {dag.py:3047} INFO - Sync 1 DAGs
[2024-05-12T08:20:35.216+0000] {logging_mixin.py:188} INFO - [2024-05-12T08:20:35.216+0000] {dag.py:3834} INFO - Setting next_dagrun for example_xcom to 2021-01-01 00:00:00+00:00, run_after=2021-01-01 00:00:00+00:00
[2024-05-12T08:20:35.235+0000] {processor.py:183} INFO - Processing /home/airflow/.local/lib/python3.8/site-packages/airflow/example_dags/example_xcom.py took 0.094 seconds
[2024-05-12T08:21:05.255+0000] {processor.py:161} INFO - Started process (PID=110) to work on /home/airflow/.local/lib/python3.8/site-packages/airflow/example_dags/example_xcom.py
[2024-05-12T08:21:05.258+0000] {processor.py:830} INFO - Processing file /home/airflow/.local/lib/python3.8/site-packages/airflow/example_dags/example_xcom.py for tasks to queue
[2024-05-12T08:21:05.259+0000] {logging_mixin.py:188} INFO - [2024-05-12T08:21:05.259+0000] {dagbag.py:540} INFO - Filling up the DagBag from /home/airflow/.local/lib/python3.8/site-packages/airflow/example_dags/example_xcom.py
[2024-05-12T08:21:05.268+0000] {processor.py:840} INFO - DAG(s) 'example_xcom' retrieved from /home/airflow/.local/lib/python3.8/site-packages/airflow/example_dags/example_xcom.py
[2024-05-12T08:21:05.288+0000] {logging_mixin.py:188} INFO - [2024-05-12T08:21:05.288+0000] {dag.py:3047} INFO - Sync 1 DAGs
[2024-05-12T08:21:05.311+0000] {logging_mixin.py:188} INFO - [2024-05-12T08:21:05.311+0000] {dag.py:3834} INFO - Setting next_dagrun for example_xcom to 2021-01-01 00:00:00+00:00, run_after=2021-01-01 00:00:00+00:00
[2024-05-12T08:21:05.331+0000] {processor.py:183} INFO - Processing /home/airflow/.local/lib/python3.8/site-packages/airflow/example_dags/example_xcom.py took 0.080 seconds
[2024-05-12T08:21:35.598+0000] {processor.py:161} INFO - Started process (PID=163) to work on /home/airflow/.local/lib/python3.8/site-packages/airflow/example_dags/example_xcom.py
[2024-05-12T08:21:35.599+0000] {processor.py:830} INFO - Processing file /home/airflow/.local/lib/python3.8/site-packages/airflow/example_dags/example_xcom.py for tasks to queue
[2024-05-12T08:21:35.601+0000] {logging_mixin.py:188} INFO - [2024-05-12T08:21:35.600+0000] {dagbag.py:540} INFO - Filling up the DagBag from /home/airflow/.local/lib/python3.8/site-packages/airflow/example_dags/example_xcom.py
[2024-05-12T08:21:35.610+0000] {processor.py:840} INFO - DAG(s) 'example_xcom' retrieved from /home/airflow/.local/lib/python3.8/site-packages/airflow/example_dags/example_xcom.py
[2024-05-12T08:21:35.636+0000] {logging_mixin.py:188} INFO - [2024-05-12T08:21:35.635+0000] {dag.py:3047} INFO - Sync 1 DAGs
[2024-05-12T08:21:35.660+0000] {logging_mixin.py:188} INFO - [2024-05-12T08:21:35.659+0000] {dag.py:3834} INFO - Setting next_dagrun for example_xcom to 2021-01-01 00:00:00+00:00, run_after=2021-01-01 00:00:00+00:00
[2024-05-12T08:21:35.687+0000] {processor.py:183} INFO - Processing /home/airflow/.local/lib/python3.8/site-packages/airflow/example_dags/example_xcom.py took 0.093 seconds
[2024-05-12T08:22:05.751+0000] {processor.py:161} INFO - Started process (PID=218) to work on /home/airflow/.local/lib/python3.8/site-packages/airflow/example_dags/example_xcom.py
[2024-05-12T08:22:05.790+0000] {processor.py:830} INFO - Processing file /home/airflow/.local/lib/python3.8/site-packages/airflow/example_dags/example_xcom.py for tasks to queue
[2024-05-12T08:22:05.792+0000] {logging_mixin.py:188} INFO - [2024-05-12T08:22:05.792+0000] {dagbag.py:540} INFO - Filling up the DagBag from /home/airflow/.local/lib/python3.8/site-packages/airflow/example_dags/example_xcom.py
[2024-05-12T08:22:05.800+0000] {processor.py:840} INFO - DAG(s) 'example_xcom' retrieved from /home/airflow/.local/lib/python3.8/site-packages/airflow/example_dags/example_xcom.py
[2024-05-12T08:22:05.826+0000] {logging_mixin.py:188} INFO - [2024-05-12T08:22:05.826+0000] {dag.py:3047} INFO - Sync 1 DAGs
[2024-05-12T08:22:05.857+0000] {logging_mixin.py:188} INFO - [2024-05-12T08:22:05.856+0000] {dag.py:3834} INFO - Setting next_dagrun for example_xcom to 2021-01-01 00:00:00+00:00, run_after=2021-01-01 00:00:00+00:00
[2024-05-12T08:22:05.880+0000] {processor.py:183} INFO - Processing /home/airflow/.local/lib/python3.8/site-packages/airflow/example_dags/example_xcom.py took 0.133 seconds
[2024-05-12T08:22:36.402+0000] {processor.py:161} INFO - Started process (PID=272) to work on /home/airflow/.local/lib/python3.8/site-packages/airflow/example_dags/example_xcom.py
[2024-05-12T08:22:36.404+0000] {processor.py:830} INFO - Processing file /home/airflow/.local/lib/python3.8/site-packages/airflow/example_dags/example_xcom.py for tasks to queue
[2024-05-12T08:22:36.406+0000] {logging_mixin.py:188} INFO - [2024-05-12T08:22:36.406+0000] {dagbag.py:540} INFO - Filling up the DagBag from /home/airflow/.local/lib/python3.8/site-packages/airflow/example_dags/example_xcom.py
[2024-05-12T08:22:36.416+0000] {processor.py:840} INFO - DAG(s) 'example_xcom' retrieved from /home/airflow/.local/lib/python3.8/site-packages/airflow/example_dags/example_xcom.py
[2024-05-12T08:22:36.438+0000] {logging_mixin.py:188} INFO - [2024-05-12T08:22:36.438+0000] {dag.py:3047} INFO - Sync 1 DAGs
[2024-05-12T08:22:36.460+0000] {logging_mixin.py:188} INFO - [2024-05-12T08:22:36.460+0000] {dag.py:3834} INFO - Setting next_dagrun for example_xcom to 2021-01-01 00:00:00+00:00, run_after=2021-01-01 00:00:00+00:00
[2024-05-12T08:22:36.486+0000] {processor.py:183} INFO - Processing /home/airflow/.local/lib/python3.8/site-packages/airflow/example_dags/example_xcom.py took 0.090 seconds
[2024-05-12T08:23:07.239+0000] {processor.py:161} INFO - Started process (PID=327) to work on /home/airflow/.local/lib/python3.8/site-packages/airflow/example_dags/example_xcom.py
[2024-05-12T08:23:07.241+0000] {processor.py:830} INFO - Processing file /home/airflow/.local/lib/python3.8/site-packages/airflow/example_dags/example_xcom.py for tasks to queue
[2024-05-12T08:23:07.243+0000] {logging_mixin.py:188} INFO - [2024-05-12T08:23:07.243+0000] {dagbag.py:540} INFO - Filling up the DagBag from /home/airflow/.local/lib/python3.8/site-packages/airflow/example_dags/example_xcom.py
[2024-05-12T08:23:07.252+0000] {processor.py:840} INFO - DAG(s) 'example_xcom' retrieved from /home/airflow/.local/lib/python3.8/site-packages/airflow/example_dags/example_xcom.py
[2024-05-12T08:23:07.277+0000] {logging_mixin.py:188} INFO - [2024-05-12T08:23:07.276+0000] {dag.py:3047} INFO - Sync 1 DAGs
[2024-05-12T08:23:07.303+0000] {logging_mixin.py:188} INFO - [2024-05-12T08:23:07.303+0000] {dag.py:3834} INFO - Setting next_dagrun for example_xcom to 2021-01-01 00:00:00+00:00, run_after=2021-01-01 00:00:00+00:00
[2024-05-12T08:23:07.323+0000] {processor.py:183} INFO - Processing /home/airflow/.local/lib/python3.8/site-packages/airflow/example_dags/example_xcom.py took 0.087 seconds
[2024-05-12T08:23:37.760+0000] {processor.py:161} INFO - Started process (PID=382) to work on /home/airflow/.local/lib/python3.8/site-packages/airflow/example_dags/example_xcom.py
[2024-05-12T08:23:37.762+0000] {processor.py:830} INFO - Processing file /home/airflow/.local/lib/python3.8/site-packages/airflow/example_dags/example_xcom.py for tasks to queue
[2024-05-12T08:23:37.764+0000] {logging_mixin.py:188} INFO - [2024-05-12T08:23:37.763+0000] {dagbag.py:540} INFO - Filling up the DagBag from /home/airflow/.local/lib/python3.8/site-packages/airflow/example_dags/example_xcom.py
[2024-05-12T08:23:37.773+0000] {processor.py:840} INFO - DAG(s) 'example_xcom' retrieved from /home/airflow/.local/lib/python3.8/site-packages/airflow/example_dags/example_xcom.py
[2024-05-12T08:23:37.786+0000] {logging_mixin.py:188} INFO - [2024-05-12T08:23:37.786+0000] {dag.py:3047} INFO - Sync 1 DAGs
[2024-05-12T08:23:37.817+0000] {logging_mixin.py:188} INFO - [2024-05-12T08:23:37.816+0000] {dag.py:3834} INFO - Setting next_dagrun for example_xcom to 2021-01-01 00:00:00+00:00, run_after=2021-01-01 00:00:00+00:00
[2024-05-12T08:23:37.840+0000] {processor.py:183} INFO - Processing /home/airflow/.local/lib/python3.8/site-packages/airflow/example_dags/example_xcom.py took 0.083 seconds
[2024-05-12T08:24:08.055+0000] {processor.py:161} INFO - Started process (PID=438) to work on /home/airflow/.local/lib/python3.8/site-packages/airflow/example_dags/example_xcom.py
[2024-05-12T08:24:08.057+0000] {processor.py:830} INFO - Processing file /home/airflow/.local/lib/python3.8/site-packages/airflow/example_dags/example_xcom.py for tasks to queue
[2024-05-12T08:24:08.060+0000] {logging_mixin.py:188} INFO - [2024-05-12T08:24:08.059+0000] {dagbag.py:540} INFO - Filling up the DagBag from /home/airflow/.local/lib/python3.8/site-packages/airflow/example_dags/example_xcom.py
[2024-05-12T08:24:08.070+0000] {processor.py:840} INFO - DAG(s) 'example_xcom' retrieved from /home/airflow/.local/lib/python3.8/site-packages/airflow/example_dags/example_xcom.py
[2024-05-12T08:24:08.204+0000] {logging_mixin.py:188} INFO - [2024-05-12T08:24:08.203+0000] {dag.py:3047} INFO - Sync 1 DAGs
[2024-05-12T08:24:08.225+0000] {logging_mixin.py:188} INFO - [2024-05-12T08:24:08.225+0000] {dag.py:3834} INFO - Setting next_dagrun for example_xcom to 2021-01-01 00:00:00+00:00, run_after=2021-01-01 00:00:00+00:00
[2024-05-12T08:24:08.243+0000] {processor.py:183} INFO - Processing /home/airflow/.local/lib/python3.8/site-packages/airflow/example_dags/example_xcom.py took 0.193 seconds
[2024-05-12T08:24:38.340+0000] {processor.py:161} INFO - Started process (PID=493) to work on /home/airflow/.local/lib/python3.8/site-packages/airflow/example_dags/example_xcom.py
[2024-05-12T08:24:38.341+0000] {processor.py:830} INFO - Processing file /home/airflow/.local/lib/python3.8/site-packages/airflow/example_dags/example_xcom.py for tasks to queue
[2024-05-12T08:24:38.343+0000] {logging_mixin.py:188} INFO - [2024-05-12T08:24:38.343+0000] {dagbag.py:540} INFO - Filling up the DagBag from /home/airflow/.local/lib/python3.8/site-packages/airflow/example_dags/example_xcom.py
[2024-05-12T08:24:38.351+0000] {processor.py:840} INFO - DAG(s) 'example_xcom' retrieved from /home/airflow/.local/lib/python3.8/site-packages/airflow/example_dags/example_xcom.py
[2024-05-12T08:24:38.373+0000] {logging_mixin.py:188} INFO - [2024-05-12T08:24:38.372+0000] {dag.py:3047} INFO - Sync 1 DAGs
[2024-05-12T08:24:38.394+0000] {logging_mixin.py:188} INFO - [2024-05-12T08:24:38.394+0000] {dag.py:3834} INFO - Setting next_dagrun for example_xcom to 2021-01-01 00:00:00+00:00, run_after=2021-01-01 00:00:00+00:00
[2024-05-12T08:24:38.415+0000] {processor.py:183} INFO - Processing /home/airflow/.local/lib/python3.8/site-packages/airflow/example_dags/example_xcom.py took 0.078 seconds
[2024-05-12T08:25:08.525+0000] {processor.py:161} INFO - Started process (PID=548) to work on /home/airflow/.local/lib/python3.8/site-packages/airflow/example_dags/example_xcom.py
[2024-05-12T08:25:08.526+0000] {processor.py:830} INFO - Processing file /home/airflow/.local/lib/python3.8/site-packages/airflow/example_dags/example_xcom.py for tasks to queue
[2024-05-12T08:25:08.528+0000] {logging_mixin.py:188} INFO - [2024-05-12T08:25:08.528+0000] {dagbag.py:540} INFO - Filling up the DagBag from /home/airflow/.local/lib/python3.8/site-packages/airflow/example_dags/example_xcom.py
[2024-05-12T08:25:08.536+0000] {processor.py:840} INFO - DAG(s) 'example_xcom' retrieved from /home/airflow/.local/lib/python3.8/site-packages/airflow/example_dags/example_xcom.py
[2024-05-12T08:25:08.556+0000] {logging_mixin.py:188} INFO - [2024-05-12T08:25:08.556+0000] {dag.py:3047} INFO - Sync 1 DAGs
[2024-05-12T08:25:08.578+0000] {logging_mixin.py:188} INFO - [2024-05-12T08:25:08.578+0000] {dag.py:3834} INFO - Setting next_dagrun for example_xcom to 2021-01-01 00:00:00+00:00, run_after=2021-01-01 00:00:00+00:00
[2024-05-12T08:25:08.608+0000] {processor.py:183} INFO - Processing /home/airflow/.local/lib/python3.8/site-packages/airflow/example_dags/example_xcom.py took 0.087 seconds
[2024-05-12T08:25:38.714+0000] {processor.py:161} INFO - Started process (PID=603) to work on /home/airflow/.local/lib/python3.8/site-packages/airflow/example_dags/example_xcom.py
[2024-05-12T08:25:38.715+0000] {processor.py:830} INFO - Processing file /home/airflow/.local/lib/python3.8/site-packages/airflow/example_dags/example_xcom.py for tasks to queue
[2024-05-12T08:25:38.717+0000] {logging_mixin.py:188} INFO - [2024-05-12T08:25:38.717+0000] {dagbag.py:540} INFO - Filling up the DagBag from /home/airflow/.local/lib/python3.8/site-packages/airflow/example_dags/example_xcom.py
[2024-05-12T08:25:38.725+0000] {processor.py:840} INFO - DAG(s) 'example_xcom' retrieved from /home/airflow/.local/lib/python3.8/site-packages/airflow/example_dags/example_xcom.py
[2024-05-12T08:25:38.749+0000] {logging_mixin.py:188} INFO - [2024-05-12T08:25:38.749+0000] {dag.py:3047} INFO - Sync 1 DAGs
[2024-05-12T08:25:38.776+0000] {logging_mixin.py:188} INFO - [2024-05-12T08:25:38.776+0000] {dag.py:3834} INFO - Setting next_dagrun for example_xcom to 2021-01-01 00:00:00+00:00, run_after=2021-01-01 00:00:00+00:00
[2024-05-12T08:25:38.795+0000] {processor.py:183} INFO - Processing /home/airflow/.local/lib/python3.8/site-packages/airflow/example_dags/example_xcom.py took 0.084 seconds
[2024-05-12T08:26:08.941+0000] {processor.py:161} INFO - Started process (PID=658) to work on /home/airflow/.local/lib/python3.8/site-packages/airflow/example_dags/example_xcom.py
[2024-05-12T08:26:08.942+0000] {processor.py:830} INFO - Processing file /home/airflow/.local/lib/python3.8/site-packages/airflow/example_dags/example_xcom.py for tasks to queue
[2024-05-12T08:26:08.944+0000] {logging_mixin.py:188} INFO - [2024-05-12T08:26:08.944+0000] {dagbag.py:540} INFO - Filling up the DagBag from /home/airflow/.local/lib/python3.8/site-packages/airflow/example_dags/example_xcom.py
[2024-05-12T08:26:08.952+0000] {processor.py:840} INFO - DAG(s) 'example_xcom' retrieved from /home/airflow/.local/lib/python3.8/site-packages/airflow/example_dags/example_xcom.py
[2024-05-12T08:26:08.972+0000] {logging_mixin.py:188} INFO - [2024-05-12T08:26:08.972+0000] {dag.py:3047} INFO - Sync 1 DAGs
[2024-05-12T08:26:08.994+0000] {logging_mixin.py:188} INFO - [2024-05-12T08:26:08.994+0000] {dag.py:3834} INFO - Setting next_dagrun for example_xcom to 2021-01-01 00:00:00+00:00, run_after=2021-01-01 00:00:00+00:00
[2024-05-12T08:26:09.014+0000] {processor.py:183} INFO - Processing /home/airflow/.local/lib/python3.8/site-packages/airflow/example_dags/example_xcom.py took 0.076 seconds
[2024-05-12T08:26:39.194+0000] {processor.py:161} INFO - Started process (PID=714) to work on /home/airflow/.local/lib/python3.8/site-packages/airflow/example_dags/example_xcom.py
[2024-05-12T08:26:39.195+0000] {processor.py:830} INFO - Processing file /home/airflow/.local/lib/python3.8/site-packages/airflow/example_dags/example_xcom.py for tasks to queue
[2024-05-12T08:26:39.198+0000] {logging_mixin.py:188} INFO - [2024-05-12T08:26:39.197+0000] {dagbag.py:540} INFO - Filling up the DagBag from /home/airflow/.local/lib/python3.8/site-packages/airflow/example_dags/example_xcom.py
[2024-05-12T08:26:39.208+0000] {processor.py:840} INFO - DAG(s) 'example_xcom' retrieved from /home/airflow/.local/lib/python3.8/site-packages/airflow/example_dags/example_xcom.py
[2024-05-12T08:26:39.236+0000] {logging_mixin.py:188} INFO - [2024-05-12T08:26:39.236+0000] {dag.py:3047} INFO - Sync 1 DAGs
[2024-05-12T08:26:39.267+0000] {logging_mixin.py:188} INFO - [2024-05-12T08:26:39.267+0000] {dag.py:3834} INFO - Setting next_dagrun for example_xcom to 2021-01-01 00:00:00+00:00, run_after=2021-01-01 00:00:00+00:00
[2024-05-12T08:26:39.292+0000] {processor.py:183} INFO - Processing /home/airflow/.local/lib/python3.8/site-packages/airflow/example_dags/example_xcom.py took 0.103 seconds
[2024-05-12T08:27:10.021+0000] {processor.py:161} INFO - Started process (PID=769) to work on /home/airflow/.local/lib/python3.8/site-packages/airflow/example_dags/example_xcom.py
[2024-05-12T08:27:10.023+0000] {processor.py:830} INFO - Processing file /home/airflow/.local/lib/python3.8/site-packages/airflow/example_dags/example_xcom.py for tasks to queue
[2024-05-12T08:27:10.024+0000] {logging_mixin.py:188} INFO - [2024-05-12T08:27:10.024+0000] {dagbag.py:540} INFO - Filling up the DagBag from /home/airflow/.local/lib/python3.8/site-packages/airflow/example_dags/example_xcom.py
[2024-05-12T08:27:10.033+0000] {processor.py:840} INFO - DAG(s) 'example_xcom' retrieved from /home/airflow/.local/lib/python3.8/site-packages/airflow/example_dags/example_xcom.py
[2024-05-12T08:27:10.063+0000] {logging_mixin.py:188} INFO - [2024-05-12T08:27:10.062+0000] {dag.py:3047} INFO - Sync 1 DAGs
[2024-05-12T08:27:10.095+0000] {logging_mixin.py:188} INFO - [2024-05-12T08:27:10.094+0000] {dag.py:3834} INFO - Setting next_dagrun for example_xcom to 2021-01-01 00:00:00+00:00, run_after=2021-01-01 00:00:00+00:00
[2024-05-12T08:27:10.122+0000] {processor.py:183} INFO - Processing /home/airflow/.local/lib/python3.8/site-packages/airflow/example_dags/example_xcom.py took 0.105 seconds
[2024-05-12T08:27:40.175+0000] {processor.py:161} INFO - Started process (PID=824) to work on /home/airflow/.local/lib/python3.8/site-packages/airflow/example_dags/example_xcom.py
[2024-05-12T08:27:40.177+0000] {processor.py:830} INFO - Processing file /home/airflow/.local/lib/python3.8/site-packages/airflow/example_dags/example_xcom.py for tasks to queue
[2024-05-12T08:27:40.178+0000] {logging_mixin.py:188} INFO - [2024-05-12T08:27:40.178+0000] {dagbag.py:540} INFO - Filling up the DagBag from /home/airflow/.local/lib/python3.8/site-packages/airflow/example_dags/example_xcom.py
[2024-05-12T08:27:40.186+0000] {processor.py:840} INFO - DAG(s) 'example_xcom' retrieved from /home/airflow/.local/lib/python3.8/site-packages/airflow/example_dags/example_xcom.py
[2024-05-12T08:27:40.211+0000] {logging_mixin.py:188} INFO - [2024-05-12T08:27:40.210+0000] {dag.py:3047} INFO - Sync 1 DAGs
[2024-05-12T08:27:40.240+0000] {logging_mixin.py:188} INFO - [2024-05-12T08:27:40.240+0000] {dag.py:3834} INFO - Setting next_dagrun for example_xcom to 2021-01-01 00:00:00+00:00, run_after=2021-01-01 00:00:00+00:00
[2024-05-12T08:27:40.263+0000] {processor.py:183} INFO - Processing /home/airflow/.local/lib/python3.8/site-packages/airflow/example_dags/example_xcom.py took 0.091 seconds
[2024-05-12T08:28:10.541+0000] {processor.py:161} INFO - Started process (PID=880) to work on /home/airflow/.local/lib/python3.8/site-packages/airflow/example_dags/example_xcom.py
[2024-05-12T08:28:10.542+0000] {processor.py:830} INFO - Processing file /home/airflow/.local/lib/python3.8/site-packages/airflow/example_dags/example_xcom.py for tasks to queue
[2024-05-12T08:28:10.544+0000] {logging_mixin.py:188} INFO - [2024-05-12T08:28:10.543+0000] {dagbag.py:540} INFO - Filling up the DagBag from /home/airflow/.local/lib/python3.8/site-packages/airflow/example_dags/example_xcom.py
[2024-05-12T08:28:10.552+0000] {processor.py:840} INFO - DAG(s) 'example_xcom' retrieved from /home/airflow/.local/lib/python3.8/site-packages/airflow/example_dags/example_xcom.py
[2024-05-12T08:28:10.576+0000] {logging_mixin.py:188} INFO - [2024-05-12T08:28:10.576+0000] {dag.py:3047} INFO - Sync 1 DAGs
[2024-05-12T08:28:10.600+0000] {logging_mixin.py:188} INFO - [2024-05-12T08:28:10.600+0000] {dag.py:3834} INFO - Setting next_dagrun for example_xcom to 2021-01-01 00:00:00+00:00, run_after=2021-01-01 00:00:00+00:00
[2024-05-12T08:28:10.619+0000] {processor.py:183} INFO - Processing /home/airflow/.local/lib/python3.8/site-packages/airflow/example_dags/example_xcom.py took 0.082 seconds
[2024-05-12T08:28:40.747+0000] {processor.py:161} INFO - Started process (PID=935) to work on /home/airflow/.local/lib/python3.8/site-packages/airflow/example_dags/example_xcom.py
[2024-05-12T08:28:40.748+0000] {processor.py:830} INFO - Processing file /home/airflow/.local/lib/python3.8/site-packages/airflow/example_dags/example_xcom.py for tasks to queue
[2024-05-12T08:28:40.750+0000] {logging_mixin.py:188} INFO - [2024-05-12T08:28:40.750+0000] {dagbag.py:540} INFO - Filling up the DagBag from /home/airflow/.local/lib/python3.8/site-packages/airflow/example_dags/example_xcom.py
[2024-05-12T08:28:40.759+0000] {processor.py:840} INFO - DAG(s) 'example_xcom' retrieved from /home/airflow/.local/lib/python3.8/site-packages/airflow/example_dags/example_xcom.py
[2024-05-12T08:28:40.783+0000] {logging_mixin.py:188} INFO - [2024-05-12T08:28:40.783+0000] {dag.py:3047} INFO - Sync 1 DAGs
[2024-05-12T08:28:40.806+0000] {logging_mixin.py:188} INFO - [2024-05-12T08:28:40.805+0000] {dag.py:3834} INFO - Setting next_dagrun for example_xcom to 2021-01-01 00:00:00+00:00, run_after=2021-01-01 00:00:00+00:00
[2024-05-12T08:28:40.824+0000] {processor.py:183} INFO - Processing /home/airflow/.local/lib/python3.8/site-packages/airflow/example_dags/example_xcom.py took 0.081 seconds
