[2024-05-12T08:20:35.521+0000] {processor.py:161} INFO - Started process (PID=59) to work on /home/airflow/.local/lib/python3.8/site-packages/airflow/example_dags/example_latest_only_with_trigger.py
[2024-05-12T08:20:35.522+0000] {processor.py:830} INFO - Processing file /home/airflow/.local/lib/python3.8/site-packages/airflow/example_dags/example_latest_only_with_trigger.py for tasks to queue
[2024-05-12T08:20:35.524+0000] {logging_mixin.py:188} INFO - [2024-05-12T08:20:35.523+0000] {dagbag.py:540} INFO - Filling up the DagBag from /home/airflow/.local/lib/python3.8/site-packages/airflow/example_dags/example_latest_only_with_trigger.py
[2024-05-12T08:20:35.532+0000] {processor.py:840} INFO - DAG(s) 'latest_only_with_trigger' retrieved from /home/airflow/.local/lib/python3.8/site-packages/airflow/example_dags/example_latest_only_with_trigger.py
[2024-05-12T08:20:35.562+0000] {logging_mixin.py:188} INFO - [2024-05-12T08:20:35.562+0000] {dag.py:3047} INFO - Sync 1 DAGs
[2024-05-12T08:20:35.584+0000] {logging_mixin.py:188} INFO - [2024-05-12T08:20:35.584+0000] {dag.py:3834} INFO - Setting next_dagrun for latest_only_with_trigger to 2024-05-12 04:00:00+00:00, run_after=2024-05-12 08:00:00+00:00
[2024-05-12T08:20:35.601+0000] {processor.py:183} INFO - Processing /home/airflow/.local/lib/python3.8/site-packages/airflow/example_dags/example_latest_only_with_trigger.py took 0.083 seconds
[2024-05-12T08:21:05.620+0000] {processor.py:161} INFO - Started process (PID=114) to work on /home/airflow/.local/lib/python3.8/site-packages/airflow/example_dags/example_latest_only_with_trigger.py
[2024-05-12T08:21:05.621+0000] {processor.py:830} INFO - Processing file /home/airflow/.local/lib/python3.8/site-packages/airflow/example_dags/example_latest_only_with_trigger.py for tasks to queue
[2024-05-12T08:21:05.623+0000] {logging_mixin.py:188} INFO - [2024-05-12T08:21:05.623+0000] {dagbag.py:540} INFO - Filling up the DagBag from /home/airflow/.local/lib/python3.8/site-packages/airflow/example_dags/example_latest_only_with_trigger.py
[2024-05-12T08:21:05.629+0000] {processor.py:840} INFO - DAG(s) 'latest_only_with_trigger' retrieved from /home/airflow/.local/lib/python3.8/site-packages/airflow/example_dags/example_latest_only_with_trigger.py
[2024-05-12T08:21:05.650+0000] {logging_mixin.py:188} INFO - [2024-05-12T08:21:05.650+0000] {dag.py:3047} INFO - Sync 1 DAGs
[2024-05-12T08:21:05.675+0000] {logging_mixin.py:188} INFO - [2024-05-12T08:21:05.674+0000] {dag.py:3834} INFO - Setting next_dagrun for latest_only_with_trigger to 2024-05-12 04:00:00+00:00, run_after=2024-05-12 08:00:00+00:00
[2024-05-12T08:21:05.697+0000] {processor.py:183} INFO - Processing /home/airflow/.local/lib/python3.8/site-packages/airflow/example_dags/example_latest_only_with_trigger.py took 0.081 seconds
[2024-05-12T08:21:35.900+0000] {processor.py:161} INFO - Started process (PID=167) to work on /home/airflow/.local/lib/python3.8/site-packages/airflow/example_dags/example_latest_only_with_trigger.py
[2024-05-12T08:21:35.901+0000] {processor.py:830} INFO - Processing file /home/airflow/.local/lib/python3.8/site-packages/airflow/example_dags/example_latest_only_with_trigger.py for tasks to queue
[2024-05-12T08:21:35.902+0000] {logging_mixin.py:188} INFO - [2024-05-12T08:21:35.902+0000] {dagbag.py:540} INFO - Filling up the DagBag from /home/airflow/.local/lib/python3.8/site-packages/airflow/example_dags/example_latest_only_with_trigger.py
[2024-05-12T08:21:35.908+0000] {processor.py:840} INFO - DAG(s) 'latest_only_with_trigger' retrieved from /home/airflow/.local/lib/python3.8/site-packages/airflow/example_dags/example_latest_only_with_trigger.py
[2024-05-12T08:21:35.930+0000] {logging_mixin.py:188} INFO - [2024-05-12T08:21:35.930+0000] {dag.py:3047} INFO - Sync 1 DAGs
[2024-05-12T08:21:35.954+0000] {logging_mixin.py:188} INFO - [2024-05-12T08:21:35.953+0000] {dag.py:3834} INFO - Setting next_dagrun for latest_only_with_trigger to 2024-05-12 04:00:00+00:00, run_after=2024-05-12 08:00:00+00:00
[2024-05-12T08:21:35.977+0000] {processor.py:183} INFO - Processing /home/airflow/.local/lib/python3.8/site-packages/airflow/example_dags/example_latest_only_with_trigger.py took 0.081 seconds
[2024-05-12T08:22:06.115+0000] {processor.py:161} INFO - Started process (PID=222) to work on /home/airflow/.local/lib/python3.8/site-packages/airflow/example_dags/example_latest_only_with_trigger.py
[2024-05-12T08:22:06.118+0000] {processor.py:830} INFO - Processing file /home/airflow/.local/lib/python3.8/site-packages/airflow/example_dags/example_latest_only_with_trigger.py for tasks to queue
[2024-05-12T08:22:06.120+0000] {logging_mixin.py:188} INFO - [2024-05-12T08:22:06.119+0000] {dagbag.py:540} INFO - Filling up the DagBag from /home/airflow/.local/lib/python3.8/site-packages/airflow/example_dags/example_latest_only_with_trigger.py
[2024-05-12T08:22:06.127+0000] {processor.py:840} INFO - DAG(s) 'latest_only_with_trigger' retrieved from /home/airflow/.local/lib/python3.8/site-packages/airflow/example_dags/example_latest_only_with_trigger.py
[2024-05-12T08:22:06.156+0000] {logging_mixin.py:188} INFO - [2024-05-12T08:22:06.156+0000] {dag.py:3047} INFO - Sync 1 DAGs
[2024-05-12T08:22:06.183+0000] {logging_mixin.py:188} INFO - [2024-05-12T08:22:06.183+0000] {dag.py:3834} INFO - Setting next_dagrun for latest_only_with_trigger to 2024-05-12 04:00:00+00:00, run_after=2024-05-12 08:00:00+00:00
[2024-05-12T08:22:06.201+0000] {processor.py:183} INFO - Processing /home/airflow/.local/lib/python3.8/site-packages/airflow/example_dags/example_latest_only_with_trigger.py took 0.090 seconds
[2024-05-12T08:22:36.680+0000] {processor.py:161} INFO - Started process (PID=276) to work on /home/airflow/.local/lib/python3.8/site-packages/airflow/example_dags/example_latest_only_with_trigger.py
[2024-05-12T08:22:36.682+0000] {processor.py:830} INFO - Processing file /home/airflow/.local/lib/python3.8/site-packages/airflow/example_dags/example_latest_only_with_trigger.py for tasks to queue
[2024-05-12T08:22:36.683+0000] {logging_mixin.py:188} INFO - [2024-05-12T08:22:36.683+0000] {dagbag.py:540} INFO - Filling up the DagBag from /home/airflow/.local/lib/python3.8/site-packages/airflow/example_dags/example_latest_only_with_trigger.py
[2024-05-12T08:22:36.689+0000] {processor.py:840} INFO - DAG(s) 'latest_only_with_trigger' retrieved from /home/airflow/.local/lib/python3.8/site-packages/airflow/example_dags/example_latest_only_with_trigger.py
[2024-05-12T08:22:36.713+0000] {logging_mixin.py:188} INFO - [2024-05-12T08:22:36.712+0000] {dag.py:3047} INFO - Sync 1 DAGs
[2024-05-12T08:22:36.737+0000] {logging_mixin.py:188} INFO - [2024-05-12T08:22:36.737+0000] {dag.py:3834} INFO - Setting next_dagrun for latest_only_with_trigger to 2024-05-12 04:00:00+00:00, run_after=2024-05-12 08:00:00+00:00
[2024-05-12T08:22:36.755+0000] {processor.py:183} INFO - Processing /home/airflow/.local/lib/python3.8/site-packages/airflow/example_dags/example_latest_only_with_trigger.py took 0.079 seconds
[2024-05-12T08:23:07.530+0000] {processor.py:161} INFO - Started process (PID=331) to work on /home/airflow/.local/lib/python3.8/site-packages/airflow/example_dags/example_latest_only_with_trigger.py
[2024-05-12T08:23:07.532+0000] {processor.py:830} INFO - Processing file /home/airflow/.local/lib/python3.8/site-packages/airflow/example_dags/example_latest_only_with_trigger.py for tasks to queue
[2024-05-12T08:23:07.534+0000] {logging_mixin.py:188} INFO - [2024-05-12T08:23:07.533+0000] {dagbag.py:540} INFO - Filling up the DagBag from /home/airflow/.local/lib/python3.8/site-packages/airflow/example_dags/example_latest_only_with_trigger.py
[2024-05-12T08:23:07.539+0000] {processor.py:840} INFO - DAG(s) 'latest_only_with_trigger' retrieved from /home/airflow/.local/lib/python3.8/site-packages/airflow/example_dags/example_latest_only_with_trigger.py
[2024-05-12T08:23:07.564+0000] {logging_mixin.py:188} INFO - [2024-05-12T08:23:07.564+0000] {dag.py:3047} INFO - Sync 1 DAGs
[2024-05-12T08:23:07.595+0000] {logging_mixin.py:188} INFO - [2024-05-12T08:23:07.595+0000] {dag.py:3834} INFO - Setting next_dagrun for latest_only_with_trigger to 2024-05-12 04:00:00+00:00, run_after=2024-05-12 08:00:00+00:00
[2024-05-12T08:23:07.678+0000] {processor.py:183} INFO - Processing /home/airflow/.local/lib/python3.8/site-packages/airflow/example_dags/example_latest_only_with_trigger.py took 0.152 seconds
[2024-05-12T08:23:38.046+0000] {processor.py:161} INFO - Started process (PID=386) to work on /home/airflow/.local/lib/python3.8/site-packages/airflow/example_dags/example_latest_only_with_trigger.py
[2024-05-12T08:23:38.048+0000] {processor.py:830} INFO - Processing file /home/airflow/.local/lib/python3.8/site-packages/airflow/example_dags/example_latest_only_with_trigger.py for tasks to queue
[2024-05-12T08:23:38.050+0000] {logging_mixin.py:188} INFO - [2024-05-12T08:23:38.050+0000] {dagbag.py:540} INFO - Filling up the DagBag from /home/airflow/.local/lib/python3.8/site-packages/airflow/example_dags/example_latest_only_with_trigger.py
[2024-05-12T08:23:38.057+0000] {processor.py:840} INFO - DAG(s) 'latest_only_with_trigger' retrieved from /home/airflow/.local/lib/python3.8/site-packages/airflow/example_dags/example_latest_only_with_trigger.py
[2024-05-12T08:23:38.070+0000] {logging_mixin.py:188} INFO - [2024-05-12T08:23:38.069+0000] {dag.py:3047} INFO - Sync 1 DAGs
[2024-05-12T08:23:38.095+0000] {logging_mixin.py:188} INFO - [2024-05-12T08:23:38.095+0000] {dag.py:3834} INFO - Setting next_dagrun for latest_only_with_trigger to 2024-05-12 04:00:00+00:00, run_after=2024-05-12 08:00:00+00:00
[2024-05-12T08:23:38.115+0000] {processor.py:183} INFO - Processing /home/airflow/.local/lib/python3.8/site-packages/airflow/example_dags/example_latest_only_with_trigger.py took 0.072 seconds
[2024-05-12T08:24:08.463+0000] {processor.py:161} INFO - Started process (PID=442) to work on /home/airflow/.local/lib/python3.8/site-packages/airflow/example_dags/example_latest_only_with_trigger.py
[2024-05-12T08:24:08.465+0000] {processor.py:830} INFO - Processing file /home/airflow/.local/lib/python3.8/site-packages/airflow/example_dags/example_latest_only_with_trigger.py for tasks to queue
[2024-05-12T08:24:08.467+0000] {logging_mixin.py:188} INFO - [2024-05-12T08:24:08.467+0000] {dagbag.py:540} INFO - Filling up the DagBag from /home/airflow/.local/lib/python3.8/site-packages/airflow/example_dags/example_latest_only_with_trigger.py
[2024-05-12T08:24:08.473+0000] {processor.py:840} INFO - DAG(s) 'latest_only_with_trigger' retrieved from /home/airflow/.local/lib/python3.8/site-packages/airflow/example_dags/example_latest_only_with_trigger.py
[2024-05-12T08:24:08.588+0000] {logging_mixin.py:188} INFO - [2024-05-12T08:24:08.588+0000] {dag.py:3047} INFO - Sync 1 DAGs
[2024-05-12T08:24:08.612+0000] {logging_mixin.py:188} INFO - [2024-05-12T08:24:08.612+0000] {dag.py:3834} INFO - Setting next_dagrun for latest_only_with_trigger to 2024-05-12 04:00:00+00:00, run_after=2024-05-12 08:00:00+00:00
[2024-05-12T08:24:08.635+0000] {processor.py:183} INFO - Processing /home/airflow/.local/lib/python3.8/site-packages/airflow/example_dags/example_latest_only_with_trigger.py took 0.175 seconds
[2024-05-12T08:24:38.724+0000] {processor.py:161} INFO - Started process (PID=497) to work on /home/airflow/.local/lib/python3.8/site-packages/airflow/example_dags/example_latest_only_with_trigger.py
[2024-05-12T08:24:38.725+0000] {processor.py:830} INFO - Processing file /home/airflow/.local/lib/python3.8/site-packages/airflow/example_dags/example_latest_only_with_trigger.py for tasks to queue
[2024-05-12T08:24:38.727+0000] {logging_mixin.py:188} INFO - [2024-05-12T08:24:38.727+0000] {dagbag.py:540} INFO - Filling up the DagBag from /home/airflow/.local/lib/python3.8/site-packages/airflow/example_dags/example_latest_only_with_trigger.py
[2024-05-12T08:24:38.733+0000] {processor.py:840} INFO - DAG(s) 'latest_only_with_trigger' retrieved from /home/airflow/.local/lib/python3.8/site-packages/airflow/example_dags/example_latest_only_with_trigger.py
[2024-05-12T08:24:38.753+0000] {logging_mixin.py:188} INFO - [2024-05-12T08:24:38.753+0000] {dag.py:3047} INFO - Sync 1 DAGs
[2024-05-12T08:24:38.776+0000] {logging_mixin.py:188} INFO - [2024-05-12T08:24:38.776+0000] {dag.py:3834} INFO - Setting next_dagrun for latest_only_with_trigger to 2024-05-12 04:00:00+00:00, run_after=2024-05-12 08:00:00+00:00
[2024-05-12T08:24:38.793+0000] {processor.py:183} INFO - Processing /home/airflow/.local/lib/python3.8/site-packages/airflow/example_dags/example_latest_only_with_trigger.py took 0.073 seconds
[2024-05-12T08:25:08.816+0000] {processor.py:161} INFO - Started process (PID=552) to work on /home/airflow/.local/lib/python3.8/site-packages/airflow/example_dags/example_latest_only_with_trigger.py
[2024-05-12T08:25:08.817+0000] {processor.py:830} INFO - Processing file /home/airflow/.local/lib/python3.8/site-packages/airflow/example_dags/example_latest_only_with_trigger.py for tasks to queue
[2024-05-12T08:25:08.818+0000] {logging_mixin.py:188} INFO - [2024-05-12T08:25:08.818+0000] {dagbag.py:540} INFO - Filling up the DagBag from /home/airflow/.local/lib/python3.8/site-packages/airflow/example_dags/example_latest_only_with_trigger.py
[2024-05-12T08:25:08.825+0000] {processor.py:840} INFO - DAG(s) 'latest_only_with_trigger' retrieved from /home/airflow/.local/lib/python3.8/site-packages/airflow/example_dags/example_latest_only_with_trigger.py
[2024-05-12T08:25:08.846+0000] {logging_mixin.py:188} INFO - [2024-05-12T08:25:08.846+0000] {dag.py:3047} INFO - Sync 1 DAGs
[2024-05-12T08:25:08.869+0000] {logging_mixin.py:188} INFO - [2024-05-12T08:25:08.869+0000] {dag.py:3834} INFO - Setting next_dagrun for latest_only_with_trigger to 2024-05-12 04:00:00+00:00, run_after=2024-05-12 08:00:00+00:00
[2024-05-12T08:25:08.895+0000] {processor.py:183} INFO - Processing /home/airflow/.local/lib/python3.8/site-packages/airflow/example_dags/example_latest_only_with_trigger.py took 0.083 seconds
[2024-05-12T08:25:38.994+0000] {processor.py:161} INFO - Started process (PID=607) to work on /home/airflow/.local/lib/python3.8/site-packages/airflow/example_dags/example_latest_only_with_trigger.py
[2024-05-12T08:25:38.996+0000] {processor.py:830} INFO - Processing file /home/airflow/.local/lib/python3.8/site-packages/airflow/example_dags/example_latest_only_with_trigger.py for tasks to queue
[2024-05-12T08:25:38.997+0000] {logging_mixin.py:188} INFO - [2024-05-12T08:25:38.997+0000] {dagbag.py:540} INFO - Filling up the DagBag from /home/airflow/.local/lib/python3.8/site-packages/airflow/example_dags/example_latest_only_with_trigger.py
[2024-05-12T08:25:39.003+0000] {processor.py:840} INFO - DAG(s) 'latest_only_with_trigger' retrieved from /home/airflow/.local/lib/python3.8/site-packages/airflow/example_dags/example_latest_only_with_trigger.py
[2024-05-12T08:25:39.025+0000] {logging_mixin.py:188} INFO - [2024-05-12T08:25:39.025+0000] {dag.py:3047} INFO - Sync 1 DAGs
[2024-05-12T08:25:39.047+0000] {logging_mixin.py:188} INFO - [2024-05-12T08:25:39.047+0000] {dag.py:3834} INFO - Setting next_dagrun for latest_only_with_trigger to 2024-05-12 04:00:00+00:00, run_after=2024-05-12 08:00:00+00:00
[2024-05-12T08:25:39.067+0000] {processor.py:183} INFO - Processing /home/airflow/.local/lib/python3.8/site-packages/airflow/example_dags/example_latest_only_with_trigger.py took 0.076 seconds
[2024-05-12T08:26:09.227+0000] {processor.py:161} INFO - Started process (PID=662) to work on /home/airflow/.local/lib/python3.8/site-packages/airflow/example_dags/example_latest_only_with_trigger.py
[2024-05-12T08:26:09.228+0000] {processor.py:830} INFO - Processing file /home/airflow/.local/lib/python3.8/site-packages/airflow/example_dags/example_latest_only_with_trigger.py for tasks to queue
[2024-05-12T08:26:09.231+0000] {logging_mixin.py:188} INFO - [2024-05-12T08:26:09.230+0000] {dagbag.py:540} INFO - Filling up the DagBag from /home/airflow/.local/lib/python3.8/site-packages/airflow/example_dags/example_latest_only_with_trigger.py
[2024-05-12T08:26:09.236+0000] {processor.py:840} INFO - DAG(s) 'latest_only_with_trigger' retrieved from /home/airflow/.local/lib/python3.8/site-packages/airflow/example_dags/example_latest_only_with_trigger.py
[2024-05-12T08:26:09.259+0000] {logging_mixin.py:188} INFO - [2024-05-12T08:26:09.259+0000] {dag.py:3047} INFO - Sync 1 DAGs
[2024-05-12T08:26:09.283+0000] {logging_mixin.py:188} INFO - [2024-05-12T08:26:09.283+0000] {dag.py:3834} INFO - Setting next_dagrun for latest_only_with_trigger to 2024-05-12 04:00:00+00:00, run_after=2024-05-12 08:00:00+00:00
[2024-05-12T08:26:09.301+0000] {processor.py:183} INFO - Processing /home/airflow/.local/lib/python3.8/site-packages/airflow/example_dags/example_latest_only_with_trigger.py took 0.078 seconds
[2024-05-12T08:26:39.416+0000] {processor.py:161} INFO - Started process (PID=718) to work on /home/airflow/.local/lib/python3.8/site-packages/airflow/example_dags/example_latest_only_with_trigger.py
[2024-05-12T08:26:39.418+0000] {processor.py:830} INFO - Processing file /home/airflow/.local/lib/python3.8/site-packages/airflow/example_dags/example_latest_only_with_trigger.py for tasks to queue
[2024-05-12T08:26:39.420+0000] {logging_mixin.py:188} INFO - [2024-05-12T08:26:39.419+0000] {dagbag.py:540} INFO - Filling up the DagBag from /home/airflow/.local/lib/python3.8/site-packages/airflow/example_dags/example_latest_only_with_trigger.py
[2024-05-12T08:26:39.426+0000] {processor.py:840} INFO - DAG(s) 'latest_only_with_trigger' retrieved from /home/airflow/.local/lib/python3.8/site-packages/airflow/example_dags/example_latest_only_with_trigger.py
[2024-05-12T08:26:39.447+0000] {logging_mixin.py:188} INFO - [2024-05-12T08:26:39.446+0000] {dag.py:3047} INFO - Sync 1 DAGs
[2024-05-12T08:26:39.476+0000] {logging_mixin.py:188} INFO - [2024-05-12T08:26:39.476+0000] {dag.py:3834} INFO - Setting next_dagrun for latest_only_with_trigger to 2024-05-12 04:00:00+00:00, run_after=2024-05-12 08:00:00+00:00
[2024-05-12T08:26:39.503+0000] {processor.py:183} INFO - Processing /home/airflow/.local/lib/python3.8/site-packages/airflow/example_dags/example_latest_only_with_trigger.py took 0.091 seconds
[2024-05-12T08:27:10.256+0000] {processor.py:161} INFO - Started process (PID=773) to work on /home/airflow/.local/lib/python3.8/site-packages/airflow/example_dags/example_latest_only_with_trigger.py
[2024-05-12T08:27:10.258+0000] {processor.py:830} INFO - Processing file /home/airflow/.local/lib/python3.8/site-packages/airflow/example_dags/example_latest_only_with_trigger.py for tasks to queue
[2024-05-12T08:27:10.260+0000] {logging_mixin.py:188} INFO - [2024-05-12T08:27:10.260+0000] {dagbag.py:540} INFO - Filling up the DagBag from /home/airflow/.local/lib/python3.8/site-packages/airflow/example_dags/example_latest_only_with_trigger.py
[2024-05-12T08:27:10.268+0000] {processor.py:840} INFO - DAG(s) 'latest_only_with_trigger' retrieved from /home/airflow/.local/lib/python3.8/site-packages/airflow/example_dags/example_latest_only_with_trigger.py
[2024-05-12T08:27:10.297+0000] {logging_mixin.py:188} INFO - [2024-05-12T08:27:10.297+0000] {dag.py:3047} INFO - Sync 1 DAGs
[2024-05-12T08:27:10.327+0000] {logging_mixin.py:188} INFO - [2024-05-12T08:27:10.327+0000] {dag.py:3834} INFO - Setting next_dagrun for latest_only_with_trigger to 2024-05-12 04:00:00+00:00, run_after=2024-05-12 08:00:00+00:00
[2024-05-12T08:27:10.360+0000] {processor.py:183} INFO - Processing /home/airflow/.local/lib/python3.8/site-packages/airflow/example_dags/example_latest_only_with_trigger.py took 0.108 seconds
[2024-05-12T08:27:40.463+0000] {processor.py:161} INFO - Started process (PID=828) to work on /home/airflow/.local/lib/python3.8/site-packages/airflow/example_dags/example_latest_only_with_trigger.py
[2024-05-12T08:27:40.464+0000] {processor.py:830} INFO - Processing file /home/airflow/.local/lib/python3.8/site-packages/airflow/example_dags/example_latest_only_with_trigger.py for tasks to queue
[2024-05-12T08:27:40.466+0000] {logging_mixin.py:188} INFO - [2024-05-12T08:27:40.466+0000] {dagbag.py:540} INFO - Filling up the DagBag from /home/airflow/.local/lib/python3.8/site-packages/airflow/example_dags/example_latest_only_with_trigger.py
[2024-05-12T08:27:40.472+0000] {processor.py:840} INFO - DAG(s) 'latest_only_with_trigger' retrieved from /home/airflow/.local/lib/python3.8/site-packages/airflow/example_dags/example_latest_only_with_trigger.py
[2024-05-12T08:27:40.495+0000] {logging_mixin.py:188} INFO - [2024-05-12T08:27:40.495+0000] {dag.py:3047} INFO - Sync 1 DAGs
[2024-05-12T08:27:40.519+0000] {logging_mixin.py:188} INFO - [2024-05-12T08:27:40.519+0000] {dag.py:3834} INFO - Setting next_dagrun for latest_only_with_trigger to 2024-05-12 04:00:00+00:00, run_after=2024-05-12 08:00:00+00:00
[2024-05-12T08:27:40.543+0000] {processor.py:183} INFO - Processing /home/airflow/.local/lib/python3.8/site-packages/airflow/example_dags/example_latest_only_with_trigger.py took 0.084 seconds
[2024-05-12T08:28:10.725+0000] {processor.py:161} INFO - Started process (PID=884) to work on /home/airflow/.local/lib/python3.8/site-packages/airflow/example_dags/example_latest_only_with_trigger.py
[2024-05-12T08:28:10.726+0000] {processor.py:830} INFO - Processing file /home/airflow/.local/lib/python3.8/site-packages/airflow/example_dags/example_latest_only_with_trigger.py for tasks to queue
[2024-05-12T08:28:10.729+0000] {logging_mixin.py:188} INFO - [2024-05-12T08:28:10.728+0000] {dagbag.py:540} INFO - Filling up the DagBag from /home/airflow/.local/lib/python3.8/site-packages/airflow/example_dags/example_latest_only_with_trigger.py
[2024-05-12T08:28:10.736+0000] {processor.py:840} INFO - DAG(s) 'latest_only_with_trigger' retrieved from /home/airflow/.local/lib/python3.8/site-packages/airflow/example_dags/example_latest_only_with_trigger.py
[2024-05-12T08:28:10.760+0000] {logging_mixin.py:188} INFO - [2024-05-12T08:28:10.760+0000] {dag.py:3047} INFO - Sync 1 DAGs
[2024-05-12T08:28:10.785+0000] {logging_mixin.py:188} INFO - [2024-05-12T08:28:10.785+0000] {dag.py:3834} INFO - Setting next_dagrun for latest_only_with_trigger to 2024-05-12 04:00:00+00:00, run_after=2024-05-12 08:00:00+00:00
[2024-05-12T08:28:10.808+0000] {processor.py:183} INFO - Processing /home/airflow/.local/lib/python3.8/site-packages/airflow/example_dags/example_latest_only_with_trigger.py took 0.088 seconds
[2024-05-12T08:28:40.947+0000] {processor.py:161} INFO - Started process (PID=939) to work on /home/airflow/.local/lib/python3.8/site-packages/airflow/example_dags/example_latest_only_with_trigger.py
[2024-05-12T08:28:40.948+0000] {processor.py:830} INFO - Processing file /home/airflow/.local/lib/python3.8/site-packages/airflow/example_dags/example_latest_only_with_trigger.py for tasks to queue
[2024-05-12T08:28:40.950+0000] {logging_mixin.py:188} INFO - [2024-05-12T08:28:40.950+0000] {dagbag.py:540} INFO - Filling up the DagBag from /home/airflow/.local/lib/python3.8/site-packages/airflow/example_dags/example_latest_only_with_trigger.py
[2024-05-12T08:28:40.957+0000] {processor.py:840} INFO - DAG(s) 'latest_only_with_trigger' retrieved from /home/airflow/.local/lib/python3.8/site-packages/airflow/example_dags/example_latest_only_with_trigger.py
[2024-05-12T08:28:40.979+0000] {logging_mixin.py:188} INFO - [2024-05-12T08:28:40.978+0000] {dag.py:3047} INFO - Sync 1 DAGs
[2024-05-12T08:28:41.001+0000] {logging_mixin.py:188} INFO - [2024-05-12T08:28:41.001+0000] {dag.py:3834} INFO - Setting next_dagrun for latest_only_with_trigger to 2024-05-12 04:00:00+00:00, run_after=2024-05-12 08:00:00+00:00
[2024-05-12T08:28:41.019+0000] {processor.py:183} INFO - Processing /home/airflow/.local/lib/python3.8/site-packages/airflow/example_dags/example_latest_only_with_trigger.py took 0.076 seconds
