[2024-05-12T08:20:43.783+0000] {processor.py:161} INFO - Started process (PID=91) to work on /home/airflow/.local/lib/python3.8/site-packages/airflow/example_dags/example_branch_python_dop_operator_3.py
[2024-05-12T08:20:43.784+0000] {processor.py:830} INFO - Processing file /home/airflow/.local/lib/python3.8/site-packages/airflow/example_dags/example_branch_python_dop_operator_3.py for tasks to queue
[2024-05-12T08:20:43.786+0000] {logging_mixin.py:188} INFO - [2024-05-12T08:20:43.786+0000] {dagbag.py:540} INFO - Filling up the DagBag from /home/airflow/.local/lib/python3.8/site-packages/airflow/example_dags/example_branch_python_dop_operator_3.py
[2024-05-12T08:20:43.801+0000] {processor.py:840} INFO - DAG(s) 'example_branch_dop_operator_v3' retrieved from /home/airflow/.local/lib/python3.8/site-packages/airflow/example_dags/example_branch_python_dop_operator_3.py
[2024-05-12T08:20:43.837+0000] {logging_mixin.py:188} INFO - [2024-05-12T08:20:43.837+0000] {dag.py:3047} INFO - Sync 1 DAGs
[2024-05-12T08:20:43.876+0000] {logging_mixin.py:188} INFO - [2024-05-12T08:20:43.876+0000] {dag.py:3834} INFO - Setting next_dagrun for example_branch_dop_operator_v3 to 2024-05-12 08:19:00+00:00, run_after=2024-05-12 08:20:00+00:00
[2024-05-12T08:20:43.898+0000] {processor.py:183} INFO - Processing /home/airflow/.local/lib/python3.8/site-packages/airflow/example_dags/example_branch_python_dop_operator_3.py took 0.120 seconds
[2024-05-12T08:21:14.119+0000] {processor.py:161} INFO - Started process (PID=147) to work on /home/airflow/.local/lib/python3.8/site-packages/airflow/example_dags/example_branch_python_dop_operator_3.py
[2024-05-12T08:21:14.120+0000] {processor.py:830} INFO - Processing file /home/airflow/.local/lib/python3.8/site-packages/airflow/example_dags/example_branch_python_dop_operator_3.py for tasks to queue
[2024-05-12T08:21:14.122+0000] {logging_mixin.py:188} INFO - [2024-05-12T08:21:14.122+0000] {dagbag.py:540} INFO - Filling up the DagBag from /home/airflow/.local/lib/python3.8/site-packages/airflow/example_dags/example_branch_python_dop_operator_3.py
[2024-05-12T08:21:14.132+0000] {processor.py:840} INFO - DAG(s) 'example_branch_dop_operator_v3' retrieved from /home/airflow/.local/lib/python3.8/site-packages/airflow/example_dags/example_branch_python_dop_operator_3.py
[2024-05-12T08:21:14.156+0000] {logging_mixin.py:188} INFO - [2024-05-12T08:21:14.155+0000] {dag.py:3047} INFO - Sync 1 DAGs
[2024-05-12T08:21:14.186+0000] {logging_mixin.py:188} INFO - [2024-05-12T08:21:14.185+0000] {dag.py:3834} INFO - Setting next_dagrun for example_branch_dop_operator_v3 to 2024-05-12 08:20:00+00:00, run_after=2024-05-12 08:21:00+00:00
[2024-05-12T08:21:14.209+0000] {processor.py:183} INFO - Processing /home/airflow/.local/lib/python3.8/site-packages/airflow/example_dags/example_branch_python_dop_operator_3.py took 0.094 seconds
[2024-05-12T08:21:45.259+0000] {processor.py:161} INFO - Started process (PID=202) to work on /home/airflow/.local/lib/python3.8/site-packages/airflow/example_dags/example_branch_python_dop_operator_3.py
[2024-05-12T08:21:45.263+0000] {processor.py:830} INFO - Processing file /home/airflow/.local/lib/python3.8/site-packages/airflow/example_dags/example_branch_python_dop_operator_3.py for tasks to queue
[2024-05-12T08:21:45.265+0000] {logging_mixin.py:188} INFO - [2024-05-12T08:21:45.265+0000] {dagbag.py:540} INFO - Filling up the DagBag from /home/airflow/.local/lib/python3.8/site-packages/airflow/example_dags/example_branch_python_dop_operator_3.py
[2024-05-12T08:21:45.277+0000] {processor.py:840} INFO - DAG(s) 'example_branch_dop_operator_v3' retrieved from /home/airflow/.local/lib/python3.8/site-packages/airflow/example_dags/example_branch_python_dop_operator_3.py
[2024-05-12T08:21:45.300+0000] {logging_mixin.py:188} INFO - [2024-05-12T08:21:45.300+0000] {dag.py:3047} INFO - Sync 1 DAGs
[2024-05-12T08:21:45.342+0000] {logging_mixin.py:188} INFO - [2024-05-12T08:21:45.342+0000] {dag.py:3834} INFO - Setting next_dagrun for example_branch_dop_operator_v3 to 2024-05-12 08:20:00+00:00, run_after=2024-05-12 08:21:00+00:00
[2024-05-12T08:21:45.371+0000] {processor.py:183} INFO - Processing /home/airflow/.local/lib/python3.8/site-packages/airflow/example_dags/example_branch_python_dop_operator_3.py took 0.117 seconds
[2024-05-12T08:22:15.834+0000] {processor.py:161} INFO - Started process (PID=257) to work on /home/airflow/.local/lib/python3.8/site-packages/airflow/example_dags/example_branch_python_dop_operator_3.py
[2024-05-12T08:22:15.835+0000] {processor.py:830} INFO - Processing file /home/airflow/.local/lib/python3.8/site-packages/airflow/example_dags/example_branch_python_dop_operator_3.py for tasks to queue
[2024-05-12T08:22:15.838+0000] {logging_mixin.py:188} INFO - [2024-05-12T08:22:15.837+0000] {dagbag.py:540} INFO - Filling up the DagBag from /home/airflow/.local/lib/python3.8/site-packages/airflow/example_dags/example_branch_python_dop_operator_3.py
[2024-05-12T08:22:15.851+0000] {processor.py:840} INFO - DAG(s) 'example_branch_dop_operator_v3' retrieved from /home/airflow/.local/lib/python3.8/site-packages/airflow/example_dags/example_branch_python_dop_operator_3.py
[2024-05-12T08:22:15.879+0000] {logging_mixin.py:188} INFO - [2024-05-12T08:22:15.878+0000] {dag.py:3047} INFO - Sync 1 DAGs
[2024-05-12T08:22:15.916+0000] {logging_mixin.py:188} INFO - [2024-05-12T08:22:15.916+0000] {dag.py:3834} INFO - Setting next_dagrun for example_branch_dop_operator_v3 to 2024-05-12 08:21:00+00:00, run_after=2024-05-12 08:22:00+00:00
[2024-05-12T08:22:15.940+0000] {processor.py:183} INFO - Processing /home/airflow/.local/lib/python3.8/site-packages/airflow/example_dags/example_branch_python_dop_operator_3.py took 0.111 seconds
[2024-05-12T08:22:46.733+0000] {processor.py:161} INFO - Started process (PID=311) to work on /home/airflow/.local/lib/python3.8/site-packages/airflow/example_dags/example_branch_python_dop_operator_3.py
[2024-05-12T08:22:46.734+0000] {processor.py:830} INFO - Processing file /home/airflow/.local/lib/python3.8/site-packages/airflow/example_dags/example_branch_python_dop_operator_3.py for tasks to queue
[2024-05-12T08:22:46.736+0000] {logging_mixin.py:188} INFO - [2024-05-12T08:22:46.736+0000] {dagbag.py:540} INFO - Filling up the DagBag from /home/airflow/.local/lib/python3.8/site-packages/airflow/example_dags/example_branch_python_dop_operator_3.py
[2024-05-12T08:22:46.749+0000] {processor.py:840} INFO - DAG(s) 'example_branch_dop_operator_v3' retrieved from /home/airflow/.local/lib/python3.8/site-packages/airflow/example_dags/example_branch_python_dop_operator_3.py
[2024-05-12T08:22:46.771+0000] {logging_mixin.py:188} INFO - [2024-05-12T08:22:46.771+0000] {dag.py:3047} INFO - Sync 1 DAGs
[2024-05-12T08:22:46.803+0000] {logging_mixin.py:188} INFO - [2024-05-12T08:22:46.802+0000] {dag.py:3834} INFO - Setting next_dagrun for example_branch_dop_operator_v3 to 2024-05-12 08:21:00+00:00, run_after=2024-05-12 08:22:00+00:00
[2024-05-12T08:22:46.826+0000] {processor.py:183} INFO - Processing /home/airflow/.local/lib/python3.8/site-packages/airflow/example_dags/example_branch_python_dop_operator_3.py took 0.097 seconds
[2024-05-12T08:23:17.287+0000] {processor.py:161} INFO - Started process (PID=366) to work on /home/airflow/.local/lib/python3.8/site-packages/airflow/example_dags/example_branch_python_dop_operator_3.py
[2024-05-12T08:23:17.289+0000] {processor.py:830} INFO - Processing file /home/airflow/.local/lib/python3.8/site-packages/airflow/example_dags/example_branch_python_dop_operator_3.py for tasks to queue
[2024-05-12T08:23:17.291+0000] {logging_mixin.py:188} INFO - [2024-05-12T08:23:17.291+0000] {dagbag.py:540} INFO - Filling up the DagBag from /home/airflow/.local/lib/python3.8/site-packages/airflow/example_dags/example_branch_python_dop_operator_3.py
[2024-05-12T08:23:17.304+0000] {processor.py:840} INFO - DAG(s) 'example_branch_dop_operator_v3' retrieved from /home/airflow/.local/lib/python3.8/site-packages/airflow/example_dags/example_branch_python_dop_operator_3.py
[2024-05-12T08:23:17.325+0000] {logging_mixin.py:188} INFO - [2024-05-12T08:23:17.324+0000] {dag.py:3047} INFO - Sync 1 DAGs
[2024-05-12T08:23:17.358+0000] {logging_mixin.py:188} INFO - [2024-05-12T08:23:17.358+0000] {dag.py:3834} INFO - Setting next_dagrun for example_branch_dop_operator_v3 to 2024-05-12 08:22:00+00:00, run_after=2024-05-12 08:23:00+00:00
[2024-05-12T08:23:17.388+0000] {processor.py:183} INFO - Processing /home/airflow/.local/lib/python3.8/site-packages/airflow/example_dags/example_branch_python_dop_operator_3.py took 0.106 seconds
[2024-05-12T08:23:48.291+0000] {processor.py:161} INFO - Started process (PID=421) to work on /home/airflow/.local/lib/python3.8/site-packages/airflow/example_dags/example_branch_python_dop_operator_3.py
[2024-05-12T08:23:48.293+0000] {processor.py:830} INFO - Processing file /home/airflow/.local/lib/python3.8/site-packages/airflow/example_dags/example_branch_python_dop_operator_3.py for tasks to queue
[2024-05-12T08:23:48.295+0000] {logging_mixin.py:188} INFO - [2024-05-12T08:23:48.295+0000] {dagbag.py:540} INFO - Filling up the DagBag from /home/airflow/.local/lib/python3.8/site-packages/airflow/example_dags/example_branch_python_dop_operator_3.py
[2024-05-12T08:23:48.304+0000] {processor.py:840} INFO - DAG(s) 'example_branch_dop_operator_v3' retrieved from /home/airflow/.local/lib/python3.8/site-packages/airflow/example_dags/example_branch_python_dop_operator_3.py
[2024-05-12T08:23:48.418+0000] {logging_mixin.py:188} INFO - [2024-05-12T08:23:48.417+0000] {dag.py:3047} INFO - Sync 1 DAGs
[2024-05-12T08:23:48.443+0000] {logging_mixin.py:188} INFO - [2024-05-12T08:23:48.443+0000] {dag.py:3834} INFO - Setting next_dagrun for example_branch_dop_operator_v3 to 2024-05-12 08:22:00+00:00, run_after=2024-05-12 08:23:00+00:00
[2024-05-12T08:23:48.463+0000] {processor.py:183} INFO - Processing /home/airflow/.local/lib/python3.8/site-packages/airflow/example_dags/example_branch_python_dop_operator_3.py took 0.175 seconds
[2024-05-12T08:24:18.599+0000] {processor.py:161} INFO - Started process (PID=483) to work on /home/airflow/.local/lib/python3.8/site-packages/airflow/example_dags/example_branch_python_dop_operator_3.py
[2024-05-12T08:24:18.600+0000] {processor.py:830} INFO - Processing file /home/airflow/.local/lib/python3.8/site-packages/airflow/example_dags/example_branch_python_dop_operator_3.py for tasks to queue
[2024-05-12T08:24:18.602+0000] {logging_mixin.py:188} INFO - [2024-05-12T08:24:18.602+0000] {dagbag.py:540} INFO - Filling up the DagBag from /home/airflow/.local/lib/python3.8/site-packages/airflow/example_dags/example_branch_python_dop_operator_3.py
[2024-05-12T08:24:18.614+0000] {processor.py:840} INFO - DAG(s) 'example_branch_dop_operator_v3' retrieved from /home/airflow/.local/lib/python3.8/site-packages/airflow/example_dags/example_branch_python_dop_operator_3.py
[2024-05-12T08:24:18.638+0000] {logging_mixin.py:188} INFO - [2024-05-12T08:24:18.637+0000] {dag.py:3047} INFO - Sync 1 DAGs
[2024-05-12T08:24:18.667+0000] {logging_mixin.py:188} INFO - [2024-05-12T08:24:18.667+0000] {dag.py:3834} INFO - Setting next_dagrun for example_branch_dop_operator_v3 to 2024-05-12 08:23:00+00:00, run_after=2024-05-12 08:24:00+00:00
[2024-05-12T08:24:18.685+0000] {processor.py:183} INFO - Processing /home/airflow/.local/lib/python3.8/site-packages/airflow/example_dags/example_branch_python_dop_operator_3.py took 0.091 seconds
[2024-05-12T08:24:49.019+0000] {processor.py:161} INFO - Started process (PID=538) to work on /home/airflow/.local/lib/python3.8/site-packages/airflow/example_dags/example_branch_python_dop_operator_3.py
[2024-05-12T08:24:49.020+0000] {processor.py:830} INFO - Processing file /home/airflow/.local/lib/python3.8/site-packages/airflow/example_dags/example_branch_python_dop_operator_3.py for tasks to queue
[2024-05-12T08:24:49.022+0000] {logging_mixin.py:188} INFO - [2024-05-12T08:24:49.021+0000] {dagbag.py:540} INFO - Filling up the DagBag from /home/airflow/.local/lib/python3.8/site-packages/airflow/example_dags/example_branch_python_dop_operator_3.py
[2024-05-12T08:24:49.032+0000] {processor.py:840} INFO - DAG(s) 'example_branch_dop_operator_v3' retrieved from /home/airflow/.local/lib/python3.8/site-packages/airflow/example_dags/example_branch_python_dop_operator_3.py
[2024-05-12T08:24:49.051+0000] {logging_mixin.py:188} INFO - [2024-05-12T08:24:49.051+0000] {dag.py:3047} INFO - Sync 1 DAGs
[2024-05-12T08:24:49.078+0000] {logging_mixin.py:188} INFO - [2024-05-12T08:24:49.078+0000] {dag.py:3834} INFO - Setting next_dagrun for example_branch_dop_operator_v3 to 2024-05-12 08:23:00+00:00, run_after=2024-05-12 08:24:00+00:00
[2024-05-12T08:24:49.098+0000] {processor.py:183} INFO - Processing /home/airflow/.local/lib/python3.8/site-packages/airflow/example_dags/example_branch_python_dop_operator_3.py took 0.083 seconds
[2024-05-12T08:25:19.176+0000] {processor.py:161} INFO - Started process (PID=593) to work on /home/airflow/.local/lib/python3.8/site-packages/airflow/example_dags/example_branch_python_dop_operator_3.py
[2024-05-12T08:25:19.178+0000] {processor.py:830} INFO - Processing file /home/airflow/.local/lib/python3.8/site-packages/airflow/example_dags/example_branch_python_dop_operator_3.py for tasks to queue
[2024-05-12T08:25:19.180+0000] {logging_mixin.py:188} INFO - [2024-05-12T08:25:19.179+0000] {dagbag.py:540} INFO - Filling up the DagBag from /home/airflow/.local/lib/python3.8/site-packages/airflow/example_dags/example_branch_python_dop_operator_3.py
[2024-05-12T08:25:19.190+0000] {processor.py:840} INFO - DAG(s) 'example_branch_dop_operator_v3' retrieved from /home/airflow/.local/lib/python3.8/site-packages/airflow/example_dags/example_branch_python_dop_operator_3.py
[2024-05-12T08:25:19.213+0000] {logging_mixin.py:188} INFO - [2024-05-12T08:25:19.213+0000] {dag.py:3047} INFO - Sync 1 DAGs
[2024-05-12T08:25:19.252+0000] {logging_mixin.py:188} INFO - [2024-05-12T08:25:19.251+0000] {dag.py:3834} INFO - Setting next_dagrun for example_branch_dop_operator_v3 to 2024-05-12 08:24:00+00:00, run_after=2024-05-12 08:25:00+00:00
[2024-05-12T08:25:19.278+0000] {processor.py:183} INFO - Processing /home/airflow/.local/lib/python3.8/site-packages/airflow/example_dags/example_branch_python_dop_operator_3.py took 0.105 seconds
[2024-05-12T08:25:49.372+0000] {processor.py:161} INFO - Started process (PID=648) to work on /home/airflow/.local/lib/python3.8/site-packages/airflow/example_dags/example_branch_python_dop_operator_3.py
[2024-05-12T08:25:49.373+0000] {processor.py:830} INFO - Processing file /home/airflow/.local/lib/python3.8/site-packages/airflow/example_dags/example_branch_python_dop_operator_3.py for tasks to queue
[2024-05-12T08:25:49.375+0000] {logging_mixin.py:188} INFO - [2024-05-12T08:25:49.375+0000] {dagbag.py:540} INFO - Filling up the DagBag from /home/airflow/.local/lib/python3.8/site-packages/airflow/example_dags/example_branch_python_dop_operator_3.py
[2024-05-12T08:25:49.387+0000] {processor.py:840} INFO - DAG(s) 'example_branch_dop_operator_v3' retrieved from /home/airflow/.local/lib/python3.8/site-packages/airflow/example_dags/example_branch_python_dop_operator_3.py
[2024-05-12T08:25:49.406+0000] {logging_mixin.py:188} INFO - [2024-05-12T08:25:49.406+0000] {dag.py:3047} INFO - Sync 1 DAGs
[2024-05-12T08:25:49.436+0000] {logging_mixin.py:188} INFO - [2024-05-12T08:25:49.436+0000] {dag.py:3834} INFO - Setting next_dagrun for example_branch_dop_operator_v3 to 2024-05-12 08:24:00+00:00, run_after=2024-05-12 08:25:00+00:00
[2024-05-12T08:25:49.456+0000] {processor.py:183} INFO - Processing /home/airflow/.local/lib/python3.8/site-packages/airflow/example_dags/example_branch_python_dop_operator_3.py took 0.087 seconds
[2024-05-12T08:26:19.613+0000] {processor.py:161} INFO - Started process (PID=704) to work on /home/airflow/.local/lib/python3.8/site-packages/airflow/example_dags/example_branch_python_dop_operator_3.py
[2024-05-12T08:26:19.614+0000] {processor.py:830} INFO - Processing file /home/airflow/.local/lib/python3.8/site-packages/airflow/example_dags/example_branch_python_dop_operator_3.py for tasks to queue
[2024-05-12T08:26:19.616+0000] {logging_mixin.py:188} INFO - [2024-05-12T08:26:19.616+0000] {dagbag.py:540} INFO - Filling up the DagBag from /home/airflow/.local/lib/python3.8/site-packages/airflow/example_dags/example_branch_python_dop_operator_3.py
[2024-05-12T08:26:19.626+0000] {processor.py:840} INFO - DAG(s) 'example_branch_dop_operator_v3' retrieved from /home/airflow/.local/lib/python3.8/site-packages/airflow/example_dags/example_branch_python_dop_operator_3.py
[2024-05-12T08:26:19.648+0000] {logging_mixin.py:188} INFO - [2024-05-12T08:26:19.648+0000] {dag.py:3047} INFO - Sync 1 DAGs
[2024-05-12T08:26:19.679+0000] {logging_mixin.py:188} INFO - [2024-05-12T08:26:19.679+0000] {dag.py:3834} INFO - Setting next_dagrun for example_branch_dop_operator_v3 to 2024-05-12 08:25:00+00:00, run_after=2024-05-12 08:26:00+00:00
[2024-05-12T08:26:19.698+0000] {processor.py:183} INFO - Processing /home/airflow/.local/lib/python3.8/site-packages/airflow/example_dags/example_branch_python_dop_operator_3.py took 0.089 seconds
[2024-05-12T08:26:50.502+0000] {processor.py:161} INFO - Started process (PID=759) to work on /home/airflow/.local/lib/python3.8/site-packages/airflow/example_dags/example_branch_python_dop_operator_3.py
[2024-05-12T08:26:50.503+0000] {processor.py:830} INFO - Processing file /home/airflow/.local/lib/python3.8/site-packages/airflow/example_dags/example_branch_python_dop_operator_3.py for tasks to queue
[2024-05-12T08:26:50.505+0000] {logging_mixin.py:188} INFO - [2024-05-12T08:26:50.505+0000] {dagbag.py:540} INFO - Filling up the DagBag from /home/airflow/.local/lib/python3.8/site-packages/airflow/example_dags/example_branch_python_dop_operator_3.py
[2024-05-12T08:26:50.514+0000] {processor.py:840} INFO - DAG(s) 'example_branch_dop_operator_v3' retrieved from /home/airflow/.local/lib/python3.8/site-packages/airflow/example_dags/example_branch_python_dop_operator_3.py
[2024-05-12T08:26:50.533+0000] {logging_mixin.py:188} INFO - [2024-05-12T08:26:50.533+0000] {dag.py:3047} INFO - Sync 1 DAGs
[2024-05-12T08:26:50.560+0000] {logging_mixin.py:188} INFO - [2024-05-12T08:26:50.560+0000] {dag.py:3834} INFO - Setting next_dagrun for example_branch_dop_operator_v3 to 2024-05-12 08:25:00+00:00, run_after=2024-05-12 08:26:00+00:00
[2024-05-12T08:26:50.585+0000] {processor.py:183} INFO - Processing /home/airflow/.local/lib/python3.8/site-packages/airflow/example_dags/example_branch_python_dop_operator_3.py took 0.087 seconds
[2024-05-12T08:27:21.137+0000] {processor.py:161} INFO - Started process (PID=812) to work on /home/airflow/.local/lib/python3.8/site-packages/airflow/example_dags/example_branch_python_dop_operator_3.py
[2024-05-12T08:27:21.138+0000] {processor.py:830} INFO - Processing file /home/airflow/.local/lib/python3.8/site-packages/airflow/example_dags/example_branch_python_dop_operator_3.py for tasks to queue
[2024-05-12T08:27:21.141+0000] {logging_mixin.py:188} INFO - [2024-05-12T08:27:21.140+0000] {dagbag.py:540} INFO - Filling up the DagBag from /home/airflow/.local/lib/python3.8/site-packages/airflow/example_dags/example_branch_python_dop_operator_3.py
[2024-05-12T08:27:21.154+0000] {processor.py:840} INFO - DAG(s) 'example_branch_dop_operator_v3' retrieved from /home/airflow/.local/lib/python3.8/site-packages/airflow/example_dags/example_branch_python_dop_operator_3.py
[2024-05-12T08:27:21.178+0000] {logging_mixin.py:188} INFO - [2024-05-12T08:27:21.178+0000] {dag.py:3047} INFO - Sync 1 DAGs
[2024-05-12T08:27:21.209+0000] {logging_mixin.py:188} INFO - [2024-05-12T08:27:21.208+0000] {dag.py:3834} INFO - Setting next_dagrun for example_branch_dop_operator_v3 to 2024-05-12 08:26:00+00:00, run_after=2024-05-12 08:27:00+00:00
[2024-05-12T08:27:21.228+0000] {processor.py:183} INFO - Processing /home/airflow/.local/lib/python3.8/site-packages/airflow/example_dags/example_branch_python_dop_operator_3.py took 0.096 seconds
[2024-05-12T08:27:51.601+0000] {processor.py:161} INFO - Started process (PID=868) to work on /home/airflow/.local/lib/python3.8/site-packages/airflow/example_dags/example_branch_python_dop_operator_3.py
[2024-05-12T08:27:51.606+0000] {processor.py:830} INFO - Processing file /home/airflow/.local/lib/python3.8/site-packages/airflow/example_dags/example_branch_python_dop_operator_3.py for tasks to queue
[2024-05-12T08:27:51.607+0000] {logging_mixin.py:188} INFO - [2024-05-12T08:27:51.607+0000] {dagbag.py:540} INFO - Filling up the DagBag from /home/airflow/.local/lib/python3.8/site-packages/airflow/example_dags/example_branch_python_dop_operator_3.py
[2024-05-12T08:27:51.617+0000] {processor.py:840} INFO - DAG(s) 'example_branch_dop_operator_v3' retrieved from /home/airflow/.local/lib/python3.8/site-packages/airflow/example_dags/example_branch_python_dop_operator_3.py
[2024-05-12T08:27:51.638+0000] {logging_mixin.py:188} INFO - [2024-05-12T08:27:51.637+0000] {dag.py:3047} INFO - Sync 1 DAGs
[2024-05-12T08:27:51.667+0000] {logging_mixin.py:188} INFO - [2024-05-12T08:27:51.667+0000] {dag.py:3834} INFO - Setting next_dagrun for example_branch_dop_operator_v3 to 2024-05-12 08:26:00+00:00, run_after=2024-05-12 08:27:00+00:00
[2024-05-12T08:27:51.689+0000] {processor.py:183} INFO - Processing /home/airflow/.local/lib/python3.8/site-packages/airflow/example_dags/example_branch_python_dop_operator_3.py took 0.091 seconds
[2024-05-12T08:28:21.791+0000] {processor.py:161} INFO - Started process (PID=923) to work on /home/airflow/.local/lib/python3.8/site-packages/airflow/example_dags/example_branch_python_dop_operator_3.py
[2024-05-12T08:28:21.793+0000] {processor.py:830} INFO - Processing file /home/airflow/.local/lib/python3.8/site-packages/airflow/example_dags/example_branch_python_dop_operator_3.py for tasks to queue
[2024-05-12T08:28:21.794+0000] {logging_mixin.py:188} INFO - [2024-05-12T08:28:21.794+0000] {dagbag.py:540} INFO - Filling up the DagBag from /home/airflow/.local/lib/python3.8/site-packages/airflow/example_dags/example_branch_python_dop_operator_3.py
[2024-05-12T08:28:21.804+0000] {processor.py:840} INFO - DAG(s) 'example_branch_dop_operator_v3' retrieved from /home/airflow/.local/lib/python3.8/site-packages/airflow/example_dags/example_branch_python_dop_operator_3.py
[2024-05-12T08:28:21.828+0000] {logging_mixin.py:188} INFO - [2024-05-12T08:28:21.828+0000] {dag.py:3047} INFO - Sync 1 DAGs
[2024-05-12T08:28:21.859+0000] {logging_mixin.py:188} INFO - [2024-05-12T08:28:21.859+0000] {dag.py:3834} INFO - Setting next_dagrun for example_branch_dop_operator_v3 to 2024-05-12 08:27:00+00:00, run_after=2024-05-12 08:28:00+00:00
[2024-05-12T08:28:21.878+0000] {processor.py:183} INFO - Processing /home/airflow/.local/lib/python3.8/site-packages/airflow/example_dags/example_branch_python_dop_operator_3.py took 0.091 seconds
