[2024-05-12T08:20:42.275+0000] {processor.py:161} INFO - Started process (PID=73) to work on /home/airflow/.local/lib/python3.8/site-packages/airflow/example_dags/example_bash_operator.py
[2024-05-12T08:20:42.276+0000] {processor.py:830} INFO - Processing file /home/airflow/.local/lib/python3.8/site-packages/airflow/example_dags/example_bash_operator.py for tasks to queue
[2024-05-12T08:20:42.277+0000] {logging_mixin.py:188} INFO - [2024-05-12T08:20:42.277+0000] {dagbag.py:540} INFO - Filling up the DagBag from /home/airflow/.local/lib/python3.8/site-packages/airflow/example_dags/example_bash_operator.py
[2024-05-12T08:20:42.290+0000] {processor.py:840} INFO - DAG(s) 'example_bash_operator' retrieved from /home/airflow/.local/lib/python3.8/site-packages/airflow/example_dags/example_bash_operator.py
[2024-05-12T08:20:42.328+0000] {logging_mixin.py:188} INFO - [2024-05-12T08:20:42.328+0000] {dag.py:3047} INFO - Sync 1 DAGs
[2024-05-12T08:20:42.351+0000] {logging_mixin.py:188} INFO - [2024-05-12T08:20:42.351+0000] {dag.py:3834} INFO - Setting next_dagrun for example_bash_operator to 2024-05-11 00:00:00+00:00, run_after=2024-05-12 00:00:00+00:00
[2024-05-12T08:20:42.371+0000] {processor.py:183} INFO - Processing /home/airflow/.local/lib/python3.8/site-packages/airflow/example_dags/example_bash_operator.py took 0.100 seconds
[2024-05-12T08:21:12.967+0000] {processor.py:161} INFO - Started process (PID=129) to work on /home/airflow/.local/lib/python3.8/site-packages/airflow/example_dags/example_bash_operator.py
[2024-05-12T08:21:12.968+0000] {processor.py:830} INFO - Processing file /home/airflow/.local/lib/python3.8/site-packages/airflow/example_dags/example_bash_operator.py for tasks to queue
[2024-05-12T08:21:12.970+0000] {logging_mixin.py:188} INFO - [2024-05-12T08:21:12.970+0000] {dagbag.py:540} INFO - Filling up the DagBag from /home/airflow/.local/lib/python3.8/site-packages/airflow/example_dags/example_bash_operator.py
[2024-05-12T08:21:12.985+0000] {processor.py:840} INFO - DAG(s) 'example_bash_operator' retrieved from /home/airflow/.local/lib/python3.8/site-packages/airflow/example_dags/example_bash_operator.py
[2024-05-12T08:21:13.017+0000] {logging_mixin.py:188} INFO - [2024-05-12T08:21:13.017+0000] {dag.py:3047} INFO - Sync 1 DAGs
[2024-05-12T08:21:13.041+0000] {logging_mixin.py:188} INFO - [2024-05-12T08:21:13.041+0000] {dag.py:3834} INFO - Setting next_dagrun for example_bash_operator to 2024-05-11 00:00:00+00:00, run_after=2024-05-12 00:00:00+00:00
[2024-05-12T08:21:13.079+0000] {processor.py:183} INFO - Processing /home/airflow/.local/lib/python3.8/site-packages/airflow/example_dags/example_bash_operator.py took 0.115 seconds
[2024-05-12T08:21:43.997+0000] {processor.py:161} INFO - Started process (PID=184) to work on /home/airflow/.local/lib/python3.8/site-packages/airflow/example_dags/example_bash_operator.py
[2024-05-12T08:21:43.999+0000] {processor.py:830} INFO - Processing file /home/airflow/.local/lib/python3.8/site-packages/airflow/example_dags/example_bash_operator.py for tasks to queue
[2024-05-12T08:21:44.001+0000] {logging_mixin.py:188} INFO - [2024-05-12T08:21:44.001+0000] {dagbag.py:540} INFO - Filling up the DagBag from /home/airflow/.local/lib/python3.8/site-packages/airflow/example_dags/example_bash_operator.py
[2024-05-12T08:21:44.014+0000] {processor.py:840} INFO - DAG(s) 'example_bash_operator' retrieved from /home/airflow/.local/lib/python3.8/site-packages/airflow/example_dags/example_bash_operator.py
[2024-05-12T08:21:44.047+0000] {logging_mixin.py:188} INFO - [2024-05-12T08:21:44.046+0000] {dag.py:3047} INFO - Sync 1 DAGs
[2024-05-12T08:21:44.072+0000] {logging_mixin.py:188} INFO - [2024-05-12T08:21:44.072+0000] {dag.py:3834} INFO - Setting next_dagrun for example_bash_operator to 2024-05-11 00:00:00+00:00, run_after=2024-05-12 00:00:00+00:00
[2024-05-12T08:21:44.091+0000] {processor.py:183} INFO - Processing /home/airflow/.local/lib/python3.8/site-packages/airflow/example_dags/example_bash_operator.py took 0.097 seconds
[2024-05-12T08:22:14.431+0000] {processor.py:161} INFO - Started process (PID=239) to work on /home/airflow/.local/lib/python3.8/site-packages/airflow/example_dags/example_bash_operator.py
[2024-05-12T08:22:14.433+0000] {processor.py:830} INFO - Processing file /home/airflow/.local/lib/python3.8/site-packages/airflow/example_dags/example_bash_operator.py for tasks to queue
[2024-05-12T08:22:14.435+0000] {logging_mixin.py:188} INFO - [2024-05-12T08:22:14.434+0000] {dagbag.py:540} INFO - Filling up the DagBag from /home/airflow/.local/lib/python3.8/site-packages/airflow/example_dags/example_bash_operator.py
[2024-05-12T08:22:14.447+0000] {processor.py:840} INFO - DAG(s) 'example_bash_operator' retrieved from /home/airflow/.local/lib/python3.8/site-packages/airflow/example_dags/example_bash_operator.py
[2024-05-12T08:22:14.479+0000] {logging_mixin.py:188} INFO - [2024-05-12T08:22:14.478+0000] {dag.py:3047} INFO - Sync 1 DAGs
[2024-05-12T08:22:14.502+0000] {logging_mixin.py:188} INFO - [2024-05-12T08:22:14.502+0000] {dag.py:3834} INFO - Setting next_dagrun for example_bash_operator to 2024-05-11 00:00:00+00:00, run_after=2024-05-12 00:00:00+00:00
[2024-05-12T08:22:14.524+0000] {processor.py:183} INFO - Processing /home/airflow/.local/lib/python3.8/site-packages/airflow/example_dags/example_bash_operator.py took 0.097 seconds
[2024-05-12T08:22:44.675+0000] {processor.py:161} INFO - Started process (PID=293) to work on /home/airflow/.local/lib/python3.8/site-packages/airflow/example_dags/example_bash_operator.py
[2024-05-12T08:22:44.676+0000] {processor.py:830} INFO - Processing file /home/airflow/.local/lib/python3.8/site-packages/airflow/example_dags/example_bash_operator.py for tasks to queue
[2024-05-12T08:22:44.678+0000] {logging_mixin.py:188} INFO - [2024-05-12T08:22:44.678+0000] {dagbag.py:540} INFO - Filling up the DagBag from /home/airflow/.local/lib/python3.8/site-packages/airflow/example_dags/example_bash_operator.py
[2024-05-12T08:22:44.691+0000] {processor.py:840} INFO - DAG(s) 'example_bash_operator' retrieved from /home/airflow/.local/lib/python3.8/site-packages/airflow/example_dags/example_bash_operator.py
[2024-05-12T08:22:44.726+0000] {logging_mixin.py:188} INFO - [2024-05-12T08:22:44.726+0000] {dag.py:3047} INFO - Sync 1 DAGs
[2024-05-12T08:22:44.751+0000] {logging_mixin.py:188} INFO - [2024-05-12T08:22:44.751+0000] {dag.py:3834} INFO - Setting next_dagrun for example_bash_operator to 2024-05-11 00:00:00+00:00, run_after=2024-05-12 00:00:00+00:00
[2024-05-12T08:22:44.769+0000] {processor.py:183} INFO - Processing /home/airflow/.local/lib/python3.8/site-packages/airflow/example_dags/example_bash_operator.py took 0.098 seconds
[2024-05-12T08:23:15.300+0000] {processor.py:161} INFO - Started process (PID=348) to work on /home/airflow/.local/lib/python3.8/site-packages/airflow/example_dags/example_bash_operator.py
[2024-05-12T08:23:15.302+0000] {processor.py:830} INFO - Processing file /home/airflow/.local/lib/python3.8/site-packages/airflow/example_dags/example_bash_operator.py for tasks to queue
[2024-05-12T08:23:15.304+0000] {logging_mixin.py:188} INFO - [2024-05-12T08:23:15.304+0000] {dagbag.py:540} INFO - Filling up the DagBag from /home/airflow/.local/lib/python3.8/site-packages/airflow/example_dags/example_bash_operator.py
[2024-05-12T08:23:15.321+0000] {processor.py:840} INFO - DAG(s) 'example_bash_operator' retrieved from /home/airflow/.local/lib/python3.8/site-packages/airflow/example_dags/example_bash_operator.py
[2024-05-12T08:23:15.337+0000] {logging_mixin.py:188} INFO - [2024-05-12T08:23:15.337+0000] {dag.py:3047} INFO - Sync 1 DAGs
[2024-05-12T08:23:15.367+0000] {logging_mixin.py:188} INFO - [2024-05-12T08:23:15.366+0000] {dag.py:3834} INFO - Setting next_dagrun for example_bash_operator to 2024-05-11 00:00:00+00:00, run_after=2024-05-12 00:00:00+00:00
[2024-05-12T08:23:15.390+0000] {processor.py:183} INFO - Processing /home/airflow/.local/lib/python3.8/site-packages/airflow/example_dags/example_bash_operator.py took 0.095 seconds
[2024-05-12T08:23:46.426+0000] {processor.py:161} INFO - Started process (PID=403) to work on /home/airflow/.local/lib/python3.8/site-packages/airflow/example_dags/example_bash_operator.py
[2024-05-12T08:23:46.428+0000] {processor.py:830} INFO - Processing file /home/airflow/.local/lib/python3.8/site-packages/airflow/example_dags/example_bash_operator.py for tasks to queue
[2024-05-12T08:23:46.430+0000] {logging_mixin.py:188} INFO - [2024-05-12T08:23:46.429+0000] {dagbag.py:540} INFO - Filling up the DagBag from /home/airflow/.local/lib/python3.8/site-packages/airflow/example_dags/example_bash_operator.py
[2024-05-12T08:23:46.443+0000] {processor.py:840} INFO - DAG(s) 'example_bash_operator' retrieved from /home/airflow/.local/lib/python3.8/site-packages/airflow/example_dags/example_bash_operator.py
[2024-05-12T08:23:46.572+0000] {logging_mixin.py:188} INFO - [2024-05-12T08:23:46.571+0000] {dag.py:3047} INFO - Sync 1 DAGs
[2024-05-12T08:23:46.609+0000] {logging_mixin.py:188} INFO - [2024-05-12T08:23:46.608+0000] {dag.py:3834} INFO - Setting next_dagrun for example_bash_operator to 2024-05-11 00:00:00+00:00, run_after=2024-05-12 00:00:00+00:00
[2024-05-12T08:23:46.637+0000] {processor.py:183} INFO - Processing /home/airflow/.local/lib/python3.8/site-packages/airflow/example_dags/example_bash_operator.py took 0.215 seconds
[2024-05-12T08:24:17.545+0000] {processor.py:161} INFO - Started process (PID=459) to work on /home/airflow/.local/lib/python3.8/site-packages/airflow/example_dags/example_bash_operator.py
[2024-05-12T08:24:17.547+0000] {processor.py:830} INFO - Processing file /home/airflow/.local/lib/python3.8/site-packages/airflow/example_dags/example_bash_operator.py for tasks to queue
[2024-05-12T08:24:17.549+0000] {logging_mixin.py:188} INFO - [2024-05-12T08:24:17.549+0000] {dagbag.py:540} INFO - Filling up the DagBag from /home/airflow/.local/lib/python3.8/site-packages/airflow/example_dags/example_bash_operator.py
[2024-05-12T08:24:17.562+0000] {processor.py:840} INFO - DAG(s) 'example_bash_operator' retrieved from /home/airflow/.local/lib/python3.8/site-packages/airflow/example_dags/example_bash_operator.py
[2024-05-12T08:24:17.594+0000] {logging_mixin.py:188} INFO - [2024-05-12T08:24:17.594+0000] {dag.py:3047} INFO - Sync 1 DAGs
[2024-05-12T08:24:17.618+0000] {logging_mixin.py:188} INFO - [2024-05-12T08:24:17.618+0000] {dag.py:3834} INFO - Setting next_dagrun for example_bash_operator to 2024-05-11 00:00:00+00:00, run_after=2024-05-12 00:00:00+00:00
[2024-05-12T08:24:17.637+0000] {processor.py:183} INFO - Processing /home/airflow/.local/lib/python3.8/site-packages/airflow/example_dags/example_bash_operator.py took 0.096 seconds
[2024-05-12T08:24:47.862+0000] {processor.py:161} INFO - Started process (PID=514) to work on /home/airflow/.local/lib/python3.8/site-packages/airflow/example_dags/example_bash_operator.py
[2024-05-12T08:24:47.863+0000] {processor.py:830} INFO - Processing file /home/airflow/.local/lib/python3.8/site-packages/airflow/example_dags/example_bash_operator.py for tasks to queue
[2024-05-12T08:24:47.865+0000] {logging_mixin.py:188} INFO - [2024-05-12T08:24:47.865+0000] {dagbag.py:540} INFO - Filling up the DagBag from /home/airflow/.local/lib/python3.8/site-packages/airflow/example_dags/example_bash_operator.py
[2024-05-12T08:24:47.878+0000] {processor.py:840} INFO - DAG(s) 'example_bash_operator' retrieved from /home/airflow/.local/lib/python3.8/site-packages/airflow/example_dags/example_bash_operator.py
[2024-05-12T08:24:47.911+0000] {logging_mixin.py:188} INFO - [2024-05-12T08:24:47.911+0000] {dag.py:3047} INFO - Sync 1 DAGs
[2024-05-12T08:24:47.934+0000] {logging_mixin.py:188} INFO - [2024-05-12T08:24:47.934+0000] {dag.py:3834} INFO - Setting next_dagrun for example_bash_operator to 2024-05-11 00:00:00+00:00, run_after=2024-05-12 00:00:00+00:00
[2024-05-12T08:24:47.952+0000] {processor.py:183} INFO - Processing /home/airflow/.local/lib/python3.8/site-packages/airflow/example_dags/example_bash_operator.py took 0.093 seconds
[2024-05-12T08:25:18.132+0000] {processor.py:161} INFO - Started process (PID=569) to work on /home/airflow/.local/lib/python3.8/site-packages/airflow/example_dags/example_bash_operator.py
[2024-05-12T08:25:18.133+0000] {processor.py:830} INFO - Processing file /home/airflow/.local/lib/python3.8/site-packages/airflow/example_dags/example_bash_operator.py for tasks to queue
[2024-05-12T08:25:18.135+0000] {logging_mixin.py:188} INFO - [2024-05-12T08:25:18.134+0000] {dagbag.py:540} INFO - Filling up the DagBag from /home/airflow/.local/lib/python3.8/site-packages/airflow/example_dags/example_bash_operator.py
[2024-05-12T08:25:18.147+0000] {processor.py:840} INFO - DAG(s) 'example_bash_operator' retrieved from /home/airflow/.local/lib/python3.8/site-packages/airflow/example_dags/example_bash_operator.py
[2024-05-12T08:25:18.189+0000] {logging_mixin.py:188} INFO - [2024-05-12T08:25:18.188+0000] {dag.py:3047} INFO - Sync 1 DAGs
[2024-05-12T08:25:18.219+0000] {logging_mixin.py:188} INFO - [2024-05-12T08:25:18.219+0000] {dag.py:3834} INFO - Setting next_dagrun for example_bash_operator to 2024-05-11 00:00:00+00:00, run_after=2024-05-12 00:00:00+00:00
[2024-05-12T08:25:18.242+0000] {processor.py:183} INFO - Processing /home/airflow/.local/lib/python3.8/site-packages/airflow/example_dags/example_bash_operator.py took 0.114 seconds
[2024-05-12T08:25:48.275+0000] {processor.py:161} INFO - Started process (PID=624) to work on /home/airflow/.local/lib/python3.8/site-packages/airflow/example_dags/example_bash_operator.py
[2024-05-12T08:25:48.276+0000] {processor.py:830} INFO - Processing file /home/airflow/.local/lib/python3.8/site-packages/airflow/example_dags/example_bash_operator.py for tasks to queue
[2024-05-12T08:25:48.278+0000] {logging_mixin.py:188} INFO - [2024-05-12T08:25:48.278+0000] {dagbag.py:540} INFO - Filling up the DagBag from /home/airflow/.local/lib/python3.8/site-packages/airflow/example_dags/example_bash_operator.py
[2024-05-12T08:25:48.291+0000] {processor.py:840} INFO - DAG(s) 'example_bash_operator' retrieved from /home/airflow/.local/lib/python3.8/site-packages/airflow/example_dags/example_bash_operator.py
[2024-05-12T08:25:48.332+0000] {logging_mixin.py:188} INFO - [2024-05-12T08:25:48.332+0000] {dag.py:3047} INFO - Sync 1 DAGs
[2024-05-12T08:25:48.362+0000] {logging_mixin.py:188} INFO - [2024-05-12T08:25:48.362+0000] {dag.py:3834} INFO - Setting next_dagrun for example_bash_operator to 2024-05-11 00:00:00+00:00, run_after=2024-05-12 00:00:00+00:00
[2024-05-12T08:25:48.383+0000] {processor.py:183} INFO - Processing /home/airflow/.local/lib/python3.8/site-packages/airflow/example_dags/example_bash_operator.py took 0.111 seconds
[2024-05-12T08:26:18.489+0000] {processor.py:161} INFO - Started process (PID=679) to work on /home/airflow/.local/lib/python3.8/site-packages/airflow/example_dags/example_bash_operator.py
[2024-05-12T08:26:18.505+0000] {processor.py:830} INFO - Processing file /home/airflow/.local/lib/python3.8/site-packages/airflow/example_dags/example_bash_operator.py for tasks to queue
[2024-05-12T08:26:18.506+0000] {logging_mixin.py:188} INFO - [2024-05-12T08:26:18.506+0000] {dagbag.py:540} INFO - Filling up the DagBag from /home/airflow/.local/lib/python3.8/site-packages/airflow/example_dags/example_bash_operator.py
[2024-05-12T08:26:18.521+0000] {processor.py:840} INFO - DAG(s) 'example_bash_operator' retrieved from /home/airflow/.local/lib/python3.8/site-packages/airflow/example_dags/example_bash_operator.py
[2024-05-12T08:26:18.555+0000] {logging_mixin.py:188} INFO - [2024-05-12T08:26:18.555+0000] {dag.py:3047} INFO - Sync 1 DAGs
[2024-05-12T08:26:18.580+0000] {logging_mixin.py:188} INFO - [2024-05-12T08:26:18.580+0000] {dag.py:3834} INFO - Setting next_dagrun for example_bash_operator to 2024-05-11 00:00:00+00:00, run_after=2024-05-12 00:00:00+00:00
[2024-05-12T08:26:18.598+0000] {processor.py:183} INFO - Processing /home/airflow/.local/lib/python3.8/site-packages/airflow/example_dags/example_bash_operator.py took 0.113 seconds
[2024-05-12T08:26:49.369+0000] {processor.py:161} INFO - Started process (PID=739) to work on /home/airflow/.local/lib/python3.8/site-packages/airflow/example_dags/example_bash_operator.py
[2024-05-12T08:26:49.370+0000] {processor.py:830} INFO - Processing file /home/airflow/.local/lib/python3.8/site-packages/airflow/example_dags/example_bash_operator.py for tasks to queue
[2024-05-12T08:26:49.372+0000] {logging_mixin.py:188} INFO - [2024-05-12T08:26:49.372+0000] {dagbag.py:540} INFO - Filling up the DagBag from /home/airflow/.local/lib/python3.8/site-packages/airflow/example_dags/example_bash_operator.py
[2024-05-12T08:26:49.385+0000] {processor.py:840} INFO - DAG(s) 'example_bash_operator' retrieved from /home/airflow/.local/lib/python3.8/site-packages/airflow/example_dags/example_bash_operator.py
[2024-05-12T08:26:49.420+0000] {logging_mixin.py:188} INFO - [2024-05-12T08:26:49.420+0000] {dag.py:3047} INFO - Sync 1 DAGs
[2024-05-12T08:26:49.444+0000] {logging_mixin.py:188} INFO - [2024-05-12T08:26:49.444+0000] {dag.py:3834} INFO - Setting next_dagrun for example_bash_operator to 2024-05-11 00:00:00+00:00, run_after=2024-05-12 00:00:00+00:00
[2024-05-12T08:26:49.464+0000] {processor.py:183} INFO - Processing /home/airflow/.local/lib/python3.8/site-packages/airflow/example_dags/example_bash_operator.py took 0.098 seconds
[2024-05-12T08:27:20.195+0000] {processor.py:161} INFO - Started process (PID=794) to work on /home/airflow/.local/lib/python3.8/site-packages/airflow/example_dags/example_bash_operator.py
[2024-05-12T08:27:20.196+0000] {processor.py:830} INFO - Processing file /home/airflow/.local/lib/python3.8/site-packages/airflow/example_dags/example_bash_operator.py for tasks to queue
[2024-05-12T08:27:20.198+0000] {logging_mixin.py:188} INFO - [2024-05-12T08:27:20.198+0000] {dagbag.py:540} INFO - Filling up the DagBag from /home/airflow/.local/lib/python3.8/site-packages/airflow/example_dags/example_bash_operator.py
[2024-05-12T08:27:20.211+0000] {processor.py:840} INFO - DAG(s) 'example_bash_operator' retrieved from /home/airflow/.local/lib/python3.8/site-packages/airflow/example_dags/example_bash_operator.py
[2024-05-12T08:27:20.253+0000] {logging_mixin.py:188} INFO - [2024-05-12T08:27:20.253+0000] {dag.py:3047} INFO - Sync 1 DAGs
[2024-05-12T08:27:20.280+0000] {logging_mixin.py:188} INFO - [2024-05-12T08:27:20.279+0000] {dag.py:3834} INFO - Setting next_dagrun for example_bash_operator to 2024-05-11 00:00:00+00:00, run_after=2024-05-12 00:00:00+00:00
[2024-05-12T08:27:20.307+0000] {processor.py:183} INFO - Processing /home/airflow/.local/lib/python3.8/site-packages/airflow/example_dags/example_bash_operator.py took 0.116 seconds
[2024-05-12T08:27:50.527+0000] {processor.py:161} INFO - Started process (PID=850) to work on /home/airflow/.local/lib/python3.8/site-packages/airflow/example_dags/example_bash_operator.py
[2024-05-12T08:27:50.529+0000] {processor.py:830} INFO - Processing file /home/airflow/.local/lib/python3.8/site-packages/airflow/example_dags/example_bash_operator.py for tasks to queue
[2024-05-12T08:27:50.530+0000] {logging_mixin.py:188} INFO - [2024-05-12T08:27:50.530+0000] {dagbag.py:540} INFO - Filling up the DagBag from /home/airflow/.local/lib/python3.8/site-packages/airflow/example_dags/example_bash_operator.py
[2024-05-12T08:27:50.543+0000] {processor.py:840} INFO - DAG(s) 'example_bash_operator' retrieved from /home/airflow/.local/lib/python3.8/site-packages/airflow/example_dags/example_bash_operator.py
[2024-05-12T08:27:50.575+0000] {logging_mixin.py:188} INFO - [2024-05-12T08:27:50.575+0000] {dag.py:3047} INFO - Sync 1 DAGs
[2024-05-12T08:27:50.598+0000] {logging_mixin.py:188} INFO - [2024-05-12T08:27:50.598+0000] {dag.py:3834} INFO - Setting next_dagrun for example_bash_operator to 2024-05-11 00:00:00+00:00, run_after=2024-05-12 00:00:00+00:00
[2024-05-12T08:27:50.624+0000] {processor.py:183} INFO - Processing /home/airflow/.local/lib/python3.8/site-packages/airflow/example_dags/example_bash_operator.py took 0.100 seconds
[2024-05-12T08:28:20.740+0000] {processor.py:161} INFO - Started process (PID=905) to work on /home/airflow/.local/lib/python3.8/site-packages/airflow/example_dags/example_bash_operator.py
[2024-05-12T08:28:20.741+0000] {processor.py:830} INFO - Processing file /home/airflow/.local/lib/python3.8/site-packages/airflow/example_dags/example_bash_operator.py for tasks to queue
[2024-05-12T08:28:20.743+0000] {logging_mixin.py:188} INFO - [2024-05-12T08:28:20.742+0000] {dagbag.py:540} INFO - Filling up the DagBag from /home/airflow/.local/lib/python3.8/site-packages/airflow/example_dags/example_bash_operator.py
[2024-05-12T08:28:20.755+0000] {processor.py:840} INFO - DAG(s) 'example_bash_operator' retrieved from /home/airflow/.local/lib/python3.8/site-packages/airflow/example_dags/example_bash_operator.py
[2024-05-12T08:28:20.793+0000] {logging_mixin.py:188} INFO - [2024-05-12T08:28:20.793+0000] {dag.py:3047} INFO - Sync 1 DAGs
[2024-05-12T08:28:20.820+0000] {logging_mixin.py:188} INFO - [2024-05-12T08:28:20.820+0000] {dag.py:3834} INFO - Setting next_dagrun for example_bash_operator to 2024-05-11 00:00:00+00:00, run_after=2024-05-12 00:00:00+00:00
[2024-05-12T08:28:20.840+0000] {processor.py:183} INFO - Processing /home/airflow/.local/lib/python3.8/site-packages/airflow/example_dags/example_bash_operator.py took 0.105 seconds
