[2024-05-12T08:20:43.799+0000] {processor.py:161} INFO - Started process (PID=92) to work on /home/airflow/.local/lib/python3.8/site-packages/airflow/example_dags/example_short_circuit_decorator.py
[2024-05-12T08:20:43.800+0000] {processor.py:830} INFO - Processing file /home/airflow/.local/lib/python3.8/site-packages/airflow/example_dags/example_short_circuit_decorator.py for tasks to queue
[2024-05-12T08:20:43.802+0000] {logging_mixin.py:188} INFO - [2024-05-12T08:20:43.802+0000] {dagbag.py:540} INFO - Filling up the DagBag from /home/airflow/.local/lib/python3.8/site-packages/airflow/example_dags/example_short_circuit_decorator.py
[2024-05-12T08:20:43.814+0000] {processor.py:840} INFO - DAG(s) 'example_short_circuit_decorator' retrieved from /home/airflow/.local/lib/python3.8/site-packages/airflow/example_dags/example_short_circuit_decorator.py
[2024-05-12T08:20:43.850+0000] {logging_mixin.py:188} INFO - [2024-05-12T08:20:43.849+0000] {dag.py:3047} INFO - Sync 1 DAGs
[2024-05-12T08:20:43.882+0000] {logging_mixin.py:188} INFO - [2024-05-12T08:20:43.882+0000] {dag.py:3834} INFO - Setting next_dagrun for example_short_circuit_decorator to 2024-05-11 00:00:00+00:00, run_after=2024-05-12 00:00:00+00:00
[2024-05-12T08:20:43.907+0000] {processor.py:183} INFO - Processing /home/airflow/.local/lib/python3.8/site-packages/airflow/example_dags/example_short_circuit_decorator.py took 0.112 seconds
[2024-05-12T08:21:14.183+0000] {processor.py:161} INFO - Started process (PID=148) to work on /home/airflow/.local/lib/python3.8/site-packages/airflow/example_dags/example_short_circuit_decorator.py
[2024-05-12T08:21:14.184+0000] {processor.py:830} INFO - Processing file /home/airflow/.local/lib/python3.8/site-packages/airflow/example_dags/example_short_circuit_decorator.py for tasks to queue
[2024-05-12T08:21:14.186+0000] {logging_mixin.py:188} INFO - [2024-05-12T08:21:14.186+0000] {dagbag.py:540} INFO - Filling up the DagBag from /home/airflow/.local/lib/python3.8/site-packages/airflow/example_dags/example_short_circuit_decorator.py
[2024-05-12T08:21:14.196+0000] {processor.py:840} INFO - DAG(s) 'example_short_circuit_decorator' retrieved from /home/airflow/.local/lib/python3.8/site-packages/airflow/example_dags/example_short_circuit_decorator.py
[2024-05-12T08:21:14.223+0000] {logging_mixin.py:188} INFO - [2024-05-12T08:21:14.223+0000] {dag.py:3047} INFO - Sync 1 DAGs
[2024-05-12T08:21:14.247+0000] {logging_mixin.py:188} INFO - [2024-05-12T08:21:14.247+0000] {dag.py:3834} INFO - Setting next_dagrun for example_short_circuit_decorator to 2024-05-11 00:00:00+00:00, run_after=2024-05-12 00:00:00+00:00
[2024-05-12T08:21:14.265+0000] {processor.py:183} INFO - Processing /home/airflow/.local/lib/python3.8/site-packages/airflow/example_dags/example_short_circuit_decorator.py took 0.085 seconds
[2024-05-12T08:21:45.295+0000] {processor.py:161} INFO - Started process (PID=203) to work on /home/airflow/.local/lib/python3.8/site-packages/airflow/example_dags/example_short_circuit_decorator.py
[2024-05-12T08:21:45.297+0000] {processor.py:830} INFO - Processing file /home/airflow/.local/lib/python3.8/site-packages/airflow/example_dags/example_short_circuit_decorator.py for tasks to queue
[2024-05-12T08:21:45.299+0000] {logging_mixin.py:188} INFO - [2024-05-12T08:21:45.299+0000] {dagbag.py:540} INFO - Filling up the DagBag from /home/airflow/.local/lib/python3.8/site-packages/airflow/example_dags/example_short_circuit_decorator.py
[2024-05-12T08:21:45.313+0000] {processor.py:840} INFO - DAG(s) 'example_short_circuit_decorator' retrieved from /home/airflow/.local/lib/python3.8/site-packages/airflow/example_dags/example_short_circuit_decorator.py
[2024-05-12T08:21:45.349+0000] {logging_mixin.py:188} INFO - [2024-05-12T08:21:45.349+0000] {dag.py:3047} INFO - Sync 1 DAGs
[2024-05-12T08:21:45.379+0000] {logging_mixin.py:188} INFO - [2024-05-12T08:21:45.379+0000] {dag.py:3834} INFO - Setting next_dagrun for example_short_circuit_decorator to 2024-05-11 00:00:00+00:00, run_after=2024-05-12 00:00:00+00:00
[2024-05-12T08:21:45.404+0000] {processor.py:183} INFO - Processing /home/airflow/.local/lib/python3.8/site-packages/airflow/example_dags/example_short_circuit_decorator.py took 0.115 seconds
[2024-05-12T08:22:15.930+0000] {processor.py:161} INFO - Started process (PID=258) to work on /home/airflow/.local/lib/python3.8/site-packages/airflow/example_dags/example_short_circuit_decorator.py
[2024-05-12T08:22:15.932+0000] {processor.py:830} INFO - Processing file /home/airflow/.local/lib/python3.8/site-packages/airflow/example_dags/example_short_circuit_decorator.py for tasks to queue
[2024-05-12T08:22:15.934+0000] {logging_mixin.py:188} INFO - [2024-05-12T08:22:15.934+0000] {dagbag.py:540} INFO - Filling up the DagBag from /home/airflow/.local/lib/python3.8/site-packages/airflow/example_dags/example_short_circuit_decorator.py
[2024-05-12T08:22:15.947+0000] {processor.py:840} INFO - DAG(s) 'example_short_circuit_decorator' retrieved from /home/airflow/.local/lib/python3.8/site-packages/airflow/example_dags/example_short_circuit_decorator.py
[2024-05-12T08:22:15.977+0000] {logging_mixin.py:188} INFO - [2024-05-12T08:22:15.977+0000] {dag.py:3047} INFO - Sync 1 DAGs
[2024-05-12T08:22:16.004+0000] {logging_mixin.py:188} INFO - [2024-05-12T08:22:16.004+0000] {dag.py:3834} INFO - Setting next_dagrun for example_short_circuit_decorator to 2024-05-11 00:00:00+00:00, run_after=2024-05-12 00:00:00+00:00
[2024-05-12T08:22:16.023+0000] {processor.py:183} INFO - Processing /home/airflow/.local/lib/python3.8/site-packages/airflow/example_dags/example_short_circuit_decorator.py took 0.098 seconds
[2024-05-12T08:22:46.831+0000] {processor.py:161} INFO - Started process (PID=312) to work on /home/airflow/.local/lib/python3.8/site-packages/airflow/example_dags/example_short_circuit_decorator.py
[2024-05-12T08:22:46.832+0000] {processor.py:830} INFO - Processing file /home/airflow/.local/lib/python3.8/site-packages/airflow/example_dags/example_short_circuit_decorator.py for tasks to queue
[2024-05-12T08:22:46.834+0000] {logging_mixin.py:188} INFO - [2024-05-12T08:22:46.833+0000] {dagbag.py:540} INFO - Filling up the DagBag from /home/airflow/.local/lib/python3.8/site-packages/airflow/example_dags/example_short_circuit_decorator.py
[2024-05-12T08:22:46.846+0000] {processor.py:840} INFO - DAG(s) 'example_short_circuit_decorator' retrieved from /home/airflow/.local/lib/python3.8/site-packages/airflow/example_dags/example_short_circuit_decorator.py
[2024-05-12T08:22:46.870+0000] {logging_mixin.py:188} INFO - [2024-05-12T08:22:46.869+0000] {dag.py:3047} INFO - Sync 1 DAGs
[2024-05-12T08:22:46.892+0000] {logging_mixin.py:188} INFO - [2024-05-12T08:22:46.892+0000] {dag.py:3834} INFO - Setting next_dagrun for example_short_circuit_decorator to 2024-05-11 00:00:00+00:00, run_after=2024-05-12 00:00:00+00:00
[2024-05-12T08:22:46.915+0000] {processor.py:183} INFO - Processing /home/airflow/.local/lib/python3.8/site-packages/airflow/example_dags/example_short_circuit_decorator.py took 0.089 seconds
[2024-05-12T08:23:17.341+0000] {processor.py:161} INFO - Started process (PID=367) to work on /home/airflow/.local/lib/python3.8/site-packages/airflow/example_dags/example_short_circuit_decorator.py
[2024-05-12T08:23:17.343+0000] {processor.py:830} INFO - Processing file /home/airflow/.local/lib/python3.8/site-packages/airflow/example_dags/example_short_circuit_decorator.py for tasks to queue
[2024-05-12T08:23:17.345+0000] {logging_mixin.py:188} INFO - [2024-05-12T08:23:17.345+0000] {dagbag.py:540} INFO - Filling up the DagBag from /home/airflow/.local/lib/python3.8/site-packages/airflow/example_dags/example_short_circuit_decorator.py
[2024-05-12T08:23:17.361+0000] {processor.py:840} INFO - DAG(s) 'example_short_circuit_decorator' retrieved from /home/airflow/.local/lib/python3.8/site-packages/airflow/example_dags/example_short_circuit_decorator.py
[2024-05-12T08:23:17.376+0000] {logging_mixin.py:188} INFO - [2024-05-12T08:23:17.376+0000] {dag.py:3047} INFO - Sync 1 DAGs
[2024-05-12T08:23:17.402+0000] {logging_mixin.py:188} INFO - [2024-05-12T08:23:17.402+0000] {dag.py:3834} INFO - Setting next_dagrun for example_short_circuit_decorator to 2024-05-11 00:00:00+00:00, run_after=2024-05-12 00:00:00+00:00
[2024-05-12T08:23:17.423+0000] {processor.py:183} INFO - Processing /home/airflow/.local/lib/python3.8/site-packages/airflow/example_dags/example_short_circuit_decorator.py took 0.089 seconds
[2024-05-12T08:23:48.409+0000] {processor.py:161} INFO - Started process (PID=422) to work on /home/airflow/.local/lib/python3.8/site-packages/airflow/example_dags/example_short_circuit_decorator.py
[2024-05-12T08:23:48.411+0000] {processor.py:830} INFO - Processing file /home/airflow/.local/lib/python3.8/site-packages/airflow/example_dags/example_short_circuit_decorator.py for tasks to queue
[2024-05-12T08:23:48.413+0000] {logging_mixin.py:188} INFO - [2024-05-12T08:23:48.412+0000] {dagbag.py:540} INFO - Filling up the DagBag from /home/airflow/.local/lib/python3.8/site-packages/airflow/example_dags/example_short_circuit_decorator.py
[2024-05-12T08:23:48.423+0000] {processor.py:840} INFO - DAG(s) 'example_short_circuit_decorator' retrieved from /home/airflow/.local/lib/python3.8/site-packages/airflow/example_dags/example_short_circuit_decorator.py
[2024-05-12T08:23:48.551+0000] {logging_mixin.py:188} INFO - [2024-05-12T08:23:48.551+0000] {dag.py:3047} INFO - Sync 1 DAGs
[2024-05-12T08:23:48.580+0000] {logging_mixin.py:188} INFO - [2024-05-12T08:23:48.579+0000] {dag.py:3834} INFO - Setting next_dagrun for example_short_circuit_decorator to 2024-05-11 00:00:00+00:00, run_after=2024-05-12 00:00:00+00:00
[2024-05-12T08:23:48.609+0000] {processor.py:183} INFO - Processing /home/airflow/.local/lib/python3.8/site-packages/airflow/example_dags/example_short_circuit_decorator.py took 0.203 seconds
[2024-05-12T08:24:18.699+0000] {processor.py:161} INFO - Started process (PID=484) to work on /home/airflow/.local/lib/python3.8/site-packages/airflow/example_dags/example_short_circuit_decorator.py
[2024-05-12T08:24:18.700+0000] {processor.py:830} INFO - Processing file /home/airflow/.local/lib/python3.8/site-packages/airflow/example_dags/example_short_circuit_decorator.py for tasks to queue
[2024-05-12T08:24:18.702+0000] {logging_mixin.py:188} INFO - [2024-05-12T08:24:18.702+0000] {dagbag.py:540} INFO - Filling up the DagBag from /home/airflow/.local/lib/python3.8/site-packages/airflow/example_dags/example_short_circuit_decorator.py
[2024-05-12T08:24:18.712+0000] {processor.py:840} INFO - DAG(s) 'example_short_circuit_decorator' retrieved from /home/airflow/.local/lib/python3.8/site-packages/airflow/example_dags/example_short_circuit_decorator.py
[2024-05-12T08:24:18.735+0000] {logging_mixin.py:188} INFO - [2024-05-12T08:24:18.735+0000] {dag.py:3047} INFO - Sync 1 DAGs
[2024-05-12T08:24:18.757+0000] {logging_mixin.py:188} INFO - [2024-05-12T08:24:18.757+0000] {dag.py:3834} INFO - Setting next_dagrun for example_short_circuit_decorator to 2024-05-11 00:00:00+00:00, run_after=2024-05-12 00:00:00+00:00
[2024-05-12T08:24:18.782+0000] {processor.py:183} INFO - Processing /home/airflow/.local/lib/python3.8/site-packages/airflow/example_dags/example_short_circuit_decorator.py took 0.088 seconds
[2024-05-12T08:24:49.041+0000] {processor.py:161} INFO - Started process (PID=539) to work on /home/airflow/.local/lib/python3.8/site-packages/airflow/example_dags/example_short_circuit_decorator.py
[2024-05-12T08:24:49.042+0000] {processor.py:830} INFO - Processing file /home/airflow/.local/lib/python3.8/site-packages/airflow/example_dags/example_short_circuit_decorator.py for tasks to queue
[2024-05-12T08:24:49.044+0000] {logging_mixin.py:188} INFO - [2024-05-12T08:24:49.044+0000] {dagbag.py:540} INFO - Filling up the DagBag from /home/airflow/.local/lib/python3.8/site-packages/airflow/example_dags/example_short_circuit_decorator.py
[2024-05-12T08:24:49.054+0000] {processor.py:840} INFO - DAG(s) 'example_short_circuit_decorator' retrieved from /home/airflow/.local/lib/python3.8/site-packages/airflow/example_dags/example_short_circuit_decorator.py
[2024-05-12T08:24:49.077+0000] {logging_mixin.py:188} INFO - [2024-05-12T08:24:49.077+0000] {dag.py:3047} INFO - Sync 1 DAGs
[2024-05-12T08:24:49.099+0000] {logging_mixin.py:188} INFO - [2024-05-12T08:24:49.099+0000] {dag.py:3834} INFO - Setting next_dagrun for example_short_circuit_decorator to 2024-05-11 00:00:00+00:00, run_after=2024-05-12 00:00:00+00:00
[2024-05-12T08:24:49.120+0000] {processor.py:183} INFO - Processing /home/airflow/.local/lib/python3.8/site-packages/airflow/example_dags/example_short_circuit_decorator.py took 0.082 seconds
[2024-05-12T08:25:19.204+0000] {processor.py:161} INFO - Started process (PID=594) to work on /home/airflow/.local/lib/python3.8/site-packages/airflow/example_dags/example_short_circuit_decorator.py
[2024-05-12T08:25:19.205+0000] {processor.py:830} INFO - Processing file /home/airflow/.local/lib/python3.8/site-packages/airflow/example_dags/example_short_circuit_decorator.py for tasks to queue
[2024-05-12T08:25:19.207+0000] {logging_mixin.py:188} INFO - [2024-05-12T08:25:19.207+0000] {dagbag.py:540} INFO - Filling up the DagBag from /home/airflow/.local/lib/python3.8/site-packages/airflow/example_dags/example_short_circuit_decorator.py
[2024-05-12T08:25:19.221+0000] {processor.py:840} INFO - DAG(s) 'example_short_circuit_decorator' retrieved from /home/airflow/.local/lib/python3.8/site-packages/airflow/example_dags/example_short_circuit_decorator.py
[2024-05-12T08:25:19.252+0000] {logging_mixin.py:188} INFO - [2024-05-12T08:25:19.252+0000] {dag.py:3047} INFO - Sync 1 DAGs
[2024-05-12T08:25:19.281+0000] {logging_mixin.py:188} INFO - [2024-05-12T08:25:19.281+0000] {dag.py:3834} INFO - Setting next_dagrun for example_short_circuit_decorator to 2024-05-11 00:00:00+00:00, run_after=2024-05-12 00:00:00+00:00
[2024-05-12T08:25:19.303+0000] {processor.py:183} INFO - Processing /home/airflow/.local/lib/python3.8/site-packages/airflow/example_dags/example_short_circuit_decorator.py took 0.105 seconds
[2024-05-12T08:25:49.394+0000] {processor.py:161} INFO - Started process (PID=649) to work on /home/airflow/.local/lib/python3.8/site-packages/airflow/example_dags/example_short_circuit_decorator.py
[2024-05-12T08:25:49.394+0000] {processor.py:830} INFO - Processing file /home/airflow/.local/lib/python3.8/site-packages/airflow/example_dags/example_short_circuit_decorator.py for tasks to queue
[2024-05-12T08:25:49.396+0000] {logging_mixin.py:188} INFO - [2024-05-12T08:25:49.396+0000] {dagbag.py:540} INFO - Filling up the DagBag from /home/airflow/.local/lib/python3.8/site-packages/airflow/example_dags/example_short_circuit_decorator.py
[2024-05-12T08:25:49.405+0000] {processor.py:840} INFO - DAG(s) 'example_short_circuit_decorator' retrieved from /home/airflow/.local/lib/python3.8/site-packages/airflow/example_dags/example_short_circuit_decorator.py
[2024-05-12T08:25:49.431+0000] {logging_mixin.py:188} INFO - [2024-05-12T08:25:49.431+0000] {dag.py:3047} INFO - Sync 1 DAGs
[2024-05-12T08:25:49.453+0000] {logging_mixin.py:188} INFO - [2024-05-12T08:25:49.453+0000] {dag.py:3834} INFO - Setting next_dagrun for example_short_circuit_decorator to 2024-05-11 00:00:00+00:00, run_after=2024-05-12 00:00:00+00:00
[2024-05-12T08:25:49.480+0000] {processor.py:183} INFO - Processing /home/airflow/.local/lib/python3.8/site-packages/airflow/example_dags/example_short_circuit_decorator.py took 0.090 seconds
[2024-05-12T08:26:19.685+0000] {processor.py:161} INFO - Started process (PID=705) to work on /home/airflow/.local/lib/python3.8/site-packages/airflow/example_dags/example_short_circuit_decorator.py
[2024-05-12T08:26:19.687+0000] {processor.py:830} INFO - Processing file /home/airflow/.local/lib/python3.8/site-packages/airflow/example_dags/example_short_circuit_decorator.py for tasks to queue
[2024-05-12T08:26:19.689+0000] {logging_mixin.py:188} INFO - [2024-05-12T08:26:19.689+0000] {dagbag.py:540} INFO - Filling up the DagBag from /home/airflow/.local/lib/python3.8/site-packages/airflow/example_dags/example_short_circuit_decorator.py
[2024-05-12T08:26:19.699+0000] {processor.py:840} INFO - DAG(s) 'example_short_circuit_decorator' retrieved from /home/airflow/.local/lib/python3.8/site-packages/airflow/example_dags/example_short_circuit_decorator.py
[2024-05-12T08:26:19.724+0000] {logging_mixin.py:188} INFO - [2024-05-12T08:26:19.724+0000] {dag.py:3047} INFO - Sync 1 DAGs
[2024-05-12T08:26:19.746+0000] {logging_mixin.py:188} INFO - [2024-05-12T08:26:19.746+0000] {dag.py:3834} INFO - Setting next_dagrun for example_short_circuit_decorator to 2024-05-11 00:00:00+00:00, run_after=2024-05-12 00:00:00+00:00
[2024-05-12T08:26:19.764+0000] {processor.py:183} INFO - Processing /home/airflow/.local/lib/python3.8/site-packages/airflow/example_dags/example_short_circuit_decorator.py took 0.083 seconds
[2024-05-12T08:26:50.519+0000] {processor.py:161} INFO - Started process (PID=760) to work on /home/airflow/.local/lib/python3.8/site-packages/airflow/example_dags/example_short_circuit_decorator.py
[2024-05-12T08:26:50.520+0000] {processor.py:830} INFO - Processing file /home/airflow/.local/lib/python3.8/site-packages/airflow/example_dags/example_short_circuit_decorator.py for tasks to queue
[2024-05-12T08:26:50.521+0000] {logging_mixin.py:188} INFO - [2024-05-12T08:26:50.521+0000] {dagbag.py:540} INFO - Filling up the DagBag from /home/airflow/.local/lib/python3.8/site-packages/airflow/example_dags/example_short_circuit_decorator.py
[2024-05-12T08:26:50.531+0000] {processor.py:840} INFO - DAG(s) 'example_short_circuit_decorator' retrieved from /home/airflow/.local/lib/python3.8/site-packages/airflow/example_dags/example_short_circuit_decorator.py
[2024-05-12T08:26:50.555+0000] {logging_mixin.py:188} INFO - [2024-05-12T08:26:50.555+0000] {dag.py:3047} INFO - Sync 1 DAGs
[2024-05-12T08:26:50.577+0000] {logging_mixin.py:188} INFO - [2024-05-12T08:26:50.577+0000] {dag.py:3834} INFO - Setting next_dagrun for example_short_circuit_decorator to 2024-05-11 00:00:00+00:00, run_after=2024-05-12 00:00:00+00:00
[2024-05-12T08:26:50.600+0000] {processor.py:183} INFO - Processing /home/airflow/.local/lib/python3.8/site-packages/airflow/example_dags/example_short_circuit_decorator.py took 0.085 seconds
[2024-05-12T08:27:21.232+0000] {processor.py:161} INFO - Started process (PID=813) to work on /home/airflow/.local/lib/python3.8/site-packages/airflow/example_dags/example_short_circuit_decorator.py
[2024-05-12T08:27:21.233+0000] {processor.py:830} INFO - Processing file /home/airflow/.local/lib/python3.8/site-packages/airflow/example_dags/example_short_circuit_decorator.py for tasks to queue
[2024-05-12T08:27:21.235+0000] {logging_mixin.py:188} INFO - [2024-05-12T08:27:21.235+0000] {dagbag.py:540} INFO - Filling up the DagBag from /home/airflow/.local/lib/python3.8/site-packages/airflow/example_dags/example_short_circuit_decorator.py
[2024-05-12T08:27:21.248+0000] {processor.py:840} INFO - DAG(s) 'example_short_circuit_decorator' retrieved from /home/airflow/.local/lib/python3.8/site-packages/airflow/example_dags/example_short_circuit_decorator.py
[2024-05-12T08:27:21.276+0000] {logging_mixin.py:188} INFO - [2024-05-12T08:27:21.276+0000] {dag.py:3047} INFO - Sync 1 DAGs
[2024-05-12T08:27:21.306+0000] {logging_mixin.py:188} INFO - [2024-05-12T08:27:21.306+0000] {dag.py:3834} INFO - Setting next_dagrun for example_short_circuit_decorator to 2024-05-11 00:00:00+00:00, run_after=2024-05-12 00:00:00+00:00
[2024-05-12T08:27:21.329+0000] {processor.py:183} INFO - Processing /home/airflow/.local/lib/python3.8/site-packages/airflow/example_dags/example_short_circuit_decorator.py took 0.101 seconds
[2024-05-12T08:27:51.645+0000] {processor.py:161} INFO - Started process (PID=869) to work on /home/airflow/.local/lib/python3.8/site-packages/airflow/example_dags/example_short_circuit_decorator.py
[2024-05-12T08:27:51.646+0000] {processor.py:830} INFO - Processing file /home/airflow/.local/lib/python3.8/site-packages/airflow/example_dags/example_short_circuit_decorator.py for tasks to queue
[2024-05-12T08:27:51.648+0000] {logging_mixin.py:188} INFO - [2024-05-12T08:27:51.648+0000] {dagbag.py:540} INFO - Filling up the DagBag from /home/airflow/.local/lib/python3.8/site-packages/airflow/example_dags/example_short_circuit_decorator.py
[2024-05-12T08:27:51.658+0000] {processor.py:840} INFO - DAG(s) 'example_short_circuit_decorator' retrieved from /home/airflow/.local/lib/python3.8/site-packages/airflow/example_dags/example_short_circuit_decorator.py
[2024-05-12T08:27:51.690+0000] {logging_mixin.py:188} INFO - [2024-05-12T08:27:51.690+0000] {dag.py:3047} INFO - Sync 1 DAGs
[2024-05-12T08:27:51.716+0000] {logging_mixin.py:188} INFO - [2024-05-12T08:27:51.716+0000] {dag.py:3834} INFO - Setting next_dagrun for example_short_circuit_decorator to 2024-05-11 00:00:00+00:00, run_after=2024-05-12 00:00:00+00:00
[2024-05-12T08:27:51.735+0000] {processor.py:183} INFO - Processing /home/airflow/.local/lib/python3.8/site-packages/airflow/example_dags/example_short_circuit_decorator.py took 0.095 seconds
[2024-05-12T08:28:21.853+0000] {processor.py:161} INFO - Started process (PID=924) to work on /home/airflow/.local/lib/python3.8/site-packages/airflow/example_dags/example_short_circuit_decorator.py
[2024-05-12T08:28:21.854+0000] {processor.py:830} INFO - Processing file /home/airflow/.local/lib/python3.8/site-packages/airflow/example_dags/example_short_circuit_decorator.py for tasks to queue
[2024-05-12T08:28:21.856+0000] {logging_mixin.py:188} INFO - [2024-05-12T08:28:21.856+0000] {dagbag.py:540} INFO - Filling up the DagBag from /home/airflow/.local/lib/python3.8/site-packages/airflow/example_dags/example_short_circuit_decorator.py
[2024-05-12T08:28:21.866+0000] {processor.py:840} INFO - DAG(s) 'example_short_circuit_decorator' retrieved from /home/airflow/.local/lib/python3.8/site-packages/airflow/example_dags/example_short_circuit_decorator.py
[2024-05-12T08:28:21.893+0000] {logging_mixin.py:188} INFO - [2024-05-12T08:28:21.893+0000] {dag.py:3047} INFO - Sync 1 DAGs
[2024-05-12T08:28:21.918+0000] {logging_mixin.py:188} INFO - [2024-05-12T08:28:21.917+0000] {dag.py:3834} INFO - Setting next_dagrun for example_short_circuit_decorator to 2024-05-11 00:00:00+00:00, run_after=2024-05-12 00:00:00+00:00
[2024-05-12T08:28:21.936+0000] {processor.py:183} INFO - Processing /home/airflow/.local/lib/python3.8/site-packages/airflow/example_dags/example_short_circuit_decorator.py took 0.086 seconds
