[2024-05-12T08:20:36.727+0000] {processor.py:161} INFO - Started process (PID=68) to work on /home/airflow/.local/lib/python3.8/site-packages/airflow/example_dags/example_params_ui_tutorial.py
[2024-05-12T08:20:36.728+0000] {processor.py:830} INFO - Processing file /home/airflow/.local/lib/python3.8/site-packages/airflow/example_dags/example_params_ui_tutorial.py for tasks to queue
[2024-05-12T08:20:36.729+0000] {logging_mixin.py:188} INFO - [2024-05-12T08:20:36.729+0000] {dagbag.py:540} INFO - Filling up the DagBag from /home/airflow/.local/lib/python3.8/site-packages/airflow/example_dags/example_params_ui_tutorial.py
[2024-05-12T08:20:36.785+0000] {processor.py:840} INFO - DAG(s) 'example_params_ui_tutorial' retrieved from /home/airflow/.local/lib/python3.8/site-packages/airflow/example_dags/example_params_ui_tutorial.py
[2024-05-12T08:20:41.949+0000] {logging_mixin.py:188} INFO - [2024-05-12T08:20:41.948+0000] {dag.py:3047} INFO - Sync 1 DAGs
[2024-05-12T08:20:41.959+0000] {logging_mixin.py:188} INFO - [2024-05-12T08:20:41.959+0000] {dag.py:3834} INFO - Setting next_dagrun for example_params_ui_tutorial to None, run_after=None
[2024-05-12T08:20:42.037+0000] {processor.py:183} INFO - Processing /home/airflow/.local/lib/python3.8/site-packages/airflow/example_dags/example_params_ui_tutorial.py took 5.314 seconds
[2024-05-12T08:21:12.481+0000] {processor.py:161} INFO - Started process (PID=124) to work on /home/airflow/.local/lib/python3.8/site-packages/airflow/example_dags/example_params_ui_tutorial.py
[2024-05-12T08:21:12.482+0000] {processor.py:830} INFO - Processing file /home/airflow/.local/lib/python3.8/site-packages/airflow/example_dags/example_params_ui_tutorial.py for tasks to queue
[2024-05-12T08:21:12.485+0000] {logging_mixin.py:188} INFO - [2024-05-12T08:21:12.484+0000] {dagbag.py:540} INFO - Filling up the DagBag from /home/airflow/.local/lib/python3.8/site-packages/airflow/example_dags/example_params_ui_tutorial.py
[2024-05-12T08:21:12.502+0000] {processor.py:840} INFO - DAG(s) 'example_params_ui_tutorial' retrieved from /home/airflow/.local/lib/python3.8/site-packages/airflow/example_dags/example_params_ui_tutorial.py
[2024-05-12T08:21:12.601+0000] {logging_mixin.py:188} INFO - [2024-05-12T08:21:12.601+0000] {dag.py:3047} INFO - Sync 1 DAGs
[2024-05-12T08:21:12.617+0000] {logging_mixin.py:188} INFO - [2024-05-12T08:21:12.617+0000] {dag.py:3834} INFO - Setting next_dagrun for example_params_ui_tutorial to None, run_after=None
[2024-05-12T08:21:12.641+0000] {processor.py:183} INFO - Processing /home/airflow/.local/lib/python3.8/site-packages/airflow/example_dags/example_params_ui_tutorial.py took 0.165 seconds
[2024-05-12T08:21:43.425+0000] {processor.py:161} INFO - Started process (PID=179) to work on /home/airflow/.local/lib/python3.8/site-packages/airflow/example_dags/example_params_ui_tutorial.py
[2024-05-12T08:21:43.427+0000] {processor.py:830} INFO - Processing file /home/airflow/.local/lib/python3.8/site-packages/airflow/example_dags/example_params_ui_tutorial.py for tasks to queue
[2024-05-12T08:21:43.429+0000] {logging_mixin.py:188} INFO - [2024-05-12T08:21:43.429+0000] {dagbag.py:540} INFO - Filling up the DagBag from /home/airflow/.local/lib/python3.8/site-packages/airflow/example_dags/example_params_ui_tutorial.py
[2024-05-12T08:21:43.446+0000] {processor.py:840} INFO - DAG(s) 'example_params_ui_tutorial' retrieved from /home/airflow/.local/lib/python3.8/site-packages/airflow/example_dags/example_params_ui_tutorial.py
[2024-05-12T08:21:43.516+0000] {logging_mixin.py:188} INFO - [2024-05-12T08:21:43.516+0000] {dag.py:3047} INFO - Sync 1 DAGs
[2024-05-12T08:21:43.534+0000] {logging_mixin.py:188} INFO - [2024-05-12T08:21:43.534+0000] {dag.py:3834} INFO - Setting next_dagrun for example_params_ui_tutorial to None, run_after=None
[2024-05-12T08:21:43.561+0000] {processor.py:183} INFO - Processing /home/airflow/.local/lib/python3.8/site-packages/airflow/example_dags/example_params_ui_tutorial.py took 0.141 seconds
[2024-05-12T08:22:13.866+0000] {processor.py:161} INFO - Started process (PID=234) to work on /home/airflow/.local/lib/python3.8/site-packages/airflow/example_dags/example_params_ui_tutorial.py
[2024-05-12T08:22:13.867+0000] {processor.py:830} INFO - Processing file /home/airflow/.local/lib/python3.8/site-packages/airflow/example_dags/example_params_ui_tutorial.py for tasks to queue
[2024-05-12T08:22:13.869+0000] {logging_mixin.py:188} INFO - [2024-05-12T08:22:13.869+0000] {dagbag.py:540} INFO - Filling up the DagBag from /home/airflow/.local/lib/python3.8/site-packages/airflow/example_dags/example_params_ui_tutorial.py
[2024-05-12T08:22:13.883+0000] {processor.py:840} INFO - DAG(s) 'example_params_ui_tutorial' retrieved from /home/airflow/.local/lib/python3.8/site-packages/airflow/example_dags/example_params_ui_tutorial.py
[2024-05-12T08:22:13.958+0000] {logging_mixin.py:188} INFO - [2024-05-12T08:22:13.958+0000] {dag.py:3047} INFO - Sync 1 DAGs
[2024-05-12T08:22:13.977+0000] {logging_mixin.py:188} INFO - [2024-05-12T08:22:13.976+0000] {dag.py:3834} INFO - Setting next_dagrun for example_params_ui_tutorial to None, run_after=None
[2024-05-12T08:22:14.000+0000] {processor.py:183} INFO - Processing /home/airflow/.local/lib/python3.8/site-packages/airflow/example_dags/example_params_ui_tutorial.py took 0.139 seconds
[2024-05-12T08:22:44.162+0000] {processor.py:161} INFO - Started process (PID=287) to work on /home/airflow/.local/lib/python3.8/site-packages/airflow/example_dags/example_params_ui_tutorial.py
[2024-05-12T08:22:44.164+0000] {processor.py:830} INFO - Processing file /home/airflow/.local/lib/python3.8/site-packages/airflow/example_dags/example_params_ui_tutorial.py for tasks to queue
[2024-05-12T08:22:44.165+0000] {logging_mixin.py:188} INFO - [2024-05-12T08:22:44.165+0000] {dagbag.py:540} INFO - Filling up the DagBag from /home/airflow/.local/lib/python3.8/site-packages/airflow/example_dags/example_params_ui_tutorial.py
[2024-05-12T08:22:44.178+0000] {processor.py:840} INFO - DAG(s) 'example_params_ui_tutorial' retrieved from /home/airflow/.local/lib/python3.8/site-packages/airflow/example_dags/example_params_ui_tutorial.py
[2024-05-12T08:22:44.248+0000] {logging_mixin.py:188} INFO - [2024-05-12T08:22:44.247+0000] {dag.py:3047} INFO - Sync 1 DAGs
[2024-05-12T08:22:44.260+0000] {logging_mixin.py:188} INFO - [2024-05-12T08:22:44.260+0000] {dag.py:3834} INFO - Setting next_dagrun for example_params_ui_tutorial to None, run_after=None
[2024-05-12T08:22:44.277+0000] {processor.py:183} INFO - Processing /home/airflow/.local/lib/python3.8/site-packages/airflow/example_dags/example_params_ui_tutorial.py took 0.119 seconds
[2024-05-12T08:23:14.950+0000] {processor.py:161} INFO - Started process (PID=343) to work on /home/airflow/.local/lib/python3.8/site-packages/airflow/example_dags/example_params_ui_tutorial.py
[2024-05-12T08:23:14.952+0000] {processor.py:830} INFO - Processing file /home/airflow/.local/lib/python3.8/site-packages/airflow/example_dags/example_params_ui_tutorial.py for tasks to queue
[2024-05-12T08:23:14.954+0000] {logging_mixin.py:188} INFO - [2024-05-12T08:23:14.954+0000] {dagbag.py:540} INFO - Filling up the DagBag from /home/airflow/.local/lib/python3.8/site-packages/airflow/example_dags/example_params_ui_tutorial.py
[2024-05-12T08:23:14.967+0000] {processor.py:840} INFO - DAG(s) 'example_params_ui_tutorial' retrieved from /home/airflow/.local/lib/python3.8/site-packages/airflow/example_dags/example_params_ui_tutorial.py
[2024-05-12T08:23:14.980+0000] {logging_mixin.py:188} INFO - [2024-05-12T08:23:14.979+0000] {dag.py:3047} INFO - Sync 1 DAGs
[2024-05-12T08:23:14.995+0000] {logging_mixin.py:188} INFO - [2024-05-12T08:23:14.994+0000] {dag.py:3834} INFO - Setting next_dagrun for example_params_ui_tutorial to None, run_after=None
[2024-05-12T08:23:15.014+0000] {processor.py:183} INFO - Processing /home/airflow/.local/lib/python3.8/site-packages/airflow/example_dags/example_params_ui_tutorial.py took 0.067 seconds
[2024-05-12T08:23:45.762+0000] {processor.py:161} INFO - Started process (PID=398) to work on /home/airflow/.local/lib/python3.8/site-packages/airflow/example_dags/example_params_ui_tutorial.py
[2024-05-12T08:23:45.764+0000] {processor.py:830} INFO - Processing file /home/airflow/.local/lib/python3.8/site-packages/airflow/example_dags/example_params_ui_tutorial.py for tasks to queue
[2024-05-12T08:23:45.766+0000] {logging_mixin.py:188} INFO - [2024-05-12T08:23:45.766+0000] {dagbag.py:540} INFO - Filling up the DagBag from /home/airflow/.local/lib/python3.8/site-packages/airflow/example_dags/example_params_ui_tutorial.py
[2024-05-12T08:23:45.781+0000] {processor.py:840} INFO - DAG(s) 'example_params_ui_tutorial' retrieved from /home/airflow/.local/lib/python3.8/site-packages/airflow/example_dags/example_params_ui_tutorial.py
[2024-05-12T08:23:45.950+0000] {logging_mixin.py:188} INFO - [2024-05-12T08:23:45.949+0000] {dag.py:3047} INFO - Sync 1 DAGs
[2024-05-12T08:23:45.962+0000] {logging_mixin.py:188} INFO - [2024-05-12T08:23:45.962+0000] {dag.py:3834} INFO - Setting next_dagrun for example_params_ui_tutorial to None, run_after=None
[2024-05-12T08:23:45.989+0000] {processor.py:183} INFO - Processing /home/airflow/.local/lib/python3.8/site-packages/airflow/example_dags/example_params_ui_tutorial.py took 0.230 seconds
[2024-05-12T08:24:16.132+0000] {processor.py:161} INFO - Started process (PID=454) to work on /home/airflow/.local/lib/python3.8/site-packages/airflow/example_dags/example_params_ui_tutorial.py
[2024-05-12T08:24:16.133+0000] {processor.py:830} INFO - Processing file /home/airflow/.local/lib/python3.8/site-packages/airflow/example_dags/example_params_ui_tutorial.py for tasks to queue
[2024-05-12T08:24:16.135+0000] {logging_mixin.py:188} INFO - [2024-05-12T08:24:16.135+0000] {dagbag.py:540} INFO - Filling up the DagBag from /home/airflow/.local/lib/python3.8/site-packages/airflow/example_dags/example_params_ui_tutorial.py
[2024-05-12T08:24:16.148+0000] {processor.py:840} INFO - DAG(s) 'example_params_ui_tutorial' retrieved from /home/airflow/.local/lib/python3.8/site-packages/airflow/example_dags/example_params_ui_tutorial.py
[2024-05-12T08:24:16.217+0000] {logging_mixin.py:188} INFO - [2024-05-12T08:24:16.216+0000] {dag.py:3047} INFO - Sync 1 DAGs
[2024-05-12T08:24:16.229+0000] {logging_mixin.py:188} INFO - [2024-05-12T08:24:16.229+0000] {dag.py:3834} INFO - Setting next_dagrun for example_params_ui_tutorial to None, run_after=None
[2024-05-12T08:24:16.255+0000] {processor.py:183} INFO - Processing /home/airflow/.local/lib/python3.8/site-packages/airflow/example_dags/example_params_ui_tutorial.py took 0.127 seconds
[2024-05-12T08:24:46.373+0000] {processor.py:161} INFO - Started process (PID=508) to work on /home/airflow/.local/lib/python3.8/site-packages/airflow/example_dags/example_params_ui_tutorial.py
[2024-05-12T08:24:46.374+0000] {processor.py:830} INFO - Processing file /home/airflow/.local/lib/python3.8/site-packages/airflow/example_dags/example_params_ui_tutorial.py for tasks to queue
[2024-05-12T08:24:46.376+0000] {logging_mixin.py:188} INFO - [2024-05-12T08:24:46.375+0000] {dagbag.py:540} INFO - Filling up the DagBag from /home/airflow/.local/lib/python3.8/site-packages/airflow/example_dags/example_params_ui_tutorial.py
[2024-05-12T08:24:46.388+0000] {processor.py:840} INFO - DAG(s) 'example_params_ui_tutorial' retrieved from /home/airflow/.local/lib/python3.8/site-packages/airflow/example_dags/example_params_ui_tutorial.py
[2024-05-12T08:24:46.457+0000] {logging_mixin.py:188} INFO - [2024-05-12T08:24:46.456+0000] {dag.py:3047} INFO - Sync 1 DAGs
[2024-05-12T08:24:46.470+0000] {logging_mixin.py:188} INFO - [2024-05-12T08:24:46.469+0000] {dag.py:3834} INFO - Setting next_dagrun for example_params_ui_tutorial to None, run_after=None
[2024-05-12T08:24:46.496+0000] {processor.py:183} INFO - Processing /home/airflow/.local/lib/python3.8/site-packages/airflow/example_dags/example_params_ui_tutorial.py took 0.126 seconds
[2024-05-12T08:25:16.659+0000] {processor.py:161} INFO - Started process (PID=563) to work on /home/airflow/.local/lib/python3.8/site-packages/airflow/example_dags/example_params_ui_tutorial.py
[2024-05-12T08:25:16.660+0000] {processor.py:830} INFO - Processing file /home/airflow/.local/lib/python3.8/site-packages/airflow/example_dags/example_params_ui_tutorial.py for tasks to queue
[2024-05-12T08:25:16.661+0000] {logging_mixin.py:188} INFO - [2024-05-12T08:25:16.661+0000] {dagbag.py:540} INFO - Filling up the DagBag from /home/airflow/.local/lib/python3.8/site-packages/airflow/example_dags/example_params_ui_tutorial.py
[2024-05-12T08:25:16.674+0000] {processor.py:840} INFO - DAG(s) 'example_params_ui_tutorial' retrieved from /home/airflow/.local/lib/python3.8/site-packages/airflow/example_dags/example_params_ui_tutorial.py
[2024-05-12T08:25:16.746+0000] {logging_mixin.py:188} INFO - [2024-05-12T08:25:16.746+0000] {dag.py:3047} INFO - Sync 1 DAGs
[2024-05-12T08:25:16.761+0000] {logging_mixin.py:188} INFO - [2024-05-12T08:25:16.760+0000] {dag.py:3834} INFO - Setting next_dagrun for example_params_ui_tutorial to None, run_after=None
[2024-05-12T08:25:16.792+0000] {processor.py:183} INFO - Processing /home/airflow/.local/lib/python3.8/site-packages/airflow/example_dags/example_params_ui_tutorial.py took 0.137 seconds
[2024-05-12T08:25:46.831+0000] {processor.py:161} INFO - Started process (PID=618) to work on /home/airflow/.local/lib/python3.8/site-packages/airflow/example_dags/example_params_ui_tutorial.py
[2024-05-12T08:25:46.832+0000] {processor.py:830} INFO - Processing file /home/airflow/.local/lib/python3.8/site-packages/airflow/example_dags/example_params_ui_tutorial.py for tasks to queue
[2024-05-12T08:25:46.834+0000] {logging_mixin.py:188} INFO - [2024-05-12T08:25:46.834+0000] {dagbag.py:540} INFO - Filling up the DagBag from /home/airflow/.local/lib/python3.8/site-packages/airflow/example_dags/example_params_ui_tutorial.py
[2024-05-12T08:25:46.847+0000] {processor.py:840} INFO - DAG(s) 'example_params_ui_tutorial' retrieved from /home/airflow/.local/lib/python3.8/site-packages/airflow/example_dags/example_params_ui_tutorial.py
[2024-05-12T08:25:46.918+0000] {logging_mixin.py:188} INFO - [2024-05-12T08:25:46.918+0000] {dag.py:3047} INFO - Sync 1 DAGs
[2024-05-12T08:25:46.931+0000] {logging_mixin.py:188} INFO - [2024-05-12T08:25:46.931+0000] {dag.py:3834} INFO - Setting next_dagrun for example_params_ui_tutorial to None, run_after=None
[2024-05-12T08:25:46.950+0000] {processor.py:183} INFO - Processing /home/airflow/.local/lib/python3.8/site-packages/airflow/example_dags/example_params_ui_tutorial.py took 0.123 seconds
[2024-05-12T08:26:17.674+0000] {processor.py:161} INFO - Started process (PID=672) to work on /home/airflow/.local/lib/python3.8/site-packages/airflow/example_dags/example_params_ui_tutorial.py
[2024-05-12T08:26:17.683+0000] {processor.py:830} INFO - Processing file /home/airflow/.local/lib/python3.8/site-packages/airflow/example_dags/example_params_ui_tutorial.py for tasks to queue
[2024-05-12T08:26:17.685+0000] {logging_mixin.py:188} INFO - [2024-05-12T08:26:17.685+0000] {dagbag.py:540} INFO - Filling up the DagBag from /home/airflow/.local/lib/python3.8/site-packages/airflow/example_dags/example_params_ui_tutorial.py
[2024-05-12T08:26:17.697+0000] {processor.py:840} INFO - DAG(s) 'example_params_ui_tutorial' retrieved from /home/airflow/.local/lib/python3.8/site-packages/airflow/example_dags/example_params_ui_tutorial.py
[2024-05-12T08:26:17.769+0000] {logging_mixin.py:188} INFO - [2024-05-12T08:26:17.769+0000] {dag.py:3047} INFO - Sync 1 DAGs
[2024-05-12T08:26:17.782+0000] {logging_mixin.py:188} INFO - [2024-05-12T08:26:17.782+0000] {dag.py:3834} INFO - Setting next_dagrun for example_params_ui_tutorial to None, run_after=None
[2024-05-12T08:26:17.810+0000] {processor.py:183} INFO - Processing /home/airflow/.local/lib/python3.8/site-packages/airflow/example_dags/example_params_ui_tutorial.py took 0.139 seconds
[2024-05-12T08:26:47.838+0000] {processor.py:161} INFO - Started process (PID=727) to work on /home/airflow/.local/lib/python3.8/site-packages/airflow/example_dags/example_params_ui_tutorial.py
[2024-05-12T08:26:47.840+0000] {processor.py:830} INFO - Processing file /home/airflow/.local/lib/python3.8/site-packages/airflow/example_dags/example_params_ui_tutorial.py for tasks to queue
[2024-05-12T08:26:47.841+0000] {logging_mixin.py:188} INFO - [2024-05-12T08:26:47.841+0000] {dagbag.py:540} INFO - Filling up the DagBag from /home/airflow/.local/lib/python3.8/site-packages/airflow/example_dags/example_params_ui_tutorial.py
[2024-05-12T08:26:47.854+0000] {processor.py:840} INFO - DAG(s) 'example_params_ui_tutorial' retrieved from /home/airflow/.local/lib/python3.8/site-packages/airflow/example_dags/example_params_ui_tutorial.py
[2024-05-12T08:26:47.922+0000] {logging_mixin.py:188} INFO - [2024-05-12T08:26:47.922+0000] {dag.py:3047} INFO - Sync 1 DAGs
[2024-05-12T08:26:47.935+0000] {logging_mixin.py:188} INFO - [2024-05-12T08:26:47.935+0000] {dag.py:3834} INFO - Setting next_dagrun for example_params_ui_tutorial to None, run_after=None
[2024-05-12T08:26:47.952+0000] {processor.py:183} INFO - Processing /home/airflow/.local/lib/python3.8/site-packages/airflow/example_dags/example_params_ui_tutorial.py took 0.117 seconds
[2024-05-12T08:27:18.800+0000] {processor.py:161} INFO - Started process (PID=783) to work on /home/airflow/.local/lib/python3.8/site-packages/airflow/example_dags/example_params_ui_tutorial.py
[2024-05-12T08:27:18.801+0000] {processor.py:830} INFO - Processing file /home/airflow/.local/lib/python3.8/site-packages/airflow/example_dags/example_params_ui_tutorial.py for tasks to queue
[2024-05-12T08:27:18.803+0000] {logging_mixin.py:188} INFO - [2024-05-12T08:27:18.803+0000] {dagbag.py:540} INFO - Filling up the DagBag from /home/airflow/.local/lib/python3.8/site-packages/airflow/example_dags/example_params_ui_tutorial.py
[2024-05-12T08:27:18.816+0000] {processor.py:840} INFO - DAG(s) 'example_params_ui_tutorial' retrieved from /home/airflow/.local/lib/python3.8/site-packages/airflow/example_dags/example_params_ui_tutorial.py
[2024-05-12T08:27:18.886+0000] {logging_mixin.py:188} INFO - [2024-05-12T08:27:18.886+0000] {dag.py:3047} INFO - Sync 1 DAGs
[2024-05-12T08:27:18.900+0000] {logging_mixin.py:188} INFO - [2024-05-12T08:27:18.900+0000] {dag.py:3834} INFO - Setting next_dagrun for example_params_ui_tutorial to None, run_after=None
[2024-05-12T08:27:18.923+0000] {processor.py:183} INFO - Processing /home/airflow/.local/lib/python3.8/site-packages/airflow/example_dags/example_params_ui_tutorial.py took 0.127 seconds
[2024-05-12T08:27:49.038+0000] {processor.py:161} INFO - Started process (PID=837) to work on /home/airflow/.local/lib/python3.8/site-packages/airflow/example_dags/example_params_ui_tutorial.py
[2024-05-12T08:27:49.039+0000] {processor.py:830} INFO - Processing file /home/airflow/.local/lib/python3.8/site-packages/airflow/example_dags/example_params_ui_tutorial.py for tasks to queue
[2024-05-12T08:27:49.041+0000] {logging_mixin.py:188} INFO - [2024-05-12T08:27:49.041+0000] {dagbag.py:540} INFO - Filling up the DagBag from /home/airflow/.local/lib/python3.8/site-packages/airflow/example_dags/example_params_ui_tutorial.py
[2024-05-12T08:27:49.054+0000] {processor.py:840} INFO - DAG(s) 'example_params_ui_tutorial' retrieved from /home/airflow/.local/lib/python3.8/site-packages/airflow/example_dags/example_params_ui_tutorial.py
[2024-05-12T08:27:49.127+0000] {logging_mixin.py:188} INFO - [2024-05-12T08:27:49.127+0000] {dag.py:3047} INFO - Sync 1 DAGs
[2024-05-12T08:27:49.140+0000] {logging_mixin.py:188} INFO - [2024-05-12T08:27:49.139+0000] {dag.py:3834} INFO - Setting next_dagrun for example_params_ui_tutorial to None, run_after=None
[2024-05-12T08:27:49.168+0000] {processor.py:183} INFO - Processing /home/airflow/.local/lib/python3.8/site-packages/airflow/example_dags/example_params_ui_tutorial.py took 0.135 seconds
[2024-05-12T08:28:19.216+0000] {processor.py:161} INFO - Started process (PID=899) to work on /home/airflow/.local/lib/python3.8/site-packages/airflow/example_dags/example_params_ui_tutorial.py
[2024-05-12T08:28:19.217+0000] {processor.py:830} INFO - Processing file /home/airflow/.local/lib/python3.8/site-packages/airflow/example_dags/example_params_ui_tutorial.py for tasks to queue
[2024-05-12T08:28:19.219+0000] {logging_mixin.py:188} INFO - [2024-05-12T08:28:19.219+0000] {dagbag.py:540} INFO - Filling up the DagBag from /home/airflow/.local/lib/python3.8/site-packages/airflow/example_dags/example_params_ui_tutorial.py
[2024-05-12T08:28:19.232+0000] {processor.py:840} INFO - DAG(s) 'example_params_ui_tutorial' retrieved from /home/airflow/.local/lib/python3.8/site-packages/airflow/example_dags/example_params_ui_tutorial.py
[2024-05-12T08:28:19.302+0000] {logging_mixin.py:188} INFO - [2024-05-12T08:28:19.302+0000] {dag.py:3047} INFO - Sync 1 DAGs
[2024-05-12T08:28:19.317+0000] {logging_mixin.py:188} INFO - [2024-05-12T08:28:19.317+0000] {dag.py:3834} INFO - Setting next_dagrun for example_params_ui_tutorial to None, run_after=None
[2024-05-12T08:28:19.340+0000] {processor.py:183} INFO - Processing /home/airflow/.local/lib/python3.8/site-packages/airflow/example_dags/example_params_ui_tutorial.py took 0.128 seconds
