[2024-05-12T08:20:43.028+0000] {processor.py:161} INFO - Started process (PID=83) to work on /home/airflow/.local/lib/python3.8/site-packages/airflow/example_dags/example_sensors.py
[2024-05-12T08:20:43.029+0000] {processor.py:830} INFO - Processing file /home/airflow/.local/lib/python3.8/site-packages/airflow/example_dags/example_sensors.py for tasks to queue
[2024-05-12T08:20:43.031+0000] {logging_mixin.py:188} INFO - [2024-05-12T08:20:43.031+0000] {dagbag.py:540} INFO - Filling up the DagBag from /home/airflow/.local/lib/python3.8/site-packages/airflow/example_dags/example_sensors.py
[2024-05-12T08:20:43.041+0000] {processor.py:840} INFO - DAG(s) 'example_sensors' retrieved from /home/airflow/.local/lib/python3.8/site-packages/airflow/example_dags/example_sensors.py
[2024-05-12T08:20:43.074+0000] {logging_mixin.py:188} INFO - [2024-05-12T08:20:43.074+0000] {dag.py:3047} INFO - Sync 1 DAGs
[2024-05-12T08:20:43.087+0000] {logging_mixin.py:188} INFO - [2024-05-12T08:20:43.087+0000] {dag.py:3834} INFO - Setting next_dagrun for example_sensors to None, run_after=None
[2024-05-12T08:20:43.111+0000] {processor.py:183} INFO - Processing /home/airflow/.local/lib/python3.8/site-packages/airflow/example_dags/example_sensors.py took 0.086 seconds
[2024-05-12T08:21:13.653+0000] {processor.py:161} INFO - Started process (PID=139) to work on /home/airflow/.local/lib/python3.8/site-packages/airflow/example_dags/example_sensors.py
[2024-05-12T08:21:13.655+0000] {processor.py:830} INFO - Processing file /home/airflow/.local/lib/python3.8/site-packages/airflow/example_dags/example_sensors.py for tasks to queue
[2024-05-12T08:21:13.657+0000] {logging_mixin.py:188} INFO - [2024-05-12T08:21:13.657+0000] {dagbag.py:540} INFO - Filling up the DagBag from /home/airflow/.local/lib/python3.8/site-packages/airflow/example_dags/example_sensors.py
[2024-05-12T08:21:13.671+0000] {processor.py:840} INFO - DAG(s) 'example_sensors' retrieved from /home/airflow/.local/lib/python3.8/site-packages/airflow/example_dags/example_sensors.py
[2024-05-12T08:21:13.700+0000] {logging_mixin.py:188} INFO - [2024-05-12T08:21:13.699+0000] {dag.py:3047} INFO - Sync 1 DAGs
[2024-05-12T08:21:13.712+0000] {logging_mixin.py:188} INFO - [2024-05-12T08:21:13.712+0000] {dag.py:3834} INFO - Setting next_dagrun for example_sensors to None, run_after=None
[2024-05-12T08:21:13.738+0000] {processor.py:183} INFO - Processing /home/airflow/.local/lib/python3.8/site-packages/airflow/example_dags/example_sensors.py took 0.090 seconds
[2024-05-12T08:21:44.733+0000] {processor.py:161} INFO - Started process (PID=194) to work on /home/airflow/.local/lib/python3.8/site-packages/airflow/example_dags/example_sensors.py
[2024-05-12T08:21:44.735+0000] {processor.py:830} INFO - Processing file /home/airflow/.local/lib/python3.8/site-packages/airflow/example_dags/example_sensors.py for tasks to queue
[2024-05-12T08:21:44.737+0000] {logging_mixin.py:188} INFO - [2024-05-12T08:21:44.737+0000] {dagbag.py:540} INFO - Filling up the DagBag from /home/airflow/.local/lib/python3.8/site-packages/airflow/example_dags/example_sensors.py
[2024-05-12T08:21:44.751+0000] {processor.py:840} INFO - DAG(s) 'example_sensors' retrieved from /home/airflow/.local/lib/python3.8/site-packages/airflow/example_dags/example_sensors.py
[2024-05-12T08:21:44.784+0000] {logging_mixin.py:188} INFO - [2024-05-12T08:21:44.784+0000] {dag.py:3047} INFO - Sync 1 DAGs
[2024-05-12T08:21:44.803+0000] {logging_mixin.py:188} INFO - [2024-05-12T08:21:44.802+0000] {dag.py:3834} INFO - Setting next_dagrun for example_sensors to None, run_after=None
[2024-05-12T08:21:44.829+0000] {processor.py:183} INFO - Processing /home/airflow/.local/lib/python3.8/site-packages/airflow/example_dags/example_sensors.py took 0.101 seconds
[2024-05-12T08:22:15.311+0000] {processor.py:161} INFO - Started process (PID=249) to work on /home/airflow/.local/lib/python3.8/site-packages/airflow/example_dags/example_sensors.py
[2024-05-12T08:22:15.316+0000] {processor.py:830} INFO - Processing file /home/airflow/.local/lib/python3.8/site-packages/airflow/example_dags/example_sensors.py for tasks to queue
[2024-05-12T08:22:15.318+0000] {logging_mixin.py:188} INFO - [2024-05-12T08:22:15.318+0000] {dagbag.py:540} INFO - Filling up the DagBag from /home/airflow/.local/lib/python3.8/site-packages/airflow/example_dags/example_sensors.py
[2024-05-12T08:22:15.331+0000] {processor.py:840} INFO - DAG(s) 'example_sensors' retrieved from /home/airflow/.local/lib/python3.8/site-packages/airflow/example_dags/example_sensors.py
[2024-05-12T08:22:15.362+0000] {logging_mixin.py:188} INFO - [2024-05-12T08:22:15.362+0000] {dag.py:3047} INFO - Sync 1 DAGs
[2024-05-12T08:22:15.375+0000] {logging_mixin.py:188} INFO - [2024-05-12T08:22:15.375+0000] {dag.py:3834} INFO - Setting next_dagrun for example_sensors to None, run_after=None
[2024-05-12T08:22:15.399+0000] {processor.py:183} INFO - Processing /home/airflow/.local/lib/python3.8/site-packages/airflow/example_dags/example_sensors.py took 0.093 seconds
[2024-05-12T08:22:46.269+0000] {processor.py:161} INFO - Started process (PID=303) to work on /home/airflow/.local/lib/python3.8/site-packages/airflow/example_dags/example_sensors.py
[2024-05-12T08:22:46.270+0000] {processor.py:830} INFO - Processing file /home/airflow/.local/lib/python3.8/site-packages/airflow/example_dags/example_sensors.py for tasks to queue
[2024-05-12T08:22:46.272+0000] {logging_mixin.py:188} INFO - [2024-05-12T08:22:46.271+0000] {dagbag.py:540} INFO - Filling up the DagBag from /home/airflow/.local/lib/python3.8/site-packages/airflow/example_dags/example_sensors.py
[2024-05-12T08:22:46.281+0000] {processor.py:840} INFO - DAG(s) 'example_sensors' retrieved from /home/airflow/.local/lib/python3.8/site-packages/airflow/example_dags/example_sensors.py
[2024-05-12T08:22:46.309+0000] {logging_mixin.py:188} INFO - [2024-05-12T08:22:46.309+0000] {dag.py:3047} INFO - Sync 1 DAGs
[2024-05-12T08:22:46.323+0000] {logging_mixin.py:188} INFO - [2024-05-12T08:22:46.322+0000] {dag.py:3834} INFO - Setting next_dagrun for example_sensors to None, run_after=None
[2024-05-12T08:22:46.347+0000] {processor.py:183} INFO - Processing /home/airflow/.local/lib/python3.8/site-packages/airflow/example_dags/example_sensors.py took 0.082 seconds
[2024-05-12T08:23:16.852+0000] {processor.py:161} INFO - Started process (PID=358) to work on /home/airflow/.local/lib/python3.8/site-packages/airflow/example_dags/example_sensors.py
[2024-05-12T08:23:16.854+0000] {processor.py:830} INFO - Processing file /home/airflow/.local/lib/python3.8/site-packages/airflow/example_dags/example_sensors.py for tasks to queue
[2024-05-12T08:23:16.856+0000] {logging_mixin.py:188} INFO - [2024-05-12T08:23:16.855+0000] {dagbag.py:540} INFO - Filling up the DagBag from /home/airflow/.local/lib/python3.8/site-packages/airflow/example_dags/example_sensors.py
[2024-05-12T08:23:16.869+0000] {processor.py:840} INFO - DAG(s) 'example_sensors' retrieved from /home/airflow/.local/lib/python3.8/site-packages/airflow/example_dags/example_sensors.py
[2024-05-12T08:23:16.884+0000] {logging_mixin.py:188} INFO - [2024-05-12T08:23:16.884+0000] {dag.py:3047} INFO - Sync 1 DAGs
[2024-05-12T08:23:16.904+0000] {logging_mixin.py:188} INFO - [2024-05-12T08:23:16.904+0000] {dag.py:3834} INFO - Setting next_dagrun for example_sensors to None, run_after=None
[2024-05-12T08:23:16.930+0000] {processor.py:183} INFO - Processing /home/airflow/.local/lib/python3.8/site-packages/airflow/example_dags/example_sensors.py took 0.083 seconds
[2024-05-12T08:23:47.475+0000] {processor.py:161} INFO - Started process (PID=413) to work on /home/airflow/.local/lib/python3.8/site-packages/airflow/example_dags/example_sensors.py
[2024-05-12T08:23:47.477+0000] {processor.py:830} INFO - Processing file /home/airflow/.local/lib/python3.8/site-packages/airflow/example_dags/example_sensors.py for tasks to queue
[2024-05-12T08:23:47.479+0000] {logging_mixin.py:188} INFO - [2024-05-12T08:23:47.478+0000] {dagbag.py:540} INFO - Filling up the DagBag from /home/airflow/.local/lib/python3.8/site-packages/airflow/example_dags/example_sensors.py
[2024-05-12T08:23:47.488+0000] {processor.py:840} INFO - DAG(s) 'example_sensors' retrieved from /home/airflow/.local/lib/python3.8/site-packages/airflow/example_dags/example_sensors.py
[2024-05-12T08:23:47.605+0000] {logging_mixin.py:188} INFO - [2024-05-12T08:23:47.605+0000] {dag.py:3047} INFO - Sync 1 DAGs
[2024-05-12T08:23:47.616+0000] {logging_mixin.py:188} INFO - [2024-05-12T08:23:47.616+0000] {dag.py:3834} INFO - Setting next_dagrun for example_sensors to None, run_after=None
[2024-05-12T08:23:47.636+0000] {processor.py:183} INFO - Processing /home/airflow/.local/lib/python3.8/site-packages/airflow/example_dags/example_sensors.py took 0.165 seconds
[2024-05-12T08:24:18.131+0000] {processor.py:161} INFO - Started process (PID=469) to work on /home/airflow/.local/lib/python3.8/site-packages/airflow/example_dags/example_sensors.py
[2024-05-12T08:24:18.133+0000] {processor.py:830} INFO - Processing file /home/airflow/.local/lib/python3.8/site-packages/airflow/example_dags/example_sensors.py for tasks to queue
[2024-05-12T08:24:18.135+0000] {logging_mixin.py:188} INFO - [2024-05-12T08:24:18.135+0000] {dagbag.py:540} INFO - Filling up the DagBag from /home/airflow/.local/lib/python3.8/site-packages/airflow/example_dags/example_sensors.py
[2024-05-12T08:24:18.146+0000] {processor.py:840} INFO - DAG(s) 'example_sensors' retrieved from /home/airflow/.local/lib/python3.8/site-packages/airflow/example_dags/example_sensors.py
[2024-05-12T08:24:18.172+0000] {logging_mixin.py:188} INFO - [2024-05-12T08:24:18.172+0000] {dag.py:3047} INFO - Sync 1 DAGs
[2024-05-12T08:24:18.186+0000] {logging_mixin.py:188} INFO - [2024-05-12T08:24:18.186+0000] {dag.py:3834} INFO - Setting next_dagrun for example_sensors to None, run_after=None
[2024-05-12T08:24:18.216+0000] {processor.py:183} INFO - Processing /home/airflow/.local/lib/python3.8/site-packages/airflow/example_dags/example_sensors.py took 0.089 seconds
[2024-05-12T08:24:48.519+0000] {processor.py:161} INFO - Started process (PID=524) to work on /home/airflow/.local/lib/python3.8/site-packages/airflow/example_dags/example_sensors.py
[2024-05-12T08:24:48.520+0000] {processor.py:830} INFO - Processing file /home/airflow/.local/lib/python3.8/site-packages/airflow/example_dags/example_sensors.py for tasks to queue
[2024-05-12T08:24:48.522+0000] {logging_mixin.py:188} INFO - [2024-05-12T08:24:48.522+0000] {dagbag.py:540} INFO - Filling up the DagBag from /home/airflow/.local/lib/python3.8/site-packages/airflow/example_dags/example_sensors.py
[2024-05-12T08:24:48.532+0000] {processor.py:840} INFO - DAG(s) 'example_sensors' retrieved from /home/airflow/.local/lib/python3.8/site-packages/airflow/example_dags/example_sensors.py
[2024-05-12T08:24:48.559+0000] {logging_mixin.py:188} INFO - [2024-05-12T08:24:48.558+0000] {dag.py:3047} INFO - Sync 1 DAGs
[2024-05-12T08:24:48.571+0000] {logging_mixin.py:188} INFO - [2024-05-12T08:24:48.571+0000] {dag.py:3834} INFO - Setting next_dagrun for example_sensors to None, run_after=None
[2024-05-12T08:24:48.591+0000] {processor.py:183} INFO - Processing /home/airflow/.local/lib/python3.8/site-packages/airflow/example_dags/example_sensors.py took 0.075 seconds
[2024-05-12T08:25:18.676+0000] {processor.py:161} INFO - Started process (PID=579) to work on /home/airflow/.local/lib/python3.8/site-packages/airflow/example_dags/example_sensors.py
[2024-05-12T08:25:18.677+0000] {processor.py:830} INFO - Processing file /home/airflow/.local/lib/python3.8/site-packages/airflow/example_dags/example_sensors.py for tasks to queue
[2024-05-12T08:25:18.679+0000] {logging_mixin.py:188} INFO - [2024-05-12T08:25:18.678+0000] {dagbag.py:540} INFO - Filling up the DagBag from /home/airflow/.local/lib/python3.8/site-packages/airflow/example_dags/example_sensors.py
[2024-05-12T08:25:18.689+0000] {processor.py:840} INFO - DAG(s) 'example_sensors' retrieved from /home/airflow/.local/lib/python3.8/site-packages/airflow/example_dags/example_sensors.py
[2024-05-12T08:25:18.720+0000] {logging_mixin.py:188} INFO - [2024-05-12T08:25:18.720+0000] {dag.py:3047} INFO - Sync 1 DAGs
[2024-05-12T08:25:18.734+0000] {logging_mixin.py:188} INFO - [2024-05-12T08:25:18.733+0000] {dag.py:3834} INFO - Setting next_dagrun for example_sensors to None, run_after=None
[2024-05-12T08:25:18.756+0000] {processor.py:183} INFO - Processing /home/airflow/.local/lib/python3.8/site-packages/airflow/example_dags/example_sensors.py took 0.085 seconds
[2024-05-12T08:25:48.912+0000] {processor.py:161} INFO - Started process (PID=640) to work on /home/airflow/.local/lib/python3.8/site-packages/airflow/example_dags/example_sensors.py
[2024-05-12T08:25:48.913+0000] {processor.py:830} INFO - Processing file /home/airflow/.local/lib/python3.8/site-packages/airflow/example_dags/example_sensors.py for tasks to queue
[2024-05-12T08:25:48.914+0000] {logging_mixin.py:188} INFO - [2024-05-12T08:25:48.914+0000] {dagbag.py:540} INFO - Filling up the DagBag from /home/airflow/.local/lib/python3.8/site-packages/airflow/example_dags/example_sensors.py
[2024-05-12T08:25:48.924+0000] {processor.py:840} INFO - DAG(s) 'example_sensors' retrieved from /home/airflow/.local/lib/python3.8/site-packages/airflow/example_dags/example_sensors.py
[2024-05-12T08:25:48.951+0000] {logging_mixin.py:188} INFO - [2024-05-12T08:25:48.951+0000] {dag.py:3047} INFO - Sync 1 DAGs
[2024-05-12T08:25:48.964+0000] {logging_mixin.py:188} INFO - [2024-05-12T08:25:48.964+0000] {dag.py:3834} INFO - Setting next_dagrun for example_sensors to None, run_after=None
[2024-05-12T08:25:48.993+0000] {processor.py:183} INFO - Processing /home/airflow/.local/lib/python3.8/site-packages/airflow/example_dags/example_sensors.py took 0.085 seconds
[2024-05-12T08:26:19.130+0000] {processor.py:161} INFO - Started process (PID=696) to work on /home/airflow/.local/lib/python3.8/site-packages/airflow/example_dags/example_sensors.py
[2024-05-12T08:26:19.151+0000] {processor.py:830} INFO - Processing file /home/airflow/.local/lib/python3.8/site-packages/airflow/example_dags/example_sensors.py for tasks to queue
[2024-05-12T08:26:19.153+0000] {logging_mixin.py:188} INFO - [2024-05-12T08:26:19.153+0000] {dagbag.py:540} INFO - Filling up the DagBag from /home/airflow/.local/lib/python3.8/site-packages/airflow/example_dags/example_sensors.py
[2024-05-12T08:26:19.163+0000] {processor.py:840} INFO - DAG(s) 'example_sensors' retrieved from /home/airflow/.local/lib/python3.8/site-packages/airflow/example_dags/example_sensors.py
[2024-05-12T08:26:19.188+0000] {logging_mixin.py:188} INFO - [2024-05-12T08:26:19.188+0000] {dag.py:3047} INFO - Sync 1 DAGs
[2024-05-12T08:26:19.200+0000] {logging_mixin.py:188} INFO - [2024-05-12T08:26:19.200+0000] {dag.py:3834} INFO - Setting next_dagrun for example_sensors to None, run_after=None
[2024-05-12T08:26:19.219+0000] {processor.py:183} INFO - Processing /home/airflow/.local/lib/python3.8/site-packages/airflow/example_dags/example_sensors.py took 0.092 seconds
[2024-05-12T08:26:49.888+0000] {processor.py:161} INFO - Started process (PID=749) to work on /home/airflow/.local/lib/python3.8/site-packages/airflow/example_dags/example_sensors.py
[2024-05-12T08:26:49.889+0000] {processor.py:830} INFO - Processing file /home/airflow/.local/lib/python3.8/site-packages/airflow/example_dags/example_sensors.py for tasks to queue
[2024-05-12T08:26:49.891+0000] {logging_mixin.py:188} INFO - [2024-05-12T08:26:49.891+0000] {dagbag.py:540} INFO - Filling up the DagBag from /home/airflow/.local/lib/python3.8/site-packages/airflow/example_dags/example_sensors.py
[2024-05-12T08:26:49.901+0000] {processor.py:840} INFO - DAG(s) 'example_sensors' retrieved from /home/airflow/.local/lib/python3.8/site-packages/airflow/example_dags/example_sensors.py
[2024-05-12T08:26:49.927+0000] {logging_mixin.py:188} INFO - [2024-05-12T08:26:49.927+0000] {dag.py:3047} INFO - Sync 1 DAGs
[2024-05-12T08:26:49.942+0000] {logging_mixin.py:188} INFO - [2024-05-12T08:26:49.942+0000] {dag.py:3834} INFO - Setting next_dagrun for example_sensors to None, run_after=None
[2024-05-12T08:26:49.966+0000] {processor.py:183} INFO - Processing /home/airflow/.local/lib/python3.8/site-packages/airflow/example_dags/example_sensors.py took 0.082 seconds
[2024-05-12T08:27:20.709+0000] {processor.py:161} INFO - Started process (PID=804) to work on /home/airflow/.local/lib/python3.8/site-packages/airflow/example_dags/example_sensors.py
[2024-05-12T08:27:20.710+0000] {processor.py:830} INFO - Processing file /home/airflow/.local/lib/python3.8/site-packages/airflow/example_dags/example_sensors.py for tasks to queue
[2024-05-12T08:27:20.712+0000] {logging_mixin.py:188} INFO - [2024-05-12T08:27:20.711+0000] {dagbag.py:540} INFO - Filling up the DagBag from /home/airflow/.local/lib/python3.8/site-packages/airflow/example_dags/example_sensors.py
[2024-05-12T08:27:20.722+0000] {processor.py:840} INFO - DAG(s) 'example_sensors' retrieved from /home/airflow/.local/lib/python3.8/site-packages/airflow/example_dags/example_sensors.py
[2024-05-12T08:27:20.751+0000] {logging_mixin.py:188} INFO - [2024-05-12T08:27:20.750+0000] {dag.py:3047} INFO - Sync 1 DAGs
[2024-05-12T08:27:20.764+0000] {logging_mixin.py:188} INFO - [2024-05-12T08:27:20.764+0000] {dag.py:3834} INFO - Setting next_dagrun for example_sensors to None, run_after=None
[2024-05-12T08:27:20.787+0000] {processor.py:183} INFO - Processing /home/airflow/.local/lib/python3.8/site-packages/airflow/example_dags/example_sensors.py took 0.082 seconds
[2024-05-12T08:27:51.157+0000] {processor.py:161} INFO - Started process (PID=860) to work on /home/airflow/.local/lib/python3.8/site-packages/airflow/example_dags/example_sensors.py
[2024-05-12T08:27:51.158+0000] {processor.py:830} INFO - Processing file /home/airflow/.local/lib/python3.8/site-packages/airflow/example_dags/example_sensors.py for tasks to queue
[2024-05-12T08:27:51.160+0000] {logging_mixin.py:188} INFO - [2024-05-12T08:27:51.160+0000] {dagbag.py:540} INFO - Filling up the DagBag from /home/airflow/.local/lib/python3.8/site-packages/airflow/example_dags/example_sensors.py
[2024-05-12T08:27:51.170+0000] {processor.py:840} INFO - DAG(s) 'example_sensors' retrieved from /home/airflow/.local/lib/python3.8/site-packages/airflow/example_dags/example_sensors.py
[2024-05-12T08:27:51.202+0000] {logging_mixin.py:188} INFO - [2024-05-12T08:27:51.202+0000] {dag.py:3047} INFO - Sync 1 DAGs
[2024-05-12T08:27:51.219+0000] {logging_mixin.py:188} INFO - [2024-05-12T08:27:51.219+0000] {dag.py:3834} INFO - Setting next_dagrun for example_sensors to None, run_after=None
[2024-05-12T08:27:51.245+0000] {processor.py:183} INFO - Processing /home/airflow/.local/lib/python3.8/site-packages/airflow/example_dags/example_sensors.py took 0.092 seconds
[2024-05-12T08:28:21.369+0000] {processor.py:161} INFO - Started process (PID=915) to work on /home/airflow/.local/lib/python3.8/site-packages/airflow/example_dags/example_sensors.py
[2024-05-12T08:28:21.370+0000] {processor.py:830} INFO - Processing file /home/airflow/.local/lib/python3.8/site-packages/airflow/example_dags/example_sensors.py for tasks to queue
[2024-05-12T08:28:21.372+0000] {logging_mixin.py:188} INFO - [2024-05-12T08:28:21.371+0000] {dagbag.py:540} INFO - Filling up the DagBag from /home/airflow/.local/lib/python3.8/site-packages/airflow/example_dags/example_sensors.py
[2024-05-12T08:28:21.381+0000] {processor.py:840} INFO - DAG(s) 'example_sensors' retrieved from /home/airflow/.local/lib/python3.8/site-packages/airflow/example_dags/example_sensors.py
[2024-05-12T08:28:21.408+0000] {logging_mixin.py:188} INFO - [2024-05-12T08:28:21.408+0000] {dag.py:3047} INFO - Sync 1 DAGs
[2024-05-12T08:28:21.421+0000] {logging_mixin.py:188} INFO - [2024-05-12T08:28:21.421+0000] {dag.py:3834} INFO - Setting next_dagrun for example_sensors to None, run_after=None
[2024-05-12T08:28:21.445+0000] {processor.py:183} INFO - Processing /home/airflow/.local/lib/python3.8/site-packages/airflow/example_dags/example_sensors.py took 0.080 seconds
