[2024-05-12T08:20:35.831+0000] {processor.py:161} INFO - Started process (PID=62) to work on /home/airflow/.local/lib/python3.8/site-packages/airflow/example_dags/example_task_group_decorator.py
[2024-05-12T08:20:35.832+0000] {processor.py:830} INFO - Processing file /home/airflow/.local/lib/python3.8/site-packages/airflow/example_dags/example_task_group_decorator.py for tasks to queue
[2024-05-12T08:20:35.834+0000] {logging_mixin.py:188} INFO - [2024-05-12T08:20:35.834+0000] {dagbag.py:540} INFO - Filling up the DagBag from /home/airflow/.local/lib/python3.8/site-packages/airflow/example_dags/example_task_group_decorator.py
[2024-05-12T08:20:35.854+0000] {processor.py:840} INFO - DAG(s) 'example_task_group_decorator' retrieved from /home/airflow/.local/lib/python3.8/site-packages/airflow/example_dags/example_task_group_decorator.py
[2024-05-12T08:20:35.887+0000] {logging_mixin.py:188} INFO - [2024-05-12T08:20:35.887+0000] {dag.py:3047} INFO - Sync 1 DAGs
[2024-05-12T08:20:35.909+0000] {logging_mixin.py:188} INFO - [2024-05-12T08:20:35.909+0000] {dag.py:3834} INFO - Setting next_dagrun for example_task_group_decorator to 2024-05-11 00:00:00+00:00, run_after=2024-05-12 00:00:00+00:00
[2024-05-12T08:20:35.926+0000] {processor.py:183} INFO - Processing /home/airflow/.local/lib/python3.8/site-packages/airflow/example_dags/example_task_group_decorator.py took 0.099 seconds
[2024-05-12T08:21:06.825+0000] {processor.py:161} INFO - Started process (PID=117) to work on /home/airflow/.local/lib/python3.8/site-packages/airflow/example_dags/example_task_group_decorator.py
[2024-05-12T08:21:06.827+0000] {processor.py:830} INFO - Processing file /home/airflow/.local/lib/python3.8/site-packages/airflow/example_dags/example_task_group_decorator.py for tasks to queue
[2024-05-12T08:21:06.829+0000] {logging_mixin.py:188} INFO - [2024-05-12T08:21:06.828+0000] {dagbag.py:540} INFO - Filling up the DagBag from /home/airflow/.local/lib/python3.8/site-packages/airflow/example_dags/example_task_group_decorator.py
[2024-05-12T08:21:06.844+0000] {processor.py:840} INFO - DAG(s) 'example_task_group_decorator' retrieved from /home/airflow/.local/lib/python3.8/site-packages/airflow/example_dags/example_task_group_decorator.py
[2024-05-12T08:21:06.869+0000] {logging_mixin.py:188} INFO - [2024-05-12T08:21:06.869+0000] {dag.py:3047} INFO - Sync 1 DAGs
[2024-05-12T08:21:06.892+0000] {logging_mixin.py:188} INFO - [2024-05-12T08:21:06.892+0000] {dag.py:3834} INFO - Setting next_dagrun for example_task_group_decorator to 2024-05-11 00:00:00+00:00, run_after=2024-05-12 00:00:00+00:00
[2024-05-12T08:21:06.910+0000] {processor.py:183} INFO - Processing /home/airflow/.local/lib/python3.8/site-packages/airflow/example_dags/example_task_group_decorator.py took 0.089 seconds
[2024-05-12T08:21:37.005+0000] {processor.py:161} INFO - Started process (PID=170) to work on /home/airflow/.local/lib/python3.8/site-packages/airflow/example_dags/example_task_group_decorator.py
[2024-05-12T08:21:37.006+0000] {processor.py:830} INFO - Processing file /home/airflow/.local/lib/python3.8/site-packages/airflow/example_dags/example_task_group_decorator.py for tasks to queue
[2024-05-12T08:21:37.008+0000] {logging_mixin.py:188} INFO - [2024-05-12T08:21:37.007+0000] {dagbag.py:540} INFO - Filling up the DagBag from /home/airflow/.local/lib/python3.8/site-packages/airflow/example_dags/example_task_group_decorator.py
[2024-05-12T08:21:37.026+0000] {processor.py:840} INFO - DAG(s) 'example_task_group_decorator' retrieved from /home/airflow/.local/lib/python3.8/site-packages/airflow/example_dags/example_task_group_decorator.py
[2024-05-12T08:21:37.059+0000] {logging_mixin.py:188} INFO - [2024-05-12T08:21:37.059+0000] {dag.py:3047} INFO - Sync 1 DAGs
[2024-05-12T08:21:37.089+0000] {logging_mixin.py:188} INFO - [2024-05-12T08:21:37.088+0000] {dag.py:3834} INFO - Setting next_dagrun for example_task_group_decorator to 2024-05-11 00:00:00+00:00, run_after=2024-05-12 00:00:00+00:00
[2024-05-12T08:21:37.113+0000] {processor.py:183} INFO - Processing /home/airflow/.local/lib/python3.8/site-packages/airflow/example_dags/example_task_group_decorator.py took 0.113 seconds
[2024-05-12T08:22:07.239+0000] {processor.py:161} INFO - Started process (PID=225) to work on /home/airflow/.local/lib/python3.8/site-packages/airflow/example_dags/example_task_group_decorator.py
[2024-05-12T08:22:07.241+0000] {processor.py:830} INFO - Processing file /home/airflow/.local/lib/python3.8/site-packages/airflow/example_dags/example_task_group_decorator.py for tasks to queue
[2024-05-12T08:22:07.244+0000] {logging_mixin.py:188} INFO - [2024-05-12T08:22:07.243+0000] {dagbag.py:540} INFO - Filling up the DagBag from /home/airflow/.local/lib/python3.8/site-packages/airflow/example_dags/example_task_group_decorator.py
[2024-05-12T08:22:07.266+0000] {processor.py:840} INFO - DAG(s) 'example_task_group_decorator' retrieved from /home/airflow/.local/lib/python3.8/site-packages/airflow/example_dags/example_task_group_decorator.py
[2024-05-12T08:22:07.293+0000] {logging_mixin.py:188} INFO - [2024-05-12T08:22:07.292+0000] {dag.py:3047} INFO - Sync 1 DAGs
[2024-05-12T08:22:07.317+0000] {logging_mixin.py:188} INFO - [2024-05-12T08:22:07.316+0000] {dag.py:3834} INFO - Setting next_dagrun for example_task_group_decorator to 2024-05-11 00:00:00+00:00, run_after=2024-05-12 00:00:00+00:00
[2024-05-12T08:22:07.335+0000] {processor.py:183} INFO - Processing /home/airflow/.local/lib/python3.8/site-packages/airflow/example_dags/example_task_group_decorator.py took 0.101 seconds
[2024-05-12T08:22:37.701+0000] {processor.py:161} INFO - Started process (PID=279) to work on /home/airflow/.local/lib/python3.8/site-packages/airflow/example_dags/example_task_group_decorator.py
[2024-05-12T08:22:37.702+0000] {processor.py:830} INFO - Processing file /home/airflow/.local/lib/python3.8/site-packages/airflow/example_dags/example_task_group_decorator.py for tasks to queue
[2024-05-12T08:22:37.704+0000] {logging_mixin.py:188} INFO - [2024-05-12T08:22:37.704+0000] {dagbag.py:540} INFO - Filling up the DagBag from /home/airflow/.local/lib/python3.8/site-packages/airflow/example_dags/example_task_group_decorator.py
[2024-05-12T08:22:37.722+0000] {processor.py:840} INFO - DAG(s) 'example_task_group_decorator' retrieved from /home/airflow/.local/lib/python3.8/site-packages/airflow/example_dags/example_task_group_decorator.py
[2024-05-12T08:22:37.751+0000] {logging_mixin.py:188} INFO - [2024-05-12T08:22:37.750+0000] {dag.py:3047} INFO - Sync 1 DAGs
[2024-05-12T08:22:37.775+0000] {logging_mixin.py:188} INFO - [2024-05-12T08:22:37.775+0000] {dag.py:3834} INFO - Setting next_dagrun for example_task_group_decorator to 2024-05-11 00:00:00+00:00, run_after=2024-05-12 00:00:00+00:00
[2024-05-12T08:22:37.795+0000] {processor.py:183} INFO - Processing /home/airflow/.local/lib/python3.8/site-packages/airflow/example_dags/example_task_group_decorator.py took 0.098 seconds
[2024-05-12T08:23:08.552+0000] {processor.py:161} INFO - Started process (PID=334) to work on /home/airflow/.local/lib/python3.8/site-packages/airflow/example_dags/example_task_group_decorator.py
[2024-05-12T08:23:08.553+0000] {processor.py:830} INFO - Processing file /home/airflow/.local/lib/python3.8/site-packages/airflow/example_dags/example_task_group_decorator.py for tasks to queue
[2024-05-12T08:23:08.555+0000] {logging_mixin.py:188} INFO - [2024-05-12T08:23:08.555+0000] {dagbag.py:540} INFO - Filling up the DagBag from /home/airflow/.local/lib/python3.8/site-packages/airflow/example_dags/example_task_group_decorator.py
[2024-05-12T08:23:08.571+0000] {processor.py:840} INFO - DAG(s) 'example_task_group_decorator' retrieved from /home/airflow/.local/lib/python3.8/site-packages/airflow/example_dags/example_task_group_decorator.py
[2024-05-12T08:23:08.604+0000] {logging_mixin.py:188} INFO - [2024-05-12T08:23:08.603+0000] {dag.py:3047} INFO - Sync 1 DAGs
[2024-05-12T08:23:08.633+0000] {logging_mixin.py:188} INFO - [2024-05-12T08:23:08.633+0000] {dag.py:3834} INFO - Setting next_dagrun for example_task_group_decorator to 2024-05-11 00:00:00+00:00, run_after=2024-05-12 00:00:00+00:00
[2024-05-12T08:23:08.665+0000] {processor.py:183} INFO - Processing /home/airflow/.local/lib/python3.8/site-packages/airflow/example_dags/example_task_group_decorator.py took 0.117 seconds
[2024-05-12T08:23:39.147+0000] {processor.py:161} INFO - Started process (PID=389) to work on /home/airflow/.local/lib/python3.8/site-packages/airflow/example_dags/example_task_group_decorator.py
[2024-05-12T08:23:39.148+0000] {processor.py:830} INFO - Processing file /home/airflow/.local/lib/python3.8/site-packages/airflow/example_dags/example_task_group_decorator.py for tasks to queue
[2024-05-12T08:23:39.150+0000] {logging_mixin.py:188} INFO - [2024-05-12T08:23:39.150+0000] {dagbag.py:540} INFO - Filling up the DagBag from /home/airflow/.local/lib/python3.8/site-packages/airflow/example_dags/example_task_group_decorator.py
[2024-05-12T08:23:39.166+0000] {processor.py:840} INFO - DAG(s) 'example_task_group_decorator' retrieved from /home/airflow/.local/lib/python3.8/site-packages/airflow/example_dags/example_task_group_decorator.py
[2024-05-12T08:23:39.177+0000] {logging_mixin.py:188} INFO - [2024-05-12T08:23:39.176+0000] {dag.py:3047} INFO - Sync 1 DAGs
[2024-05-12T08:23:39.200+0000] {logging_mixin.py:188} INFO - [2024-05-12T08:23:39.200+0000] {dag.py:3834} INFO - Setting next_dagrun for example_task_group_decorator to 2024-05-11 00:00:00+00:00, run_after=2024-05-12 00:00:00+00:00
[2024-05-12T08:23:39.225+0000] {processor.py:183} INFO - Processing /home/airflow/.local/lib/python3.8/site-packages/airflow/example_dags/example_task_group_decorator.py took 0.082 seconds
[2024-05-12T08:24:09.670+0000] {processor.py:161} INFO - Started process (PID=445) to work on /home/airflow/.local/lib/python3.8/site-packages/airflow/example_dags/example_task_group_decorator.py
[2024-05-12T08:24:09.671+0000] {processor.py:830} INFO - Processing file /home/airflow/.local/lib/python3.8/site-packages/airflow/example_dags/example_task_group_decorator.py for tasks to queue
[2024-05-12T08:24:09.673+0000] {logging_mixin.py:188} INFO - [2024-05-12T08:24:09.673+0000] {dagbag.py:540} INFO - Filling up the DagBag from /home/airflow/.local/lib/python3.8/site-packages/airflow/example_dags/example_task_group_decorator.py
[2024-05-12T08:24:09.689+0000] {processor.py:840} INFO - DAG(s) 'example_task_group_decorator' retrieved from /home/airflow/.local/lib/python3.8/site-packages/airflow/example_dags/example_task_group_decorator.py
[2024-05-12T08:24:09.805+0000] {logging_mixin.py:188} INFO - [2024-05-12T08:24:09.805+0000] {dag.py:3047} INFO - Sync 1 DAGs
[2024-05-12T08:24:09.825+0000] {logging_mixin.py:188} INFO - [2024-05-12T08:24:09.825+0000] {dag.py:3834} INFO - Setting next_dagrun for example_task_group_decorator to 2024-05-11 00:00:00+00:00, run_after=2024-05-12 00:00:00+00:00
[2024-05-12T08:24:09.846+0000] {processor.py:183} INFO - Processing /home/airflow/.local/lib/python3.8/site-packages/airflow/example_dags/example_task_group_decorator.py took 0.179 seconds
[2024-05-12T08:24:39.903+0000] {processor.py:161} INFO - Started process (PID=500) to work on /home/airflow/.local/lib/python3.8/site-packages/airflow/example_dags/example_task_group_decorator.py
[2024-05-12T08:24:39.904+0000] {processor.py:830} INFO - Processing file /home/airflow/.local/lib/python3.8/site-packages/airflow/example_dags/example_task_group_decorator.py for tasks to queue
[2024-05-12T08:24:39.906+0000] {logging_mixin.py:188} INFO - [2024-05-12T08:24:39.906+0000] {dagbag.py:540} INFO - Filling up the DagBag from /home/airflow/.local/lib/python3.8/site-packages/airflow/example_dags/example_task_group_decorator.py
[2024-05-12T08:24:39.924+0000] {processor.py:840} INFO - DAG(s) 'example_task_group_decorator' retrieved from /home/airflow/.local/lib/python3.8/site-packages/airflow/example_dags/example_task_group_decorator.py
[2024-05-12T08:24:39.958+0000] {logging_mixin.py:188} INFO - [2024-05-12T08:24:39.957+0000] {dag.py:3047} INFO - Sync 1 DAGs
[2024-05-12T08:24:39.986+0000] {logging_mixin.py:188} INFO - [2024-05-12T08:24:39.986+0000] {dag.py:3834} INFO - Setting next_dagrun for example_task_group_decorator to 2024-05-11 00:00:00+00:00, run_after=2024-05-12 00:00:00+00:00
[2024-05-12T08:24:40.010+0000] {processor.py:183} INFO - Processing /home/airflow/.local/lib/python3.8/site-packages/airflow/example_dags/example_task_group_decorator.py took 0.110 seconds
[2024-05-12T08:25:10.934+0000] {processor.py:161} INFO - Started process (PID=555) to work on /home/airflow/.local/lib/python3.8/site-packages/airflow/example_dags/example_task_group_decorator.py
[2024-05-12T08:25:10.935+0000] {processor.py:830} INFO - Processing file /home/airflow/.local/lib/python3.8/site-packages/airflow/example_dags/example_task_group_decorator.py for tasks to queue
[2024-05-12T08:25:10.937+0000] {logging_mixin.py:188} INFO - [2024-05-12T08:25:10.937+0000] {dagbag.py:540} INFO - Filling up the DagBag from /home/airflow/.local/lib/python3.8/site-packages/airflow/example_dags/example_task_group_decorator.py
[2024-05-12T08:25:10.955+0000] {processor.py:840} INFO - DAG(s) 'example_task_group_decorator' retrieved from /home/airflow/.local/lib/python3.8/site-packages/airflow/example_dags/example_task_group_decorator.py
[2024-05-12T08:25:10.983+0000] {logging_mixin.py:188} INFO - [2024-05-12T08:25:10.983+0000] {dag.py:3047} INFO - Sync 1 DAGs
[2024-05-12T08:25:11.007+0000] {logging_mixin.py:188} INFO - [2024-05-12T08:25:11.007+0000] {dag.py:3834} INFO - Setting next_dagrun for example_task_group_decorator to 2024-05-11 00:00:00+00:00, run_after=2024-05-12 00:00:00+00:00
[2024-05-12T08:25:11.034+0000] {processor.py:183} INFO - Processing /home/airflow/.local/lib/python3.8/site-packages/airflow/example_dags/example_task_group_decorator.py took 0.104 seconds
[2024-05-12T08:25:41.100+0000] {processor.py:161} INFO - Started process (PID=610) to work on /home/airflow/.local/lib/python3.8/site-packages/airflow/example_dags/example_task_group_decorator.py
[2024-05-12T08:25:41.101+0000] {processor.py:830} INFO - Processing file /home/airflow/.local/lib/python3.8/site-packages/airflow/example_dags/example_task_group_decorator.py for tasks to queue
[2024-05-12T08:25:41.103+0000] {logging_mixin.py:188} INFO - [2024-05-12T08:25:41.102+0000] {dagbag.py:540} INFO - Filling up the DagBag from /home/airflow/.local/lib/python3.8/site-packages/airflow/example_dags/example_task_group_decorator.py
[2024-05-12T08:25:41.118+0000] {processor.py:840} INFO - DAG(s) 'example_task_group_decorator' retrieved from /home/airflow/.local/lib/python3.8/site-packages/airflow/example_dags/example_task_group_decorator.py
[2024-05-12T08:25:41.145+0000] {logging_mixin.py:188} INFO - [2024-05-12T08:25:41.144+0000] {dag.py:3047} INFO - Sync 1 DAGs
[2024-05-12T08:25:41.168+0000] {logging_mixin.py:188} INFO - [2024-05-12T08:25:41.168+0000] {dag.py:3834} INFO - Setting next_dagrun for example_task_group_decorator to 2024-05-11 00:00:00+00:00, run_after=2024-05-12 00:00:00+00:00
[2024-05-12T08:25:41.185+0000] {processor.py:183} INFO - Processing /home/airflow/.local/lib/python3.8/site-packages/airflow/example_dags/example_task_group_decorator.py took 0.090 seconds
[2024-05-12T08:26:11.253+0000] {processor.py:161} INFO - Started process (PID=665) to work on /home/airflow/.local/lib/python3.8/site-packages/airflow/example_dags/example_task_group_decorator.py
[2024-05-12T08:26:11.254+0000] {processor.py:830} INFO - Processing file /home/airflow/.local/lib/python3.8/site-packages/airflow/example_dags/example_task_group_decorator.py for tasks to queue
[2024-05-12T08:26:11.256+0000] {logging_mixin.py:188} INFO - [2024-05-12T08:26:11.256+0000] {dagbag.py:540} INFO - Filling up the DagBag from /home/airflow/.local/lib/python3.8/site-packages/airflow/example_dags/example_task_group_decorator.py
[2024-05-12T08:26:11.273+0000] {processor.py:840} INFO - DAG(s) 'example_task_group_decorator' retrieved from /home/airflow/.local/lib/python3.8/site-packages/airflow/example_dags/example_task_group_decorator.py
[2024-05-12T08:26:11.301+0000] {logging_mixin.py:188} INFO - [2024-05-12T08:26:11.300+0000] {dag.py:3047} INFO - Sync 1 DAGs
[2024-05-12T08:26:11.326+0000] {logging_mixin.py:188} INFO - [2024-05-12T08:26:11.325+0000] {dag.py:3834} INFO - Setting next_dagrun for example_task_group_decorator to 2024-05-11 00:00:00+00:00, run_after=2024-05-12 00:00:00+00:00
[2024-05-12T08:26:11.343+0000] {processor.py:183} INFO - Processing /home/airflow/.local/lib/python3.8/site-packages/airflow/example_dags/example_task_group_decorator.py took 0.094 seconds
[2024-05-12T08:26:41.451+0000] {processor.py:161} INFO - Started process (PID=721) to work on /home/airflow/.local/lib/python3.8/site-packages/airflow/example_dags/example_task_group_decorator.py
[2024-05-12T08:26:41.452+0000] {processor.py:830} INFO - Processing file /home/airflow/.local/lib/python3.8/site-packages/airflow/example_dags/example_task_group_decorator.py for tasks to queue
[2024-05-12T08:26:41.454+0000] {logging_mixin.py:188} INFO - [2024-05-12T08:26:41.453+0000] {dagbag.py:540} INFO - Filling up the DagBag from /home/airflow/.local/lib/python3.8/site-packages/airflow/example_dags/example_task_group_decorator.py
[2024-05-12T08:26:41.470+0000] {processor.py:840} INFO - DAG(s) 'example_task_group_decorator' retrieved from /home/airflow/.local/lib/python3.8/site-packages/airflow/example_dags/example_task_group_decorator.py
[2024-05-12T08:26:41.503+0000] {logging_mixin.py:188} INFO - [2024-05-12T08:26:41.503+0000] {dag.py:3047} INFO - Sync 1 DAGs
[2024-05-12T08:26:41.532+0000] {logging_mixin.py:188} INFO - [2024-05-12T08:26:41.532+0000] {dag.py:3834} INFO - Setting next_dagrun for example_task_group_decorator to 2024-05-11 00:00:00+00:00, run_after=2024-05-12 00:00:00+00:00
[2024-05-12T08:26:41.559+0000] {processor.py:183} INFO - Processing /home/airflow/.local/lib/python3.8/site-packages/airflow/example_dags/example_task_group_decorator.py took 0.112 seconds
[2024-05-12T08:27:12.403+0000] {processor.py:161} INFO - Started process (PID=776) to work on /home/airflow/.local/lib/python3.8/site-packages/airflow/example_dags/example_task_group_decorator.py
[2024-05-12T08:27:12.405+0000] {processor.py:830} INFO - Processing file /home/airflow/.local/lib/python3.8/site-packages/airflow/example_dags/example_task_group_decorator.py for tasks to queue
[2024-05-12T08:27:12.407+0000] {logging_mixin.py:188} INFO - [2024-05-12T08:27:12.407+0000] {dagbag.py:540} INFO - Filling up the DagBag from /home/airflow/.local/lib/python3.8/site-packages/airflow/example_dags/example_task_group_decorator.py
[2024-05-12T08:27:12.429+0000] {processor.py:840} INFO - DAG(s) 'example_task_group_decorator' retrieved from /home/airflow/.local/lib/python3.8/site-packages/airflow/example_dags/example_task_group_decorator.py
[2024-05-12T08:27:12.464+0000] {logging_mixin.py:188} INFO - [2024-05-12T08:27:12.464+0000] {dag.py:3047} INFO - Sync 1 DAGs
[2024-05-12T08:27:12.498+0000] {logging_mixin.py:188} INFO - [2024-05-12T08:27:12.498+0000] {dag.py:3834} INFO - Setting next_dagrun for example_task_group_decorator to 2024-05-11 00:00:00+00:00, run_after=2024-05-12 00:00:00+00:00
[2024-05-12T08:27:12.517+0000] {processor.py:183} INFO - Processing /home/airflow/.local/lib/python3.8/site-packages/airflow/example_dags/example_task_group_decorator.py took 0.118 seconds
[2024-05-12T08:27:42.577+0000] {processor.py:161} INFO - Started process (PID=831) to work on /home/airflow/.local/lib/python3.8/site-packages/airflow/example_dags/example_task_group_decorator.py
[2024-05-12T08:27:42.579+0000] {processor.py:830} INFO - Processing file /home/airflow/.local/lib/python3.8/site-packages/airflow/example_dags/example_task_group_decorator.py for tasks to queue
[2024-05-12T08:27:42.581+0000] {logging_mixin.py:188} INFO - [2024-05-12T08:27:42.581+0000] {dagbag.py:540} INFO - Filling up the DagBag from /home/airflow/.local/lib/python3.8/site-packages/airflow/example_dags/example_task_group_decorator.py
[2024-05-12T08:27:42.601+0000] {processor.py:840} INFO - DAG(s) 'example_task_group_decorator' retrieved from /home/airflow/.local/lib/python3.8/site-packages/airflow/example_dags/example_task_group_decorator.py
[2024-05-12T08:27:42.627+0000] {logging_mixin.py:188} INFO - [2024-05-12T08:27:42.627+0000] {dag.py:3047} INFO - Sync 1 DAGs
[2024-05-12T08:27:42.652+0000] {logging_mixin.py:188} INFO - [2024-05-12T08:27:42.652+0000] {dag.py:3834} INFO - Setting next_dagrun for example_task_group_decorator to 2024-05-11 00:00:00+00:00, run_after=2024-05-12 00:00:00+00:00
[2024-05-12T08:27:42.670+0000] {processor.py:183} INFO - Processing /home/airflow/.local/lib/python3.8/site-packages/airflow/example_dags/example_task_group_decorator.py took 0.097 seconds
[2024-05-12T08:28:12.847+0000] {processor.py:161} INFO - Started process (PID=887) to work on /home/airflow/.local/lib/python3.8/site-packages/airflow/example_dags/example_task_group_decorator.py
[2024-05-12T08:28:12.848+0000] {processor.py:830} INFO - Processing file /home/airflow/.local/lib/python3.8/site-packages/airflow/example_dags/example_task_group_decorator.py for tasks to queue
[2024-05-12T08:28:12.850+0000] {logging_mixin.py:188} INFO - [2024-05-12T08:28:12.850+0000] {dagbag.py:540} INFO - Filling up the DagBag from /home/airflow/.local/lib/python3.8/site-packages/airflow/example_dags/example_task_group_decorator.py
[2024-05-12T08:28:12.868+0000] {processor.py:840} INFO - DAG(s) 'example_task_group_decorator' retrieved from /home/airflow/.local/lib/python3.8/site-packages/airflow/example_dags/example_task_group_decorator.py
[2024-05-12T08:28:12.900+0000] {logging_mixin.py:188} INFO - [2024-05-12T08:28:12.900+0000] {dag.py:3047} INFO - Sync 1 DAGs
[2024-05-12T08:28:12.929+0000] {logging_mixin.py:188} INFO - [2024-05-12T08:28:12.929+0000] {dag.py:3834} INFO - Setting next_dagrun for example_task_group_decorator to 2024-05-11 00:00:00+00:00, run_after=2024-05-12 00:00:00+00:00
[2024-05-12T08:28:12.950+0000] {processor.py:183} INFO - Processing /home/airflow/.local/lib/python3.8/site-packages/airflow/example_dags/example_task_group_decorator.py took 0.107 seconds
