[2024-05-12T08:20:35.622+0000] {processor.py:161} INFO - Started process (PID=60) to work on /home/airflow/.local/lib/python3.8/site-packages/airflow/example_dags/example_trigger_target_dag.py
[2024-05-12T08:20:35.623+0000] {processor.py:830} INFO - Processing file /home/airflow/.local/lib/python3.8/site-packages/airflow/example_dags/example_trigger_target_dag.py for tasks to queue
[2024-05-12T08:20:35.625+0000] {logging_mixin.py:188} INFO - [2024-05-12T08:20:35.625+0000] {dagbag.py:540} INFO - Filling up the DagBag from /home/airflow/.local/lib/python3.8/site-packages/airflow/example_dags/example_trigger_target_dag.py
[2024-05-12T08:20:35.634+0000] {processor.py:840} INFO - DAG(s) 'example_trigger_target_dag' retrieved from /home/airflow/.local/lib/python3.8/site-packages/airflow/example_dags/example_trigger_target_dag.py
[2024-05-12T08:20:35.661+0000] {logging_mixin.py:188} INFO - [2024-05-12T08:20:35.661+0000] {dag.py:3047} INFO - Sync 1 DAGs
[2024-05-12T08:20:35.673+0000] {logging_mixin.py:188} INFO - [2024-05-12T08:20:35.673+0000] {dag.py:3834} INFO - Setting next_dagrun for example_trigger_target_dag to None, run_after=None
[2024-05-12T08:20:35.691+0000] {processor.py:183} INFO - Processing /home/airflow/.local/lib/python3.8/site-packages/airflow/example_dags/example_trigger_target_dag.py took 0.073 seconds
[2024-05-12T08:21:05.717+0000] {processor.py:161} INFO - Started process (PID=115) to work on /home/airflow/.local/lib/python3.8/site-packages/airflow/example_dags/example_trigger_target_dag.py
[2024-05-12T08:21:05.718+0000] {processor.py:830} INFO - Processing file /home/airflow/.local/lib/python3.8/site-packages/airflow/example_dags/example_trigger_target_dag.py for tasks to queue
[2024-05-12T08:21:05.720+0000] {logging_mixin.py:188} INFO - [2024-05-12T08:21:05.720+0000] {dagbag.py:540} INFO - Filling up the DagBag from /home/airflow/.local/lib/python3.8/site-packages/airflow/example_dags/example_trigger_target_dag.py
[2024-05-12T08:21:05.727+0000] {processor.py:840} INFO - DAG(s) 'example_trigger_target_dag' retrieved from /home/airflow/.local/lib/python3.8/site-packages/airflow/example_dags/example_trigger_target_dag.py
[2024-05-12T08:21:05.747+0000] {logging_mixin.py:188} INFO - [2024-05-12T08:21:05.747+0000] {dag.py:3047} INFO - Sync 1 DAGs
[2024-05-12T08:21:05.760+0000] {logging_mixin.py:188} INFO - [2024-05-12T08:21:05.759+0000] {dag.py:3834} INFO - Setting next_dagrun for example_trigger_target_dag to None, run_after=None
[2024-05-12T08:21:05.784+0000] {processor.py:183} INFO - Processing /home/airflow/.local/lib/python3.8/site-packages/airflow/example_dags/example_trigger_target_dag.py took 0.072 seconds
[2024-05-12T08:21:35.905+0000] {processor.py:161} INFO - Started process (PID=168) to work on /home/airflow/.local/lib/python3.8/site-packages/airflow/example_dags/example_trigger_target_dag.py
[2024-05-12T08:21:35.906+0000] {processor.py:830} INFO - Processing file /home/airflow/.local/lib/python3.8/site-packages/airflow/example_dags/example_trigger_target_dag.py for tasks to queue
[2024-05-12T08:21:35.908+0000] {logging_mixin.py:188} INFO - [2024-05-12T08:21:35.907+0000] {dagbag.py:540} INFO - Filling up the DagBag from /home/airflow/.local/lib/python3.8/site-packages/airflow/example_dags/example_trigger_target_dag.py
[2024-05-12T08:21:35.914+0000] {processor.py:840} INFO - DAG(s) 'example_trigger_target_dag' retrieved from /home/airflow/.local/lib/python3.8/site-packages/airflow/example_dags/example_trigger_target_dag.py
[2024-05-12T08:21:35.934+0000] {logging_mixin.py:188} INFO - [2024-05-12T08:21:35.934+0000] {dag.py:3047} INFO - Sync 1 DAGs
[2024-05-12T08:21:35.947+0000] {logging_mixin.py:188} INFO - [2024-05-12T08:21:35.946+0000] {dag.py:3834} INFO - Setting next_dagrun for example_trigger_target_dag to None, run_after=None
[2024-05-12T08:21:35.970+0000] {processor.py:183} INFO - Processing /home/airflow/.local/lib/python3.8/site-packages/airflow/example_dags/example_trigger_target_dag.py took 0.069 seconds
[2024-05-12T08:22:06.132+0000] {processor.py:161} INFO - Started process (PID=223) to work on /home/airflow/.local/lib/python3.8/site-packages/airflow/example_dags/example_trigger_target_dag.py
[2024-05-12T08:22:06.230+0000] {processor.py:830} INFO - Processing file /home/airflow/.local/lib/python3.8/site-packages/airflow/example_dags/example_trigger_target_dag.py for tasks to queue
[2024-05-12T08:22:06.232+0000] {logging_mixin.py:188} INFO - [2024-05-12T08:22:06.232+0000] {dagbag.py:540} INFO - Filling up the DagBag from /home/airflow/.local/lib/python3.8/site-packages/airflow/example_dags/example_trigger_target_dag.py
[2024-05-12T08:22:06.238+0000] {processor.py:840} INFO - DAG(s) 'example_trigger_target_dag' retrieved from /home/airflow/.local/lib/python3.8/site-packages/airflow/example_dags/example_trigger_target_dag.py
[2024-05-12T08:22:06.261+0000] {logging_mixin.py:188} INFO - [2024-05-12T08:22:06.260+0000] {dag.py:3047} INFO - Sync 1 DAGs
[2024-05-12T08:22:06.277+0000] {logging_mixin.py:188} INFO - [2024-05-12T08:22:06.276+0000] {dag.py:3834} INFO - Setting next_dagrun for example_trigger_target_dag to None, run_after=None
[2024-05-12T08:22:06.299+0000] {processor.py:183} INFO - Processing /home/airflow/.local/lib/python3.8/site-packages/airflow/example_dags/example_trigger_target_dag.py took 0.172 seconds
[2024-05-12T08:22:36.685+0000] {processor.py:161} INFO - Started process (PID=277) to work on /home/airflow/.local/lib/python3.8/site-packages/airflow/example_dags/example_trigger_target_dag.py
[2024-05-12T08:22:36.687+0000] {processor.py:830} INFO - Processing file /home/airflow/.local/lib/python3.8/site-packages/airflow/example_dags/example_trigger_target_dag.py for tasks to queue
[2024-05-12T08:22:36.689+0000] {logging_mixin.py:188} INFO - [2024-05-12T08:22:36.689+0000] {dagbag.py:540} INFO - Filling up the DagBag from /home/airflow/.local/lib/python3.8/site-packages/airflow/example_dags/example_trigger_target_dag.py
[2024-05-12T08:22:36.695+0000] {processor.py:840} INFO - DAG(s) 'example_trigger_target_dag' retrieved from /home/airflow/.local/lib/python3.8/site-packages/airflow/example_dags/example_trigger_target_dag.py
[2024-05-12T08:22:36.716+0000] {logging_mixin.py:188} INFO - [2024-05-12T08:22:36.715+0000] {dag.py:3047} INFO - Sync 1 DAGs
[2024-05-12T08:22:36.729+0000] {logging_mixin.py:188} INFO - [2024-05-12T08:22:36.728+0000] {dag.py:3834} INFO - Setting next_dagrun for example_trigger_target_dag to None, run_after=None
[2024-05-12T08:22:36.754+0000] {processor.py:183} INFO - Processing /home/airflow/.local/lib/python3.8/site-packages/airflow/example_dags/example_trigger_target_dag.py took 0.072 seconds
[2024-05-12T08:23:07.535+0000] {processor.py:161} INFO - Started process (PID=332) to work on /home/airflow/.local/lib/python3.8/site-packages/airflow/example_dags/example_trigger_target_dag.py
[2024-05-12T08:23:07.537+0000] {processor.py:830} INFO - Processing file /home/airflow/.local/lib/python3.8/site-packages/airflow/example_dags/example_trigger_target_dag.py for tasks to queue
[2024-05-12T08:23:07.539+0000] {logging_mixin.py:188} INFO - [2024-05-12T08:23:07.538+0000] {dagbag.py:540} INFO - Filling up the DagBag from /home/airflow/.local/lib/python3.8/site-packages/airflow/example_dags/example_trigger_target_dag.py
[2024-05-12T08:23:07.545+0000] {processor.py:840} INFO - DAG(s) 'example_trigger_target_dag' retrieved from /home/airflow/.local/lib/python3.8/site-packages/airflow/example_dags/example_trigger_target_dag.py
[2024-05-12T08:23:07.569+0000] {logging_mixin.py:188} INFO - [2024-05-12T08:23:07.568+0000] {dag.py:3047} INFO - Sync 1 DAGs
[2024-05-12T08:23:07.586+0000] {logging_mixin.py:188} INFO - [2024-05-12T08:23:07.586+0000] {dag.py:3834} INFO - Setting next_dagrun for example_trigger_target_dag to None, run_after=None
[2024-05-12T08:23:07.678+0000] {processor.py:183} INFO - Processing /home/airflow/.local/lib/python3.8/site-packages/airflow/example_dags/example_trigger_target_dag.py took 0.147 seconds
[2024-05-12T08:23:38.072+0000] {processor.py:161} INFO - Started process (PID=387) to work on /home/airflow/.local/lib/python3.8/site-packages/airflow/example_dags/example_trigger_target_dag.py
[2024-05-12T08:23:38.073+0000] {processor.py:830} INFO - Processing file /home/airflow/.local/lib/python3.8/site-packages/airflow/example_dags/example_trigger_target_dag.py for tasks to queue
[2024-05-12T08:23:38.075+0000] {logging_mixin.py:188} INFO - [2024-05-12T08:23:38.075+0000] {dagbag.py:540} INFO - Filling up the DagBag from /home/airflow/.local/lib/python3.8/site-packages/airflow/example_dags/example_trigger_target_dag.py
[2024-05-12T08:23:38.082+0000] {processor.py:840} INFO - DAG(s) 'example_trigger_target_dag' retrieved from /home/airflow/.local/lib/python3.8/site-packages/airflow/example_dags/example_trigger_target_dag.py
[2024-05-12T08:23:38.095+0000] {logging_mixin.py:188} INFO - [2024-05-12T08:23:38.095+0000] {dag.py:3047} INFO - Sync 1 DAGs
[2024-05-12T08:23:38.110+0000] {logging_mixin.py:188} INFO - [2024-05-12T08:23:38.110+0000] {dag.py:3834} INFO - Setting next_dagrun for example_trigger_target_dag to None, run_after=None
[2024-05-12T08:23:38.130+0000] {processor.py:183} INFO - Processing /home/airflow/.local/lib/python3.8/site-packages/airflow/example_dags/example_trigger_target_dag.py took 0.062 seconds
[2024-05-12T08:24:08.577+0000] {processor.py:161} INFO - Started process (PID=443) to work on /home/airflow/.local/lib/python3.8/site-packages/airflow/example_dags/example_trigger_target_dag.py
[2024-05-12T08:24:08.579+0000] {processor.py:830} INFO - Processing file /home/airflow/.local/lib/python3.8/site-packages/airflow/example_dags/example_trigger_target_dag.py for tasks to queue
[2024-05-12T08:24:08.581+0000] {logging_mixin.py:188} INFO - [2024-05-12T08:24:08.581+0000] {dagbag.py:540} INFO - Filling up the DagBag from /home/airflow/.local/lib/python3.8/site-packages/airflow/example_dags/example_trigger_target_dag.py
[2024-05-12T08:24:08.588+0000] {processor.py:840} INFO - DAG(s) 'example_trigger_target_dag' retrieved from /home/airflow/.local/lib/python3.8/site-packages/airflow/example_dags/example_trigger_target_dag.py
[2024-05-12T08:24:08.707+0000] {logging_mixin.py:188} INFO - [2024-05-12T08:24:08.707+0000] {dag.py:3047} INFO - Sync 1 DAGs
[2024-05-12T08:24:08.718+0000] {logging_mixin.py:188} INFO - [2024-05-12T08:24:08.718+0000] {dag.py:3834} INFO - Setting next_dagrun for example_trigger_target_dag to None, run_after=None
[2024-05-12T08:24:08.735+0000] {processor.py:183} INFO - Processing /home/airflow/.local/lib/python3.8/site-packages/airflow/example_dags/example_trigger_target_dag.py took 0.162 seconds
[2024-05-12T08:24:38.813+0000] {processor.py:161} INFO - Started process (PID=498) to work on /home/airflow/.local/lib/python3.8/site-packages/airflow/example_dags/example_trigger_target_dag.py
[2024-05-12T08:24:38.815+0000] {processor.py:830} INFO - Processing file /home/airflow/.local/lib/python3.8/site-packages/airflow/example_dags/example_trigger_target_dag.py for tasks to queue
[2024-05-12T08:24:38.817+0000] {logging_mixin.py:188} INFO - [2024-05-12T08:24:38.817+0000] {dagbag.py:540} INFO - Filling up the DagBag from /home/airflow/.local/lib/python3.8/site-packages/airflow/example_dags/example_trigger_target_dag.py
[2024-05-12T08:24:38.823+0000] {processor.py:840} INFO - DAG(s) 'example_trigger_target_dag' retrieved from /home/airflow/.local/lib/python3.8/site-packages/airflow/example_dags/example_trigger_target_dag.py
[2024-05-12T08:24:38.842+0000] {logging_mixin.py:188} INFO - [2024-05-12T08:24:38.842+0000] {dag.py:3047} INFO - Sync 1 DAGs
[2024-05-12T08:24:38.855+0000] {logging_mixin.py:188} INFO - [2024-05-12T08:24:38.855+0000] {dag.py:3834} INFO - Setting next_dagrun for example_trigger_target_dag to None, run_after=None
[2024-05-12T08:24:38.872+0000] {processor.py:183} INFO - Processing /home/airflow/.local/lib/python3.8/site-packages/airflow/example_dags/example_trigger_target_dag.py took 0.062 seconds
[2024-05-12T08:25:08.915+0000] {processor.py:161} INFO - Started process (PID=553) to work on /home/airflow/.local/lib/python3.8/site-packages/airflow/example_dags/example_trigger_target_dag.py
[2024-05-12T08:25:08.916+0000] {processor.py:830} INFO - Processing file /home/airflow/.local/lib/python3.8/site-packages/airflow/example_dags/example_trigger_target_dag.py for tasks to queue
[2024-05-12T08:25:08.918+0000] {logging_mixin.py:188} INFO - [2024-05-12T08:25:08.918+0000] {dagbag.py:540} INFO - Filling up the DagBag from /home/airflow/.local/lib/python3.8/site-packages/airflow/example_dags/example_trigger_target_dag.py
[2024-05-12T08:25:08.924+0000] {processor.py:840} INFO - DAG(s) 'example_trigger_target_dag' retrieved from /home/airflow/.local/lib/python3.8/site-packages/airflow/example_dags/example_trigger_target_dag.py
[2024-05-12T08:25:08.943+0000] {logging_mixin.py:188} INFO - [2024-05-12T08:25:08.943+0000] {dag.py:3047} INFO - Sync 1 DAGs
[2024-05-12T08:25:08.956+0000] {logging_mixin.py:188} INFO - [2024-05-12T08:25:08.955+0000] {dag.py:3834} INFO - Setting next_dagrun for example_trigger_target_dag to None, run_after=None
[2024-05-12T08:25:08.974+0000] {processor.py:183} INFO - Processing /home/airflow/.local/lib/python3.8/site-packages/airflow/example_dags/example_trigger_target_dag.py took 0.062 seconds
[2024-05-12T08:25:39.000+0000] {processor.py:161} INFO - Started process (PID=608) to work on /home/airflow/.local/lib/python3.8/site-packages/airflow/example_dags/example_trigger_target_dag.py
[2024-05-12T08:25:39.001+0000] {processor.py:830} INFO - Processing file /home/airflow/.local/lib/python3.8/site-packages/airflow/example_dags/example_trigger_target_dag.py for tasks to queue
[2024-05-12T08:25:39.003+0000] {logging_mixin.py:188} INFO - [2024-05-12T08:25:39.002+0000] {dagbag.py:540} INFO - Filling up the DagBag from /home/airflow/.local/lib/python3.8/site-packages/airflow/example_dags/example_trigger_target_dag.py
[2024-05-12T08:25:39.009+0000] {processor.py:840} INFO - DAG(s) 'example_trigger_target_dag' retrieved from /home/airflow/.local/lib/python3.8/site-packages/airflow/example_dags/example_trigger_target_dag.py
[2024-05-12T08:25:39.028+0000] {logging_mixin.py:188} INFO - [2024-05-12T08:25:39.028+0000] {dag.py:3047} INFO - Sync 1 DAGs
[2024-05-12T08:25:39.042+0000] {logging_mixin.py:188} INFO - [2024-05-12T08:25:39.041+0000] {dag.py:3834} INFO - Setting next_dagrun for example_trigger_target_dag to None, run_after=None
[2024-05-12T08:25:39.062+0000] {processor.py:183} INFO - Processing /home/airflow/.local/lib/python3.8/site-packages/airflow/example_dags/example_trigger_target_dag.py took 0.066 seconds
[2024-05-12T08:26:09.233+0000] {processor.py:161} INFO - Started process (PID=663) to work on /home/airflow/.local/lib/python3.8/site-packages/airflow/example_dags/example_trigger_target_dag.py
[2024-05-12T08:26:09.234+0000] {processor.py:830} INFO - Processing file /home/airflow/.local/lib/python3.8/site-packages/airflow/example_dags/example_trigger_target_dag.py for tasks to queue
[2024-05-12T08:26:09.236+0000] {logging_mixin.py:188} INFO - [2024-05-12T08:26:09.236+0000] {dagbag.py:540} INFO - Filling up the DagBag from /home/airflow/.local/lib/python3.8/site-packages/airflow/example_dags/example_trigger_target_dag.py
[2024-05-12T08:26:09.242+0000] {processor.py:840} INFO - DAG(s) 'example_trigger_target_dag' retrieved from /home/airflow/.local/lib/python3.8/site-packages/airflow/example_dags/example_trigger_target_dag.py
[2024-05-12T08:26:09.262+0000] {logging_mixin.py:188} INFO - [2024-05-12T08:26:09.262+0000] {dag.py:3047} INFO - Sync 1 DAGs
[2024-05-12T08:26:09.276+0000] {logging_mixin.py:188} INFO - [2024-05-12T08:26:09.276+0000] {dag.py:3834} INFO - Setting next_dagrun for example_trigger_target_dag to None, run_after=None
[2024-05-12T08:26:09.297+0000] {processor.py:183} INFO - Processing /home/airflow/.local/lib/python3.8/site-packages/airflow/example_dags/example_trigger_target_dag.py took 0.068 seconds
[2024-05-12T08:26:39.430+0000] {processor.py:161} INFO - Started process (PID=719) to work on /home/airflow/.local/lib/python3.8/site-packages/airflow/example_dags/example_trigger_target_dag.py
[2024-05-12T08:26:39.432+0000] {processor.py:830} INFO - Processing file /home/airflow/.local/lib/python3.8/site-packages/airflow/example_dags/example_trigger_target_dag.py for tasks to queue
[2024-05-12T08:26:39.434+0000] {logging_mixin.py:188} INFO - [2024-05-12T08:26:39.433+0000] {dagbag.py:540} INFO - Filling up the DagBag from /home/airflow/.local/lib/python3.8/site-packages/airflow/example_dags/example_trigger_target_dag.py
[2024-05-12T08:26:39.442+0000] {processor.py:840} INFO - DAG(s) 'example_trigger_target_dag' retrieved from /home/airflow/.local/lib/python3.8/site-packages/airflow/example_dags/example_trigger_target_dag.py
[2024-05-12T08:26:39.468+0000] {logging_mixin.py:188} INFO - [2024-05-12T08:26:39.468+0000] {dag.py:3047} INFO - Sync 1 DAGs
[2024-05-12T08:26:39.485+0000] {logging_mixin.py:188} INFO - [2024-05-12T08:26:39.485+0000] {dag.py:3834} INFO - Setting next_dagrun for example_trigger_target_dag to None, run_after=None
[2024-05-12T08:26:39.510+0000] {processor.py:183} INFO - Processing /home/airflow/.local/lib/python3.8/site-packages/airflow/example_dags/example_trigger_target_dag.py took 0.085 seconds
[2024-05-12T08:27:10.345+0000] {processor.py:161} INFO - Started process (PID=774) to work on /home/airflow/.local/lib/python3.8/site-packages/airflow/example_dags/example_trigger_target_dag.py
[2024-05-12T08:27:10.347+0000] {processor.py:830} INFO - Processing file /home/airflow/.local/lib/python3.8/site-packages/airflow/example_dags/example_trigger_target_dag.py for tasks to queue
[2024-05-12T08:27:10.349+0000] {logging_mixin.py:188} INFO - [2024-05-12T08:27:10.348+0000] {dagbag.py:540} INFO - Filling up the DagBag from /home/airflow/.local/lib/python3.8/site-packages/airflow/example_dags/example_trigger_target_dag.py
[2024-05-12T08:27:10.356+0000] {processor.py:840} INFO - DAG(s) 'example_trigger_target_dag' retrieved from /home/airflow/.local/lib/python3.8/site-packages/airflow/example_dags/example_trigger_target_dag.py
[2024-05-12T08:27:10.380+0000] {logging_mixin.py:188} INFO - [2024-05-12T08:27:10.380+0000] {dag.py:3047} INFO - Sync 1 DAGs
[2024-05-12T08:27:10.393+0000] {logging_mixin.py:188} INFO - [2024-05-12T08:27:10.393+0000] {dag.py:3834} INFO - Setting next_dagrun for example_trigger_target_dag to None, run_after=None
[2024-05-12T08:27:10.419+0000] {processor.py:183} INFO - Processing /home/airflow/.local/lib/python3.8/site-packages/airflow/example_dags/example_trigger_target_dag.py took 0.077 seconds
[2024-05-12T08:27:40.468+0000] {processor.py:161} INFO - Started process (PID=829) to work on /home/airflow/.local/lib/python3.8/site-packages/airflow/example_dags/example_trigger_target_dag.py
[2024-05-12T08:27:40.469+0000] {processor.py:830} INFO - Processing file /home/airflow/.local/lib/python3.8/site-packages/airflow/example_dags/example_trigger_target_dag.py for tasks to queue
[2024-05-12T08:27:40.472+0000] {logging_mixin.py:188} INFO - [2024-05-12T08:27:40.471+0000] {dagbag.py:540} INFO - Filling up the DagBag from /home/airflow/.local/lib/python3.8/site-packages/airflow/example_dags/example_trigger_target_dag.py
[2024-05-12T08:27:40.478+0000] {processor.py:840} INFO - DAG(s) 'example_trigger_target_dag' retrieved from /home/airflow/.local/lib/python3.8/site-packages/airflow/example_dags/example_trigger_target_dag.py
[2024-05-12T08:27:40.498+0000] {logging_mixin.py:188} INFO - [2024-05-12T08:27:40.497+0000] {dag.py:3047} INFO - Sync 1 DAGs
[2024-05-12T08:27:40.512+0000] {logging_mixin.py:188} INFO - [2024-05-12T08:27:40.511+0000] {dag.py:3834} INFO - Setting next_dagrun for example_trigger_target_dag to None, run_after=None
[2024-05-12T08:27:40.536+0000] {processor.py:183} INFO - Processing /home/airflow/.local/lib/python3.8/site-packages/airflow/example_dags/example_trigger_target_dag.py took 0.072 seconds
[2024-05-12T08:28:10.761+0000] {processor.py:161} INFO - Started process (PID=885) to work on /home/airflow/.local/lib/python3.8/site-packages/airflow/example_dags/example_trigger_target_dag.py
[2024-05-12T08:28:10.762+0000] {processor.py:830} INFO - Processing file /home/airflow/.local/lib/python3.8/site-packages/airflow/example_dags/example_trigger_target_dag.py for tasks to queue
[2024-05-12T08:28:10.764+0000] {logging_mixin.py:188} INFO - [2024-05-12T08:28:10.764+0000] {dagbag.py:540} INFO - Filling up the DagBag from /home/airflow/.local/lib/python3.8/site-packages/airflow/example_dags/example_trigger_target_dag.py
[2024-05-12T08:28:10.770+0000] {processor.py:840} INFO - DAG(s) 'example_trigger_target_dag' retrieved from /home/airflow/.local/lib/python3.8/site-packages/airflow/example_dags/example_trigger_target_dag.py
[2024-05-12T08:28:10.794+0000] {logging_mixin.py:188} INFO - [2024-05-12T08:28:10.794+0000] {dag.py:3047} INFO - Sync 1 DAGs
[2024-05-12T08:28:10.810+0000] {logging_mixin.py:188} INFO - [2024-05-12T08:28:10.810+0000] {dag.py:3834} INFO - Setting next_dagrun for example_trigger_target_dag to None, run_after=None
[2024-05-12T08:28:10.829+0000] {processor.py:183} INFO - Processing /home/airflow/.local/lib/python3.8/site-packages/airflow/example_dags/example_trigger_target_dag.py took 0.072 seconds
[2024-05-12T08:28:40.973+0000] {processor.py:161} INFO - Started process (PID=940) to work on /home/airflow/.local/lib/python3.8/site-packages/airflow/example_dags/example_trigger_target_dag.py
[2024-05-12T08:28:40.974+0000] {processor.py:830} INFO - Processing file /home/airflow/.local/lib/python3.8/site-packages/airflow/example_dags/example_trigger_target_dag.py for tasks to queue
[2024-05-12T08:28:40.976+0000] {logging_mixin.py:188} INFO - [2024-05-12T08:28:40.975+0000] {dagbag.py:540} INFO - Filling up the DagBag from /home/airflow/.local/lib/python3.8/site-packages/airflow/example_dags/example_trigger_target_dag.py
[2024-05-12T08:28:40.982+0000] {processor.py:840} INFO - DAG(s) 'example_trigger_target_dag' retrieved from /home/airflow/.local/lib/python3.8/site-packages/airflow/example_dags/example_trigger_target_dag.py
[2024-05-12T08:28:41.002+0000] {logging_mixin.py:188} INFO - [2024-05-12T08:28:41.001+0000] {dag.py:3047} INFO - Sync 1 DAGs
[2024-05-12T08:28:41.014+0000] {logging_mixin.py:188} INFO - [2024-05-12T08:28:41.014+0000] {dag.py:3834} INFO - Setting next_dagrun for example_trigger_target_dag to None, run_after=None
[2024-05-12T08:28:41.034+0000] {processor.py:183} INFO - Processing /home/airflow/.local/lib/python3.8/site-packages/airflow/example_dags/example_trigger_target_dag.py took 0.065 seconds
