[2024-05-12T08:20:36.604+0000] {processor.py:161} INFO - Started process (PID=67) to work on /home/airflow/.local/lib/python3.8/site-packages/airflow/example_dags/example_subdag_operator.py
[2024-05-12T08:20:36.605+0000] {processor.py:830} INFO - Processing file /home/airflow/.local/lib/python3.8/site-packages/airflow/example_dags/example_subdag_operator.py for tasks to queue
[2024-05-12T08:20:36.607+0000] {logging_mixin.py:188} INFO - [2024-05-12T08:20:36.607+0000] {dagbag.py:540} INFO - Filling up the DagBag from /home/airflow/.local/lib/python3.8/site-packages/airflow/example_dags/example_subdag_operator.py
[2024-05-12T08:20:36.632+0000] {processor.py:840} INFO - DAG(s) 'example_subdag_operator.section-1', 'example_subdag_operator.section-2', 'example_subdag_operator' retrieved from /home/airflow/.local/lib/python3.8/site-packages/airflow/example_dags/example_subdag_operator.py
[2024-05-12T08:20:36.656+0000] {logging_mixin.py:188} INFO - [2024-05-12T08:20:36.656+0000] {dag.py:3047} INFO - Sync 3 DAGs
[2024-05-12T08:20:36.679+0000] {logging_mixin.py:188} INFO - [2024-05-12T08:20:36.678+0000] {dag.py:3834} INFO - Setting next_dagrun for example_subdag_operator to 2022-01-01 00:00:00+00:00, run_after=2022-01-01 00:00:00+00:00
[2024-05-12T08:20:36.682+0000] {logging_mixin.py:188} INFO - [2024-05-12T08:20:36.682+0000] {dag.py:3834} INFO - Setting next_dagrun for example_subdag_operator.section-1 to None, run_after=None
[2024-05-12T08:20:36.683+0000] {logging_mixin.py:188} INFO - [2024-05-12T08:20:36.683+0000] {dag.py:3834} INFO - Setting next_dagrun for example_subdag_operator.section-2 to None, run_after=None
[2024-05-12T08:20:36.690+0000] {logging_mixin.py:188} INFO - [2024-05-12T08:20:36.690+0000] {dag.py:3047} INFO - Sync 2 DAGs
[2024-05-12T08:20:36.694+0000] {logging_mixin.py:188} INFO - [2024-05-12T08:20:36.694+0000] {dag.py:3834} INFO - Setting next_dagrun for example_subdag_operator.section-1 to None, run_after=None
[2024-05-12T08:20:36.695+0000] {logging_mixin.py:188} INFO - [2024-05-12T08:20:36.695+0000] {dag.py:3834} INFO - Setting next_dagrun for example_subdag_operator.section-2 to None, run_after=None
[2024-05-12T08:20:36.705+0000] {processor.py:183} INFO - Processing /home/airflow/.local/lib/python3.8/site-packages/airflow/example_dags/example_subdag_operator.py took 0.105 seconds
[2024-05-12T08:21:07.440+0000] {processor.py:161} INFO - Started process (PID=122) to work on /home/airflow/.local/lib/python3.8/site-packages/airflow/example_dags/example_subdag_operator.py
[2024-05-12T08:21:07.442+0000] {processor.py:830} INFO - Processing file /home/airflow/.local/lib/python3.8/site-packages/airflow/example_dags/example_subdag_operator.py for tasks to queue
[2024-05-12T08:21:07.444+0000] {logging_mixin.py:188} INFO - [2024-05-12T08:21:07.443+0000] {dagbag.py:540} INFO - Filling up the DagBag from /home/airflow/.local/lib/python3.8/site-packages/airflow/example_dags/example_subdag_operator.py
[2024-05-12T08:21:07.467+0000] {processor.py:840} INFO - DAG(s) 'example_subdag_operator.section-1', 'example_subdag_operator.section-2', 'example_subdag_operator' retrieved from /home/airflow/.local/lib/python3.8/site-packages/airflow/example_dags/example_subdag_operator.py
[2024-05-12T08:21:07.483+0000] {logging_mixin.py:188} INFO - [2024-05-12T08:21:07.483+0000] {dag.py:3047} INFO - Sync 3 DAGs
[2024-05-12T08:21:07.506+0000] {logging_mixin.py:188} INFO - [2024-05-12T08:21:07.506+0000] {dag.py:3834} INFO - Setting next_dagrun for example_subdag_operator to 2022-01-01 00:00:00+00:00, run_after=2022-01-01 00:00:00+00:00
[2024-05-12T08:21:07.510+0000] {logging_mixin.py:188} INFO - [2024-05-12T08:21:07.510+0000] {dag.py:3834} INFO - Setting next_dagrun for example_subdag_operator.section-1 to None, run_after=None
[2024-05-12T08:21:07.511+0000] {logging_mixin.py:188} INFO - [2024-05-12T08:21:07.511+0000] {dag.py:3834} INFO - Setting next_dagrun for example_subdag_operator.section-2 to None, run_after=None
[2024-05-12T08:21:07.518+0000] {logging_mixin.py:188} INFO - [2024-05-12T08:21:07.518+0000] {dag.py:3047} INFO - Sync 2 DAGs
[2024-05-12T08:21:07.523+0000] {logging_mixin.py:188} INFO - [2024-05-12T08:21:07.523+0000] {dag.py:3834} INFO - Setting next_dagrun for example_subdag_operator.section-1 to None, run_after=None
[2024-05-12T08:21:07.523+0000] {logging_mixin.py:188} INFO - [2024-05-12T08:21:07.523+0000] {dag.py:3834} INFO - Setting next_dagrun for example_subdag_operator.section-2 to None, run_after=None
[2024-05-12T08:21:07.533+0000] {processor.py:183} INFO - Processing /home/airflow/.local/lib/python3.8/site-packages/airflow/example_dags/example_subdag_operator.py took 0.097 seconds
[2024-05-12T08:21:38.268+0000] {processor.py:161} INFO - Started process (PID=175) to work on /home/airflow/.local/lib/python3.8/site-packages/airflow/example_dags/example_subdag_operator.py
[2024-05-12T08:21:38.269+0000] {processor.py:830} INFO - Processing file /home/airflow/.local/lib/python3.8/site-packages/airflow/example_dags/example_subdag_operator.py for tasks to queue
[2024-05-12T08:21:38.271+0000] {logging_mixin.py:188} INFO - [2024-05-12T08:21:38.271+0000] {dagbag.py:540} INFO - Filling up the DagBag from /home/airflow/.local/lib/python3.8/site-packages/airflow/example_dags/example_subdag_operator.py
[2024-05-12T08:21:38.295+0000] {processor.py:840} INFO - DAG(s) 'example_subdag_operator.section-1', 'example_subdag_operator.section-2', 'example_subdag_operator' retrieved from /home/airflow/.local/lib/python3.8/site-packages/airflow/example_dags/example_subdag_operator.py
[2024-05-12T08:21:38.314+0000] {logging_mixin.py:188} INFO - [2024-05-12T08:21:38.314+0000] {dag.py:3047} INFO - Sync 3 DAGs
[2024-05-12T08:21:38.336+0000] {logging_mixin.py:188} INFO - [2024-05-12T08:21:38.336+0000] {dag.py:3834} INFO - Setting next_dagrun for example_subdag_operator to 2022-01-01 00:00:00+00:00, run_after=2022-01-01 00:00:00+00:00
[2024-05-12T08:21:38.340+0000] {logging_mixin.py:188} INFO - [2024-05-12T08:21:38.340+0000] {dag.py:3834} INFO - Setting next_dagrun for example_subdag_operator.section-1 to None, run_after=None
[2024-05-12T08:21:38.342+0000] {logging_mixin.py:188} INFO - [2024-05-12T08:21:38.342+0000] {dag.py:3834} INFO - Setting next_dagrun for example_subdag_operator.section-2 to None, run_after=None
[2024-05-12T08:21:38.349+0000] {logging_mixin.py:188} INFO - [2024-05-12T08:21:38.349+0000] {dag.py:3047} INFO - Sync 2 DAGs
[2024-05-12T08:21:38.356+0000] {logging_mixin.py:188} INFO - [2024-05-12T08:21:38.356+0000] {dag.py:3834} INFO - Setting next_dagrun for example_subdag_operator.section-1 to None, run_after=None
[2024-05-12T08:21:38.356+0000] {logging_mixin.py:188} INFO - [2024-05-12T08:21:38.356+0000] {dag.py:3834} INFO - Setting next_dagrun for example_subdag_operator.section-2 to None, run_after=None
[2024-05-12T08:21:38.369+0000] {processor.py:183} INFO - Processing /home/airflow/.local/lib/python3.8/site-packages/airflow/example_dags/example_subdag_operator.py took 0.105 seconds
[2024-05-12T08:22:08.605+0000] {processor.py:161} INFO - Started process (PID=230) to work on /home/airflow/.local/lib/python3.8/site-packages/airflow/example_dags/example_subdag_operator.py
[2024-05-12T08:22:08.687+0000] {processor.py:830} INFO - Processing file /home/airflow/.local/lib/python3.8/site-packages/airflow/example_dags/example_subdag_operator.py for tasks to queue
[2024-05-12T08:22:08.690+0000] {logging_mixin.py:188} INFO - [2024-05-12T08:22:08.690+0000] {dagbag.py:540} INFO - Filling up the DagBag from /home/airflow/.local/lib/python3.8/site-packages/airflow/example_dags/example_subdag_operator.py
[2024-05-12T08:22:08.714+0000] {processor.py:840} INFO - DAG(s) 'example_subdag_operator.section-1', 'example_subdag_operator.section-2', 'example_subdag_operator' retrieved from /home/airflow/.local/lib/python3.8/site-packages/airflow/example_dags/example_subdag_operator.py
[2024-05-12T08:22:08.731+0000] {logging_mixin.py:188} INFO - [2024-05-12T08:22:08.730+0000] {dag.py:3047} INFO - Sync 3 DAGs
[2024-05-12T08:22:08.753+0000] {logging_mixin.py:188} INFO - [2024-05-12T08:22:08.753+0000] {dag.py:3834} INFO - Setting next_dagrun for example_subdag_operator to 2022-01-01 00:00:00+00:00, run_after=2022-01-01 00:00:00+00:00
[2024-05-12T08:22:08.756+0000] {logging_mixin.py:188} INFO - [2024-05-12T08:22:08.756+0000] {dag.py:3834} INFO - Setting next_dagrun for example_subdag_operator.section-1 to None, run_after=None
[2024-05-12T08:22:08.758+0000] {logging_mixin.py:188} INFO - [2024-05-12T08:22:08.757+0000] {dag.py:3834} INFO - Setting next_dagrun for example_subdag_operator.section-2 to None, run_after=None
[2024-05-12T08:22:08.765+0000] {logging_mixin.py:188} INFO - [2024-05-12T08:22:08.764+0000] {dag.py:3047} INFO - Sync 2 DAGs
[2024-05-12T08:22:08.770+0000] {logging_mixin.py:188} INFO - [2024-05-12T08:22:08.769+0000] {dag.py:3834} INFO - Setting next_dagrun for example_subdag_operator.section-1 to None, run_after=None
[2024-05-12T08:22:08.770+0000] {logging_mixin.py:188} INFO - [2024-05-12T08:22:08.770+0000] {dag.py:3834} INFO - Setting next_dagrun for example_subdag_operator.section-2 to None, run_after=None
[2024-05-12T08:22:08.810+0000] {processor.py:183} INFO - Processing /home/airflow/.local/lib/python3.8/site-packages/airflow/example_dags/example_subdag_operator.py took 0.209 seconds
[2024-05-12T08:22:39.027+0000] {processor.py:161} INFO - Started process (PID=284) to work on /home/airflow/.local/lib/python3.8/site-packages/airflow/example_dags/example_subdag_operator.py
[2024-05-12T08:22:39.029+0000] {processor.py:830} INFO - Processing file /home/airflow/.local/lib/python3.8/site-packages/airflow/example_dags/example_subdag_operator.py for tasks to queue
[2024-05-12T08:22:39.032+0000] {logging_mixin.py:188} INFO - [2024-05-12T08:22:39.031+0000] {dagbag.py:540} INFO - Filling up the DagBag from /home/airflow/.local/lib/python3.8/site-packages/airflow/example_dags/example_subdag_operator.py
[2024-05-12T08:22:39.054+0000] {processor.py:840} INFO - DAG(s) 'example_subdag_operator.section-1', 'example_subdag_operator.section-2', 'example_subdag_operator' retrieved from /home/airflow/.local/lib/python3.8/site-packages/airflow/example_dags/example_subdag_operator.py
[2024-05-12T08:22:39.070+0000] {logging_mixin.py:188} INFO - [2024-05-12T08:22:39.069+0000] {dag.py:3047} INFO - Sync 3 DAGs
[2024-05-12T08:22:39.092+0000] {logging_mixin.py:188} INFO - [2024-05-12T08:22:39.091+0000] {dag.py:3834} INFO - Setting next_dagrun for example_subdag_operator to 2022-01-01 00:00:00+00:00, run_after=2022-01-01 00:00:00+00:00
[2024-05-12T08:22:39.095+0000] {logging_mixin.py:188} INFO - [2024-05-12T08:22:39.095+0000] {dag.py:3834} INFO - Setting next_dagrun for example_subdag_operator.section-1 to None, run_after=None
[2024-05-12T08:22:39.096+0000] {logging_mixin.py:188} INFO - [2024-05-12T08:22:39.096+0000] {dag.py:3834} INFO - Setting next_dagrun for example_subdag_operator.section-2 to None, run_after=None
[2024-05-12T08:22:39.103+0000] {logging_mixin.py:188} INFO - [2024-05-12T08:22:39.103+0000] {dag.py:3047} INFO - Sync 2 DAGs
[2024-05-12T08:22:39.108+0000] {logging_mixin.py:188} INFO - [2024-05-12T08:22:39.108+0000] {dag.py:3834} INFO - Setting next_dagrun for example_subdag_operator.section-1 to None, run_after=None
[2024-05-12T08:22:39.108+0000] {logging_mixin.py:188} INFO - [2024-05-12T08:22:39.108+0000] {dag.py:3834} INFO - Setting next_dagrun for example_subdag_operator.section-2 to None, run_after=None
[2024-05-12T08:22:39.122+0000] {processor.py:183} INFO - Processing /home/airflow/.local/lib/python3.8/site-packages/airflow/example_dags/example_subdag_operator.py took 0.098 seconds
[2024-05-12T08:23:09.801+0000] {processor.py:161} INFO - Started process (PID=339) to work on /home/airflow/.local/lib/python3.8/site-packages/airflow/example_dags/example_subdag_operator.py
[2024-05-12T08:23:09.802+0000] {processor.py:830} INFO - Processing file /home/airflow/.local/lib/python3.8/site-packages/airflow/example_dags/example_subdag_operator.py for tasks to queue
[2024-05-12T08:23:09.804+0000] {logging_mixin.py:188} INFO - [2024-05-12T08:23:09.804+0000] {dagbag.py:540} INFO - Filling up the DagBag from /home/airflow/.local/lib/python3.8/site-packages/airflow/example_dags/example_subdag_operator.py
[2024-05-12T08:23:09.827+0000] {processor.py:840} INFO - DAG(s) 'example_subdag_operator.section-1', 'example_subdag_operator.section-2', 'example_subdag_operator' retrieved from /home/airflow/.local/lib/python3.8/site-packages/airflow/example_dags/example_subdag_operator.py
[2024-05-12T08:23:09.844+0000] {logging_mixin.py:188} INFO - [2024-05-12T08:23:09.844+0000] {dag.py:3047} INFO - Sync 3 DAGs
[2024-05-12T08:23:09.866+0000] {logging_mixin.py:188} INFO - [2024-05-12T08:23:09.866+0000] {dag.py:3834} INFO - Setting next_dagrun for example_subdag_operator to 2022-01-01 00:00:00+00:00, run_after=2022-01-01 00:00:00+00:00
[2024-05-12T08:23:09.870+0000] {logging_mixin.py:188} INFO - [2024-05-12T08:23:09.869+0000] {dag.py:3834} INFO - Setting next_dagrun for example_subdag_operator.section-1 to None, run_after=None
[2024-05-12T08:23:09.871+0000] {logging_mixin.py:188} INFO - [2024-05-12T08:23:09.871+0000] {dag.py:3834} INFO - Setting next_dagrun for example_subdag_operator.section-2 to None, run_after=None
[2024-05-12T08:23:09.877+0000] {logging_mixin.py:188} INFO - [2024-05-12T08:23:09.877+0000] {dag.py:3047} INFO - Sync 2 DAGs
[2024-05-12T08:23:09.882+0000] {logging_mixin.py:188} INFO - [2024-05-12T08:23:09.882+0000] {dag.py:3834} INFO - Setting next_dagrun for example_subdag_operator.section-1 to None, run_after=None
[2024-05-12T08:23:09.883+0000] {logging_mixin.py:188} INFO - [2024-05-12T08:23:09.882+0000] {dag.py:3834} INFO - Setting next_dagrun for example_subdag_operator.section-2 to None, run_after=None
[2024-05-12T08:23:09.901+0000] {processor.py:183} INFO - Processing /home/airflow/.local/lib/python3.8/site-packages/airflow/example_dags/example_subdag_operator.py took 0.104 seconds
[2024-05-12T08:23:40.529+0000] {processor.py:161} INFO - Started process (PID=394) to work on /home/airflow/.local/lib/python3.8/site-packages/airflow/example_dags/example_subdag_operator.py
[2024-05-12T08:23:40.531+0000] {processor.py:830} INFO - Processing file /home/airflow/.local/lib/python3.8/site-packages/airflow/example_dags/example_subdag_operator.py for tasks to queue
[2024-05-12T08:23:40.533+0000] {logging_mixin.py:188} INFO - [2024-05-12T08:23:40.532+0000] {dagbag.py:540} INFO - Filling up the DagBag from /home/airflow/.local/lib/python3.8/site-packages/airflow/example_dags/example_subdag_operator.py
[2024-05-12T08:23:40.555+0000] {processor.py:840} INFO - DAG(s) 'example_subdag_operator.section-1', 'example_subdag_operator.section-2', 'example_subdag_operator' retrieved from /home/airflow/.local/lib/python3.8/site-packages/airflow/example_dags/example_subdag_operator.py
[2024-05-12T08:23:40.658+0000] {logging_mixin.py:188} INFO - [2024-05-12T08:23:40.658+0000] {dag.py:3047} INFO - Sync 3 DAGs
[2024-05-12T08:23:40.679+0000] {logging_mixin.py:188} INFO - [2024-05-12T08:23:40.679+0000] {dag.py:3834} INFO - Setting next_dagrun for example_subdag_operator to 2022-01-01 00:00:00+00:00, run_after=2022-01-01 00:00:00+00:00
[2024-05-12T08:23:40.682+0000] {logging_mixin.py:188} INFO - [2024-05-12T08:23:40.681+0000] {dag.py:3834} INFO - Setting next_dagrun for example_subdag_operator.section-1 to None, run_after=None
[2024-05-12T08:23:40.683+0000] {logging_mixin.py:188} INFO - [2024-05-12T08:23:40.683+0000] {dag.py:3834} INFO - Setting next_dagrun for example_subdag_operator.section-2 to None, run_after=None
[2024-05-12T08:23:40.691+0000] {logging_mixin.py:188} INFO - [2024-05-12T08:23:40.691+0000] {dag.py:3047} INFO - Sync 2 DAGs
[2024-05-12T08:23:40.696+0000] {logging_mixin.py:188} INFO - [2024-05-12T08:23:40.696+0000] {dag.py:3834} INFO - Setting next_dagrun for example_subdag_operator.section-1 to None, run_after=None
[2024-05-12T08:23:40.696+0000] {logging_mixin.py:188} INFO - [2024-05-12T08:23:40.696+0000] {dag.py:3834} INFO - Setting next_dagrun for example_subdag_operator.section-2 to None, run_after=None
[2024-05-12T08:23:40.712+0000] {processor.py:183} INFO - Processing /home/airflow/.local/lib/python3.8/site-packages/airflow/example_dags/example_subdag_operator.py took 0.188 seconds
[2024-05-12T08:24:10.984+0000] {processor.py:161} INFO - Started process (PID=450) to work on /home/airflow/.local/lib/python3.8/site-packages/airflow/example_dags/example_subdag_operator.py
[2024-05-12T08:24:10.985+0000] {processor.py:830} INFO - Processing file /home/airflow/.local/lib/python3.8/site-packages/airflow/example_dags/example_subdag_operator.py for tasks to queue
[2024-05-12T08:24:10.988+0000] {logging_mixin.py:188} INFO - [2024-05-12T08:24:10.987+0000] {dagbag.py:540} INFO - Filling up the DagBag from /home/airflow/.local/lib/python3.8/site-packages/airflow/example_dags/example_subdag_operator.py
[2024-05-12T08:24:11.013+0000] {processor.py:840} INFO - DAG(s) 'example_subdag_operator.section-1', 'example_subdag_operator.section-2', 'example_subdag_operator' retrieved from /home/airflow/.local/lib/python3.8/site-packages/airflow/example_dags/example_subdag_operator.py
[2024-05-12T08:24:11.031+0000] {logging_mixin.py:188} INFO - [2024-05-12T08:24:11.031+0000] {dag.py:3047} INFO - Sync 3 DAGs
[2024-05-12T08:24:11.054+0000] {logging_mixin.py:188} INFO - [2024-05-12T08:24:11.054+0000] {dag.py:3834} INFO - Setting next_dagrun for example_subdag_operator to 2022-01-01 00:00:00+00:00, run_after=2022-01-01 00:00:00+00:00
[2024-05-12T08:24:11.058+0000] {logging_mixin.py:188} INFO - [2024-05-12T08:24:11.058+0000] {dag.py:3834} INFO - Setting next_dagrun for example_subdag_operator.section-1 to None, run_after=None
[2024-05-12T08:24:11.059+0000] {logging_mixin.py:188} INFO - [2024-05-12T08:24:11.059+0000] {dag.py:3834} INFO - Setting next_dagrun for example_subdag_operator.section-2 to None, run_after=None
[2024-05-12T08:24:11.066+0000] {logging_mixin.py:188} INFO - [2024-05-12T08:24:11.066+0000] {dag.py:3047} INFO - Sync 2 DAGs
[2024-05-12T08:24:11.071+0000] {logging_mixin.py:188} INFO - [2024-05-12T08:24:11.071+0000] {dag.py:3834} INFO - Setting next_dagrun for example_subdag_operator.section-1 to None, run_after=None
[2024-05-12T08:24:11.071+0000] {logging_mixin.py:188} INFO - [2024-05-12T08:24:11.071+0000] {dag.py:3834} INFO - Setting next_dagrun for example_subdag_operator.section-2 to None, run_after=None
[2024-05-12T08:24:11.084+0000] {processor.py:183} INFO - Processing /home/airflow/.local/lib/python3.8/site-packages/airflow/example_dags/example_subdag_operator.py took 0.104 seconds
[2024-05-12T08:24:41.235+0000] {processor.py:161} INFO - Started process (PID=505) to work on /home/airflow/.local/lib/python3.8/site-packages/airflow/example_dags/example_subdag_operator.py
[2024-05-12T08:24:41.236+0000] {processor.py:830} INFO - Processing file /home/airflow/.local/lib/python3.8/site-packages/airflow/example_dags/example_subdag_operator.py for tasks to queue
[2024-05-12T08:24:41.238+0000] {logging_mixin.py:188} INFO - [2024-05-12T08:24:41.238+0000] {dagbag.py:540} INFO - Filling up the DagBag from /home/airflow/.local/lib/python3.8/site-packages/airflow/example_dags/example_subdag_operator.py
[2024-05-12T08:24:41.263+0000] {processor.py:840} INFO - DAG(s) 'example_subdag_operator.section-1', 'example_subdag_operator.section-2', 'example_subdag_operator' retrieved from /home/airflow/.local/lib/python3.8/site-packages/airflow/example_dags/example_subdag_operator.py
[2024-05-12T08:24:41.280+0000] {logging_mixin.py:188} INFO - [2024-05-12T08:24:41.280+0000] {dag.py:3047} INFO - Sync 3 DAGs
[2024-05-12T08:24:41.302+0000] {logging_mixin.py:188} INFO - [2024-05-12T08:24:41.301+0000] {dag.py:3834} INFO - Setting next_dagrun for example_subdag_operator to 2022-01-01 00:00:00+00:00, run_after=2022-01-01 00:00:00+00:00
[2024-05-12T08:24:41.305+0000] {logging_mixin.py:188} INFO - [2024-05-12T08:24:41.305+0000] {dag.py:3834} INFO - Setting next_dagrun for example_subdag_operator.section-1 to None, run_after=None
[2024-05-12T08:24:41.306+0000] {logging_mixin.py:188} INFO - [2024-05-12T08:24:41.306+0000] {dag.py:3834} INFO - Setting next_dagrun for example_subdag_operator.section-2 to None, run_after=None
[2024-05-12T08:24:41.313+0000] {logging_mixin.py:188} INFO - [2024-05-12T08:24:41.313+0000] {dag.py:3047} INFO - Sync 2 DAGs
[2024-05-12T08:24:41.318+0000] {logging_mixin.py:188} INFO - [2024-05-12T08:24:41.317+0000] {dag.py:3834} INFO - Setting next_dagrun for example_subdag_operator.section-1 to None, run_after=None
[2024-05-12T08:24:41.318+0000] {logging_mixin.py:188} INFO - [2024-05-12T08:24:41.318+0000] {dag.py:3834} INFO - Setting next_dagrun for example_subdag_operator.section-2 to None, run_after=None
[2024-05-12T08:24:41.328+0000] {processor.py:183} INFO - Processing /home/airflow/.local/lib/python3.8/site-packages/airflow/example_dags/example_subdag_operator.py took 0.098 seconds
[2024-05-12T08:25:12.281+0000] {processor.py:161} INFO - Started process (PID=560) to work on /home/airflow/.local/lib/python3.8/site-packages/airflow/example_dags/example_subdag_operator.py
[2024-05-12T08:25:12.282+0000] {processor.py:830} INFO - Processing file /home/airflow/.local/lib/python3.8/site-packages/airflow/example_dags/example_subdag_operator.py for tasks to queue
[2024-05-12T08:25:12.284+0000] {logging_mixin.py:188} INFO - [2024-05-12T08:25:12.284+0000] {dagbag.py:540} INFO - Filling up the DagBag from /home/airflow/.local/lib/python3.8/site-packages/airflow/example_dags/example_subdag_operator.py
[2024-05-12T08:25:12.312+0000] {processor.py:840} INFO - DAG(s) 'example_subdag_operator.section-1', 'example_subdag_operator.section-2', 'example_subdag_operator' retrieved from /home/airflow/.local/lib/python3.8/site-packages/airflow/example_dags/example_subdag_operator.py
[2024-05-12T08:25:12.328+0000] {logging_mixin.py:188} INFO - [2024-05-12T08:25:12.328+0000] {dag.py:3047} INFO - Sync 3 DAGs
[2024-05-12T08:25:12.350+0000] {logging_mixin.py:188} INFO - [2024-05-12T08:25:12.349+0000] {dag.py:3834} INFO - Setting next_dagrun for example_subdag_operator to 2022-01-01 00:00:00+00:00, run_after=2022-01-01 00:00:00+00:00
[2024-05-12T08:25:12.353+0000] {logging_mixin.py:188} INFO - [2024-05-12T08:25:12.353+0000] {dag.py:3834} INFO - Setting next_dagrun for example_subdag_operator.section-1 to None, run_after=None
[2024-05-12T08:25:12.354+0000] {logging_mixin.py:188} INFO - [2024-05-12T08:25:12.354+0000] {dag.py:3834} INFO - Setting next_dagrun for example_subdag_operator.section-2 to None, run_after=None
[2024-05-12T08:25:12.360+0000] {logging_mixin.py:188} INFO - [2024-05-12T08:25:12.360+0000] {dag.py:3047} INFO - Sync 2 DAGs
[2024-05-12T08:25:12.365+0000] {logging_mixin.py:188} INFO - [2024-05-12T08:25:12.365+0000] {dag.py:3834} INFO - Setting next_dagrun for example_subdag_operator.section-1 to None, run_after=None
[2024-05-12T08:25:12.365+0000] {logging_mixin.py:188} INFO - [2024-05-12T08:25:12.365+0000] {dag.py:3834} INFO - Setting next_dagrun for example_subdag_operator.section-2 to None, run_after=None
[2024-05-12T08:25:12.379+0000] {processor.py:183} INFO - Processing /home/airflow/.local/lib/python3.8/site-packages/airflow/example_dags/example_subdag_operator.py took 0.102 seconds
[2024-05-12T08:25:42.494+0000] {processor.py:161} INFO - Started process (PID=615) to work on /home/airflow/.local/lib/python3.8/site-packages/airflow/example_dags/example_subdag_operator.py
[2024-05-12T08:25:42.495+0000] {processor.py:830} INFO - Processing file /home/airflow/.local/lib/python3.8/site-packages/airflow/example_dags/example_subdag_operator.py for tasks to queue
[2024-05-12T08:25:42.498+0000] {logging_mixin.py:188} INFO - [2024-05-12T08:25:42.497+0000] {dagbag.py:540} INFO - Filling up the DagBag from /home/airflow/.local/lib/python3.8/site-packages/airflow/example_dags/example_subdag_operator.py
[2024-05-12T08:25:42.521+0000] {processor.py:840} INFO - DAG(s) 'example_subdag_operator.section-1', 'example_subdag_operator.section-2', 'example_subdag_operator' retrieved from /home/airflow/.local/lib/python3.8/site-packages/airflow/example_dags/example_subdag_operator.py
[2024-05-12T08:25:42.537+0000] {logging_mixin.py:188} INFO - [2024-05-12T08:25:42.537+0000] {dag.py:3047} INFO - Sync 3 DAGs
[2024-05-12T08:25:42.559+0000] {logging_mixin.py:188} INFO - [2024-05-12T08:25:42.559+0000] {dag.py:3834} INFO - Setting next_dagrun for example_subdag_operator to 2022-01-01 00:00:00+00:00, run_after=2022-01-01 00:00:00+00:00
[2024-05-12T08:25:42.562+0000] {logging_mixin.py:188} INFO - [2024-05-12T08:25:42.562+0000] {dag.py:3834} INFO - Setting next_dagrun for example_subdag_operator.section-1 to None, run_after=None
[2024-05-12T08:25:42.564+0000] {logging_mixin.py:188} INFO - [2024-05-12T08:25:42.563+0000] {dag.py:3834} INFO - Setting next_dagrun for example_subdag_operator.section-2 to None, run_after=None
[2024-05-12T08:25:42.570+0000] {logging_mixin.py:188} INFO - [2024-05-12T08:25:42.570+0000] {dag.py:3047} INFO - Sync 2 DAGs
[2024-05-12T08:25:42.575+0000] {logging_mixin.py:188} INFO - [2024-05-12T08:25:42.575+0000] {dag.py:3834} INFO - Setting next_dagrun for example_subdag_operator.section-1 to None, run_after=None
[2024-05-12T08:25:42.575+0000] {logging_mixin.py:188} INFO - [2024-05-12T08:25:42.575+0000] {dag.py:3834} INFO - Setting next_dagrun for example_subdag_operator.section-2 to None, run_after=None
[2024-05-12T08:25:42.585+0000] {processor.py:183} INFO - Processing /home/airflow/.local/lib/python3.8/site-packages/airflow/example_dags/example_subdag_operator.py took 0.095 seconds
[2024-05-12T08:26:12.639+0000] {processor.py:161} INFO - Started process (PID=670) to work on /home/airflow/.local/lib/python3.8/site-packages/airflow/example_dags/example_subdag_operator.py
[2024-05-12T08:26:12.640+0000] {processor.py:830} INFO - Processing file /home/airflow/.local/lib/python3.8/site-packages/airflow/example_dags/example_subdag_operator.py for tasks to queue
[2024-05-12T08:26:12.642+0000] {logging_mixin.py:188} INFO - [2024-05-12T08:26:12.642+0000] {dagbag.py:540} INFO - Filling up the DagBag from /home/airflow/.local/lib/python3.8/site-packages/airflow/example_dags/example_subdag_operator.py
[2024-05-12T08:26:12.666+0000] {processor.py:840} INFO - DAG(s) 'example_subdag_operator.section-1', 'example_subdag_operator.section-2', 'example_subdag_operator' retrieved from /home/airflow/.local/lib/python3.8/site-packages/airflow/example_dags/example_subdag_operator.py
[2024-05-12T08:26:12.682+0000] {logging_mixin.py:188} INFO - [2024-05-12T08:26:12.681+0000] {dag.py:3047} INFO - Sync 3 DAGs
[2024-05-12T08:26:12.703+0000] {logging_mixin.py:188} INFO - [2024-05-12T08:26:12.703+0000] {dag.py:3834} INFO - Setting next_dagrun for example_subdag_operator to 2022-01-01 00:00:00+00:00, run_after=2022-01-01 00:00:00+00:00
[2024-05-12T08:26:12.707+0000] {logging_mixin.py:188} INFO - [2024-05-12T08:26:12.706+0000] {dag.py:3834} INFO - Setting next_dagrun for example_subdag_operator.section-1 to None, run_after=None
[2024-05-12T08:26:12.708+0000] {logging_mixin.py:188} INFO - [2024-05-12T08:26:12.708+0000] {dag.py:3834} INFO - Setting next_dagrun for example_subdag_operator.section-2 to None, run_after=None
[2024-05-12T08:26:12.715+0000] {logging_mixin.py:188} INFO - [2024-05-12T08:26:12.715+0000] {dag.py:3047} INFO - Sync 2 DAGs
[2024-05-12T08:26:12.720+0000] {logging_mixin.py:188} INFO - [2024-05-12T08:26:12.719+0000] {dag.py:3834} INFO - Setting next_dagrun for example_subdag_operator.section-1 to None, run_after=None
[2024-05-12T08:26:12.720+0000] {logging_mixin.py:188} INFO - [2024-05-12T08:26:12.720+0000] {dag.py:3834} INFO - Setting next_dagrun for example_subdag_operator.section-2 to None, run_after=None
[2024-05-12T08:26:12.732+0000] {processor.py:183} INFO - Processing /home/airflow/.local/lib/python3.8/site-packages/airflow/example_dags/example_subdag_operator.py took 0.096 seconds
[2024-05-12T08:26:42.785+0000] {processor.py:161} INFO - Started process (PID=726) to work on /home/airflow/.local/lib/python3.8/site-packages/airflow/example_dags/example_subdag_operator.py
[2024-05-12T08:26:42.786+0000] {processor.py:830} INFO - Processing file /home/airflow/.local/lib/python3.8/site-packages/airflow/example_dags/example_subdag_operator.py for tasks to queue
[2024-05-12T08:26:42.789+0000] {logging_mixin.py:188} INFO - [2024-05-12T08:26:42.788+0000] {dagbag.py:540} INFO - Filling up the DagBag from /home/airflow/.local/lib/python3.8/site-packages/airflow/example_dags/example_subdag_operator.py
[2024-05-12T08:26:42.829+0000] {processor.py:840} INFO - DAG(s) 'example_subdag_operator.section-1', 'example_subdag_operator.section-2', 'example_subdag_operator' retrieved from /home/airflow/.local/lib/python3.8/site-packages/airflow/example_dags/example_subdag_operator.py
[2024-05-12T08:26:42.848+0000] {logging_mixin.py:188} INFO - [2024-05-12T08:26:42.847+0000] {dag.py:3047} INFO - Sync 3 DAGs
[2024-05-12T08:26:42.870+0000] {logging_mixin.py:188} INFO - [2024-05-12T08:26:42.870+0000] {dag.py:3834} INFO - Setting next_dagrun for example_subdag_operator to 2022-01-01 00:00:00+00:00, run_after=2022-01-01 00:00:00+00:00
[2024-05-12T08:26:42.874+0000] {logging_mixin.py:188} INFO - [2024-05-12T08:26:42.873+0000] {dag.py:3834} INFO - Setting next_dagrun for example_subdag_operator.section-1 to None, run_after=None
[2024-05-12T08:26:42.875+0000] {logging_mixin.py:188} INFO - [2024-05-12T08:26:42.875+0000] {dag.py:3834} INFO - Setting next_dagrun for example_subdag_operator.section-2 to None, run_after=None
[2024-05-12T08:26:42.882+0000] {logging_mixin.py:188} INFO - [2024-05-12T08:26:42.881+0000] {dag.py:3047} INFO - Sync 2 DAGs
[2024-05-12T08:26:42.887+0000] {logging_mixin.py:188} INFO - [2024-05-12T08:26:42.886+0000] {dag.py:3834} INFO - Setting next_dagrun for example_subdag_operator.section-1 to None, run_after=None
[2024-05-12T08:26:42.887+0000] {logging_mixin.py:188} INFO - [2024-05-12T08:26:42.887+0000] {dag.py:3834} INFO - Setting next_dagrun for example_subdag_operator.section-2 to None, run_after=None
[2024-05-12T08:26:42.899+0000] {processor.py:183} INFO - Processing /home/airflow/.local/lib/python3.8/site-packages/airflow/example_dags/example_subdag_operator.py took 0.118 seconds
[2024-05-12T08:27:13.734+0000] {processor.py:161} INFO - Started process (PID=781) to work on /home/airflow/.local/lib/python3.8/site-packages/airflow/example_dags/example_subdag_operator.py
[2024-05-12T08:27:13.735+0000] {processor.py:830} INFO - Processing file /home/airflow/.local/lib/python3.8/site-packages/airflow/example_dags/example_subdag_operator.py for tasks to queue
[2024-05-12T08:27:13.738+0000] {logging_mixin.py:188} INFO - [2024-05-12T08:27:13.738+0000] {dagbag.py:540} INFO - Filling up the DagBag from /home/airflow/.local/lib/python3.8/site-packages/airflow/example_dags/example_subdag_operator.py
[2024-05-12T08:27:13.766+0000] {processor.py:840} INFO - DAG(s) 'example_subdag_operator.section-1', 'example_subdag_operator.section-2', 'example_subdag_operator' retrieved from /home/airflow/.local/lib/python3.8/site-packages/airflow/example_dags/example_subdag_operator.py
[2024-05-12T08:27:13.782+0000] {logging_mixin.py:188} INFO - [2024-05-12T08:27:13.782+0000] {dag.py:3047} INFO - Sync 3 DAGs
[2024-05-12T08:27:13.805+0000] {logging_mixin.py:188} INFO - [2024-05-12T08:27:13.805+0000] {dag.py:3834} INFO - Setting next_dagrun for example_subdag_operator to 2022-01-01 00:00:00+00:00, run_after=2022-01-01 00:00:00+00:00
[2024-05-12T08:27:13.810+0000] {logging_mixin.py:188} INFO - [2024-05-12T08:27:13.810+0000] {dag.py:3834} INFO - Setting next_dagrun for example_subdag_operator.section-1 to None, run_after=None
[2024-05-12T08:27:13.811+0000] {logging_mixin.py:188} INFO - [2024-05-12T08:27:13.811+0000] {dag.py:3834} INFO - Setting next_dagrun for example_subdag_operator.section-2 to None, run_after=None
[2024-05-12T08:27:13.818+0000] {logging_mixin.py:188} INFO - [2024-05-12T08:27:13.818+0000] {dag.py:3047} INFO - Sync 2 DAGs
[2024-05-12T08:27:13.824+0000] {logging_mixin.py:188} INFO - [2024-05-12T08:27:13.823+0000] {dag.py:3834} INFO - Setting next_dagrun for example_subdag_operator.section-1 to None, run_after=None
[2024-05-12T08:27:13.824+0000] {logging_mixin.py:188} INFO - [2024-05-12T08:27:13.824+0000] {dag.py:3834} INFO - Setting next_dagrun for example_subdag_operator.section-2 to None, run_after=None
[2024-05-12T08:27:13.835+0000] {processor.py:183} INFO - Processing /home/airflow/.local/lib/python3.8/site-packages/airflow/example_dags/example_subdag_operator.py took 0.106 seconds
[2024-05-12T08:27:44.010+0000] {processor.py:161} INFO - Started process (PID=836) to work on /home/airflow/.local/lib/python3.8/site-packages/airflow/example_dags/example_subdag_operator.py
[2024-05-12T08:27:44.012+0000] {processor.py:830} INFO - Processing file /home/airflow/.local/lib/python3.8/site-packages/airflow/example_dags/example_subdag_operator.py for tasks to queue
[2024-05-12T08:27:44.013+0000] {logging_mixin.py:188} INFO - [2024-05-12T08:27:44.013+0000] {dagbag.py:540} INFO - Filling up the DagBag from /home/airflow/.local/lib/python3.8/site-packages/airflow/example_dags/example_subdag_operator.py
[2024-05-12T08:27:44.038+0000] {processor.py:840} INFO - DAG(s) 'example_subdag_operator.section-1', 'example_subdag_operator.section-2', 'example_subdag_operator' retrieved from /home/airflow/.local/lib/python3.8/site-packages/airflow/example_dags/example_subdag_operator.py
[2024-05-12T08:27:44.054+0000] {logging_mixin.py:188} INFO - [2024-05-12T08:27:44.054+0000] {dag.py:3047} INFO - Sync 3 DAGs
[2024-05-12T08:27:44.075+0000] {logging_mixin.py:188} INFO - [2024-05-12T08:27:44.075+0000] {dag.py:3834} INFO - Setting next_dagrun for example_subdag_operator to 2022-01-01 00:00:00+00:00, run_after=2022-01-01 00:00:00+00:00
[2024-05-12T08:27:44.079+0000] {logging_mixin.py:188} INFO - [2024-05-12T08:27:44.079+0000] {dag.py:3834} INFO - Setting next_dagrun for example_subdag_operator.section-1 to None, run_after=None
[2024-05-12T08:27:44.080+0000] {logging_mixin.py:188} INFO - [2024-05-12T08:27:44.080+0000] {dag.py:3834} INFO - Setting next_dagrun for example_subdag_operator.section-2 to None, run_after=None
[2024-05-12T08:27:44.087+0000] {logging_mixin.py:188} INFO - [2024-05-12T08:27:44.087+0000] {dag.py:3047} INFO - Sync 2 DAGs
[2024-05-12T08:27:44.092+0000] {logging_mixin.py:188} INFO - [2024-05-12T08:27:44.092+0000] {dag.py:3834} INFO - Setting next_dagrun for example_subdag_operator.section-1 to None, run_after=None
[2024-05-12T08:27:44.093+0000] {logging_mixin.py:188} INFO - [2024-05-12T08:27:44.092+0000] {dag.py:3834} INFO - Setting next_dagrun for example_subdag_operator.section-2 to None, run_after=None
[2024-05-12T08:27:44.103+0000] {processor.py:183} INFO - Processing /home/airflow/.local/lib/python3.8/site-packages/airflow/example_dags/example_subdag_operator.py took 0.097 seconds
[2024-05-12T08:28:14.182+0000] {processor.py:161} INFO - Started process (PID=892) to work on /home/airflow/.local/lib/python3.8/site-packages/airflow/example_dags/example_subdag_operator.py
[2024-05-12T08:28:14.184+0000] {processor.py:830} INFO - Processing file /home/airflow/.local/lib/python3.8/site-packages/airflow/example_dags/example_subdag_operator.py for tasks to queue
[2024-05-12T08:28:14.186+0000] {logging_mixin.py:188} INFO - [2024-05-12T08:28:14.186+0000] {dagbag.py:540} INFO - Filling up the DagBag from /home/airflow/.local/lib/python3.8/site-packages/airflow/example_dags/example_subdag_operator.py
[2024-05-12T08:28:14.213+0000] {processor.py:840} INFO - DAG(s) 'example_subdag_operator.section-1', 'example_subdag_operator.section-2', 'example_subdag_operator' retrieved from /home/airflow/.local/lib/python3.8/site-packages/airflow/example_dags/example_subdag_operator.py
[2024-05-12T08:28:14.230+0000] {logging_mixin.py:188} INFO - [2024-05-12T08:28:14.229+0000] {dag.py:3047} INFO - Sync 3 DAGs
[2024-05-12T08:28:14.251+0000] {logging_mixin.py:188} INFO - [2024-05-12T08:28:14.251+0000] {dag.py:3834} INFO - Setting next_dagrun for example_subdag_operator to 2022-01-01 00:00:00+00:00, run_after=2022-01-01 00:00:00+00:00
[2024-05-12T08:28:14.256+0000] {logging_mixin.py:188} INFO - [2024-05-12T08:28:14.256+0000] {dag.py:3834} INFO - Setting next_dagrun for example_subdag_operator.section-1 to None, run_after=None
[2024-05-12T08:28:14.257+0000] {logging_mixin.py:188} INFO - [2024-05-12T08:28:14.257+0000] {dag.py:3834} INFO - Setting next_dagrun for example_subdag_operator.section-2 to None, run_after=None
[2024-05-12T08:28:14.267+0000] {logging_mixin.py:188} INFO - [2024-05-12T08:28:14.266+0000] {dag.py:3047} INFO - Sync 2 DAGs
[2024-05-12T08:28:14.273+0000] {logging_mixin.py:188} INFO - [2024-05-12T08:28:14.273+0000] {dag.py:3834} INFO - Setting next_dagrun for example_subdag_operator.section-1 to None, run_after=None
[2024-05-12T08:28:14.273+0000] {logging_mixin.py:188} INFO - [2024-05-12T08:28:14.273+0000] {dag.py:3834} INFO - Setting next_dagrun for example_subdag_operator.section-2 to None, run_after=None
[2024-05-12T08:28:14.284+0000] {processor.py:183} INFO - Processing /home/airflow/.local/lib/python3.8/site-packages/airflow/example_dags/example_subdag_operator.py took 0.105 seconds
