[2024-05-12T08:20:43.005+0000] {processor.py:161} INFO - Started process (PID=82) to work on /home/airflow/.local/lib/python3.8/site-packages/airflow/example_dags/example_branch_day_of_week_operator.py
[2024-05-12T08:20:43.006+0000] {processor.py:830} INFO - Processing file /home/airflow/.local/lib/python3.8/site-packages/airflow/example_dags/example_branch_day_of_week_operator.py for tasks to queue
[2024-05-12T08:20:43.007+0000] {logging_mixin.py:188} INFO - [2024-05-12T08:20:43.007+0000] {dagbag.py:540} INFO - Filling up the DagBag from /home/airflow/.local/lib/python3.8/site-packages/airflow/example_dags/example_branch_day_of_week_operator.py
[2024-05-12T08:20:43.015+0000] {processor.py:840} INFO - DAG(s) 'example_weekday_branch_operator' retrieved from /home/airflow/.local/lib/python3.8/site-packages/airflow/example_dags/example_branch_day_of_week_operator.py
[2024-05-12T08:20:43.050+0000] {logging_mixin.py:188} INFO - [2024-05-12T08:20:43.049+0000] {dag.py:3047} INFO - Sync 1 DAGs
[2024-05-12T08:20:43.083+0000] {logging_mixin.py:188} INFO - [2024-05-12T08:20:43.083+0000] {dag.py:3834} INFO - Setting next_dagrun for example_weekday_branch_operator to 2024-05-11 00:00:00+00:00, run_after=2024-05-12 00:00:00+00:00
[2024-05-12T08:20:43.112+0000] {processor.py:183} INFO - Processing /home/airflow/.local/lib/python3.8/site-packages/airflow/example_dags/example_branch_day_of_week_operator.py took 0.112 seconds
[2024-05-12T08:21:13.625+0000] {processor.py:161} INFO - Started process (PID=138) to work on /home/airflow/.local/lib/python3.8/site-packages/airflow/example_dags/example_branch_day_of_week_operator.py
[2024-05-12T08:21:13.626+0000] {processor.py:830} INFO - Processing file /home/airflow/.local/lib/python3.8/site-packages/airflow/example_dags/example_branch_day_of_week_operator.py for tasks to queue
[2024-05-12T08:21:13.628+0000] {logging_mixin.py:188} INFO - [2024-05-12T08:21:13.628+0000] {dagbag.py:540} INFO - Filling up the DagBag from /home/airflow/.local/lib/python3.8/site-packages/airflow/example_dags/example_branch_day_of_week_operator.py
[2024-05-12T08:21:13.638+0000] {processor.py:840} INFO - DAG(s) 'example_weekday_branch_operator' retrieved from /home/airflow/.local/lib/python3.8/site-packages/airflow/example_dags/example_branch_day_of_week_operator.py
[2024-05-12T08:21:13.665+0000] {logging_mixin.py:188} INFO - [2024-05-12T08:21:13.665+0000] {dag.py:3047} INFO - Sync 1 DAGs
[2024-05-12T08:21:13.693+0000] {logging_mixin.py:188} INFO - [2024-05-12T08:21:13.693+0000] {dag.py:3834} INFO - Setting next_dagrun for example_weekday_branch_operator to 2024-05-11 00:00:00+00:00, run_after=2024-05-12 00:00:00+00:00
[2024-05-12T08:21:13.720+0000] {processor.py:183} INFO - Processing /home/airflow/.local/lib/python3.8/site-packages/airflow/example_dags/example_branch_day_of_week_operator.py took 0.100 seconds
[2024-05-12T08:21:44.606+0000] {processor.py:161} INFO - Started process (PID=193) to work on /home/airflow/.local/lib/python3.8/site-packages/airflow/example_dags/example_branch_day_of_week_operator.py
[2024-05-12T08:21:44.608+0000] {processor.py:830} INFO - Processing file /home/airflow/.local/lib/python3.8/site-packages/airflow/example_dags/example_branch_day_of_week_operator.py for tasks to queue
[2024-05-12T08:21:44.609+0000] {logging_mixin.py:188} INFO - [2024-05-12T08:21:44.609+0000] {dagbag.py:540} INFO - Filling up the DagBag from /home/airflow/.local/lib/python3.8/site-packages/airflow/example_dags/example_branch_day_of_week_operator.py
[2024-05-12T08:21:44.618+0000] {processor.py:840} INFO - DAG(s) 'example_weekday_branch_operator' retrieved from /home/airflow/.local/lib/python3.8/site-packages/airflow/example_dags/example_branch_day_of_week_operator.py
[2024-05-12T08:21:44.642+0000] {logging_mixin.py:188} INFO - [2024-05-12T08:21:44.642+0000] {dag.py:3047} INFO - Sync 1 DAGs
[2024-05-12T08:21:44.676+0000] {logging_mixin.py:188} INFO - [2024-05-12T08:21:44.676+0000] {dag.py:3834} INFO - Setting next_dagrun for example_weekday_branch_operator to 2024-05-11 00:00:00+00:00, run_after=2024-05-12 00:00:00+00:00
[2024-05-12T08:21:44.703+0000] {processor.py:183} INFO - Processing /home/airflow/.local/lib/python3.8/site-packages/airflow/example_dags/example_branch_day_of_week_operator.py took 0.101 seconds
[2024-05-12T08:22:15.153+0000] {processor.py:161} INFO - Started process (PID=248) to work on /home/airflow/.local/lib/python3.8/site-packages/airflow/example_dags/example_branch_day_of_week_operator.py
[2024-05-12T08:22:15.155+0000] {processor.py:830} INFO - Processing file /home/airflow/.local/lib/python3.8/site-packages/airflow/example_dags/example_branch_day_of_week_operator.py for tasks to queue
[2024-05-12T08:22:15.157+0000] {logging_mixin.py:188} INFO - [2024-05-12T08:22:15.157+0000] {dagbag.py:540} INFO - Filling up the DagBag from /home/airflow/.local/lib/python3.8/site-packages/airflow/example_dags/example_branch_day_of_week_operator.py
[2024-05-12T08:22:15.166+0000] {processor.py:840} INFO - DAG(s) 'example_weekday_branch_operator' retrieved from /home/airflow/.local/lib/python3.8/site-packages/airflow/example_dags/example_branch_day_of_week_operator.py
[2024-05-12T08:22:15.193+0000] {logging_mixin.py:188} INFO - [2024-05-12T08:22:15.193+0000] {dag.py:3047} INFO - Sync 1 DAGs
[2024-05-12T08:22:15.245+0000] {logging_mixin.py:188} INFO - [2024-05-12T08:22:15.245+0000] {dag.py:3834} INFO - Setting next_dagrun for example_weekday_branch_operator to 2024-05-11 00:00:00+00:00, run_after=2024-05-12 00:00:00+00:00
[2024-05-12T08:22:15.274+0000] {processor.py:183} INFO - Processing /home/airflow/.local/lib/python3.8/site-packages/airflow/example_dags/example_branch_day_of_week_operator.py took 0.124 seconds
[2024-05-12T08:22:46.173+0000] {processor.py:161} INFO - Started process (PID=302) to work on /home/airflow/.local/lib/python3.8/site-packages/airflow/example_dags/example_branch_day_of_week_operator.py
[2024-05-12T08:22:46.175+0000] {processor.py:830} INFO - Processing file /home/airflow/.local/lib/python3.8/site-packages/airflow/example_dags/example_branch_day_of_week_operator.py for tasks to queue
[2024-05-12T08:22:46.177+0000] {logging_mixin.py:188} INFO - [2024-05-12T08:22:46.176+0000] {dagbag.py:540} INFO - Filling up the DagBag from /home/airflow/.local/lib/python3.8/site-packages/airflow/example_dags/example_branch_day_of_week_operator.py
[2024-05-12T08:22:46.185+0000] {processor.py:840} INFO - DAG(s) 'example_weekday_branch_operator' retrieved from /home/airflow/.local/lib/python3.8/site-packages/airflow/example_dags/example_branch_day_of_week_operator.py
[2024-05-12T08:22:46.208+0000] {logging_mixin.py:188} INFO - [2024-05-12T08:22:46.208+0000] {dag.py:3047} INFO - Sync 1 DAGs
[2024-05-12T08:22:46.232+0000] {logging_mixin.py:188} INFO - [2024-05-12T08:22:46.231+0000] {dag.py:3834} INFO - Setting next_dagrun for example_weekday_branch_operator to 2024-05-11 00:00:00+00:00, run_after=2024-05-12 00:00:00+00:00
[2024-05-12T08:22:46.249+0000] {processor.py:183} INFO - Processing /home/airflow/.local/lib/python3.8/site-packages/airflow/example_dags/example_branch_day_of_week_operator.py took 0.080 seconds
[2024-05-12T08:23:16.798+0000] {processor.py:161} INFO - Started process (PID=357) to work on /home/airflow/.local/lib/python3.8/site-packages/airflow/example_dags/example_branch_day_of_week_operator.py
[2024-05-12T08:23:16.800+0000] {processor.py:830} INFO - Processing file /home/airflow/.local/lib/python3.8/site-packages/airflow/example_dags/example_branch_day_of_week_operator.py for tasks to queue
[2024-05-12T08:23:16.802+0000] {logging_mixin.py:188} INFO - [2024-05-12T08:23:16.802+0000] {dagbag.py:540} INFO - Filling up the DagBag from /home/airflow/.local/lib/python3.8/site-packages/airflow/example_dags/example_branch_day_of_week_operator.py
[2024-05-12T08:23:16.811+0000] {processor.py:840} INFO - DAG(s) 'example_weekday_branch_operator' retrieved from /home/airflow/.local/lib/python3.8/site-packages/airflow/example_dags/example_branch_day_of_week_operator.py
[2024-05-12T08:23:16.823+0000] {logging_mixin.py:188} INFO - [2024-05-12T08:23:16.822+0000] {dag.py:3047} INFO - Sync 1 DAGs
[2024-05-12T08:23:16.852+0000] {logging_mixin.py:188} INFO - [2024-05-12T08:23:16.851+0000] {dag.py:3834} INFO - Setting next_dagrun for example_weekday_branch_operator to 2024-05-11 00:00:00+00:00, run_after=2024-05-12 00:00:00+00:00
[2024-05-12T08:23:16.874+0000] {processor.py:183} INFO - Processing /home/airflow/.local/lib/python3.8/site-packages/airflow/example_dags/example_branch_day_of_week_operator.py took 0.080 seconds
[2024-05-12T08:23:47.396+0000] {processor.py:161} INFO - Started process (PID=412) to work on /home/airflow/.local/lib/python3.8/site-packages/airflow/example_dags/example_branch_day_of_week_operator.py
[2024-05-12T08:23:47.397+0000] {processor.py:830} INFO - Processing file /home/airflow/.local/lib/python3.8/site-packages/airflow/example_dags/example_branch_day_of_week_operator.py for tasks to queue
[2024-05-12T08:23:47.399+0000] {logging_mixin.py:188} INFO - [2024-05-12T08:23:47.399+0000] {dagbag.py:540} INFO - Filling up the DagBag from /home/airflow/.local/lib/python3.8/site-packages/airflow/example_dags/example_branch_day_of_week_operator.py
[2024-05-12T08:23:47.407+0000] {processor.py:840} INFO - DAG(s) 'example_weekday_branch_operator' retrieved from /home/airflow/.local/lib/python3.8/site-packages/airflow/example_dags/example_branch_day_of_week_operator.py
[2024-05-12T08:23:47.523+0000] {logging_mixin.py:188} INFO - [2024-05-12T08:23:47.523+0000] {dag.py:3047} INFO - Sync 1 DAGs
[2024-05-12T08:23:47.545+0000] {logging_mixin.py:188} INFO - [2024-05-12T08:23:47.544+0000] {dag.py:3834} INFO - Setting next_dagrun for example_weekday_branch_operator to 2024-05-11 00:00:00+00:00, run_after=2024-05-12 00:00:00+00:00
[2024-05-12T08:23:47.563+0000] {processor.py:183} INFO - Processing /home/airflow/.local/lib/python3.8/site-packages/airflow/example_dags/example_branch_day_of_week_operator.py took 0.171 seconds
[2024-05-12T08:24:18.060+0000] {processor.py:161} INFO - Started process (PID=468) to work on /home/airflow/.local/lib/python3.8/site-packages/airflow/example_dags/example_branch_day_of_week_operator.py
[2024-05-12T08:24:18.062+0000] {processor.py:830} INFO - Processing file /home/airflow/.local/lib/python3.8/site-packages/airflow/example_dags/example_branch_day_of_week_operator.py for tasks to queue
[2024-05-12T08:24:18.063+0000] {logging_mixin.py:188} INFO - [2024-05-12T08:24:18.063+0000] {dagbag.py:540} INFO - Filling up the DagBag from /home/airflow/.local/lib/python3.8/site-packages/airflow/example_dags/example_branch_day_of_week_operator.py
[2024-05-12T08:24:18.071+0000] {processor.py:840} INFO - DAG(s) 'example_weekday_branch_operator' retrieved from /home/airflow/.local/lib/python3.8/site-packages/airflow/example_dags/example_branch_day_of_week_operator.py
[2024-05-12T08:24:18.094+0000] {logging_mixin.py:188} INFO - [2024-05-12T08:24:18.093+0000] {dag.py:3047} INFO - Sync 1 DAGs
[2024-05-12T08:24:18.119+0000] {logging_mixin.py:188} INFO - [2024-05-12T08:24:18.119+0000] {dag.py:3834} INFO - Setting next_dagrun for example_weekday_branch_operator to 2024-05-11 00:00:00+00:00, run_after=2024-05-12 00:00:00+00:00
[2024-05-12T08:24:18.142+0000] {processor.py:183} INFO - Processing /home/airflow/.local/lib/python3.8/site-packages/airflow/example_dags/example_branch_day_of_week_operator.py took 0.086 seconds
[2024-05-12T08:24:48.513+0000] {processor.py:161} INFO - Started process (PID=523) to work on /home/airflow/.local/lib/python3.8/site-packages/airflow/example_dags/example_branch_day_of_week_operator.py
[2024-05-12T08:24:48.514+0000] {processor.py:830} INFO - Processing file /home/airflow/.local/lib/python3.8/site-packages/airflow/example_dags/example_branch_day_of_week_operator.py for tasks to queue
[2024-05-12T08:24:48.515+0000] {logging_mixin.py:188} INFO - [2024-05-12T08:24:48.515+0000] {dagbag.py:540} INFO - Filling up the DagBag from /home/airflow/.local/lib/python3.8/site-packages/airflow/example_dags/example_branch_day_of_week_operator.py
[2024-05-12T08:24:48.523+0000] {processor.py:840} INFO - DAG(s) 'example_weekday_branch_operator' retrieved from /home/airflow/.local/lib/python3.8/site-packages/airflow/example_dags/example_branch_day_of_week_operator.py
[2024-05-12T08:24:48.546+0000] {logging_mixin.py:188} INFO - [2024-05-12T08:24:48.545+0000] {dag.py:3047} INFO - Sync 1 DAGs
[2024-05-12T08:24:48.570+0000] {logging_mixin.py:188} INFO - [2024-05-12T08:24:48.570+0000] {dag.py:3834} INFO - Setting next_dagrun for example_weekday_branch_operator to 2024-05-11 00:00:00+00:00, run_after=2024-05-12 00:00:00+00:00
[2024-05-12T08:24:48.589+0000] {processor.py:183} INFO - Processing /home/airflow/.local/lib/python3.8/site-packages/airflow/example_dags/example_branch_day_of_week_operator.py took 0.080 seconds
[2024-05-12T08:25:18.627+0000] {processor.py:161} INFO - Started process (PID=578) to work on /home/airflow/.local/lib/python3.8/site-packages/airflow/example_dags/example_branch_day_of_week_operator.py
[2024-05-12T08:25:18.628+0000] {processor.py:830} INFO - Processing file /home/airflow/.local/lib/python3.8/site-packages/airflow/example_dags/example_branch_day_of_week_operator.py for tasks to queue
[2024-05-12T08:25:18.630+0000] {logging_mixin.py:188} INFO - [2024-05-12T08:25:18.629+0000] {dagbag.py:540} INFO - Filling up the DagBag from /home/airflow/.local/lib/python3.8/site-packages/airflow/example_dags/example_branch_day_of_week_operator.py
[2024-05-12T08:25:18.638+0000] {processor.py:840} INFO - DAG(s) 'example_weekday_branch_operator' retrieved from /home/airflow/.local/lib/python3.8/site-packages/airflow/example_dags/example_branch_day_of_week_operator.py
[2024-05-12T08:25:18.662+0000] {logging_mixin.py:188} INFO - [2024-05-12T08:25:18.662+0000] {dag.py:3047} INFO - Sync 1 DAGs
[2024-05-12T08:25:18.689+0000] {logging_mixin.py:188} INFO - [2024-05-12T08:25:18.688+0000] {dag.py:3834} INFO - Setting next_dagrun for example_weekday_branch_operator to 2024-05-11 00:00:00+00:00, run_after=2024-05-12 00:00:00+00:00
[2024-05-12T08:25:18.712+0000] {processor.py:183} INFO - Processing /home/airflow/.local/lib/python3.8/site-packages/airflow/example_dags/example_branch_day_of_week_operator.py took 0.089 seconds
[2024-05-12T08:25:48.831+0000] {processor.py:161} INFO - Started process (PID=633) to work on /home/airflow/.local/lib/python3.8/site-packages/airflow/example_dags/example_branch_day_of_week_operator.py
[2024-05-12T08:25:48.831+0000] {processor.py:830} INFO - Processing file /home/airflow/.local/lib/python3.8/site-packages/airflow/example_dags/example_branch_day_of_week_operator.py for tasks to queue
[2024-05-12T08:25:48.833+0000] {logging_mixin.py:188} INFO - [2024-05-12T08:25:48.833+0000] {dagbag.py:540} INFO - Filling up the DagBag from /home/airflow/.local/lib/python3.8/site-packages/airflow/example_dags/example_branch_day_of_week_operator.py
[2024-05-12T08:25:48.842+0000] {processor.py:840} INFO - DAG(s) 'example_weekday_branch_operator' retrieved from /home/airflow/.local/lib/python3.8/site-packages/airflow/example_dags/example_branch_day_of_week_operator.py
[2024-05-12T08:25:48.878+0000] {logging_mixin.py:188} INFO - [2024-05-12T08:25:48.877+0000] {dag.py:3047} INFO - Sync 1 DAGs
[2024-05-12T08:25:48.907+0000] {logging_mixin.py:188} INFO - [2024-05-12T08:25:48.907+0000] {dag.py:3834} INFO - Setting next_dagrun for example_weekday_branch_operator to 2024-05-11 00:00:00+00:00, run_after=2024-05-12 00:00:00+00:00
[2024-05-12T08:25:48.931+0000] {processor.py:183} INFO - Processing /home/airflow/.local/lib/python3.8/site-packages/airflow/example_dags/example_branch_day_of_week_operator.py took 0.105 seconds
[2024-05-12T08:26:19.029+0000] {processor.py:161} INFO - Started process (PID=695) to work on /home/airflow/.local/lib/python3.8/site-packages/airflow/example_dags/example_branch_day_of_week_operator.py
[2024-05-12T08:26:19.031+0000] {processor.py:830} INFO - Processing file /home/airflow/.local/lib/python3.8/site-packages/airflow/example_dags/example_branch_day_of_week_operator.py for tasks to queue
[2024-05-12T08:26:19.033+0000] {logging_mixin.py:188} INFO - [2024-05-12T08:26:19.032+0000] {dagbag.py:540} INFO - Filling up the DagBag from /home/airflow/.local/lib/python3.8/site-packages/airflow/example_dags/example_branch_day_of_week_operator.py
[2024-05-12T08:26:19.041+0000] {processor.py:840} INFO - DAG(s) 'example_weekday_branch_operator' retrieved from /home/airflow/.local/lib/python3.8/site-packages/airflow/example_dags/example_branch_day_of_week_operator.py
[2024-05-12T08:26:19.063+0000] {logging_mixin.py:188} INFO - [2024-05-12T08:26:19.063+0000] {dag.py:3047} INFO - Sync 1 DAGs
[2024-05-12T08:26:19.088+0000] {logging_mixin.py:188} INFO - [2024-05-12T08:26:19.088+0000] {dag.py:3834} INFO - Setting next_dagrun for example_weekday_branch_operator to 2024-05-11 00:00:00+00:00, run_after=2024-05-12 00:00:00+00:00
[2024-05-12T08:26:19.107+0000] {processor.py:183} INFO - Processing /home/airflow/.local/lib/python3.8/site-packages/airflow/example_dags/example_branch_day_of_week_operator.py took 0.082 seconds
[2024-05-12T08:26:49.844+0000] {processor.py:161} INFO - Started process (PID=748) to work on /home/airflow/.local/lib/python3.8/site-packages/airflow/example_dags/example_branch_day_of_week_operator.py
[2024-05-12T08:26:49.845+0000] {processor.py:830} INFO - Processing file /home/airflow/.local/lib/python3.8/site-packages/airflow/example_dags/example_branch_day_of_week_operator.py for tasks to queue
[2024-05-12T08:26:49.847+0000] {logging_mixin.py:188} INFO - [2024-05-12T08:26:49.847+0000] {dagbag.py:540} INFO - Filling up the DagBag from /home/airflow/.local/lib/python3.8/site-packages/airflow/example_dags/example_branch_day_of_week_operator.py
[2024-05-12T08:26:49.856+0000] {processor.py:840} INFO - DAG(s) 'example_weekday_branch_operator' retrieved from /home/airflow/.local/lib/python3.8/site-packages/airflow/example_dags/example_branch_day_of_week_operator.py
[2024-05-12T08:26:49.879+0000] {logging_mixin.py:188} INFO - [2024-05-12T08:26:49.879+0000] {dag.py:3047} INFO - Sync 1 DAGs
[2024-05-12T08:26:49.903+0000] {logging_mixin.py:188} INFO - [2024-05-12T08:26:49.903+0000] {dag.py:3834} INFO - Setting next_dagrun for example_weekday_branch_operator to 2024-05-11 00:00:00+00:00, run_after=2024-05-12 00:00:00+00:00
[2024-05-12T08:26:49.925+0000] {processor.py:183} INFO - Processing /home/airflow/.local/lib/python3.8/site-packages/airflow/example_dags/example_branch_day_of_week_operator.py took 0.085 seconds
[2024-05-12T08:27:20.669+0000] {processor.py:161} INFO - Started process (PID=803) to work on /home/airflow/.local/lib/python3.8/site-packages/airflow/example_dags/example_branch_day_of_week_operator.py
[2024-05-12T08:27:20.670+0000] {processor.py:830} INFO - Processing file /home/airflow/.local/lib/python3.8/site-packages/airflow/example_dags/example_branch_day_of_week_operator.py for tasks to queue
[2024-05-12T08:27:20.672+0000] {logging_mixin.py:188} INFO - [2024-05-12T08:27:20.672+0000] {dagbag.py:540} INFO - Filling up the DagBag from /home/airflow/.local/lib/python3.8/site-packages/airflow/example_dags/example_branch_day_of_week_operator.py
[2024-05-12T08:27:20.680+0000] {processor.py:840} INFO - DAG(s) 'example_weekday_branch_operator' retrieved from /home/airflow/.local/lib/python3.8/site-packages/airflow/example_dags/example_branch_day_of_week_operator.py
[2024-05-12T08:27:20.704+0000] {logging_mixin.py:188} INFO - [2024-05-12T08:27:20.704+0000] {dag.py:3047} INFO - Sync 1 DAGs
[2024-05-12T08:27:20.729+0000] {logging_mixin.py:188} INFO - [2024-05-12T08:27:20.729+0000] {dag.py:3834} INFO - Setting next_dagrun for example_weekday_branch_operator to 2024-05-11 00:00:00+00:00, run_after=2024-05-12 00:00:00+00:00
[2024-05-12T08:27:20.748+0000] {processor.py:183} INFO - Processing /home/airflow/.local/lib/python3.8/site-packages/airflow/example_dags/example_branch_day_of_week_operator.py took 0.082 seconds
[2024-05-12T08:27:51.088+0000] {processor.py:161} INFO - Started process (PID=859) to work on /home/airflow/.local/lib/python3.8/site-packages/airflow/example_dags/example_branch_day_of_week_operator.py
[2024-05-12T08:27:51.090+0000] {processor.py:830} INFO - Processing file /home/airflow/.local/lib/python3.8/site-packages/airflow/example_dags/example_branch_day_of_week_operator.py for tasks to queue
[2024-05-12T08:27:51.092+0000] {logging_mixin.py:188} INFO - [2024-05-12T08:27:51.091+0000] {dagbag.py:540} INFO - Filling up the DagBag from /home/airflow/.local/lib/python3.8/site-packages/airflow/example_dags/example_branch_day_of_week_operator.py
[2024-05-12T08:27:51.100+0000] {processor.py:840} INFO - DAG(s) 'example_weekday_branch_operator' retrieved from /home/airflow/.local/lib/python3.8/site-packages/airflow/example_dags/example_branch_day_of_week_operator.py
[2024-05-12T08:27:51.122+0000] {logging_mixin.py:188} INFO - [2024-05-12T08:27:51.121+0000] {dag.py:3047} INFO - Sync 1 DAGs
[2024-05-12T08:27:51.146+0000] {logging_mixin.py:188} INFO - [2024-05-12T08:27:51.145+0000] {dag.py:3834} INFO - Setting next_dagrun for example_weekday_branch_operator to 2024-05-11 00:00:00+00:00, run_after=2024-05-12 00:00:00+00:00
[2024-05-12T08:27:51.164+0000] {processor.py:183} INFO - Processing /home/airflow/.local/lib/python3.8/site-packages/airflow/example_dags/example_branch_day_of_week_operator.py took 0.080 seconds
[2024-05-12T08:28:21.266+0000] {processor.py:161} INFO - Started process (PID=914) to work on /home/airflow/.local/lib/python3.8/site-packages/airflow/example_dags/example_branch_day_of_week_operator.py
[2024-05-12T08:28:21.267+0000] {processor.py:830} INFO - Processing file /home/airflow/.local/lib/python3.8/site-packages/airflow/example_dags/example_branch_day_of_week_operator.py for tasks to queue
[2024-05-12T08:28:21.269+0000] {logging_mixin.py:188} INFO - [2024-05-12T08:28:21.269+0000] {dagbag.py:540} INFO - Filling up the DagBag from /home/airflow/.local/lib/python3.8/site-packages/airflow/example_dags/example_branch_day_of_week_operator.py
[2024-05-12T08:28:21.277+0000] {processor.py:840} INFO - DAG(s) 'example_weekday_branch_operator' retrieved from /home/airflow/.local/lib/python3.8/site-packages/airflow/example_dags/example_branch_day_of_week_operator.py
[2024-05-12T08:28:21.301+0000] {logging_mixin.py:188} INFO - [2024-05-12T08:28:21.300+0000] {dag.py:3047} INFO - Sync 1 DAGs
[2024-05-12T08:28:21.326+0000] {logging_mixin.py:188} INFO - [2024-05-12T08:28:21.326+0000] {dag.py:3834} INFO - Setting next_dagrun for example_weekday_branch_operator to 2024-05-11 00:00:00+00:00, run_after=2024-05-12 00:00:00+00:00
[2024-05-12T08:28:21.344+0000] {processor.py:183} INFO - Processing /home/airflow/.local/lib/python3.8/site-packages/airflow/example_dags/example_branch_day_of_week_operator.py took 0.082 seconds
