[2024-05-12T08:20:42.530+0000] {processor.py:161} INFO - Started process (PID=76) to work on /home/airflow/.local/lib/python3.8/site-packages/airflow/example_dags/example_setup_teardown.py
[2024-05-12T08:20:42.532+0000] {processor.py:830} INFO - Processing file /home/airflow/.local/lib/python3.8/site-packages/airflow/example_dags/example_setup_teardown.py for tasks to queue
[2024-05-12T08:20:42.534+0000] {logging_mixin.py:188} INFO - [2024-05-12T08:20:42.533+0000] {dagbag.py:540} INFO - Filling up the DagBag from /home/airflow/.local/lib/python3.8/site-packages/airflow/example_dags/example_setup_teardown.py
[2024-05-12T08:20:42.542+0000] {processor.py:840} INFO - DAG(s) 'example_setup_teardown' retrieved from /home/airflow/.local/lib/python3.8/site-packages/airflow/example_dags/example_setup_teardown.py
[2024-05-12T08:20:42.572+0000] {logging_mixin.py:188} INFO - [2024-05-12T08:20:42.572+0000] {dag.py:3047} INFO - Sync 1 DAGs
[2024-05-12T08:20:42.596+0000] {logging_mixin.py:188} INFO - [2024-05-12T08:20:42.596+0000] {dag.py:3834} INFO - Setting next_dagrun for example_setup_teardown to 2024-05-11 00:00:00+00:00, run_after=2024-05-12 00:00:00+00:00
[2024-05-12T08:20:42.621+0000] {processor.py:183} INFO - Processing /home/airflow/.local/lib/python3.8/site-packages/airflow/example_dags/example_setup_teardown.py took 0.095 seconds
[2024-05-12T08:21:13.244+0000] {processor.py:161} INFO - Started process (PID=132) to work on /home/airflow/.local/lib/python3.8/site-packages/airflow/example_dags/example_setup_teardown.py
[2024-05-12T08:21:13.245+0000] {processor.py:830} INFO - Processing file /home/airflow/.local/lib/python3.8/site-packages/airflow/example_dags/example_setup_teardown.py for tasks to queue
[2024-05-12T08:21:13.247+0000] {logging_mixin.py:188} INFO - [2024-05-12T08:21:13.247+0000] {dagbag.py:540} INFO - Filling up the DagBag from /home/airflow/.local/lib/python3.8/site-packages/airflow/example_dags/example_setup_teardown.py
[2024-05-12T08:21:13.256+0000] {processor.py:840} INFO - DAG(s) 'example_setup_teardown' retrieved from /home/airflow/.local/lib/python3.8/site-packages/airflow/example_dags/example_setup_teardown.py
[2024-05-12T08:21:13.277+0000] {logging_mixin.py:188} INFO - [2024-05-12T08:21:13.277+0000] {dag.py:3047} INFO - Sync 1 DAGs
[2024-05-12T08:21:13.306+0000] {logging_mixin.py:188} INFO - [2024-05-12T08:21:13.305+0000] {dag.py:3834} INFO - Setting next_dagrun for example_setup_teardown to 2024-05-11 00:00:00+00:00, run_after=2024-05-12 00:00:00+00:00
[2024-05-12T08:21:13.330+0000] {processor.py:183} INFO - Processing /home/airflow/.local/lib/python3.8/site-packages/airflow/example_dags/example_setup_teardown.py took 0.090 seconds
[2024-05-12T08:21:44.216+0000] {processor.py:161} INFO - Started process (PID=187) to work on /home/airflow/.local/lib/python3.8/site-packages/airflow/example_dags/example_setup_teardown.py
[2024-05-12T08:21:44.218+0000] {processor.py:830} INFO - Processing file /home/airflow/.local/lib/python3.8/site-packages/airflow/example_dags/example_setup_teardown.py for tasks to queue
[2024-05-12T08:21:44.220+0000] {logging_mixin.py:188} INFO - [2024-05-12T08:21:44.220+0000] {dagbag.py:540} INFO - Filling up the DagBag from /home/airflow/.local/lib/python3.8/site-packages/airflow/example_dags/example_setup_teardown.py
[2024-05-12T08:21:44.229+0000] {processor.py:840} INFO - DAG(s) 'example_setup_teardown' retrieved from /home/airflow/.local/lib/python3.8/site-packages/airflow/example_dags/example_setup_teardown.py
[2024-05-12T08:21:44.251+0000] {logging_mixin.py:188} INFO - [2024-05-12T08:21:44.251+0000] {dag.py:3047} INFO - Sync 1 DAGs
[2024-05-12T08:21:44.276+0000] {logging_mixin.py:188} INFO - [2024-05-12T08:21:44.276+0000] {dag.py:3834} INFO - Setting next_dagrun for example_setup_teardown to 2024-05-11 00:00:00+00:00, run_after=2024-05-12 00:00:00+00:00
[2024-05-12T08:21:44.307+0000] {processor.py:183} INFO - Processing /home/airflow/.local/lib/python3.8/site-packages/airflow/example_dags/example_setup_teardown.py took 0.095 seconds
[2024-05-12T08:22:14.660+0000] {processor.py:161} INFO - Started process (PID=242) to work on /home/airflow/.local/lib/python3.8/site-packages/airflow/example_dags/example_setup_teardown.py
[2024-05-12T08:22:14.666+0000] {processor.py:830} INFO - Processing file /home/airflow/.local/lib/python3.8/site-packages/airflow/example_dags/example_setup_teardown.py for tasks to queue
[2024-05-12T08:22:14.668+0000] {logging_mixin.py:188} INFO - [2024-05-12T08:22:14.668+0000] {dagbag.py:540} INFO - Filling up the DagBag from /home/airflow/.local/lib/python3.8/site-packages/airflow/example_dags/example_setup_teardown.py
[2024-05-12T08:22:14.675+0000] {processor.py:840} INFO - DAG(s) 'example_setup_teardown' retrieved from /home/airflow/.local/lib/python3.8/site-packages/airflow/example_dags/example_setup_teardown.py
[2024-05-12T08:22:14.699+0000] {logging_mixin.py:188} INFO - [2024-05-12T08:22:14.699+0000] {dag.py:3047} INFO - Sync 1 DAGs
[2024-05-12T08:22:14.733+0000] {logging_mixin.py:188} INFO - [2024-05-12T08:22:14.733+0000] {dag.py:3834} INFO - Setting next_dagrun for example_setup_teardown to 2024-05-11 00:00:00+00:00, run_after=2024-05-12 00:00:00+00:00
[2024-05-12T08:22:14.756+0000] {processor.py:183} INFO - Processing /home/airflow/.local/lib/python3.8/site-packages/airflow/example_dags/example_setup_teardown.py took 0.100 seconds
[2024-05-12T08:22:44.820+0000] {processor.py:161} INFO - Started process (PID=296) to work on /home/airflow/.local/lib/python3.8/site-packages/airflow/example_dags/example_setup_teardown.py
[2024-05-12T08:22:44.821+0000] {processor.py:830} INFO - Processing file /home/airflow/.local/lib/python3.8/site-packages/airflow/example_dags/example_setup_teardown.py for tasks to queue
[2024-05-12T08:22:44.823+0000] {logging_mixin.py:188} INFO - [2024-05-12T08:22:44.823+0000] {dagbag.py:540} INFO - Filling up the DagBag from /home/airflow/.local/lib/python3.8/site-packages/airflow/example_dags/example_setup_teardown.py
[2024-05-12T08:22:44.830+0000] {processor.py:840} INFO - DAG(s) 'example_setup_teardown' retrieved from /home/airflow/.local/lib/python3.8/site-packages/airflow/example_dags/example_setup_teardown.py
[2024-05-12T08:22:44.855+0000] {logging_mixin.py:188} INFO - [2024-05-12T08:22:44.854+0000] {dag.py:3047} INFO - Sync 1 DAGs
[2024-05-12T08:22:44.882+0000] {logging_mixin.py:188} INFO - [2024-05-12T08:22:44.881+0000] {dag.py:3834} INFO - Setting next_dagrun for example_setup_teardown to 2024-05-11 00:00:00+00:00, run_after=2024-05-12 00:00:00+00:00
[2024-05-12T08:22:44.904+0000] {processor.py:183} INFO - Processing /home/airflow/.local/lib/python3.8/site-packages/airflow/example_dags/example_setup_teardown.py took 0.087 seconds
[2024-05-12T08:23:15.487+0000] {processor.py:161} INFO - Started process (PID=351) to work on /home/airflow/.local/lib/python3.8/site-packages/airflow/example_dags/example_setup_teardown.py
[2024-05-12T08:23:15.488+0000] {processor.py:830} INFO - Processing file /home/airflow/.local/lib/python3.8/site-packages/airflow/example_dags/example_setup_teardown.py for tasks to queue
[2024-05-12T08:23:15.490+0000] {logging_mixin.py:188} INFO - [2024-05-12T08:23:15.490+0000] {dagbag.py:540} INFO - Filling up the DagBag from /home/airflow/.local/lib/python3.8/site-packages/airflow/example_dags/example_setup_teardown.py
[2024-05-12T08:23:15.499+0000] {processor.py:840} INFO - DAG(s) 'example_setup_teardown' retrieved from /home/airflow/.local/lib/python3.8/site-packages/airflow/example_dags/example_setup_teardown.py
[2024-05-12T08:23:15.513+0000] {logging_mixin.py:188} INFO - [2024-05-12T08:23:15.513+0000] {dag.py:3047} INFO - Sync 1 DAGs
[2024-05-12T08:23:15.546+0000] {logging_mixin.py:188} INFO - [2024-05-12T08:23:15.545+0000] {dag.py:3834} INFO - Setting next_dagrun for example_setup_teardown to 2024-05-11 00:00:00+00:00, run_after=2024-05-12 00:00:00+00:00
[2024-05-12T08:23:15.569+0000] {processor.py:183} INFO - Processing /home/airflow/.local/lib/python3.8/site-packages/airflow/example_dags/example_setup_teardown.py took 0.085 seconds
[2024-05-12T08:23:46.680+0000] {processor.py:161} INFO - Started process (PID=406) to work on /home/airflow/.local/lib/python3.8/site-packages/airflow/example_dags/example_setup_teardown.py
[2024-05-12T08:23:46.683+0000] {processor.py:830} INFO - Processing file /home/airflow/.local/lib/python3.8/site-packages/airflow/example_dags/example_setup_teardown.py for tasks to queue
[2024-05-12T08:23:46.685+0000] {logging_mixin.py:188} INFO - [2024-05-12T08:23:46.685+0000] {dagbag.py:540} INFO - Filling up the DagBag from /home/airflow/.local/lib/python3.8/site-packages/airflow/example_dags/example_setup_teardown.py
[2024-05-12T08:23:46.692+0000] {processor.py:840} INFO - DAG(s) 'example_setup_teardown' retrieved from /home/airflow/.local/lib/python3.8/site-packages/airflow/example_dags/example_setup_teardown.py
[2024-05-12T08:23:46.838+0000] {logging_mixin.py:188} INFO - [2024-05-12T08:23:46.838+0000] {dag.py:3047} INFO - Sync 1 DAGs
[2024-05-12T08:23:46.860+0000] {logging_mixin.py:188} INFO - [2024-05-12T08:23:46.860+0000] {dag.py:3834} INFO - Setting next_dagrun for example_setup_teardown to 2024-05-11 00:00:00+00:00, run_after=2024-05-12 00:00:00+00:00
[2024-05-12T08:23:46.882+0000] {processor.py:183} INFO - Processing /home/airflow/.local/lib/python3.8/site-packages/airflow/example_dags/example_setup_teardown.py took 0.206 seconds
[2024-05-12T08:24:17.731+0000] {processor.py:161} INFO - Started process (PID=462) to work on /home/airflow/.local/lib/python3.8/site-packages/airflow/example_dags/example_setup_teardown.py
[2024-05-12T08:24:17.733+0000] {processor.py:830} INFO - Processing file /home/airflow/.local/lib/python3.8/site-packages/airflow/example_dags/example_setup_teardown.py for tasks to queue
[2024-05-12T08:24:17.734+0000] {logging_mixin.py:188} INFO - [2024-05-12T08:24:17.734+0000] {dagbag.py:540} INFO - Filling up the DagBag from /home/airflow/.local/lib/python3.8/site-packages/airflow/example_dags/example_setup_teardown.py
[2024-05-12T08:24:17.741+0000] {processor.py:840} INFO - DAG(s) 'example_setup_teardown' retrieved from /home/airflow/.local/lib/python3.8/site-packages/airflow/example_dags/example_setup_teardown.py
[2024-05-12T08:24:17.764+0000] {logging_mixin.py:188} INFO - [2024-05-12T08:24:17.764+0000] {dag.py:3047} INFO - Sync 1 DAGs
[2024-05-12T08:24:17.787+0000] {logging_mixin.py:188} INFO - [2024-05-12T08:24:17.787+0000] {dag.py:3834} INFO - Setting next_dagrun for example_setup_teardown to 2024-05-11 00:00:00+00:00, run_after=2024-05-12 00:00:00+00:00
[2024-05-12T08:24:17.807+0000] {processor.py:183} INFO - Processing /home/airflow/.local/lib/python3.8/site-packages/airflow/example_dags/example_setup_teardown.py took 0.079 seconds
[2024-05-12T08:24:48.042+0000] {processor.py:161} INFO - Started process (PID=517) to work on /home/airflow/.local/lib/python3.8/site-packages/airflow/example_dags/example_setup_teardown.py
[2024-05-12T08:24:48.043+0000] {processor.py:830} INFO - Processing file /home/airflow/.local/lib/python3.8/site-packages/airflow/example_dags/example_setup_teardown.py for tasks to queue
[2024-05-12T08:24:48.044+0000] {logging_mixin.py:188} INFO - [2024-05-12T08:24:48.044+0000] {dagbag.py:540} INFO - Filling up the DagBag from /home/airflow/.local/lib/python3.8/site-packages/airflow/example_dags/example_setup_teardown.py
[2024-05-12T08:24:48.051+0000] {processor.py:840} INFO - DAG(s) 'example_setup_teardown' retrieved from /home/airflow/.local/lib/python3.8/site-packages/airflow/example_dags/example_setup_teardown.py
[2024-05-12T08:24:48.077+0000] {logging_mixin.py:188} INFO - [2024-05-12T08:24:48.077+0000] {dag.py:3047} INFO - Sync 1 DAGs
[2024-05-12T08:24:48.107+0000] {logging_mixin.py:188} INFO - [2024-05-12T08:24:48.106+0000] {dag.py:3834} INFO - Setting next_dagrun for example_setup_teardown to 2024-05-11 00:00:00+00:00, run_after=2024-05-12 00:00:00+00:00
[2024-05-12T08:24:48.126+0000] {processor.py:183} INFO - Processing /home/airflow/.local/lib/python3.8/site-packages/airflow/example_dags/example_setup_teardown.py took 0.088 seconds
[2024-05-12T08:25:18.267+0000] {processor.py:161} INFO - Started process (PID=572) to work on /home/airflow/.local/lib/python3.8/site-packages/airflow/example_dags/example_setup_teardown.py
[2024-05-12T08:25:18.268+0000] {processor.py:830} INFO - Processing file /home/airflow/.local/lib/python3.8/site-packages/airflow/example_dags/example_setup_teardown.py for tasks to queue
[2024-05-12T08:25:18.270+0000] {logging_mixin.py:188} INFO - [2024-05-12T08:25:18.270+0000] {dagbag.py:540} INFO - Filling up the DagBag from /home/airflow/.local/lib/python3.8/site-packages/airflow/example_dags/example_setup_teardown.py
[2024-05-12T08:25:18.277+0000] {processor.py:840} INFO - DAG(s) 'example_setup_teardown' retrieved from /home/airflow/.local/lib/python3.8/site-packages/airflow/example_dags/example_setup_teardown.py
[2024-05-12T08:25:18.303+0000] {logging_mixin.py:188} INFO - [2024-05-12T08:25:18.303+0000] {dag.py:3047} INFO - Sync 1 DAGs
[2024-05-12T08:25:18.330+0000] {logging_mixin.py:188} INFO - [2024-05-12T08:25:18.329+0000] {dag.py:3834} INFO - Setting next_dagrun for example_setup_teardown to 2024-05-11 00:00:00+00:00, run_after=2024-05-12 00:00:00+00:00
[2024-05-12T08:25:18.359+0000] {processor.py:183} INFO - Processing /home/airflow/.local/lib/python3.8/site-packages/airflow/example_dags/example_setup_teardown.py took 0.096 seconds
[2024-05-12T08:25:48.475+0000] {processor.py:161} INFO - Started process (PID=627) to work on /home/airflow/.local/lib/python3.8/site-packages/airflow/example_dags/example_setup_teardown.py
[2024-05-12T08:25:48.476+0000] {processor.py:830} INFO - Processing file /home/airflow/.local/lib/python3.8/site-packages/airflow/example_dags/example_setup_teardown.py for tasks to queue
[2024-05-12T08:25:48.478+0000] {logging_mixin.py:188} INFO - [2024-05-12T08:25:48.477+0000] {dagbag.py:540} INFO - Filling up the DagBag from /home/airflow/.local/lib/python3.8/site-packages/airflow/example_dags/example_setup_teardown.py
[2024-05-12T08:25:48.484+0000] {processor.py:840} INFO - DAG(s) 'example_setup_teardown' retrieved from /home/airflow/.local/lib/python3.8/site-packages/airflow/example_dags/example_setup_teardown.py
[2024-05-12T08:25:48.505+0000] {logging_mixin.py:188} INFO - [2024-05-12T08:25:48.505+0000] {dag.py:3047} INFO - Sync 1 DAGs
[2024-05-12T08:25:48.528+0000] {logging_mixin.py:188} INFO - [2024-05-12T08:25:48.527+0000] {dag.py:3834} INFO - Setting next_dagrun for example_setup_teardown to 2024-05-11 00:00:00+00:00, run_after=2024-05-12 00:00:00+00:00
[2024-05-12T08:25:48.545+0000] {processor.py:183} INFO - Processing /home/airflow/.local/lib/python3.8/site-packages/airflow/example_dags/example_setup_teardown.py took 0.074 seconds
[2024-05-12T08:26:18.623+0000] {processor.py:161} INFO - Started process (PID=682) to work on /home/airflow/.local/lib/python3.8/site-packages/airflow/example_dags/example_setup_teardown.py
[2024-05-12T08:26:18.625+0000] {processor.py:830} INFO - Processing file /home/airflow/.local/lib/python3.8/site-packages/airflow/example_dags/example_setup_teardown.py for tasks to queue
[2024-05-12T08:26:18.627+0000] {logging_mixin.py:188} INFO - [2024-05-12T08:26:18.627+0000] {dagbag.py:540} INFO - Filling up the DagBag from /home/airflow/.local/lib/python3.8/site-packages/airflow/example_dags/example_setup_teardown.py
[2024-05-12T08:26:18.634+0000] {processor.py:840} INFO - DAG(s) 'example_setup_teardown' retrieved from /home/airflow/.local/lib/python3.8/site-packages/airflow/example_dags/example_setup_teardown.py
[2024-05-12T08:26:18.656+0000] {logging_mixin.py:188} INFO - [2024-05-12T08:26:18.656+0000] {dag.py:3047} INFO - Sync 1 DAGs
[2024-05-12T08:26:18.682+0000] {logging_mixin.py:188} INFO - [2024-05-12T08:26:18.682+0000] {dag.py:3834} INFO - Setting next_dagrun for example_setup_teardown to 2024-05-11 00:00:00+00:00, run_after=2024-05-12 00:00:00+00:00
[2024-05-12T08:26:18.702+0000] {processor.py:183} INFO - Processing /home/airflow/.local/lib/python3.8/site-packages/airflow/example_dags/example_setup_teardown.py took 0.082 seconds
[2024-05-12T08:26:49.485+0000] {processor.py:161} INFO - Started process (PID=742) to work on /home/airflow/.local/lib/python3.8/site-packages/airflow/example_dags/example_setup_teardown.py
[2024-05-12T08:26:49.486+0000] {processor.py:830} INFO - Processing file /home/airflow/.local/lib/python3.8/site-packages/airflow/example_dags/example_setup_teardown.py for tasks to queue
[2024-05-12T08:26:49.488+0000] {logging_mixin.py:188} INFO - [2024-05-12T08:26:49.488+0000] {dagbag.py:540} INFO - Filling up the DagBag from /home/airflow/.local/lib/python3.8/site-packages/airflow/example_dags/example_setup_teardown.py
[2024-05-12T08:26:49.498+0000] {processor.py:840} INFO - DAG(s) 'example_setup_teardown' retrieved from /home/airflow/.local/lib/python3.8/site-packages/airflow/example_dags/example_setup_teardown.py
[2024-05-12T08:26:49.524+0000] {logging_mixin.py:188} INFO - [2024-05-12T08:26:49.524+0000] {dag.py:3047} INFO - Sync 1 DAGs
[2024-05-12T08:26:49.553+0000] {logging_mixin.py:188} INFO - [2024-05-12T08:26:49.553+0000] {dag.py:3834} INFO - Setting next_dagrun for example_setup_teardown to 2024-05-11 00:00:00+00:00, run_after=2024-05-12 00:00:00+00:00
[2024-05-12T08:26:49.577+0000] {processor.py:183} INFO - Processing /home/airflow/.local/lib/python3.8/site-packages/airflow/example_dags/example_setup_teardown.py took 0.096 seconds
[2024-05-12T08:27:20.328+0000] {processor.py:161} INFO - Started process (PID=797) to work on /home/airflow/.local/lib/python3.8/site-packages/airflow/example_dags/example_setup_teardown.py
[2024-05-12T08:27:20.329+0000] {processor.py:830} INFO - Processing file /home/airflow/.local/lib/python3.8/site-packages/airflow/example_dags/example_setup_teardown.py for tasks to queue
[2024-05-12T08:27:20.330+0000] {logging_mixin.py:188} INFO - [2024-05-12T08:27:20.330+0000] {dagbag.py:540} INFO - Filling up the DagBag from /home/airflow/.local/lib/python3.8/site-packages/airflow/example_dags/example_setup_teardown.py
[2024-05-12T08:27:20.337+0000] {processor.py:840} INFO - DAG(s) 'example_setup_teardown' retrieved from /home/airflow/.local/lib/python3.8/site-packages/airflow/example_dags/example_setup_teardown.py
[2024-05-12T08:27:20.358+0000] {logging_mixin.py:188} INFO - [2024-05-12T08:27:20.358+0000] {dag.py:3047} INFO - Sync 1 DAGs
[2024-05-12T08:27:20.382+0000] {logging_mixin.py:188} INFO - [2024-05-12T08:27:20.382+0000] {dag.py:3834} INFO - Setting next_dagrun for example_setup_teardown to 2024-05-11 00:00:00+00:00, run_after=2024-05-12 00:00:00+00:00
[2024-05-12T08:27:20.409+0000] {processor.py:183} INFO - Processing /home/airflow/.local/lib/python3.8/site-packages/airflow/example_dags/example_setup_teardown.py took 0.085 seconds
[2024-05-12T08:27:50.718+0000] {processor.py:161} INFO - Started process (PID=853) to work on /home/airflow/.local/lib/python3.8/site-packages/airflow/example_dags/example_setup_teardown.py
[2024-05-12T08:27:50.719+0000] {processor.py:830} INFO - Processing file /home/airflow/.local/lib/python3.8/site-packages/airflow/example_dags/example_setup_teardown.py for tasks to queue
[2024-05-12T08:27:50.721+0000] {logging_mixin.py:188} INFO - [2024-05-12T08:27:50.721+0000] {dagbag.py:540} INFO - Filling up the DagBag from /home/airflow/.local/lib/python3.8/site-packages/airflow/example_dags/example_setup_teardown.py
[2024-05-12T08:27:50.728+0000] {processor.py:840} INFO - DAG(s) 'example_setup_teardown' retrieved from /home/airflow/.local/lib/python3.8/site-packages/airflow/example_dags/example_setup_teardown.py
[2024-05-12T08:27:50.754+0000] {logging_mixin.py:188} INFO - [2024-05-12T08:27:50.753+0000] {dag.py:3047} INFO - Sync 1 DAGs
[2024-05-12T08:27:50.783+0000] {logging_mixin.py:188} INFO - [2024-05-12T08:27:50.783+0000] {dag.py:3834} INFO - Setting next_dagrun for example_setup_teardown to 2024-05-11 00:00:00+00:00, run_after=2024-05-12 00:00:00+00:00
[2024-05-12T08:27:50.806+0000] {processor.py:183} INFO - Processing /home/airflow/.local/lib/python3.8/site-packages/airflow/example_dags/example_setup_teardown.py took 0.092 seconds
[2024-05-12T08:28:20.868+0000] {processor.py:161} INFO - Started process (PID=908) to work on /home/airflow/.local/lib/python3.8/site-packages/airflow/example_dags/example_setup_teardown.py
[2024-05-12T08:28:20.869+0000] {processor.py:830} INFO - Processing file /home/airflow/.local/lib/python3.8/site-packages/airflow/example_dags/example_setup_teardown.py for tasks to queue
[2024-05-12T08:28:20.871+0000] {logging_mixin.py:188} INFO - [2024-05-12T08:28:20.871+0000] {dagbag.py:540} INFO - Filling up the DagBag from /home/airflow/.local/lib/python3.8/site-packages/airflow/example_dags/example_setup_teardown.py
[2024-05-12T08:28:20.881+0000] {processor.py:840} INFO - DAG(s) 'example_setup_teardown' retrieved from /home/airflow/.local/lib/python3.8/site-packages/airflow/example_dags/example_setup_teardown.py
[2024-05-12T08:28:20.907+0000] {logging_mixin.py:188} INFO - [2024-05-12T08:28:20.907+0000] {dag.py:3047} INFO - Sync 1 DAGs
[2024-05-12T08:28:20.934+0000] {logging_mixin.py:188} INFO - [2024-05-12T08:28:20.934+0000] {dag.py:3834} INFO - Setting next_dagrun for example_setup_teardown to 2024-05-11 00:00:00+00:00, run_after=2024-05-12 00:00:00+00:00
[2024-05-12T08:28:20.962+0000] {processor.py:183} INFO - Processing /home/airflow/.local/lib/python3.8/site-packages/airflow/example_dags/example_setup_teardown.py took 0.098 seconds
