[2024-05-12T08:20:42.683+0000] {processor.py:161} INFO - Started process (PID=79) to work on /home/airflow/.local/lib/python3.8/site-packages/airflow/example_dags/example_sensor_decorator.py
[2024-05-12T08:20:42.684+0000] {processor.py:830} INFO - Processing file /home/airflow/.local/lib/python3.8/site-packages/airflow/example_dags/example_sensor_decorator.py for tasks to queue
[2024-05-12T08:20:42.687+0000] {logging_mixin.py:188} INFO - [2024-05-12T08:20:42.686+0000] {dagbag.py:540} INFO - Filling up the DagBag from /home/airflow/.local/lib/python3.8/site-packages/airflow/example_dags/example_sensor_decorator.py
[2024-05-12T08:20:42.694+0000] {processor.py:840} INFO - DAG(s) 'example_sensor_decorator' retrieved from /home/airflow/.local/lib/python3.8/site-packages/airflow/example_dags/example_sensor_decorator.py
[2024-05-12T08:20:42.731+0000] {logging_mixin.py:188} INFO - [2024-05-12T08:20:42.730+0000] {dag.py:3047} INFO - Sync 1 DAGs
[2024-05-12T08:20:42.749+0000] {logging_mixin.py:188} INFO - [2024-05-12T08:20:42.748+0000] {dag.py:3834} INFO - Setting next_dagrun for example_sensor_decorator to None, run_after=None
[2024-05-12T08:20:42.771+0000] {processor.py:183} INFO - Processing /home/airflow/.local/lib/python3.8/site-packages/airflow/example_dags/example_sensor_decorator.py took 0.093 seconds
[2024-05-12T08:21:13.396+0000] {processor.py:161} INFO - Started process (PID=135) to work on /home/airflow/.local/lib/python3.8/site-packages/airflow/example_dags/example_sensor_decorator.py
[2024-05-12T08:21:13.397+0000] {processor.py:830} INFO - Processing file /home/airflow/.local/lib/python3.8/site-packages/airflow/example_dags/example_sensor_decorator.py for tasks to queue
[2024-05-12T08:21:13.400+0000] {logging_mixin.py:188} INFO - [2024-05-12T08:21:13.399+0000] {dagbag.py:540} INFO - Filling up the DagBag from /home/airflow/.local/lib/python3.8/site-packages/airflow/example_dags/example_sensor_decorator.py
[2024-05-12T08:21:13.407+0000] {processor.py:840} INFO - DAG(s) 'example_sensor_decorator' retrieved from /home/airflow/.local/lib/python3.8/site-packages/airflow/example_dags/example_sensor_decorator.py
[2024-05-12T08:21:13.427+0000] {logging_mixin.py:188} INFO - [2024-05-12T08:21:13.427+0000] {dag.py:3047} INFO - Sync 1 DAGs
[2024-05-12T08:21:13.442+0000] {logging_mixin.py:188} INFO - [2024-05-12T08:21:13.442+0000] {dag.py:3834} INFO - Setting next_dagrun for example_sensor_decorator to None, run_after=None
[2024-05-12T08:21:13.463+0000] {processor.py:183} INFO - Processing /home/airflow/.local/lib/python3.8/site-packages/airflow/example_dags/example_sensor_decorator.py took 0.071 seconds
[2024-05-12T08:21:44.356+0000] {processor.py:161} INFO - Started process (PID=190) to work on /home/airflow/.local/lib/python3.8/site-packages/airflow/example_dags/example_sensor_decorator.py
[2024-05-12T08:21:44.357+0000] {processor.py:830} INFO - Processing file /home/airflow/.local/lib/python3.8/site-packages/airflow/example_dags/example_sensor_decorator.py for tasks to queue
[2024-05-12T08:21:44.359+0000] {logging_mixin.py:188} INFO - [2024-05-12T08:21:44.359+0000] {dagbag.py:540} INFO - Filling up the DagBag from /home/airflow/.local/lib/python3.8/site-packages/airflow/example_dags/example_sensor_decorator.py
[2024-05-12T08:21:44.366+0000] {processor.py:840} INFO - DAG(s) 'example_sensor_decorator' retrieved from /home/airflow/.local/lib/python3.8/site-packages/airflow/example_dags/example_sensor_decorator.py
[2024-05-12T08:21:44.386+0000] {logging_mixin.py:188} INFO - [2024-05-12T08:21:44.386+0000] {dag.py:3047} INFO - Sync 1 DAGs
[2024-05-12T08:21:44.400+0000] {logging_mixin.py:188} INFO - [2024-05-12T08:21:44.399+0000] {dag.py:3834} INFO - Setting next_dagrun for example_sensor_decorator to None, run_after=None
[2024-05-12T08:21:44.425+0000] {processor.py:183} INFO - Processing /home/airflow/.local/lib/python3.8/site-packages/airflow/example_dags/example_sensor_decorator.py took 0.074 seconds
[2024-05-12T08:22:14.879+0000] {processor.py:161} INFO - Started process (PID=245) to work on /home/airflow/.local/lib/python3.8/site-packages/airflow/example_dags/example_sensor_decorator.py
[2024-05-12T08:22:14.880+0000] {processor.py:830} INFO - Processing file /home/airflow/.local/lib/python3.8/site-packages/airflow/example_dags/example_sensor_decorator.py for tasks to queue
[2024-05-12T08:22:14.882+0000] {logging_mixin.py:188} INFO - [2024-05-12T08:22:14.882+0000] {dagbag.py:540} INFO - Filling up the DagBag from /home/airflow/.local/lib/python3.8/site-packages/airflow/example_dags/example_sensor_decorator.py
[2024-05-12T08:22:14.889+0000] {processor.py:840} INFO - DAG(s) 'example_sensor_decorator' retrieved from /home/airflow/.local/lib/python3.8/site-packages/airflow/example_dags/example_sensor_decorator.py
[2024-05-12T08:22:14.913+0000] {logging_mixin.py:188} INFO - [2024-05-12T08:22:14.912+0000] {dag.py:3047} INFO - Sync 1 DAGs
[2024-05-12T08:22:14.930+0000] {logging_mixin.py:188} INFO - [2024-05-12T08:22:14.930+0000] {dag.py:3834} INFO - Setting next_dagrun for example_sensor_decorator to None, run_after=None
[2024-05-12T08:22:14.948+0000] {processor.py:183} INFO - Processing /home/airflow/.local/lib/python3.8/site-packages/airflow/example_dags/example_sensor_decorator.py took 0.073 seconds
[2024-05-12T08:22:44.974+0000] {processor.py:161} INFO - Started process (PID=299) to work on /home/airflow/.local/lib/python3.8/site-packages/airflow/example_dags/example_sensor_decorator.py
[2024-05-12T08:22:44.975+0000] {processor.py:830} INFO - Processing file /home/airflow/.local/lib/python3.8/site-packages/airflow/example_dags/example_sensor_decorator.py for tasks to queue
[2024-05-12T08:22:44.977+0000] {logging_mixin.py:188} INFO - [2024-05-12T08:22:44.977+0000] {dagbag.py:540} INFO - Filling up the DagBag from /home/airflow/.local/lib/python3.8/site-packages/airflow/example_dags/example_sensor_decorator.py
[2024-05-12T08:22:44.985+0000] {processor.py:840} INFO - DAG(s) 'example_sensor_decorator' retrieved from /home/airflow/.local/lib/python3.8/site-packages/airflow/example_dags/example_sensor_decorator.py
[2024-05-12T08:22:45.009+0000] {logging_mixin.py:188} INFO - [2024-05-12T08:22:45.008+0000] {dag.py:3047} INFO - Sync 1 DAGs
[2024-05-12T08:22:45.023+0000] {logging_mixin.py:188} INFO - [2024-05-12T08:22:45.022+0000] {dag.py:3834} INFO - Setting next_dagrun for example_sensor_decorator to None, run_after=None
[2024-05-12T08:22:45.048+0000] {processor.py:183} INFO - Processing /home/airflow/.local/lib/python3.8/site-packages/airflow/example_dags/example_sensor_decorator.py took 0.078 seconds
[2024-05-12T08:23:15.685+0000] {processor.py:161} INFO - Started process (PID=354) to work on /home/airflow/.local/lib/python3.8/site-packages/airflow/example_dags/example_sensor_decorator.py
[2024-05-12T08:23:15.687+0000] {processor.py:830} INFO - Processing file /home/airflow/.local/lib/python3.8/site-packages/airflow/example_dags/example_sensor_decorator.py for tasks to queue
[2024-05-12T08:23:15.688+0000] {logging_mixin.py:188} INFO - [2024-05-12T08:23:15.688+0000] {dagbag.py:540} INFO - Filling up the DagBag from /home/airflow/.local/lib/python3.8/site-packages/airflow/example_dags/example_sensor_decorator.py
[2024-05-12T08:23:15.695+0000] {processor.py:840} INFO - DAG(s) 'example_sensor_decorator' retrieved from /home/airflow/.local/lib/python3.8/site-packages/airflow/example_dags/example_sensor_decorator.py
[2024-05-12T08:23:15.708+0000] {logging_mixin.py:188} INFO - [2024-05-12T08:23:15.707+0000] {dag.py:3047} INFO - Sync 1 DAGs
[2024-05-12T08:23:15.727+0000] {logging_mixin.py:188} INFO - [2024-05-12T08:23:15.727+0000] {dag.py:3834} INFO - Setting next_dagrun for example_sensor_decorator to None, run_after=None
[2024-05-12T08:23:15.755+0000] {processor.py:183} INFO - Processing /home/airflow/.local/lib/python3.8/site-packages/airflow/example_dags/example_sensor_decorator.py took 0.074 seconds
[2024-05-12T08:23:47.072+0000] {processor.py:161} INFO - Started process (PID=409) to work on /home/airflow/.local/lib/python3.8/site-packages/airflow/example_dags/example_sensor_decorator.py
[2024-05-12T08:23:47.074+0000] {processor.py:830} INFO - Processing file /home/airflow/.local/lib/python3.8/site-packages/airflow/example_dags/example_sensor_decorator.py for tasks to queue
[2024-05-12T08:23:47.076+0000] {logging_mixin.py:188} INFO - [2024-05-12T08:23:47.075+0000] {dagbag.py:540} INFO - Filling up the DagBag from /home/airflow/.local/lib/python3.8/site-packages/airflow/example_dags/example_sensor_decorator.py
[2024-05-12T08:23:47.082+0000] {processor.py:840} INFO - DAG(s) 'example_sensor_decorator' retrieved from /home/airflow/.local/lib/python3.8/site-packages/airflow/example_dags/example_sensor_decorator.py
[2024-05-12T08:23:47.195+0000] {logging_mixin.py:188} INFO - [2024-05-12T08:23:47.195+0000] {dag.py:3047} INFO - Sync 1 DAGs
[2024-05-12T08:23:47.208+0000] {logging_mixin.py:188} INFO - [2024-05-12T08:23:47.208+0000] {dag.py:3834} INFO - Setting next_dagrun for example_sensor_decorator to None, run_after=None
[2024-05-12T08:23:47.227+0000] {processor.py:183} INFO - Processing /home/airflow/.local/lib/python3.8/site-packages/airflow/example_dags/example_sensor_decorator.py took 0.159 seconds
[2024-05-12T08:24:17.907+0000] {processor.py:161} INFO - Started process (PID=465) to work on /home/airflow/.local/lib/python3.8/site-packages/airflow/example_dags/example_sensor_decorator.py
[2024-05-12T08:24:17.909+0000] {processor.py:830} INFO - Processing file /home/airflow/.local/lib/python3.8/site-packages/airflow/example_dags/example_sensor_decorator.py for tasks to queue
[2024-05-12T08:24:17.911+0000] {logging_mixin.py:188} INFO - [2024-05-12T08:24:17.910+0000] {dagbag.py:540} INFO - Filling up the DagBag from /home/airflow/.local/lib/python3.8/site-packages/airflow/example_dags/example_sensor_decorator.py
[2024-05-12T08:24:17.917+0000] {processor.py:840} INFO - DAG(s) 'example_sensor_decorator' retrieved from /home/airflow/.local/lib/python3.8/site-packages/airflow/example_dags/example_sensor_decorator.py
[2024-05-12T08:24:17.937+0000] {logging_mixin.py:188} INFO - [2024-05-12T08:24:17.937+0000] {dag.py:3047} INFO - Sync 1 DAGs
[2024-05-12T08:24:17.950+0000] {logging_mixin.py:188} INFO - [2024-05-12T08:24:17.950+0000] {dag.py:3834} INFO - Setting next_dagrun for example_sensor_decorator to None, run_after=None
[2024-05-12T08:24:17.972+0000] {processor.py:183} INFO - Processing /home/airflow/.local/lib/python3.8/site-packages/airflow/example_dags/example_sensor_decorator.py took 0.068 seconds
[2024-05-12T08:24:48.150+0000] {processor.py:161} INFO - Started process (PID=520) to work on /home/airflow/.local/lib/python3.8/site-packages/airflow/example_dags/example_sensor_decorator.py
[2024-05-12T08:24:48.151+0000] {processor.py:830} INFO - Processing file /home/airflow/.local/lib/python3.8/site-packages/airflow/example_dags/example_sensor_decorator.py for tasks to queue
[2024-05-12T08:24:48.153+0000] {logging_mixin.py:188} INFO - [2024-05-12T08:24:48.153+0000] {dagbag.py:540} INFO - Filling up the DagBag from /home/airflow/.local/lib/python3.8/site-packages/airflow/example_dags/example_sensor_decorator.py
[2024-05-12T08:24:48.159+0000] {processor.py:840} INFO - DAG(s) 'example_sensor_decorator' retrieved from /home/airflow/.local/lib/python3.8/site-packages/airflow/example_dags/example_sensor_decorator.py
[2024-05-12T08:24:48.180+0000] {logging_mixin.py:188} INFO - [2024-05-12T08:24:48.179+0000] {dag.py:3047} INFO - Sync 1 DAGs
[2024-05-12T08:24:48.193+0000] {logging_mixin.py:188} INFO - [2024-05-12T08:24:48.193+0000] {dag.py:3834} INFO - Setting next_dagrun for example_sensor_decorator to None, run_after=None
[2024-05-12T08:24:48.220+0000] {processor.py:183} INFO - Processing /home/airflow/.local/lib/python3.8/site-packages/airflow/example_dags/example_sensor_decorator.py took 0.073 seconds
[2024-05-12T08:25:18.439+0000] {processor.py:161} INFO - Started process (PID=575) to work on /home/airflow/.local/lib/python3.8/site-packages/airflow/example_dags/example_sensor_decorator.py
[2024-05-12T08:25:18.440+0000] {processor.py:830} INFO - Processing file /home/airflow/.local/lib/python3.8/site-packages/airflow/example_dags/example_sensor_decorator.py for tasks to queue
[2024-05-12T08:25:18.442+0000] {logging_mixin.py:188} INFO - [2024-05-12T08:25:18.442+0000] {dagbag.py:540} INFO - Filling up the DagBag from /home/airflow/.local/lib/python3.8/site-packages/airflow/example_dags/example_sensor_decorator.py
[2024-05-12T08:25:18.449+0000] {processor.py:840} INFO - DAG(s) 'example_sensor_decorator' retrieved from /home/airflow/.local/lib/python3.8/site-packages/airflow/example_dags/example_sensor_decorator.py
[2024-05-12T08:25:18.470+0000] {logging_mixin.py:188} INFO - [2024-05-12T08:25:18.469+0000] {dag.py:3047} INFO - Sync 1 DAGs
[2024-05-12T08:25:18.482+0000] {logging_mixin.py:188} INFO - [2024-05-12T08:25:18.482+0000] {dag.py:3834} INFO - Setting next_dagrun for example_sensor_decorator to None, run_after=None
[2024-05-12T08:25:18.505+0000] {processor.py:183} INFO - Processing /home/airflow/.local/lib/python3.8/site-packages/airflow/example_dags/example_sensor_decorator.py took 0.070 seconds
[2024-05-12T08:25:48.658+0000] {processor.py:161} INFO - Started process (PID=630) to work on /home/airflow/.local/lib/python3.8/site-packages/airflow/example_dags/example_sensor_decorator.py
[2024-05-12T08:25:48.659+0000] {processor.py:830} INFO - Processing file /home/airflow/.local/lib/python3.8/site-packages/airflow/example_dags/example_sensor_decorator.py for tasks to queue
[2024-05-12T08:25:48.661+0000] {logging_mixin.py:188} INFO - [2024-05-12T08:25:48.660+0000] {dagbag.py:540} INFO - Filling up the DagBag from /home/airflow/.local/lib/python3.8/site-packages/airflow/example_dags/example_sensor_decorator.py
[2024-05-12T08:25:48.668+0000] {processor.py:840} INFO - DAG(s) 'example_sensor_decorator' retrieved from /home/airflow/.local/lib/python3.8/site-packages/airflow/example_dags/example_sensor_decorator.py
[2024-05-12T08:25:48.690+0000] {logging_mixin.py:188} INFO - [2024-05-12T08:25:48.690+0000] {dag.py:3047} INFO - Sync 1 DAGs
[2024-05-12T08:25:48.706+0000] {logging_mixin.py:188} INFO - [2024-05-12T08:25:48.706+0000] {dag.py:3834} INFO - Setting next_dagrun for example_sensor_decorator to None, run_after=None
[2024-05-12T08:25:48.729+0000] {processor.py:183} INFO - Processing /home/airflow/.local/lib/python3.8/site-packages/airflow/example_dags/example_sensor_decorator.py took 0.074 seconds
[2024-05-12T08:26:18.780+0000] {processor.py:161} INFO - Started process (PID=685) to work on /home/airflow/.local/lib/python3.8/site-packages/airflow/example_dags/example_sensor_decorator.py
[2024-05-12T08:26:18.794+0000] {processor.py:830} INFO - Processing file /home/airflow/.local/lib/python3.8/site-packages/airflow/example_dags/example_sensor_decorator.py for tasks to queue
[2024-05-12T08:26:18.796+0000] {logging_mixin.py:188} INFO - [2024-05-12T08:26:18.796+0000] {dagbag.py:540} INFO - Filling up the DagBag from /home/airflow/.local/lib/python3.8/site-packages/airflow/example_dags/example_sensor_decorator.py
[2024-05-12T08:26:18.804+0000] {processor.py:840} INFO - DAG(s) 'example_sensor_decorator' retrieved from /home/airflow/.local/lib/python3.8/site-packages/airflow/example_dags/example_sensor_decorator.py
[2024-05-12T08:26:18.824+0000] {logging_mixin.py:188} INFO - [2024-05-12T08:26:18.823+0000] {dag.py:3047} INFO - Sync 1 DAGs
[2024-05-12T08:26:18.836+0000] {logging_mixin.py:188} INFO - [2024-05-12T08:26:18.836+0000] {dag.py:3834} INFO - Setting next_dagrun for example_sensor_decorator to None, run_after=None
[2024-05-12T08:26:18.858+0000] {processor.py:183} INFO - Processing /home/airflow/.local/lib/python3.8/site-packages/airflow/example_dags/example_sensor_decorator.py took 0.082 seconds
[2024-05-12T08:26:49.653+0000] {processor.py:161} INFO - Started process (PID=745) to work on /home/airflow/.local/lib/python3.8/site-packages/airflow/example_dags/example_sensor_decorator.py
[2024-05-12T08:26:49.654+0000] {processor.py:830} INFO - Processing file /home/airflow/.local/lib/python3.8/site-packages/airflow/example_dags/example_sensor_decorator.py for tasks to queue
[2024-05-12T08:26:49.656+0000] {logging_mixin.py:188} INFO - [2024-05-12T08:26:49.656+0000] {dagbag.py:540} INFO - Filling up the DagBag from /home/airflow/.local/lib/python3.8/site-packages/airflow/example_dags/example_sensor_decorator.py
[2024-05-12T08:26:49.662+0000] {processor.py:840} INFO - DAG(s) 'example_sensor_decorator' retrieved from /home/airflow/.local/lib/python3.8/site-packages/airflow/example_dags/example_sensor_decorator.py
[2024-05-12T08:26:49.685+0000] {logging_mixin.py:188} INFO - [2024-05-12T08:26:49.685+0000] {dag.py:3047} INFO - Sync 1 DAGs
[2024-05-12T08:26:49.699+0000] {logging_mixin.py:188} INFO - [2024-05-12T08:26:49.699+0000] {dag.py:3834} INFO - Setting next_dagrun for example_sensor_decorator to None, run_after=None
[2024-05-12T08:26:49.718+0000] {processor.py:183} INFO - Processing /home/airflow/.local/lib/python3.8/site-packages/airflow/example_dags/example_sensor_decorator.py took 0.068 seconds
[2024-05-12T08:27:20.478+0000] {processor.py:161} INFO - Started process (PID=800) to work on /home/airflow/.local/lib/python3.8/site-packages/airflow/example_dags/example_sensor_decorator.py
[2024-05-12T08:27:20.480+0000] {processor.py:830} INFO - Processing file /home/airflow/.local/lib/python3.8/site-packages/airflow/example_dags/example_sensor_decorator.py for tasks to queue
[2024-05-12T08:27:20.482+0000] {logging_mixin.py:188} INFO - [2024-05-12T08:27:20.481+0000] {dagbag.py:540} INFO - Filling up the DagBag from /home/airflow/.local/lib/python3.8/site-packages/airflow/example_dags/example_sensor_decorator.py
[2024-05-12T08:27:20.488+0000] {processor.py:840} INFO - DAG(s) 'example_sensor_decorator' retrieved from /home/airflow/.local/lib/python3.8/site-packages/airflow/example_dags/example_sensor_decorator.py
[2024-05-12T08:27:20.510+0000] {logging_mixin.py:188} INFO - [2024-05-12T08:27:20.510+0000] {dag.py:3047} INFO - Sync 1 DAGs
[2024-05-12T08:27:20.525+0000] {logging_mixin.py:188} INFO - [2024-05-12T08:27:20.525+0000] {dag.py:3834} INFO - Setting next_dagrun for example_sensor_decorator to None, run_after=None
[2024-05-12T08:27:20.545+0000] {processor.py:183} INFO - Processing /home/airflow/.local/lib/python3.8/site-packages/airflow/example_dags/example_sensor_decorator.py took 0.071 seconds
[2024-05-12T08:27:50.917+0000] {processor.py:161} INFO - Started process (PID=856) to work on /home/airflow/.local/lib/python3.8/site-packages/airflow/example_dags/example_sensor_decorator.py
[2024-05-12T08:27:50.919+0000] {processor.py:830} INFO - Processing file /home/airflow/.local/lib/python3.8/site-packages/airflow/example_dags/example_sensor_decorator.py for tasks to queue
[2024-05-12T08:27:50.920+0000] {logging_mixin.py:188} INFO - [2024-05-12T08:27:50.920+0000] {dagbag.py:540} INFO - Filling up the DagBag from /home/airflow/.local/lib/python3.8/site-packages/airflow/example_dags/example_sensor_decorator.py
[2024-05-12T08:27:50.927+0000] {processor.py:840} INFO - DAG(s) 'example_sensor_decorator' retrieved from /home/airflow/.local/lib/python3.8/site-packages/airflow/example_dags/example_sensor_decorator.py
[2024-05-12T08:27:50.949+0000] {logging_mixin.py:188} INFO - [2024-05-12T08:27:50.949+0000] {dag.py:3047} INFO - Sync 1 DAGs
[2024-05-12T08:27:50.963+0000] {logging_mixin.py:188} INFO - [2024-05-12T08:27:50.963+0000] {dag.py:3834} INFO - Setting next_dagrun for example_sensor_decorator to None, run_after=None
[2024-05-12T08:27:50.986+0000] {processor.py:183} INFO - Processing /home/airflow/.local/lib/python3.8/site-packages/airflow/example_dags/example_sensor_decorator.py took 0.072 seconds
[2024-05-12T08:28:21.036+0000] {processor.py:161} INFO - Started process (PID=911) to work on /home/airflow/.local/lib/python3.8/site-packages/airflow/example_dags/example_sensor_decorator.py
[2024-05-12T08:28:21.038+0000] {processor.py:830} INFO - Processing file /home/airflow/.local/lib/python3.8/site-packages/airflow/example_dags/example_sensor_decorator.py for tasks to queue
[2024-05-12T08:28:21.039+0000] {logging_mixin.py:188} INFO - [2024-05-12T08:28:21.039+0000] {dagbag.py:540} INFO - Filling up the DagBag from /home/airflow/.local/lib/python3.8/site-packages/airflow/example_dags/example_sensor_decorator.py
[2024-05-12T08:28:21.047+0000] {processor.py:840} INFO - DAG(s) 'example_sensor_decorator' retrieved from /home/airflow/.local/lib/python3.8/site-packages/airflow/example_dags/example_sensor_decorator.py
[2024-05-12T08:28:21.070+0000] {logging_mixin.py:188} INFO - [2024-05-12T08:28:21.070+0000] {dag.py:3047} INFO - Sync 1 DAGs
[2024-05-12T08:28:21.084+0000] {logging_mixin.py:188} INFO - [2024-05-12T08:28:21.083+0000] {dag.py:3834} INFO - Setting next_dagrun for example_sensor_decorator to None, run_after=None
[2024-05-12T08:28:21.103+0000] {processor.py:183} INFO - Processing /home/airflow/.local/lib/python3.8/site-packages/airflow/example_dags/example_sensor_decorator.py took 0.070 seconds
