[2024-05-12T08:20:42.229+0000] {processor.py:161} INFO - Started process (PID=72) to work on /home/airflow/.local/lib/python3.8/site-packages/airflow/example_dags/example_python_decorator.py
[2024-05-12T08:20:42.230+0000] {processor.py:830} INFO - Processing file /home/airflow/.local/lib/python3.8/site-packages/airflow/example_dags/example_python_decorator.py for tasks to queue
[2024-05-12T08:20:42.232+0000] {logging_mixin.py:188} INFO - [2024-05-12T08:20:42.232+0000] {dagbag.py:540} INFO - Filling up the DagBag from /home/airflow/.local/lib/python3.8/site-packages/airflow/example_dags/example_python_decorator.py
[2024-05-12T08:20:42.246+0000] {processor.py:840} INFO - DAG(s) 'example_python_decorator' retrieved from /home/airflow/.local/lib/python3.8/site-packages/airflow/example_dags/example_python_decorator.py
[2024-05-12T08:20:42.363+0000] {logging_mixin.py:188} INFO - [2024-05-12T08:20:42.363+0000] {dag.py:3047} INFO - Sync 1 DAGs
[2024-05-12T08:20:42.376+0000] {logging_mixin.py:188} INFO - [2024-05-12T08:20:42.376+0000] {dag.py:3834} INFO - Setting next_dagrun for example_python_decorator to None, run_after=None
[2024-05-12T08:20:42.406+0000] {processor.py:183} INFO - Processing /home/airflow/.local/lib/python3.8/site-packages/airflow/example_dags/example_python_decorator.py took 0.181 seconds
[2024-05-12T08:21:12.943+0000] {processor.py:161} INFO - Started process (PID=128) to work on /home/airflow/.local/lib/python3.8/site-packages/airflow/example_dags/example_python_decorator.py
[2024-05-12T08:21:12.945+0000] {processor.py:830} INFO - Processing file /home/airflow/.local/lib/python3.8/site-packages/airflow/example_dags/example_python_decorator.py for tasks to queue
[2024-05-12T08:21:12.947+0000] {logging_mixin.py:188} INFO - [2024-05-12T08:21:12.946+0000] {dagbag.py:540} INFO - Filling up the DagBag from /home/airflow/.local/lib/python3.8/site-packages/airflow/example_dags/example_python_decorator.py
[2024-05-12T08:21:12.966+0000] {processor.py:840} INFO - DAG(s) 'example_python_decorator' retrieved from /home/airflow/.local/lib/python3.8/site-packages/airflow/example_dags/example_python_decorator.py
[2024-05-12T08:21:12.997+0000] {logging_mixin.py:188} INFO - [2024-05-12T08:21:12.997+0000] {dag.py:3047} INFO - Sync 1 DAGs
[2024-05-12T08:21:13.015+0000] {logging_mixin.py:188} INFO - [2024-05-12T08:21:13.015+0000] {dag.py:3834} INFO - Setting next_dagrun for example_python_decorator to None, run_after=None
[2024-05-12T08:21:13.039+0000] {processor.py:183} INFO - Processing /home/airflow/.local/lib/python3.8/site-packages/airflow/example_dags/example_python_decorator.py took 0.101 seconds
[2024-05-12T08:21:43.874+0000] {processor.py:161} INFO - Started process (PID=183) to work on /home/airflow/.local/lib/python3.8/site-packages/airflow/example_dags/example_python_decorator.py
[2024-05-12T08:21:43.876+0000] {processor.py:830} INFO - Processing file /home/airflow/.local/lib/python3.8/site-packages/airflow/example_dags/example_python_decorator.py for tasks to queue
[2024-05-12T08:21:43.879+0000] {logging_mixin.py:188} INFO - [2024-05-12T08:21:43.878+0000] {dagbag.py:540} INFO - Filling up the DagBag from /home/airflow/.local/lib/python3.8/site-packages/airflow/example_dags/example_python_decorator.py
[2024-05-12T08:21:43.897+0000] {processor.py:840} INFO - DAG(s) 'example_python_decorator' retrieved from /home/airflow/.local/lib/python3.8/site-packages/airflow/example_dags/example_python_decorator.py
[2024-05-12T08:21:43.929+0000] {logging_mixin.py:188} INFO - [2024-05-12T08:21:43.929+0000] {dag.py:3047} INFO - Sync 1 DAGs
[2024-05-12T08:21:43.947+0000] {logging_mixin.py:188} INFO - [2024-05-12T08:21:43.947+0000] {dag.py:3834} INFO - Setting next_dagrun for example_python_decorator to None, run_after=None
[2024-05-12T08:21:43.977+0000] {processor.py:183} INFO - Processing /home/airflow/.local/lib/python3.8/site-packages/airflow/example_dags/example_python_decorator.py took 0.108 seconds
[2024-05-12T08:22:14.326+0000] {processor.py:161} INFO - Started process (PID=238) to work on /home/airflow/.local/lib/python3.8/site-packages/airflow/example_dags/example_python_decorator.py
[2024-05-12T08:22:14.327+0000] {processor.py:830} INFO - Processing file /home/airflow/.local/lib/python3.8/site-packages/airflow/example_dags/example_python_decorator.py for tasks to queue
[2024-05-12T08:22:14.329+0000] {logging_mixin.py:188} INFO - [2024-05-12T08:22:14.329+0000] {dagbag.py:540} INFO - Filling up the DagBag from /home/airflow/.local/lib/python3.8/site-packages/airflow/example_dags/example_python_decorator.py
[2024-05-12T08:22:14.344+0000] {processor.py:840} INFO - DAG(s) 'example_python_decorator' retrieved from /home/airflow/.local/lib/python3.8/site-packages/airflow/example_dags/example_python_decorator.py
[2024-05-12T08:22:14.373+0000] {logging_mixin.py:188} INFO - [2024-05-12T08:22:14.373+0000] {dag.py:3047} INFO - Sync 1 DAGs
[2024-05-12T08:22:14.390+0000] {logging_mixin.py:188} INFO - [2024-05-12T08:22:14.390+0000] {dag.py:3834} INFO - Setting next_dagrun for example_python_decorator to None, run_after=None
[2024-05-12T08:22:14.410+0000] {processor.py:183} INFO - Processing /home/airflow/.local/lib/python3.8/site-packages/airflow/example_dags/example_python_decorator.py took 0.088 seconds
[2024-05-12T08:22:44.624+0000] {processor.py:161} INFO - Started process (PID=292) to work on /home/airflow/.local/lib/python3.8/site-packages/airflow/example_dags/example_python_decorator.py
[2024-05-12T08:22:44.626+0000] {processor.py:830} INFO - Processing file /home/airflow/.local/lib/python3.8/site-packages/airflow/example_dags/example_python_decorator.py for tasks to queue
[2024-05-12T08:22:44.627+0000] {logging_mixin.py:188} INFO - [2024-05-12T08:22:44.627+0000] {dagbag.py:540} INFO - Filling up the DagBag from /home/airflow/.local/lib/python3.8/site-packages/airflow/example_dags/example_python_decorator.py
[2024-05-12T08:22:44.642+0000] {processor.py:840} INFO - DAG(s) 'example_python_decorator' retrieved from /home/airflow/.local/lib/python3.8/site-packages/airflow/example_dags/example_python_decorator.py
[2024-05-12T08:22:44.667+0000] {logging_mixin.py:188} INFO - [2024-05-12T08:22:44.667+0000] {dag.py:3047} INFO - Sync 1 DAGs
[2024-05-12T08:22:44.680+0000] {logging_mixin.py:188} INFO - [2024-05-12T08:22:44.679+0000] {dag.py:3834} INFO - Setting next_dagrun for example_python_decorator to None, run_after=None
[2024-05-12T08:22:44.697+0000] {processor.py:183} INFO - Processing /home/airflow/.local/lib/python3.8/site-packages/airflow/example_dags/example_python_decorator.py took 0.077 seconds
[2024-05-12T08:23:15.259+0000] {processor.py:161} INFO - Started process (PID=347) to work on /home/airflow/.local/lib/python3.8/site-packages/airflow/example_dags/example_python_decorator.py
[2024-05-12T08:23:15.264+0000] {processor.py:830} INFO - Processing file /home/airflow/.local/lib/python3.8/site-packages/airflow/example_dags/example_python_decorator.py for tasks to queue
[2024-05-12T08:23:15.267+0000] {logging_mixin.py:188} INFO - [2024-05-12T08:23:15.266+0000] {dagbag.py:540} INFO - Filling up the DagBag from /home/airflow/.local/lib/python3.8/site-packages/airflow/example_dags/example_python_decorator.py
[2024-05-12T08:23:15.284+0000] {processor.py:840} INFO - DAG(s) 'example_python_decorator' retrieved from /home/airflow/.local/lib/python3.8/site-packages/airflow/example_dags/example_python_decorator.py
[2024-05-12T08:23:15.296+0000] {logging_mixin.py:188} INFO - [2024-05-12T08:23:15.296+0000] {dag.py:3047} INFO - Sync 1 DAGs
[2024-05-12T08:23:15.316+0000] {logging_mixin.py:188} INFO - [2024-05-12T08:23:15.316+0000] {dag.py:3834} INFO - Setting next_dagrun for example_python_decorator to None, run_after=None
[2024-05-12T08:23:15.339+0000] {processor.py:183} INFO - Processing /home/airflow/.local/lib/python3.8/site-packages/airflow/example_dags/example_python_decorator.py took 0.084 seconds
[2024-05-12T08:23:46.270+0000] {processor.py:161} INFO - Started process (PID=402) to work on /home/airflow/.local/lib/python3.8/site-packages/airflow/example_dags/example_python_decorator.py
[2024-05-12T08:23:46.272+0000] {processor.py:830} INFO - Processing file /home/airflow/.local/lib/python3.8/site-packages/airflow/example_dags/example_python_decorator.py for tasks to queue
[2024-05-12T08:23:46.273+0000] {logging_mixin.py:188} INFO - [2024-05-12T08:23:46.273+0000] {dagbag.py:540} INFO - Filling up the DagBag from /home/airflow/.local/lib/python3.8/site-packages/airflow/example_dags/example_python_decorator.py
[2024-05-12T08:23:46.288+0000] {processor.py:840} INFO - DAG(s) 'example_python_decorator' retrieved from /home/airflow/.local/lib/python3.8/site-packages/airflow/example_dags/example_python_decorator.py
[2024-05-12T08:23:46.401+0000] {logging_mixin.py:188} INFO - [2024-05-12T08:23:46.401+0000] {dag.py:3047} INFO - Sync 1 DAGs
[2024-05-12T08:23:46.414+0000] {logging_mixin.py:188} INFO - [2024-05-12T08:23:46.414+0000] {dag.py:3834} INFO - Setting next_dagrun for example_python_decorator to None, run_after=None
[2024-05-12T08:23:46.435+0000] {processor.py:183} INFO - Processing /home/airflow/.local/lib/python3.8/site-packages/airflow/example_dags/example_python_decorator.py took 0.169 seconds
[2024-05-12T08:24:16.533+0000] {processor.py:161} INFO - Started process (PID=458) to work on /home/airflow/.local/lib/python3.8/site-packages/airflow/example_dags/example_python_decorator.py
[2024-05-12T08:24:16.535+0000] {processor.py:830} INFO - Processing file /home/airflow/.local/lib/python3.8/site-packages/airflow/example_dags/example_python_decorator.py for tasks to queue
[2024-05-12T08:24:16.536+0000] {logging_mixin.py:188} INFO - [2024-05-12T08:24:16.536+0000] {dagbag.py:540} INFO - Filling up the DagBag from /home/airflow/.local/lib/python3.8/site-packages/airflow/example_dags/example_python_decorator.py
[2024-05-12T08:24:16.551+0000] {processor.py:840} INFO - DAG(s) 'example_python_decorator' retrieved from /home/airflow/.local/lib/python3.8/site-packages/airflow/example_dags/example_python_decorator.py
[2024-05-12T08:24:16.573+0000] {logging_mixin.py:188} INFO - [2024-05-12T08:24:16.573+0000] {dag.py:3047} INFO - Sync 1 DAGs
[2024-05-12T08:24:16.586+0000] {logging_mixin.py:188} INFO - [2024-05-12T08:24:16.586+0000] {dag.py:3834} INFO - Setting next_dagrun for example_python_decorator to None, run_after=None
[2024-05-12T08:24:16.615+0000] {processor.py:183} INFO - Processing /home/airflow/.local/lib/python3.8/site-packages/airflow/example_dags/example_python_decorator.py took 0.086 seconds
[2024-05-12T08:24:46.788+0000] {processor.py:161} INFO - Started process (PID=513) to work on /home/airflow/.local/lib/python3.8/site-packages/airflow/example_dags/example_python_decorator.py
[2024-05-12T08:24:46.789+0000] {processor.py:830} INFO - Processing file /home/airflow/.local/lib/python3.8/site-packages/airflow/example_dags/example_python_decorator.py for tasks to queue
[2024-05-12T08:24:46.791+0000] {logging_mixin.py:188} INFO - [2024-05-12T08:24:46.791+0000] {dagbag.py:540} INFO - Filling up the DagBag from /home/airflow/.local/lib/python3.8/site-packages/airflow/example_dags/example_python_decorator.py
[2024-05-12T08:24:46.805+0000] {processor.py:840} INFO - DAG(s) 'example_python_decorator' retrieved from /home/airflow/.local/lib/python3.8/site-packages/airflow/example_dags/example_python_decorator.py
[2024-05-12T08:24:46.842+0000] {logging_mixin.py:188} INFO - [2024-05-12T08:24:46.841+0000] {dag.py:3047} INFO - Sync 1 DAGs
[2024-05-12T08:24:46.859+0000] {logging_mixin.py:188} INFO - [2024-05-12T08:24:46.858+0000] {dag.py:3834} INFO - Setting next_dagrun for example_python_decorator to None, run_after=None
[2024-05-12T08:24:46.879+0000] {processor.py:183} INFO - Processing /home/airflow/.local/lib/python3.8/site-packages/airflow/example_dags/example_python_decorator.py took 0.095 seconds
[2024-05-12T08:25:17.047+0000] {processor.py:161} INFO - Started process (PID=568) to work on /home/airflow/.local/lib/python3.8/site-packages/airflow/example_dags/example_python_decorator.py
[2024-05-12T08:25:17.048+0000] {processor.py:830} INFO - Processing file /home/airflow/.local/lib/python3.8/site-packages/airflow/example_dags/example_python_decorator.py for tasks to queue
[2024-05-12T08:25:17.050+0000] {logging_mixin.py:188} INFO - [2024-05-12T08:25:17.050+0000] {dagbag.py:540} INFO - Filling up the DagBag from /home/airflow/.local/lib/python3.8/site-packages/airflow/example_dags/example_python_decorator.py
[2024-05-12T08:25:17.064+0000] {processor.py:840} INFO - DAG(s) 'example_python_decorator' retrieved from /home/airflow/.local/lib/python3.8/site-packages/airflow/example_dags/example_python_decorator.py
[2024-05-12T08:25:17.087+0000] {logging_mixin.py:188} INFO - [2024-05-12T08:25:17.087+0000] {dag.py:3047} INFO - Sync 1 DAGs
[2024-05-12T08:25:17.100+0000] {logging_mixin.py:188} INFO - [2024-05-12T08:25:17.099+0000] {dag.py:3834} INFO - Setting next_dagrun for example_python_decorator to None, run_after=None
[2024-05-12T08:25:17.124+0000] {processor.py:183} INFO - Processing /home/airflow/.local/lib/python3.8/site-packages/airflow/example_dags/example_python_decorator.py took 0.080 seconds
[2024-05-12T08:25:47.176+0000] {processor.py:161} INFO - Started process (PID=623) to work on /home/airflow/.local/lib/python3.8/site-packages/airflow/example_dags/example_python_decorator.py
[2024-05-12T08:25:47.177+0000] {processor.py:830} INFO - Processing file /home/airflow/.local/lib/python3.8/site-packages/airflow/example_dags/example_python_decorator.py for tasks to queue
[2024-05-12T08:25:47.178+0000] {logging_mixin.py:188} INFO - [2024-05-12T08:25:47.178+0000] {dagbag.py:540} INFO - Filling up the DagBag from /home/airflow/.local/lib/python3.8/site-packages/airflow/example_dags/example_python_decorator.py
[2024-05-12T08:25:47.192+0000] {processor.py:840} INFO - DAG(s) 'example_python_decorator' retrieved from /home/airflow/.local/lib/python3.8/site-packages/airflow/example_dags/example_python_decorator.py
[2024-05-12T08:25:47.216+0000] {logging_mixin.py:188} INFO - [2024-05-12T08:25:47.215+0000] {dag.py:3047} INFO - Sync 1 DAGs
[2024-05-12T08:25:47.228+0000] {logging_mixin.py:188} INFO - [2024-05-12T08:25:47.228+0000] {dag.py:3834} INFO - Setting next_dagrun for example_python_decorator to None, run_after=None
[2024-05-12T08:25:47.247+0000] {processor.py:183} INFO - Processing /home/airflow/.local/lib/python3.8/site-packages/airflow/example_dags/example_python_decorator.py took 0.074 seconds
[2024-05-12T08:26:18.080+0000] {processor.py:161} INFO - Started process (PID=676) to work on /home/airflow/.local/lib/python3.8/site-packages/airflow/example_dags/example_python_decorator.py
[2024-05-12T08:26:18.082+0000] {processor.py:830} INFO - Processing file /home/airflow/.local/lib/python3.8/site-packages/airflow/example_dags/example_python_decorator.py for tasks to queue
[2024-05-12T08:26:18.084+0000] {logging_mixin.py:188} INFO - [2024-05-12T08:26:18.084+0000] {dagbag.py:540} INFO - Filling up the DagBag from /home/airflow/.local/lib/python3.8/site-packages/airflow/example_dags/example_python_decorator.py
[2024-05-12T08:26:18.098+0000] {processor.py:840} INFO - DAG(s) 'example_python_decorator' retrieved from /home/airflow/.local/lib/python3.8/site-packages/airflow/example_dags/example_python_decorator.py
[2024-05-12T08:26:18.126+0000] {logging_mixin.py:188} INFO - [2024-05-12T08:26:18.126+0000] {dag.py:3047} INFO - Sync 1 DAGs
[2024-05-12T08:26:18.143+0000] {logging_mixin.py:188} INFO - [2024-05-12T08:26:18.143+0000] {dag.py:3834} INFO - Setting next_dagrun for example_python_decorator to None, run_after=None
[2024-05-12T08:26:18.164+0000] {processor.py:183} INFO - Processing /home/airflow/.local/lib/python3.8/site-packages/airflow/example_dags/example_python_decorator.py took 0.088 seconds
[2024-05-12T08:26:48.291+0000] {processor.py:161} INFO - Started process (PID=732) to work on /home/airflow/.local/lib/python3.8/site-packages/airflow/example_dags/example_python_decorator.py
[2024-05-12T08:26:48.292+0000] {processor.py:830} INFO - Processing file /home/airflow/.local/lib/python3.8/site-packages/airflow/example_dags/example_python_decorator.py for tasks to queue
[2024-05-12T08:26:48.294+0000] {logging_mixin.py:188} INFO - [2024-05-12T08:26:48.294+0000] {dagbag.py:540} INFO - Filling up the DagBag from /home/airflow/.local/lib/python3.8/site-packages/airflow/example_dags/example_python_decorator.py
[2024-05-12T08:26:48.309+0000] {processor.py:840} INFO - DAG(s) 'example_python_decorator' retrieved from /home/airflow/.local/lib/python3.8/site-packages/airflow/example_dags/example_python_decorator.py
[2024-05-12T08:26:48.333+0000] {logging_mixin.py:188} INFO - [2024-05-12T08:26:48.333+0000] {dag.py:3047} INFO - Sync 1 DAGs
[2024-05-12T08:26:48.347+0000] {logging_mixin.py:188} INFO - [2024-05-12T08:26:48.347+0000] {dag.py:3834} INFO - Setting next_dagrun for example_python_decorator to None, run_after=None
[2024-05-12T08:26:48.368+0000] {processor.py:183} INFO - Processing /home/airflow/.local/lib/python3.8/site-packages/airflow/example_dags/example_python_decorator.py took 0.081 seconds
[2024-05-12T08:27:19.185+0000] {processor.py:161} INFO - Started process (PID=793) to work on /home/airflow/.local/lib/python3.8/site-packages/airflow/example_dags/example_python_decorator.py
[2024-05-12T08:27:19.186+0000] {processor.py:830} INFO - Processing file /home/airflow/.local/lib/python3.8/site-packages/airflow/example_dags/example_python_decorator.py for tasks to queue
[2024-05-12T08:27:19.188+0000] {logging_mixin.py:188} INFO - [2024-05-12T08:27:19.187+0000] {dagbag.py:540} INFO - Filling up the DagBag from /home/airflow/.local/lib/python3.8/site-packages/airflow/example_dags/example_python_decorator.py
[2024-05-12T08:27:19.201+0000] {processor.py:840} INFO - DAG(s) 'example_python_decorator' retrieved from /home/airflow/.local/lib/python3.8/site-packages/airflow/example_dags/example_python_decorator.py
[2024-05-12T08:27:19.224+0000] {logging_mixin.py:188} INFO - [2024-05-12T08:27:19.223+0000] {dag.py:3047} INFO - Sync 1 DAGs
[2024-05-12T08:27:19.236+0000] {logging_mixin.py:188} INFO - [2024-05-12T08:27:19.236+0000] {dag.py:3834} INFO - Setting next_dagrun for example_python_decorator to None, run_after=None
[2024-05-12T08:27:19.260+0000] {processor.py:183} INFO - Processing /home/airflow/.local/lib/python3.8/site-packages/airflow/example_dags/example_python_decorator.py took 0.079 seconds
[2024-05-12T08:27:49.518+0000] {processor.py:161} INFO - Started process (PID=849) to work on /home/airflow/.local/lib/python3.8/site-packages/airflow/example_dags/example_python_decorator.py
[2024-05-12T08:27:49.519+0000] {processor.py:830} INFO - Processing file /home/airflow/.local/lib/python3.8/site-packages/airflow/example_dags/example_python_decorator.py for tasks to queue
[2024-05-12T08:27:49.521+0000] {logging_mixin.py:188} INFO - [2024-05-12T08:27:49.521+0000] {dagbag.py:540} INFO - Filling up the DagBag from /home/airflow/.local/lib/python3.8/site-packages/airflow/example_dags/example_python_decorator.py
[2024-05-12T08:27:49.536+0000] {processor.py:840} INFO - DAG(s) 'example_python_decorator' retrieved from /home/airflow/.local/lib/python3.8/site-packages/airflow/example_dags/example_python_decorator.py
[2024-05-12T08:27:49.558+0000] {logging_mixin.py:188} INFO - [2024-05-12T08:27:49.557+0000] {dag.py:3047} INFO - Sync 1 DAGs
[2024-05-12T08:27:49.570+0000] {logging_mixin.py:188} INFO - [2024-05-12T08:27:49.570+0000] {dag.py:3834} INFO - Setting next_dagrun for example_python_decorator to None, run_after=None
[2024-05-12T08:27:49.587+0000] {processor.py:183} INFO - Processing /home/airflow/.local/lib/python3.8/site-packages/airflow/example_dags/example_python_decorator.py took 0.073 seconds
[2024-05-12T08:28:19.688+0000] {processor.py:161} INFO - Started process (PID=904) to work on /home/airflow/.local/lib/python3.8/site-packages/airflow/example_dags/example_python_decorator.py
[2024-05-12T08:28:19.690+0000] {processor.py:830} INFO - Processing file /home/airflow/.local/lib/python3.8/site-packages/airflow/example_dags/example_python_decorator.py for tasks to queue
[2024-05-12T08:28:19.692+0000] {logging_mixin.py:188} INFO - [2024-05-12T08:28:19.691+0000] {dagbag.py:540} INFO - Filling up the DagBag from /home/airflow/.local/lib/python3.8/site-packages/airflow/example_dags/example_python_decorator.py
[2024-05-12T08:28:19.711+0000] {processor.py:840} INFO - DAG(s) 'example_python_decorator' retrieved from /home/airflow/.local/lib/python3.8/site-packages/airflow/example_dags/example_python_decorator.py
[2024-05-12T08:28:19.735+0000] {logging_mixin.py:188} INFO - [2024-05-12T08:28:19.735+0000] {dag.py:3047} INFO - Sync 1 DAGs
[2024-05-12T08:28:19.749+0000] {logging_mixin.py:188} INFO - [2024-05-12T08:28:19.748+0000] {dag.py:3834} INFO - Setting next_dagrun for example_python_decorator to None, run_after=None
[2024-05-12T08:28:19.767+0000] {processor.py:183} INFO - Processing /home/airflow/.local/lib/python3.8/site-packages/airflow/example_dags/example_python_decorator.py took 0.084 seconds
