[2024-05-12T08:20:43.498+0000] {processor.py:161} INFO - Started process (PID=88) to work on /home/airflow/.local/lib/python3.8/site-packages/airflow/example_dags/example_branch_datetime_operator.py
[2024-05-12T08:20:43.499+0000] {processor.py:830} INFO - Processing file /home/airflow/.local/lib/python3.8/site-packages/airflow/example_dags/example_branch_datetime_operator.py for tasks to queue
[2024-05-12T08:20:43.501+0000] {logging_mixin.py:188} INFO - [2024-05-12T08:20:43.501+0000] {dagbag.py:540} INFO - Filling up the DagBag from /home/airflow/.local/lib/python3.8/site-packages/airflow/example_dags/example_branch_datetime_operator.py
[2024-05-12T08:20:43.517+0000] {processor.py:840} INFO - DAG(s) 'example_branch_datetime_operator_3', 'example_branch_datetime_operator', 'example_branch_datetime_operator_2' retrieved from /home/airflow/.local/lib/python3.8/site-packages/airflow/example_dags/example_branch_datetime_operator.py
[2024-05-12T08:20:43.558+0000] {logging_mixin.py:188} INFO - [2024-05-12T08:20:43.558+0000] {dag.py:3047} INFO - Sync 3 DAGs
[2024-05-12T08:20:43.591+0000] {logging_mixin.py:188} INFO - [2024-05-12T08:20:43.590+0000] {dag.py:3834} INFO - Setting next_dagrun for example_branch_datetime_operator to 2024-05-11 00:00:00+00:00, run_after=2024-05-12 00:00:00+00:00
[2024-05-12T08:20:43.598+0000] {logging_mixin.py:188} INFO - [2024-05-12T08:20:43.597+0000] {dag.py:3834} INFO - Setting next_dagrun for example_branch_datetime_operator_2 to 2024-05-11 00:00:00+00:00, run_after=2024-05-12 00:00:00+00:00
[2024-05-12T08:20:43.602+0000] {logging_mixin.py:188} INFO - [2024-05-12T08:20:43.602+0000] {dag.py:3834} INFO - Setting next_dagrun for example_branch_datetime_operator_3 to 2024-05-11 00:00:00+00:00, run_after=2024-05-12 00:00:00+00:00
[2024-05-12T08:20:43.624+0000] {processor.py:183} INFO - Processing /home/airflow/.local/lib/python3.8/site-packages/airflow/example_dags/example_branch_datetime_operator.py took 0.131 seconds
[2024-05-12T08:21:13.949+0000] {processor.py:161} INFO - Started process (PID=144) to work on /home/airflow/.local/lib/python3.8/site-packages/airflow/example_dags/example_branch_datetime_operator.py
[2024-05-12T08:21:13.950+0000] {processor.py:830} INFO - Processing file /home/airflow/.local/lib/python3.8/site-packages/airflow/example_dags/example_branch_datetime_operator.py for tasks to queue
[2024-05-12T08:21:13.951+0000] {logging_mixin.py:188} INFO - [2024-05-12T08:21:13.951+0000] {dagbag.py:540} INFO - Filling up the DagBag from /home/airflow/.local/lib/python3.8/site-packages/airflow/example_dags/example_branch_datetime_operator.py
[2024-05-12T08:21:13.963+0000] {processor.py:840} INFO - DAG(s) 'example_branch_datetime_operator', 'example_branch_datetime_operator_2', 'example_branch_datetime_operator_3' retrieved from /home/airflow/.local/lib/python3.8/site-packages/airflow/example_dags/example_branch_datetime_operator.py
[2024-05-12T08:21:13.993+0000] {logging_mixin.py:188} INFO - [2024-05-12T08:21:13.993+0000] {dag.py:3047} INFO - Sync 3 DAGs
[2024-05-12T08:21:14.019+0000] {logging_mixin.py:188} INFO - [2024-05-12T08:21:14.019+0000] {dag.py:3834} INFO - Setting next_dagrun for example_branch_datetime_operator to 2024-05-11 00:00:00+00:00, run_after=2024-05-12 00:00:00+00:00
[2024-05-12T08:21:14.026+0000] {logging_mixin.py:188} INFO - [2024-05-12T08:21:14.025+0000] {dag.py:3834} INFO - Setting next_dagrun for example_branch_datetime_operator_2 to 2024-05-11 00:00:00+00:00, run_after=2024-05-12 00:00:00+00:00
[2024-05-12T08:21:14.030+0000] {logging_mixin.py:188} INFO - [2024-05-12T08:21:14.029+0000] {dag.py:3834} INFO - Setting next_dagrun for example_branch_datetime_operator_3 to 2024-05-11 00:00:00+00:00, run_after=2024-05-12 00:00:00+00:00
[2024-05-12T08:21:14.056+0000] {processor.py:183} INFO - Processing /home/airflow/.local/lib/python3.8/site-packages/airflow/example_dags/example_branch_datetime_operator.py took 0.111 seconds
[2024-05-12T08:21:45.010+0000] {processor.py:161} INFO - Started process (PID=199) to work on /home/airflow/.local/lib/python3.8/site-packages/airflow/example_dags/example_branch_datetime_operator.py
[2024-05-12T08:21:45.016+0000] {processor.py:830} INFO - Processing file /home/airflow/.local/lib/python3.8/site-packages/airflow/example_dags/example_branch_datetime_operator.py for tasks to queue
[2024-05-12T08:21:45.019+0000] {logging_mixin.py:188} INFO - [2024-05-12T08:21:45.018+0000] {dagbag.py:540} INFO - Filling up the DagBag from /home/airflow/.local/lib/python3.8/site-packages/airflow/example_dags/example_branch_datetime_operator.py
[2024-05-12T08:21:45.035+0000] {processor.py:840} INFO - DAG(s) 'example_branch_datetime_operator_3', 'example_branch_datetime_operator', 'example_branch_datetime_operator_2' retrieved from /home/airflow/.local/lib/python3.8/site-packages/airflow/example_dags/example_branch_datetime_operator.py
[2024-05-12T08:21:45.072+0000] {logging_mixin.py:188} INFO - [2024-05-12T08:21:45.071+0000] {dag.py:3047} INFO - Sync 3 DAGs
[2024-05-12T08:21:45.098+0000] {logging_mixin.py:188} INFO - [2024-05-12T08:21:45.098+0000] {dag.py:3834} INFO - Setting next_dagrun for example_branch_datetime_operator to 2024-05-11 00:00:00+00:00, run_after=2024-05-12 00:00:00+00:00
[2024-05-12T08:21:45.104+0000] {logging_mixin.py:188} INFO - [2024-05-12T08:21:45.104+0000] {dag.py:3834} INFO - Setting next_dagrun for example_branch_datetime_operator_2 to 2024-05-11 00:00:00+00:00, run_after=2024-05-12 00:00:00+00:00
[2024-05-12T08:21:45.107+0000] {logging_mixin.py:188} INFO - [2024-05-12T08:21:45.107+0000] {dag.py:3834} INFO - Setting next_dagrun for example_branch_datetime_operator_3 to 2024-05-11 00:00:00+00:00, run_after=2024-05-12 00:00:00+00:00
[2024-05-12T08:21:45.132+0000] {processor.py:183} INFO - Processing /home/airflow/.local/lib/python3.8/site-packages/airflow/example_dags/example_branch_datetime_operator.py took 0.127 seconds
[2024-05-12T08:22:15.660+0000] {processor.py:161} INFO - Started process (PID=254) to work on /home/airflow/.local/lib/python3.8/site-packages/airflow/example_dags/example_branch_datetime_operator.py
[2024-05-12T08:22:15.662+0000] {processor.py:830} INFO - Processing file /home/airflow/.local/lib/python3.8/site-packages/airflow/example_dags/example_branch_datetime_operator.py for tasks to queue
[2024-05-12T08:22:15.664+0000] {logging_mixin.py:188} INFO - [2024-05-12T08:22:15.663+0000] {dagbag.py:540} INFO - Filling up the DagBag from /home/airflow/.local/lib/python3.8/site-packages/airflow/example_dags/example_branch_datetime_operator.py
[2024-05-12T08:22:15.678+0000] {processor.py:840} INFO - DAG(s) 'example_branch_datetime_operator_3', 'example_branch_datetime_operator', 'example_branch_datetime_operator_2' retrieved from /home/airflow/.local/lib/python3.8/site-packages/airflow/example_dags/example_branch_datetime_operator.py
[2024-05-12T08:22:15.715+0000] {logging_mixin.py:188} INFO - [2024-05-12T08:22:15.715+0000] {dag.py:3047} INFO - Sync 3 DAGs
[2024-05-12T08:22:15.755+0000] {logging_mixin.py:188} INFO - [2024-05-12T08:22:15.755+0000] {dag.py:3834} INFO - Setting next_dagrun for example_branch_datetime_operator to 2024-05-11 00:00:00+00:00, run_after=2024-05-12 00:00:00+00:00
[2024-05-12T08:22:15.762+0000] {logging_mixin.py:188} INFO - [2024-05-12T08:22:15.762+0000] {dag.py:3834} INFO - Setting next_dagrun for example_branch_datetime_operator_2 to 2024-05-11 00:00:00+00:00, run_after=2024-05-12 00:00:00+00:00
[2024-05-12T08:22:15.766+0000] {logging_mixin.py:188} INFO - [2024-05-12T08:22:15.766+0000] {dag.py:3834} INFO - Setting next_dagrun for example_branch_datetime_operator_3 to 2024-05-11 00:00:00+00:00, run_after=2024-05-12 00:00:00+00:00
[2024-05-12T08:22:15.788+0000] {processor.py:183} INFO - Processing /home/airflow/.local/lib/python3.8/site-packages/airflow/example_dags/example_branch_datetime_operator.py took 0.131 seconds
[2024-05-12T08:22:46.583+0000] {processor.py:161} INFO - Started process (PID=308) to work on /home/airflow/.local/lib/python3.8/site-packages/airflow/example_dags/example_branch_datetime_operator.py
[2024-05-12T08:22:46.584+0000] {processor.py:830} INFO - Processing file /home/airflow/.local/lib/python3.8/site-packages/airflow/example_dags/example_branch_datetime_operator.py for tasks to queue
[2024-05-12T08:22:46.586+0000] {logging_mixin.py:188} INFO - [2024-05-12T08:22:46.586+0000] {dagbag.py:540} INFO - Filling up the DagBag from /home/airflow/.local/lib/python3.8/site-packages/airflow/example_dags/example_branch_datetime_operator.py
[2024-05-12T08:22:46.597+0000] {processor.py:840} INFO - DAG(s) 'example_branch_datetime_operator', 'example_branch_datetime_operator_3', 'example_branch_datetime_operator_2' retrieved from /home/airflow/.local/lib/python3.8/site-packages/airflow/example_dags/example_branch_datetime_operator.py
[2024-05-12T08:22:46.631+0000] {logging_mixin.py:188} INFO - [2024-05-12T08:22:46.631+0000] {dag.py:3047} INFO - Sync 3 DAGs
[2024-05-12T08:22:46.664+0000] {logging_mixin.py:188} INFO - [2024-05-12T08:22:46.664+0000] {dag.py:3834} INFO - Setting next_dagrun for example_branch_datetime_operator to 2024-05-11 00:00:00+00:00, run_after=2024-05-12 00:00:00+00:00
[2024-05-12T08:22:46.671+0000] {logging_mixin.py:188} INFO - [2024-05-12T08:22:46.671+0000] {dag.py:3834} INFO - Setting next_dagrun for example_branch_datetime_operator_2 to 2024-05-11 00:00:00+00:00, run_after=2024-05-12 00:00:00+00:00
[2024-05-12T08:22:46.675+0000] {logging_mixin.py:188} INFO - [2024-05-12T08:22:46.675+0000] {dag.py:3834} INFO - Setting next_dagrun for example_branch_datetime_operator_3 to 2024-05-11 00:00:00+00:00, run_after=2024-05-12 00:00:00+00:00
[2024-05-12T08:22:46.695+0000] {processor.py:183} INFO - Processing /home/airflow/.local/lib/python3.8/site-packages/airflow/example_dags/example_branch_datetime_operator.py took 0.116 seconds
[2024-05-12T08:23:17.104+0000] {processor.py:161} INFO - Started process (PID=363) to work on /home/airflow/.local/lib/python3.8/site-packages/airflow/example_dags/example_branch_datetime_operator.py
[2024-05-12T08:23:17.106+0000] {processor.py:830} INFO - Processing file /home/airflow/.local/lib/python3.8/site-packages/airflow/example_dags/example_branch_datetime_operator.py for tasks to queue
[2024-05-12T08:23:17.108+0000] {logging_mixin.py:188} INFO - [2024-05-12T08:23:17.108+0000] {dagbag.py:540} INFO - Filling up the DagBag from /home/airflow/.local/lib/python3.8/site-packages/airflow/example_dags/example_branch_datetime_operator.py
[2024-05-12T08:23:17.125+0000] {processor.py:840} INFO - DAG(s) 'example_branch_datetime_operator', 'example_branch_datetime_operator_3', 'example_branch_datetime_operator_2' retrieved from /home/airflow/.local/lib/python3.8/site-packages/airflow/example_dags/example_branch_datetime_operator.py
[2024-05-12T08:23:17.140+0000] {logging_mixin.py:188} INFO - [2024-05-12T08:23:17.140+0000] {dag.py:3047} INFO - Sync 3 DAGs
[2024-05-12T08:23:17.171+0000] {logging_mixin.py:188} INFO - [2024-05-12T08:23:17.171+0000] {dag.py:3834} INFO - Setting next_dagrun for example_branch_datetime_operator to 2024-05-11 00:00:00+00:00, run_after=2024-05-12 00:00:00+00:00
[2024-05-12T08:23:17.178+0000] {logging_mixin.py:188} INFO - [2024-05-12T08:23:17.178+0000] {dag.py:3834} INFO - Setting next_dagrun for example_branch_datetime_operator_2 to 2024-05-11 00:00:00+00:00, run_after=2024-05-12 00:00:00+00:00
[2024-05-12T08:23:17.182+0000] {logging_mixin.py:188} INFO - [2024-05-12T08:23:17.182+0000] {dag.py:3834} INFO - Setting next_dagrun for example_branch_datetime_operator_3 to 2024-05-11 00:00:00+00:00, run_after=2024-05-12 00:00:00+00:00
[2024-05-12T08:23:17.208+0000] {processor.py:183} INFO - Processing /home/airflow/.local/lib/python3.8/site-packages/airflow/example_dags/example_branch_datetime_operator.py took 0.109 seconds
[2024-05-12T08:23:47.976+0000] {processor.py:161} INFO - Started process (PID=418) to work on /home/airflow/.local/lib/python3.8/site-packages/airflow/example_dags/example_branch_datetime_operator.py
[2024-05-12T08:23:47.977+0000] {processor.py:830} INFO - Processing file /home/airflow/.local/lib/python3.8/site-packages/airflow/example_dags/example_branch_datetime_operator.py for tasks to queue
[2024-05-12T08:23:47.979+0000] {logging_mixin.py:188} INFO - [2024-05-12T08:23:47.979+0000] {dagbag.py:540} INFO - Filling up the DagBag from /home/airflow/.local/lib/python3.8/site-packages/airflow/example_dags/example_branch_datetime_operator.py
[2024-05-12T08:23:47.990+0000] {processor.py:840} INFO - DAG(s) 'example_branch_datetime_operator', 'example_branch_datetime_operator_3', 'example_branch_datetime_operator_2' retrieved from /home/airflow/.local/lib/python3.8/site-packages/airflow/example_dags/example_branch_datetime_operator.py
[2024-05-12T08:23:48.137+0000] {logging_mixin.py:188} INFO - [2024-05-12T08:23:48.137+0000] {dag.py:3047} INFO - Sync 3 DAGs
[2024-05-12T08:23:48.164+0000] {logging_mixin.py:188} INFO - [2024-05-12T08:23:48.164+0000] {dag.py:3834} INFO - Setting next_dagrun for example_branch_datetime_operator to 2024-05-11 00:00:00+00:00, run_after=2024-05-12 00:00:00+00:00
[2024-05-12T08:23:48.168+0000] {logging_mixin.py:188} INFO - [2024-05-12T08:23:48.168+0000] {dag.py:3834} INFO - Setting next_dagrun for example_branch_datetime_operator_2 to 2024-05-11 00:00:00+00:00, run_after=2024-05-12 00:00:00+00:00
[2024-05-12T08:23:48.171+0000] {logging_mixin.py:188} INFO - [2024-05-12T08:23:48.171+0000] {dag.py:3834} INFO - Setting next_dagrun for example_branch_datetime_operator_3 to 2024-05-11 00:00:00+00:00, run_after=2024-05-12 00:00:00+00:00
[2024-05-12T08:23:48.192+0000] {processor.py:183} INFO - Processing /home/airflow/.local/lib/python3.8/site-packages/airflow/example_dags/example_branch_datetime_operator.py took 0.220 seconds
[2024-05-12T08:24:18.459+0000] {processor.py:161} INFO - Started process (PID=474) to work on /home/airflow/.local/lib/python3.8/site-packages/airflow/example_dags/example_branch_datetime_operator.py
[2024-05-12T08:24:18.460+0000] {processor.py:830} INFO - Processing file /home/airflow/.local/lib/python3.8/site-packages/airflow/example_dags/example_branch_datetime_operator.py for tasks to queue
[2024-05-12T08:24:18.462+0000] {logging_mixin.py:188} INFO - [2024-05-12T08:24:18.462+0000] {dagbag.py:540} INFO - Filling up the DagBag from /home/airflow/.local/lib/python3.8/site-packages/airflow/example_dags/example_branch_datetime_operator.py
[2024-05-12T08:24:18.473+0000] {processor.py:840} INFO - DAG(s) 'example_branch_datetime_operator_3', 'example_branch_datetime_operator_2', 'example_branch_datetime_operator' retrieved from /home/airflow/.local/lib/python3.8/site-packages/airflow/example_dags/example_branch_datetime_operator.py
[2024-05-12T08:24:18.503+0000] {logging_mixin.py:188} INFO - [2024-05-12T08:24:18.502+0000] {dag.py:3047} INFO - Sync 3 DAGs
[2024-05-12T08:24:18.527+0000] {logging_mixin.py:188} INFO - [2024-05-12T08:24:18.527+0000] {dag.py:3834} INFO - Setting next_dagrun for example_branch_datetime_operator to 2024-05-11 00:00:00+00:00, run_after=2024-05-12 00:00:00+00:00
[2024-05-12T08:24:18.532+0000] {logging_mixin.py:188} INFO - [2024-05-12T08:24:18.532+0000] {dag.py:3834} INFO - Setting next_dagrun for example_branch_datetime_operator_2 to 2024-05-11 00:00:00+00:00, run_after=2024-05-12 00:00:00+00:00
[2024-05-12T08:24:18.535+0000] {logging_mixin.py:188} INFO - [2024-05-12T08:24:18.535+0000] {dag.py:3834} INFO - Setting next_dagrun for example_branch_datetime_operator_3 to 2024-05-11 00:00:00+00:00, run_after=2024-05-12 00:00:00+00:00
[2024-05-12T08:24:18.556+0000] {processor.py:183} INFO - Processing /home/airflow/.local/lib/python3.8/site-packages/airflow/example_dags/example_branch_datetime_operator.py took 0.101 seconds
[2024-05-12T08:24:48.828+0000] {processor.py:161} INFO - Started process (PID=535) to work on /home/airflow/.local/lib/python3.8/site-packages/airflow/example_dags/example_branch_datetime_operator.py
[2024-05-12T08:24:48.829+0000] {processor.py:830} INFO - Processing file /home/airflow/.local/lib/python3.8/site-packages/airflow/example_dags/example_branch_datetime_operator.py for tasks to queue
[2024-05-12T08:24:48.831+0000] {logging_mixin.py:188} INFO - [2024-05-12T08:24:48.831+0000] {dagbag.py:540} INFO - Filling up the DagBag from /home/airflow/.local/lib/python3.8/site-packages/airflow/example_dags/example_branch_datetime_operator.py
[2024-05-12T08:24:48.843+0000] {processor.py:840} INFO - DAG(s) 'example_branch_datetime_operator_2', 'example_branch_datetime_operator_3', 'example_branch_datetime_operator' retrieved from /home/airflow/.local/lib/python3.8/site-packages/airflow/example_dags/example_branch_datetime_operator.py
[2024-05-12T08:24:48.871+0000] {logging_mixin.py:188} INFO - [2024-05-12T08:24:48.871+0000] {dag.py:3047} INFO - Sync 3 DAGs
[2024-05-12T08:24:48.896+0000] {logging_mixin.py:188} INFO - [2024-05-12T08:24:48.896+0000] {dag.py:3834} INFO - Setting next_dagrun for example_branch_datetime_operator to 2024-05-11 00:00:00+00:00, run_after=2024-05-12 00:00:00+00:00
[2024-05-12T08:24:48.901+0000] {logging_mixin.py:188} INFO - [2024-05-12T08:24:48.901+0000] {dag.py:3834} INFO - Setting next_dagrun for example_branch_datetime_operator_2 to 2024-05-11 00:00:00+00:00, run_after=2024-05-12 00:00:00+00:00
[2024-05-12T08:24:48.904+0000] {logging_mixin.py:188} INFO - [2024-05-12T08:24:48.904+0000] {dag.py:3834} INFO - Setting next_dagrun for example_branch_datetime_operator_3 to 2024-05-11 00:00:00+00:00, run_after=2024-05-12 00:00:00+00:00
[2024-05-12T08:24:48.923+0000] {processor.py:183} INFO - Processing /home/airflow/.local/lib/python3.8/site-packages/airflow/example_dags/example_branch_datetime_operator.py took 0.099 seconds
[2024-05-12T08:25:18.959+0000] {processor.py:161} INFO - Started process (PID=590) to work on /home/airflow/.local/lib/python3.8/site-packages/airflow/example_dags/example_branch_datetime_operator.py
[2024-05-12T08:25:18.960+0000] {processor.py:830} INFO - Processing file /home/airflow/.local/lib/python3.8/site-packages/airflow/example_dags/example_branch_datetime_operator.py for tasks to queue
[2024-05-12T08:25:18.962+0000] {logging_mixin.py:188} INFO - [2024-05-12T08:25:18.961+0000] {dagbag.py:540} INFO - Filling up the DagBag from /home/airflow/.local/lib/python3.8/site-packages/airflow/example_dags/example_branch_datetime_operator.py
[2024-05-12T08:25:18.973+0000] {processor.py:840} INFO - DAG(s) 'example_branch_datetime_operator_2', 'example_branch_datetime_operator', 'example_branch_datetime_operator_3' retrieved from /home/airflow/.local/lib/python3.8/site-packages/airflow/example_dags/example_branch_datetime_operator.py
[2024-05-12T08:25:19.006+0000] {logging_mixin.py:188} INFO - [2024-05-12T08:25:19.005+0000] {dag.py:3047} INFO - Sync 3 DAGs
[2024-05-12T08:25:19.035+0000] {logging_mixin.py:188} INFO - [2024-05-12T08:25:19.034+0000] {dag.py:3834} INFO - Setting next_dagrun for example_branch_datetime_operator to 2024-05-11 00:00:00+00:00, run_after=2024-05-12 00:00:00+00:00
[2024-05-12T08:25:19.042+0000] {logging_mixin.py:188} INFO - [2024-05-12T08:25:19.041+0000] {dag.py:3834} INFO - Setting next_dagrun for example_branch_datetime_operator_2 to 2024-05-11 00:00:00+00:00, run_after=2024-05-12 00:00:00+00:00
[2024-05-12T08:25:19.045+0000] {logging_mixin.py:188} INFO - [2024-05-12T08:25:19.044+0000] {dag.py:3834} INFO - Setting next_dagrun for example_branch_datetime_operator_3 to 2024-05-11 00:00:00+00:00, run_after=2024-05-12 00:00:00+00:00
[2024-05-12T08:25:19.066+0000] {processor.py:183} INFO - Processing /home/airflow/.local/lib/python3.8/site-packages/airflow/example_dags/example_branch_datetime_operator.py took 0.111 seconds
[2024-05-12T08:25:49.161+0000] {processor.py:161} INFO - Started process (PID=645) to work on /home/airflow/.local/lib/python3.8/site-packages/airflow/example_dags/example_branch_datetime_operator.py
[2024-05-12T08:25:49.162+0000] {processor.py:830} INFO - Processing file /home/airflow/.local/lib/python3.8/site-packages/airflow/example_dags/example_branch_datetime_operator.py for tasks to queue
[2024-05-12T08:25:49.163+0000] {logging_mixin.py:188} INFO - [2024-05-12T08:25:49.163+0000] {dagbag.py:540} INFO - Filling up the DagBag from /home/airflow/.local/lib/python3.8/site-packages/airflow/example_dags/example_branch_datetime_operator.py
[2024-05-12T08:25:49.179+0000] {processor.py:840} INFO - DAG(s) 'example_branch_datetime_operator_3', 'example_branch_datetime_operator', 'example_branch_datetime_operator_2' retrieved from /home/airflow/.local/lib/python3.8/site-packages/airflow/example_dags/example_branch_datetime_operator.py
[2024-05-12T08:25:49.214+0000] {logging_mixin.py:188} INFO - [2024-05-12T08:25:49.214+0000] {dag.py:3047} INFO - Sync 3 DAGs
[2024-05-12T08:25:49.242+0000] {logging_mixin.py:188} INFO - [2024-05-12T08:25:49.242+0000] {dag.py:3834} INFO - Setting next_dagrun for example_branch_datetime_operator to 2024-05-11 00:00:00+00:00, run_after=2024-05-12 00:00:00+00:00
[2024-05-12T08:25:49.247+0000] {logging_mixin.py:188} INFO - [2024-05-12T08:25:49.247+0000] {dag.py:3834} INFO - Setting next_dagrun for example_branch_datetime_operator_2 to 2024-05-11 00:00:00+00:00, run_after=2024-05-12 00:00:00+00:00
[2024-05-12T08:25:49.250+0000] {logging_mixin.py:188} INFO - [2024-05-12T08:25:49.250+0000] {dag.py:3834} INFO - Setting next_dagrun for example_branch_datetime_operator_3 to 2024-05-11 00:00:00+00:00, run_after=2024-05-12 00:00:00+00:00
[2024-05-12T08:25:49.270+0000] {processor.py:183} INFO - Processing /home/airflow/.local/lib/python3.8/site-packages/airflow/example_dags/example_branch_datetime_operator.py took 0.113 seconds
[2024-05-12T08:26:19.455+0000] {processor.py:161} INFO - Started process (PID=701) to work on /home/airflow/.local/lib/python3.8/site-packages/airflow/example_dags/example_branch_datetime_operator.py
[2024-05-12T08:26:19.495+0000] {processor.py:830} INFO - Processing file /home/airflow/.local/lib/python3.8/site-packages/airflow/example_dags/example_branch_datetime_operator.py for tasks to queue
[2024-05-12T08:26:19.497+0000] {logging_mixin.py:188} INFO - [2024-05-12T08:26:19.497+0000] {dagbag.py:540} INFO - Filling up the DagBag from /home/airflow/.local/lib/python3.8/site-packages/airflow/example_dags/example_branch_datetime_operator.py
[2024-05-12T08:26:19.508+0000] {processor.py:840} INFO - DAG(s) 'example_branch_datetime_operator_2', 'example_branch_datetime_operator', 'example_branch_datetime_operator_3' retrieved from /home/airflow/.local/lib/python3.8/site-packages/airflow/example_dags/example_branch_datetime_operator.py
[2024-05-12T08:26:19.538+0000] {logging_mixin.py:188} INFO - [2024-05-12T08:26:19.538+0000] {dag.py:3047} INFO - Sync 3 DAGs
[2024-05-12T08:26:19.563+0000] {logging_mixin.py:188} INFO - [2024-05-12T08:26:19.563+0000] {dag.py:3834} INFO - Setting next_dagrun for example_branch_datetime_operator to 2024-05-11 00:00:00+00:00, run_after=2024-05-12 00:00:00+00:00
[2024-05-12T08:26:19.570+0000] {logging_mixin.py:188} INFO - [2024-05-12T08:26:19.569+0000] {dag.py:3834} INFO - Setting next_dagrun for example_branch_datetime_operator_2 to 2024-05-11 00:00:00+00:00, run_after=2024-05-12 00:00:00+00:00
[2024-05-12T08:26:19.573+0000] {logging_mixin.py:188} INFO - [2024-05-12T08:26:19.573+0000] {dag.py:3834} INFO - Setting next_dagrun for example_branch_datetime_operator_3 to 2024-05-11 00:00:00+00:00, run_after=2024-05-12 00:00:00+00:00
[2024-05-12T08:26:19.590+0000] {processor.py:183} INFO - Processing /home/airflow/.local/lib/python3.8/site-packages/airflow/example_dags/example_branch_datetime_operator.py took 0.138 seconds
[2024-05-12T08:26:50.296+0000] {processor.py:161} INFO - Started process (PID=756) to work on /home/airflow/.local/lib/python3.8/site-packages/airflow/example_dags/example_branch_datetime_operator.py
[2024-05-12T08:26:50.296+0000] {processor.py:830} INFO - Processing file /home/airflow/.local/lib/python3.8/site-packages/airflow/example_dags/example_branch_datetime_operator.py for tasks to queue
[2024-05-12T08:26:50.298+0000] {logging_mixin.py:188} INFO - [2024-05-12T08:26:50.298+0000] {dagbag.py:540} INFO - Filling up the DagBag from /home/airflow/.local/lib/python3.8/site-packages/airflow/example_dags/example_branch_datetime_operator.py
[2024-05-12T08:26:50.309+0000] {processor.py:840} INFO - DAG(s) 'example_branch_datetime_operator_3', 'example_branch_datetime_operator', 'example_branch_datetime_operator_2' retrieved from /home/airflow/.local/lib/python3.8/site-packages/airflow/example_dags/example_branch_datetime_operator.py
[2024-05-12T08:26:50.338+0000] {logging_mixin.py:188} INFO - [2024-05-12T08:26:50.338+0000] {dag.py:3047} INFO - Sync 3 DAGs
[2024-05-12T08:26:50.366+0000] {logging_mixin.py:188} INFO - [2024-05-12T08:26:50.366+0000] {dag.py:3834} INFO - Setting next_dagrun for example_branch_datetime_operator to 2024-05-11 00:00:00+00:00, run_after=2024-05-12 00:00:00+00:00
[2024-05-12T08:26:50.372+0000] {logging_mixin.py:188} INFO - [2024-05-12T08:26:50.372+0000] {dag.py:3834} INFO - Setting next_dagrun for example_branch_datetime_operator_2 to 2024-05-11 00:00:00+00:00, run_after=2024-05-12 00:00:00+00:00
[2024-05-12T08:26:50.375+0000] {logging_mixin.py:188} INFO - [2024-05-12T08:26:50.375+0000] {dag.py:3834} INFO - Setting next_dagrun for example_branch_datetime_operator_3 to 2024-05-11 00:00:00+00:00, run_after=2024-05-12 00:00:00+00:00
[2024-05-12T08:26:50.391+0000] {processor.py:183} INFO - Processing /home/airflow/.local/lib/python3.8/site-packages/airflow/example_dags/example_branch_datetime_operator.py took 0.100 seconds
[2024-05-12T08:27:20.990+0000] {processor.py:161} INFO - Started process (PID=809) to work on /home/airflow/.local/lib/python3.8/site-packages/airflow/example_dags/example_branch_datetime_operator.py
[2024-05-12T08:27:20.991+0000] {processor.py:830} INFO - Processing file /home/airflow/.local/lib/python3.8/site-packages/airflow/example_dags/example_branch_datetime_operator.py for tasks to queue
[2024-05-12T08:27:20.992+0000] {logging_mixin.py:188} INFO - [2024-05-12T08:27:20.992+0000] {dagbag.py:540} INFO - Filling up the DagBag from /home/airflow/.local/lib/python3.8/site-packages/airflow/example_dags/example_branch_datetime_operator.py
[2024-05-12T08:27:21.003+0000] {processor.py:840} INFO - DAG(s) 'example_branch_datetime_operator_2', 'example_branch_datetime_operator', 'example_branch_datetime_operator_3' retrieved from /home/airflow/.local/lib/python3.8/site-packages/airflow/example_dags/example_branch_datetime_operator.py
[2024-05-12T08:27:21.038+0000] {logging_mixin.py:188} INFO - [2024-05-12T08:27:21.037+0000] {dag.py:3047} INFO - Sync 3 DAGs
[2024-05-12T08:27:21.064+0000] {logging_mixin.py:188} INFO - [2024-05-12T08:27:21.064+0000] {dag.py:3834} INFO - Setting next_dagrun for example_branch_datetime_operator to 2024-05-11 00:00:00+00:00, run_after=2024-05-12 00:00:00+00:00
[2024-05-12T08:27:21.069+0000] {logging_mixin.py:188} INFO - [2024-05-12T08:27:21.069+0000] {dag.py:3834} INFO - Setting next_dagrun for example_branch_datetime_operator_2 to 2024-05-11 00:00:00+00:00, run_after=2024-05-12 00:00:00+00:00
[2024-05-12T08:27:21.073+0000] {logging_mixin.py:188} INFO - [2024-05-12T08:27:21.072+0000] {dag.py:3834} INFO - Setting next_dagrun for example_branch_datetime_operator_3 to 2024-05-11 00:00:00+00:00, run_after=2024-05-12 00:00:00+00:00
[2024-05-12T08:27:21.090+0000] {processor.py:183} INFO - Processing /home/airflow/.local/lib/python3.8/site-packages/airflow/example_dags/example_branch_datetime_operator.py took 0.104 seconds
[2024-05-12T08:27:51.416+0000] {processor.py:161} INFO - Started process (PID=865) to work on /home/airflow/.local/lib/python3.8/site-packages/airflow/example_dags/example_branch_datetime_operator.py
[2024-05-12T08:27:51.418+0000] {processor.py:830} INFO - Processing file /home/airflow/.local/lib/python3.8/site-packages/airflow/example_dags/example_branch_datetime_operator.py for tasks to queue
[2024-05-12T08:27:51.420+0000] {logging_mixin.py:188} INFO - [2024-05-12T08:27:51.420+0000] {dagbag.py:540} INFO - Filling up the DagBag from /home/airflow/.local/lib/python3.8/site-packages/airflow/example_dags/example_branch_datetime_operator.py
[2024-05-12T08:27:51.431+0000] {processor.py:840} INFO - DAG(s) 'example_branch_datetime_operator_2', 'example_branch_datetime_operator', 'example_branch_datetime_operator_3' retrieved from /home/airflow/.local/lib/python3.8/site-packages/airflow/example_dags/example_branch_datetime_operator.py
[2024-05-12T08:27:51.463+0000] {logging_mixin.py:188} INFO - [2024-05-12T08:27:51.463+0000] {dag.py:3047} INFO - Sync 3 DAGs
[2024-05-12T08:27:51.488+0000] {logging_mixin.py:188} INFO - [2024-05-12T08:27:51.488+0000] {dag.py:3834} INFO - Setting next_dagrun for example_branch_datetime_operator to 2024-05-11 00:00:00+00:00, run_after=2024-05-12 00:00:00+00:00
[2024-05-12T08:27:51.494+0000] {logging_mixin.py:188} INFO - [2024-05-12T08:27:51.493+0000] {dag.py:3834} INFO - Setting next_dagrun for example_branch_datetime_operator_2 to 2024-05-11 00:00:00+00:00, run_after=2024-05-12 00:00:00+00:00
[2024-05-12T08:27:51.496+0000] {logging_mixin.py:188} INFO - [2024-05-12T08:27:51.496+0000] {dag.py:3834} INFO - Setting next_dagrun for example_branch_datetime_operator_3 to 2024-05-11 00:00:00+00:00, run_after=2024-05-12 00:00:00+00:00
[2024-05-12T08:27:51.517+0000] {processor.py:183} INFO - Processing /home/airflow/.local/lib/python3.8/site-packages/airflow/example_dags/example_branch_datetime_operator.py took 0.104 seconds
[2024-05-12T08:28:21.632+0000] {processor.py:161} INFO - Started process (PID=920) to work on /home/airflow/.local/lib/python3.8/site-packages/airflow/example_dags/example_branch_datetime_operator.py
[2024-05-12T08:28:21.633+0000] {processor.py:830} INFO - Processing file /home/airflow/.local/lib/python3.8/site-packages/airflow/example_dags/example_branch_datetime_operator.py for tasks to queue
[2024-05-12T08:28:21.635+0000] {logging_mixin.py:188} INFO - [2024-05-12T08:28:21.635+0000] {dagbag.py:540} INFO - Filling up the DagBag from /home/airflow/.local/lib/python3.8/site-packages/airflow/example_dags/example_branch_datetime_operator.py
[2024-05-12T08:28:21.646+0000] {processor.py:840} INFO - DAG(s) 'example_branch_datetime_operator_2', 'example_branch_datetime_operator', 'example_branch_datetime_operator_3' retrieved from /home/airflow/.local/lib/python3.8/site-packages/airflow/example_dags/example_branch_datetime_operator.py
[2024-05-12T08:28:21.675+0000] {logging_mixin.py:188} INFO - [2024-05-12T08:28:21.674+0000] {dag.py:3047} INFO - Sync 3 DAGs
[2024-05-12T08:28:21.699+0000] {logging_mixin.py:188} INFO - [2024-05-12T08:28:21.699+0000] {dag.py:3834} INFO - Setting next_dagrun for example_branch_datetime_operator to 2024-05-11 00:00:00+00:00, run_after=2024-05-12 00:00:00+00:00
[2024-05-12T08:28:21.705+0000] {logging_mixin.py:188} INFO - [2024-05-12T08:28:21.705+0000] {dag.py:3834} INFO - Setting next_dagrun for example_branch_datetime_operator_2 to 2024-05-11 00:00:00+00:00, run_after=2024-05-12 00:00:00+00:00
[2024-05-12T08:28:21.708+0000] {logging_mixin.py:188} INFO - [2024-05-12T08:28:21.708+0000] {dag.py:3834} INFO - Setting next_dagrun for example_branch_datetime_operator_3 to 2024-05-11 00:00:00+00:00, run_after=2024-05-12 00:00:00+00:00
[2024-05-12T08:28:21.724+0000] {processor.py:183} INFO - Processing /home/airflow/.local/lib/python3.8/site-packages/airflow/example_dags/example_branch_datetime_operator.py took 0.096 seconds
