[2024-05-12T08:20:43.651+0000] {processor.py:161} INFO - Started process (PID=90) to work on /home/airflow/.local/lib/python3.8/site-packages/airflow/example_dags/example_task_group.py
[2024-05-12T08:20:43.652+0000] {processor.py:830} INFO - Processing file /home/airflow/.local/lib/python3.8/site-packages/airflow/example_dags/example_task_group.py for tasks to queue
[2024-05-12T08:20:43.654+0000] {logging_mixin.py:188} INFO - [2024-05-12T08:20:43.654+0000] {dagbag.py:540} INFO - Filling up the DagBag from /home/airflow/.local/lib/python3.8/site-packages/airflow/example_dags/example_task_group.py
[2024-05-12T08:20:43.664+0000] {processor.py:840} INFO - DAG(s) 'example_task_group' retrieved from /home/airflow/.local/lib/python3.8/site-packages/airflow/example_dags/example_task_group.py
[2024-05-12T08:20:43.697+0000] {logging_mixin.py:188} INFO - [2024-05-12T08:20:43.696+0000] {dag.py:3047} INFO - Sync 1 DAGs
[2024-05-12T08:20:43.731+0000] {logging_mixin.py:188} INFO - [2024-05-12T08:20:43.731+0000] {dag.py:3834} INFO - Setting next_dagrun for example_task_group to 2024-05-11 00:00:00+00:00, run_after=2024-05-12 00:00:00+00:00
[2024-05-12T08:20:43.756+0000] {processor.py:183} INFO - Processing /home/airflow/.local/lib/python3.8/site-packages/airflow/example_dags/example_task_group.py took 0.110 seconds
[2024-05-12T08:21:14.079+0000] {processor.py:161} INFO - Started process (PID=146) to work on /home/airflow/.local/lib/python3.8/site-packages/airflow/example_dags/example_task_group.py
[2024-05-12T08:21:14.080+0000] {processor.py:830} INFO - Processing file /home/airflow/.local/lib/python3.8/site-packages/airflow/example_dags/example_task_group.py for tasks to queue
[2024-05-12T08:21:14.082+0000] {logging_mixin.py:188} INFO - [2024-05-12T08:21:14.082+0000] {dagbag.py:540} INFO - Filling up the DagBag from /home/airflow/.local/lib/python3.8/site-packages/airflow/example_dags/example_task_group.py
[2024-05-12T08:21:14.090+0000] {processor.py:840} INFO - DAG(s) 'example_task_group' retrieved from /home/airflow/.local/lib/python3.8/site-packages/airflow/example_dags/example_task_group.py
[2024-05-12T08:21:14.113+0000] {logging_mixin.py:188} INFO - [2024-05-12T08:21:14.113+0000] {dag.py:3047} INFO - Sync 1 DAGs
[2024-05-12T08:21:14.137+0000] {logging_mixin.py:188} INFO - [2024-05-12T08:21:14.137+0000] {dag.py:3834} INFO - Setting next_dagrun for example_task_group to 2024-05-11 00:00:00+00:00, run_after=2024-05-12 00:00:00+00:00
[2024-05-12T08:21:14.161+0000] {processor.py:183} INFO - Processing /home/airflow/.local/lib/python3.8/site-packages/airflow/example_dags/example_task_group.py took 0.086 seconds
[2024-05-12T08:21:45.162+0000] {processor.py:161} INFO - Started process (PID=201) to work on /home/airflow/.local/lib/python3.8/site-packages/airflow/example_dags/example_task_group.py
[2024-05-12T08:21:45.164+0000] {processor.py:830} INFO - Processing file /home/airflow/.local/lib/python3.8/site-packages/airflow/example_dags/example_task_group.py for tasks to queue
[2024-05-12T08:21:45.167+0000] {logging_mixin.py:188} INFO - [2024-05-12T08:21:45.166+0000] {dagbag.py:540} INFO - Filling up the DagBag from /home/airflow/.local/lib/python3.8/site-packages/airflow/example_dags/example_task_group.py
[2024-05-12T08:21:45.177+0000] {processor.py:840} INFO - DAG(s) 'example_task_group' retrieved from /home/airflow/.local/lib/python3.8/site-packages/airflow/example_dags/example_task_group.py
[2024-05-12T08:21:45.212+0000] {logging_mixin.py:188} INFO - [2024-05-12T08:21:45.211+0000] {dag.py:3047} INFO - Sync 1 DAGs
[2024-05-12T08:21:45.242+0000] {logging_mixin.py:188} INFO - [2024-05-12T08:21:45.242+0000] {dag.py:3834} INFO - Setting next_dagrun for example_task_group to 2024-05-11 00:00:00+00:00, run_after=2024-05-12 00:00:00+00:00
[2024-05-12T08:21:45.266+0000] {processor.py:183} INFO - Processing /home/airflow/.local/lib/python3.8/site-packages/airflow/example_dags/example_task_group.py took 0.109 seconds
[2024-05-12T08:22:15.816+0000] {processor.py:161} INFO - Started process (PID=256) to work on /home/airflow/.local/lib/python3.8/site-packages/airflow/example_dags/example_task_group.py
[2024-05-12T08:22:15.818+0000] {processor.py:830} INFO - Processing file /home/airflow/.local/lib/python3.8/site-packages/airflow/example_dags/example_task_group.py for tasks to queue
[2024-05-12T08:22:15.820+0000] {logging_mixin.py:188} INFO - [2024-05-12T08:22:15.820+0000] {dagbag.py:540} INFO - Filling up the DagBag from /home/airflow/.local/lib/python3.8/site-packages/airflow/example_dags/example_task_group.py
[2024-05-12T08:22:15.828+0000] {processor.py:840} INFO - DAG(s) 'example_task_group' retrieved from /home/airflow/.local/lib/python3.8/site-packages/airflow/example_dags/example_task_group.py
[2024-05-12T08:22:15.860+0000] {logging_mixin.py:188} INFO - [2024-05-12T08:22:15.860+0000] {dag.py:3047} INFO - Sync 1 DAGs
[2024-05-12T08:22:15.884+0000] {logging_mixin.py:188} INFO - [2024-05-12T08:22:15.884+0000] {dag.py:3834} INFO - Setting next_dagrun for example_task_group to 2024-05-11 00:00:00+00:00, run_after=2024-05-12 00:00:00+00:00
[2024-05-12T08:22:15.903+0000] {processor.py:183} INFO - Processing /home/airflow/.local/lib/python3.8/site-packages/airflow/example_dags/example_task_group.py took 0.090 seconds
[2024-05-12T08:22:46.717+0000] {processor.py:161} INFO - Started process (PID=310) to work on /home/airflow/.local/lib/python3.8/site-packages/airflow/example_dags/example_task_group.py
[2024-05-12T08:22:46.719+0000] {processor.py:830} INFO - Processing file /home/airflow/.local/lib/python3.8/site-packages/airflow/example_dags/example_task_group.py for tasks to queue
[2024-05-12T08:22:46.721+0000] {logging_mixin.py:188} INFO - [2024-05-12T08:22:46.721+0000] {dagbag.py:540} INFO - Filling up the DagBag from /home/airflow/.local/lib/python3.8/site-packages/airflow/example_dags/example_task_group.py
[2024-05-12T08:22:46.730+0000] {processor.py:840} INFO - DAG(s) 'example_task_group' retrieved from /home/airflow/.local/lib/python3.8/site-packages/airflow/example_dags/example_task_group.py
[2024-05-12T08:22:46.756+0000] {logging_mixin.py:188} INFO - [2024-05-12T08:22:46.756+0000] {dag.py:3047} INFO - Sync 1 DAGs
[2024-05-12T08:22:46.780+0000] {logging_mixin.py:188} INFO - [2024-05-12T08:22:46.780+0000] {dag.py:3834} INFO - Setting next_dagrun for example_task_group to 2024-05-11 00:00:00+00:00, run_after=2024-05-12 00:00:00+00:00
[2024-05-12T08:22:46.804+0000] {processor.py:183} INFO - Processing /home/airflow/.local/lib/python3.8/site-packages/airflow/example_dags/example_task_group.py took 0.091 seconds
[2024-05-12T08:23:17.233+0000] {processor.py:161} INFO - Started process (PID=365) to work on /home/airflow/.local/lib/python3.8/site-packages/airflow/example_dags/example_task_group.py
[2024-05-12T08:23:17.235+0000] {processor.py:830} INFO - Processing file /home/airflow/.local/lib/python3.8/site-packages/airflow/example_dags/example_task_group.py for tasks to queue
[2024-05-12T08:23:17.237+0000] {logging_mixin.py:188} INFO - [2024-05-12T08:23:17.236+0000] {dagbag.py:540} INFO - Filling up the DagBag from /home/airflow/.local/lib/python3.8/site-packages/airflow/example_dags/example_task_group.py
[2024-05-12T08:23:17.245+0000] {processor.py:840} INFO - DAG(s) 'example_task_group' retrieved from /home/airflow/.local/lib/python3.8/site-packages/airflow/example_dags/example_task_group.py
[2024-05-12T08:23:17.259+0000] {logging_mixin.py:188} INFO - [2024-05-12T08:23:17.258+0000] {dag.py:3047} INFO - Sync 1 DAGs
[2024-05-12T08:23:17.289+0000] {logging_mixin.py:188} INFO - [2024-05-12T08:23:17.289+0000] {dag.py:3834} INFO - Setting next_dagrun for example_task_group to 2024-05-11 00:00:00+00:00, run_after=2024-05-12 00:00:00+00:00
[2024-05-12T08:23:17.313+0000] {processor.py:183} INFO - Processing /home/airflow/.local/lib/python3.8/site-packages/airflow/example_dags/example_task_group.py took 0.084 seconds
[2024-05-12T08:23:48.215+0000] {processor.py:161} INFO - Started process (PID=420) to work on /home/airflow/.local/lib/python3.8/site-packages/airflow/example_dags/example_task_group.py
[2024-05-12T08:23:48.217+0000] {processor.py:830} INFO - Processing file /home/airflow/.local/lib/python3.8/site-packages/airflow/example_dags/example_task_group.py for tasks to queue
[2024-05-12T08:23:48.220+0000] {logging_mixin.py:188} INFO - [2024-05-12T08:23:48.219+0000] {dagbag.py:540} INFO - Filling up the DagBag from /home/airflow/.local/lib/python3.8/site-packages/airflow/example_dags/example_task_group.py
[2024-05-12T08:23:48.230+0000] {processor.py:840} INFO - DAG(s) 'example_task_group' retrieved from /home/airflow/.local/lib/python3.8/site-packages/airflow/example_dags/example_task_group.py
[2024-05-12T08:23:48.346+0000] {logging_mixin.py:188} INFO - [2024-05-12T08:23:48.345+0000] {dag.py:3047} INFO - Sync 1 DAGs
[2024-05-12T08:23:48.366+0000] {logging_mixin.py:188} INFO - [2024-05-12T08:23:48.366+0000] {dag.py:3834} INFO - Setting next_dagrun for example_task_group to 2024-05-11 00:00:00+00:00, run_after=2024-05-12 00:00:00+00:00
[2024-05-12T08:23:48.385+0000] {processor.py:183} INFO - Processing /home/airflow/.local/lib/python3.8/site-packages/airflow/example_dags/example_task_group.py took 0.174 seconds
[2024-05-12T08:24:18.582+0000] {processor.py:161} INFO - Started process (PID=476) to work on /home/airflow/.local/lib/python3.8/site-packages/airflow/example_dags/example_task_group.py
[2024-05-12T08:24:18.584+0000] {processor.py:830} INFO - Processing file /home/airflow/.local/lib/python3.8/site-packages/airflow/example_dags/example_task_group.py for tasks to queue
[2024-05-12T08:24:18.586+0000] {logging_mixin.py:188} INFO - [2024-05-12T08:24:18.585+0000] {dagbag.py:540} INFO - Filling up the DagBag from /home/airflow/.local/lib/python3.8/site-packages/airflow/example_dags/example_task_group.py
[2024-05-12T08:24:18.595+0000] {processor.py:840} INFO - DAG(s) 'example_task_group' retrieved from /home/airflow/.local/lib/python3.8/site-packages/airflow/example_dags/example_task_group.py
[2024-05-12T08:24:18.624+0000] {logging_mixin.py:188} INFO - [2024-05-12T08:24:18.623+0000] {dag.py:3047} INFO - Sync 1 DAGs
[2024-05-12T08:24:18.648+0000] {logging_mixin.py:188} INFO - [2024-05-12T08:24:18.647+0000] {dag.py:3834} INFO - Setting next_dagrun for example_task_group to 2024-05-11 00:00:00+00:00, run_after=2024-05-12 00:00:00+00:00
[2024-05-12T08:24:18.671+0000] {processor.py:183} INFO - Processing /home/airflow/.local/lib/python3.8/site-packages/airflow/example_dags/example_task_group.py took 0.094 seconds
[2024-05-12T08:24:48.946+0000] {processor.py:161} INFO - Started process (PID=537) to work on /home/airflow/.local/lib/python3.8/site-packages/airflow/example_dags/example_task_group.py
[2024-05-12T08:24:48.947+0000] {processor.py:830} INFO - Processing file /home/airflow/.local/lib/python3.8/site-packages/airflow/example_dags/example_task_group.py for tasks to queue
[2024-05-12T08:24:48.949+0000] {logging_mixin.py:188} INFO - [2024-05-12T08:24:48.949+0000] {dagbag.py:540} INFO - Filling up the DagBag from /home/airflow/.local/lib/python3.8/site-packages/airflow/example_dags/example_task_group.py
[2024-05-12T08:24:48.957+0000] {processor.py:840} INFO - DAG(s) 'example_task_group' retrieved from /home/airflow/.local/lib/python3.8/site-packages/airflow/example_dags/example_task_group.py
[2024-05-12T08:24:48.980+0000] {logging_mixin.py:188} INFO - [2024-05-12T08:24:48.979+0000] {dag.py:3047} INFO - Sync 1 DAGs
[2024-05-12T08:24:49.002+0000] {logging_mixin.py:188} INFO - [2024-05-12T08:24:49.002+0000] {dag.py:3834} INFO - Setting next_dagrun for example_task_group to 2024-05-11 00:00:00+00:00, run_after=2024-05-12 00:00:00+00:00
[2024-05-12T08:24:49.021+0000] {processor.py:183} INFO - Processing /home/airflow/.local/lib/python3.8/site-packages/airflow/example_dags/example_task_group.py took 0.078 seconds
[2024-05-12T08:25:19.088+0000] {processor.py:161} INFO - Started process (PID=592) to work on /home/airflow/.local/lib/python3.8/site-packages/airflow/example_dags/example_task_group.py
[2024-05-12T08:25:19.089+0000] {processor.py:830} INFO - Processing file /home/airflow/.local/lib/python3.8/site-packages/airflow/example_dags/example_task_group.py for tasks to queue
[2024-05-12T08:25:19.091+0000] {logging_mixin.py:188} INFO - [2024-05-12T08:25:19.091+0000] {dagbag.py:540} INFO - Filling up the DagBag from /home/airflow/.local/lib/python3.8/site-packages/airflow/example_dags/example_task_group.py
[2024-05-12T08:25:19.099+0000] {processor.py:840} INFO - DAG(s) 'example_task_group' retrieved from /home/airflow/.local/lib/python3.8/site-packages/airflow/example_dags/example_task_group.py
[2024-05-12T08:25:19.126+0000] {logging_mixin.py:188} INFO - [2024-05-12T08:25:19.125+0000] {dag.py:3047} INFO - Sync 1 DAGs
[2024-05-12T08:25:19.155+0000] {logging_mixin.py:188} INFO - [2024-05-12T08:25:19.154+0000] {dag.py:3834} INFO - Setting next_dagrun for example_task_group to 2024-05-11 00:00:00+00:00, run_after=2024-05-12 00:00:00+00:00
[2024-05-12T08:25:19.181+0000] {processor.py:183} INFO - Processing /home/airflow/.local/lib/python3.8/site-packages/airflow/example_dags/example_task_group.py took 0.097 seconds
[2024-05-12T08:25:49.293+0000] {processor.py:161} INFO - Started process (PID=647) to work on /home/airflow/.local/lib/python3.8/site-packages/airflow/example_dags/example_task_group.py
[2024-05-12T08:25:49.294+0000] {processor.py:830} INFO - Processing file /home/airflow/.local/lib/python3.8/site-packages/airflow/example_dags/example_task_group.py for tasks to queue
[2024-05-12T08:25:49.295+0000] {logging_mixin.py:188} INFO - [2024-05-12T08:25:49.295+0000] {dagbag.py:540} INFO - Filling up the DagBag from /home/airflow/.local/lib/python3.8/site-packages/airflow/example_dags/example_task_group.py
[2024-05-12T08:25:49.303+0000] {processor.py:840} INFO - DAG(s) 'example_task_group' retrieved from /home/airflow/.local/lib/python3.8/site-packages/airflow/example_dags/example_task_group.py
[2024-05-12T08:25:49.327+0000] {logging_mixin.py:188} INFO - [2024-05-12T08:25:49.326+0000] {dag.py:3047} INFO - Sync 1 DAGs
[2024-05-12T08:25:49.350+0000] {logging_mixin.py:188} INFO - [2024-05-12T08:25:49.350+0000] {dag.py:3834} INFO - Setting next_dagrun for example_task_group to 2024-05-11 00:00:00+00:00, run_after=2024-05-12 00:00:00+00:00
[2024-05-12T08:25:49.370+0000] {processor.py:183} INFO - Processing /home/airflow/.local/lib/python3.8/site-packages/airflow/example_dags/example_task_group.py took 0.081 seconds
[2024-05-12T08:26:19.583+0000] {processor.py:161} INFO - Started process (PID=703) to work on /home/airflow/.local/lib/python3.8/site-packages/airflow/example_dags/example_task_group.py
[2024-05-12T08:26:19.584+0000] {processor.py:830} INFO - Processing file /home/airflow/.local/lib/python3.8/site-packages/airflow/example_dags/example_task_group.py for tasks to queue
[2024-05-12T08:26:19.586+0000] {logging_mixin.py:188} INFO - [2024-05-12T08:26:19.586+0000] {dagbag.py:540} INFO - Filling up the DagBag from /home/airflow/.local/lib/python3.8/site-packages/airflow/example_dags/example_task_group.py
[2024-05-12T08:26:19.595+0000] {processor.py:840} INFO - DAG(s) 'example_task_group' retrieved from /home/airflow/.local/lib/python3.8/site-packages/airflow/example_dags/example_task_group.py
[2024-05-12T08:26:19.619+0000] {logging_mixin.py:188} INFO - [2024-05-12T08:26:19.618+0000] {dag.py:3047} INFO - Sync 1 DAGs
[2024-05-12T08:26:19.643+0000] {logging_mixin.py:188} INFO - [2024-05-12T08:26:19.643+0000] {dag.py:3834} INFO - Setting next_dagrun for example_task_group to 2024-05-11 00:00:00+00:00, run_after=2024-05-12 00:00:00+00:00
[2024-05-12T08:26:19.661+0000] {processor.py:183} INFO - Processing /home/airflow/.local/lib/python3.8/site-packages/airflow/example_dags/example_task_group.py took 0.082 seconds
[2024-05-12T08:26:50.414+0000] {processor.py:161} INFO - Started process (PID=758) to work on /home/airflow/.local/lib/python3.8/site-packages/airflow/example_dags/example_task_group.py
[2024-05-12T08:26:50.415+0000] {processor.py:830} INFO - Processing file /home/airflow/.local/lib/python3.8/site-packages/airflow/example_dags/example_task_group.py for tasks to queue
[2024-05-12T08:26:50.417+0000] {logging_mixin.py:188} INFO - [2024-05-12T08:26:50.416+0000] {dagbag.py:540} INFO - Filling up the DagBag from /home/airflow/.local/lib/python3.8/site-packages/airflow/example_dags/example_task_group.py
[2024-05-12T08:26:50.424+0000] {processor.py:840} INFO - DAG(s) 'example_task_group' retrieved from /home/airflow/.local/lib/python3.8/site-packages/airflow/example_dags/example_task_group.py
[2024-05-12T08:26:50.447+0000] {logging_mixin.py:188} INFO - [2024-05-12T08:26:50.447+0000] {dag.py:3047} INFO - Sync 1 DAGs
[2024-05-12T08:26:50.469+0000] {logging_mixin.py:188} INFO - [2024-05-12T08:26:50.469+0000] {dag.py:3834} INFO - Setting next_dagrun for example_task_group to 2024-05-11 00:00:00+00:00, run_after=2024-05-12 00:00:00+00:00
[2024-05-12T08:26:50.498+0000] {processor.py:183} INFO - Processing /home/airflow/.local/lib/python3.8/site-packages/airflow/example_dags/example_task_group.py took 0.088 seconds
[2024-05-12T08:27:21.112+0000] {processor.py:161} INFO - Started process (PID=811) to work on /home/airflow/.local/lib/python3.8/site-packages/airflow/example_dags/example_task_group.py
[2024-05-12T08:27:21.113+0000] {processor.py:830} INFO - Processing file /home/airflow/.local/lib/python3.8/site-packages/airflow/example_dags/example_task_group.py for tasks to queue
[2024-05-12T08:27:21.115+0000] {logging_mixin.py:188} INFO - [2024-05-12T08:27:21.115+0000] {dagbag.py:540} INFO - Filling up the DagBag from /home/airflow/.local/lib/python3.8/site-packages/airflow/example_dags/example_task_group.py
[2024-05-12T08:27:21.125+0000] {processor.py:840} INFO - DAG(s) 'example_task_group' retrieved from /home/airflow/.local/lib/python3.8/site-packages/airflow/example_dags/example_task_group.py
[2024-05-12T08:27:21.153+0000] {logging_mixin.py:188} INFO - [2024-05-12T08:27:21.153+0000] {dag.py:3047} INFO - Sync 1 DAGs
[2024-05-12T08:27:21.180+0000] {logging_mixin.py:188} INFO - [2024-05-12T08:27:21.180+0000] {dag.py:3834} INFO - Setting next_dagrun for example_task_group to 2024-05-11 00:00:00+00:00, run_after=2024-05-12 00:00:00+00:00
[2024-05-12T08:27:21.211+0000] {processor.py:183} INFO - Processing /home/airflow/.local/lib/python3.8/site-packages/airflow/example_dags/example_task_group.py took 0.103 seconds
[2024-05-12T08:27:51.542+0000] {processor.py:161} INFO - Started process (PID=867) to work on /home/airflow/.local/lib/python3.8/site-packages/airflow/example_dags/example_task_group.py
[2024-05-12T08:27:51.544+0000] {processor.py:830} INFO - Processing file /home/airflow/.local/lib/python3.8/site-packages/airflow/example_dags/example_task_group.py for tasks to queue
[2024-05-12T08:27:51.546+0000] {logging_mixin.py:188} INFO - [2024-05-12T08:27:51.546+0000] {dagbag.py:540} INFO - Filling up the DagBag from /home/airflow/.local/lib/python3.8/site-packages/airflow/example_dags/example_task_group.py
[2024-05-12T08:27:51.554+0000] {processor.py:840} INFO - DAG(s) 'example_task_group' retrieved from /home/airflow/.local/lib/python3.8/site-packages/airflow/example_dags/example_task_group.py
[2024-05-12T08:27:51.577+0000] {logging_mixin.py:188} INFO - [2024-05-12T08:27:51.577+0000] {dag.py:3047} INFO - Sync 1 DAGs
[2024-05-12T08:27:51.600+0000] {logging_mixin.py:188} INFO - [2024-05-12T08:27:51.600+0000] {dag.py:3834} INFO - Setting next_dagrun for example_task_group to 2024-05-11 00:00:00+00:00, run_after=2024-05-12 00:00:00+00:00
[2024-05-12T08:27:51.622+0000] {processor.py:183} INFO - Processing /home/airflow/.local/lib/python3.8/site-packages/airflow/example_dags/example_task_group.py took 0.085 seconds
[2024-05-12T08:28:21.750+0000] {processor.py:161} INFO - Started process (PID=922) to work on /home/airflow/.local/lib/python3.8/site-packages/airflow/example_dags/example_task_group.py
[2024-05-12T08:28:21.751+0000] {processor.py:830} INFO - Processing file /home/airflow/.local/lib/python3.8/site-packages/airflow/example_dags/example_task_group.py for tasks to queue
[2024-05-12T08:28:21.753+0000] {logging_mixin.py:188} INFO - [2024-05-12T08:28:21.753+0000] {dagbag.py:540} INFO - Filling up the DagBag from /home/airflow/.local/lib/python3.8/site-packages/airflow/example_dags/example_task_group.py
[2024-05-12T08:28:21.761+0000] {processor.py:840} INFO - DAG(s) 'example_task_group' retrieved from /home/airflow/.local/lib/python3.8/site-packages/airflow/example_dags/example_task_group.py
[2024-05-12T08:28:21.786+0000] {logging_mixin.py:188} INFO - [2024-05-12T08:28:21.785+0000] {dag.py:3047} INFO - Sync 1 DAGs
[2024-05-12T08:28:21.810+0000] {logging_mixin.py:188} INFO - [2024-05-12T08:28:21.809+0000] {dag.py:3834} INFO - Setting next_dagrun for example_task_group to 2024-05-11 00:00:00+00:00, run_after=2024-05-12 00:00:00+00:00
[2024-05-12T08:28:21.830+0000] {processor.py:183} INFO - Processing /home/airflow/.local/lib/python3.8/site-packages/airflow/example_dags/example_task_group.py took 0.085 seconds
