[2024-05-12T08:20:42.799+0000] {processor.py:161} INFO - Started process (PID=80) to work on /home/airflow/.local/lib/python3.8/site-packages/airflow/example_dags/example_datasets.py
[2024-05-12T08:20:42.800+0000] {processor.py:830} INFO - Processing file /home/airflow/.local/lib/python3.8/site-packages/airflow/example_dags/example_datasets.py for tasks to queue
[2024-05-12T08:20:42.802+0000] {logging_mixin.py:188} INFO - [2024-05-12T08:20:42.802+0000] {dagbag.py:540} INFO - Filling up the DagBag from /home/airflow/.local/lib/python3.8/site-packages/airflow/example_dags/example_datasets.py
[2024-05-12T08:20:42.816+0000] {processor.py:840} INFO - DAG(s) 'dataset_consumes_1_and_2', 'dataset_consumes_unknown_never_scheduled', 'dataset_consumes_1_never_scheduled', 'dataset_produces_2', 'dataset_produces_1', 'dataset_consumes_1' retrieved from /home/airflow/.local/lib/python3.8/site-packages/airflow/example_dags/example_datasets.py
[2024-05-12T08:20:42.874+0000] {logging_mixin.py:188} INFO - [2024-05-12T08:20:42.874+0000] {dag.py:3047} INFO - Sync 6 DAGs
[2024-05-12T08:20:42.915+0000] {logging_mixin.py:188} INFO - [2024-05-12T08:20:42.915+0000] {dag.py:3834} INFO - Setting next_dagrun for dataset_consumes_1 to None, run_after=None
[2024-05-12T08:20:42.921+0000] {logging_mixin.py:188} INFO - [2024-05-12T08:20:42.921+0000] {dag.py:3834} INFO - Setting next_dagrun for dataset_consumes_1_and_2 to None, run_after=None
[2024-05-12T08:20:42.923+0000] {logging_mixin.py:188} INFO - [2024-05-12T08:20:42.923+0000] {dag.py:3834} INFO - Setting next_dagrun for dataset_consumes_1_never_scheduled to None, run_after=None
[2024-05-12T08:20:42.925+0000] {logging_mixin.py:188} INFO - [2024-05-12T08:20:42.924+0000] {dag.py:3834} INFO - Setting next_dagrun for dataset_consumes_unknown_never_scheduled to None, run_after=None
[2024-05-12T08:20:42.929+0000] {logging_mixin.py:188} INFO - [2024-05-12T08:20:42.929+0000] {dag.py:3834} INFO - Setting next_dagrun for dataset_produces_1 to 2024-05-11 00:00:00+00:00, run_after=2024-05-12 00:00:00+00:00
[2024-05-12T08:20:42.930+0000] {logging_mixin.py:188} INFO - [2024-05-12T08:20:42.930+0000] {dag.py:3834} INFO - Setting next_dagrun for dataset_produces_2 to None, run_after=None
[2024-05-12T08:20:42.971+0000] {processor.py:183} INFO - Processing /home/airflow/.local/lib/python3.8/site-packages/airflow/example_dags/example_datasets.py took 0.178 seconds
[2024-05-12T08:21:13.467+0000] {processor.py:161} INFO - Started process (PID=136) to work on /home/airflow/.local/lib/python3.8/site-packages/airflow/example_dags/example_datasets.py
[2024-05-12T08:21:13.468+0000] {processor.py:830} INFO - Processing file /home/airflow/.local/lib/python3.8/site-packages/airflow/example_dags/example_datasets.py for tasks to queue
[2024-05-12T08:21:13.470+0000] {logging_mixin.py:188} INFO - [2024-05-12T08:21:13.470+0000] {dagbag.py:540} INFO - Filling up the DagBag from /home/airflow/.local/lib/python3.8/site-packages/airflow/example_dags/example_datasets.py
[2024-05-12T08:21:13.483+0000] {processor.py:840} INFO - DAG(s) 'dataset_consumes_unknown_never_scheduled', 'dataset_produces_1', 'dataset_consumes_1', 'dataset_consumes_1_and_2', 'dataset_produces_2', 'dataset_consumes_1_never_scheduled' retrieved from /home/airflow/.local/lib/python3.8/site-packages/airflow/example_dags/example_datasets.py
[2024-05-12T08:21:13.532+0000] {logging_mixin.py:188} INFO - [2024-05-12T08:21:13.531+0000] {dag.py:3047} INFO - Sync 6 DAGs
[2024-05-12T08:21:13.561+0000] {logging_mixin.py:188} INFO - [2024-05-12T08:21:13.560+0000] {dag.py:3834} INFO - Setting next_dagrun for dataset_consumes_1 to None, run_after=None
[2024-05-12T08:21:13.565+0000] {logging_mixin.py:188} INFO - [2024-05-12T08:21:13.564+0000] {dag.py:3834} INFO - Setting next_dagrun for dataset_consumes_1_and_2 to None, run_after=None
[2024-05-12T08:21:13.566+0000] {logging_mixin.py:188} INFO - [2024-05-12T08:21:13.566+0000] {dag.py:3834} INFO - Setting next_dagrun for dataset_consumes_1_never_scheduled to None, run_after=None
[2024-05-12T08:21:13.567+0000] {logging_mixin.py:188} INFO - [2024-05-12T08:21:13.567+0000] {dag.py:3834} INFO - Setting next_dagrun for dataset_consumes_unknown_never_scheduled to None, run_after=None
[2024-05-12T08:21:13.570+0000] {logging_mixin.py:188} INFO - [2024-05-12T08:21:13.570+0000] {dag.py:3834} INFO - Setting next_dagrun for dataset_produces_1 to 2024-05-11 00:00:00+00:00, run_after=2024-05-12 00:00:00+00:00
[2024-05-12T08:21:13.571+0000] {logging_mixin.py:188} INFO - [2024-05-12T08:21:13.571+0000] {dag.py:3834} INFO - Setting next_dagrun for dataset_produces_2 to None, run_after=None
[2024-05-12T08:21:13.627+0000] {processor.py:183} INFO - Processing /home/airflow/.local/lib/python3.8/site-packages/airflow/example_dags/example_datasets.py took 0.165 seconds
[2024-05-12T08:21:44.445+0000] {processor.py:161} INFO - Started process (PID=191) to work on /home/airflow/.local/lib/python3.8/site-packages/airflow/example_dags/example_datasets.py
[2024-05-12T08:21:44.447+0000] {processor.py:830} INFO - Processing file /home/airflow/.local/lib/python3.8/site-packages/airflow/example_dags/example_datasets.py for tasks to queue
[2024-05-12T08:21:44.449+0000] {logging_mixin.py:188} INFO - [2024-05-12T08:21:44.448+0000] {dagbag.py:540} INFO - Filling up the DagBag from /home/airflow/.local/lib/python3.8/site-packages/airflow/example_dags/example_datasets.py
[2024-05-12T08:21:44.459+0000] {processor.py:840} INFO - DAG(s) 'dataset_consumes_unknown_never_scheduled', 'dataset_consumes_1_and_2', 'dataset_consumes_1_never_scheduled', 'dataset_consumes_1', 'dataset_produces_1', 'dataset_produces_2' retrieved from /home/airflow/.local/lib/python3.8/site-packages/airflow/example_dags/example_datasets.py
[2024-05-12T08:21:44.496+0000] {logging_mixin.py:188} INFO - [2024-05-12T08:21:44.496+0000] {dag.py:3047} INFO - Sync 6 DAGs
[2024-05-12T08:21:44.522+0000] {logging_mixin.py:188} INFO - [2024-05-12T08:21:44.522+0000] {dag.py:3834} INFO - Setting next_dagrun for dataset_consumes_1 to None, run_after=None
[2024-05-12T08:21:44.527+0000] {logging_mixin.py:188} INFO - [2024-05-12T08:21:44.527+0000] {dag.py:3834} INFO - Setting next_dagrun for dataset_consumes_1_and_2 to None, run_after=None
[2024-05-12T08:21:44.529+0000] {logging_mixin.py:188} INFO - [2024-05-12T08:21:44.529+0000] {dag.py:3834} INFO - Setting next_dagrun for dataset_consumes_1_never_scheduled to None, run_after=None
[2024-05-12T08:21:44.530+0000] {logging_mixin.py:188} INFO - [2024-05-12T08:21:44.530+0000] {dag.py:3834} INFO - Setting next_dagrun for dataset_consumes_unknown_never_scheduled to None, run_after=None
[2024-05-12T08:21:44.534+0000] {logging_mixin.py:188} INFO - [2024-05-12T08:21:44.534+0000] {dag.py:3834} INFO - Setting next_dagrun for dataset_produces_1 to 2024-05-11 00:00:00+00:00, run_after=2024-05-12 00:00:00+00:00
[2024-05-12T08:21:44.536+0000] {logging_mixin.py:188} INFO - [2024-05-12T08:21:44.536+0000] {dag.py:3834} INFO - Setting next_dagrun for dataset_produces_2 to None, run_after=None
[2024-05-12T08:21:44.575+0000] {processor.py:183} INFO - Processing /home/airflow/.local/lib/python3.8/site-packages/airflow/example_dags/example_datasets.py took 0.133 seconds
[2024-05-12T08:22:14.971+0000] {processor.py:161} INFO - Started process (PID=246) to work on /home/airflow/.local/lib/python3.8/site-packages/airflow/example_dags/example_datasets.py
[2024-05-12T08:22:14.972+0000] {processor.py:830} INFO - Processing file /home/airflow/.local/lib/python3.8/site-packages/airflow/example_dags/example_datasets.py for tasks to queue
[2024-05-12T08:22:14.974+0000] {logging_mixin.py:188} INFO - [2024-05-12T08:22:14.974+0000] {dagbag.py:540} INFO - Filling up the DagBag from /home/airflow/.local/lib/python3.8/site-packages/airflow/example_dags/example_datasets.py
[2024-05-12T08:22:14.984+0000] {processor.py:840} INFO - DAG(s) 'dataset_consumes_1_and_2', 'dataset_produces_1', 'dataset_produces_2', 'dataset_consumes_unknown_never_scheduled', 'dataset_consumes_1', 'dataset_consumes_1_never_scheduled' retrieved from /home/airflow/.local/lib/python3.8/site-packages/airflow/example_dags/example_datasets.py
[2024-05-12T08:22:15.038+0000] {logging_mixin.py:188} INFO - [2024-05-12T08:22:15.038+0000] {dag.py:3047} INFO - Sync 6 DAGs
[2024-05-12T08:22:15.071+0000] {logging_mixin.py:188} INFO - [2024-05-12T08:22:15.071+0000] {dag.py:3834} INFO - Setting next_dagrun for dataset_consumes_1 to None, run_after=None
[2024-05-12T08:22:15.077+0000] {logging_mixin.py:188} INFO - [2024-05-12T08:22:15.076+0000] {dag.py:3834} INFO - Setting next_dagrun for dataset_consumes_1_and_2 to None, run_after=None
[2024-05-12T08:22:15.079+0000] {logging_mixin.py:188} INFO - [2024-05-12T08:22:15.078+0000] {dag.py:3834} INFO - Setting next_dagrun for dataset_consumes_1_never_scheduled to None, run_after=None
[2024-05-12T08:22:15.080+0000] {logging_mixin.py:188} INFO - [2024-05-12T08:22:15.080+0000] {dag.py:3834} INFO - Setting next_dagrun for dataset_consumes_unknown_never_scheduled to None, run_after=None
[2024-05-12T08:22:15.085+0000] {logging_mixin.py:188} INFO - [2024-05-12T08:22:15.084+0000] {dag.py:3834} INFO - Setting next_dagrun for dataset_produces_1 to 2024-05-11 00:00:00+00:00, run_after=2024-05-12 00:00:00+00:00
[2024-05-12T08:22:15.086+0000] {logging_mixin.py:188} INFO - [2024-05-12T08:22:15.086+0000] {dag.py:3834} INFO - Setting next_dagrun for dataset_produces_2 to None, run_after=None
[2024-05-12T08:22:15.130+0000] {processor.py:183} INFO - Processing /home/airflow/.local/lib/python3.8/site-packages/airflow/example_dags/example_datasets.py took 0.164 seconds
[2024-05-12T08:22:46.025+0000] {processor.py:161} INFO - Started process (PID=300) to work on /home/airflow/.local/lib/python3.8/site-packages/airflow/example_dags/example_datasets.py
[2024-05-12T08:22:46.026+0000] {processor.py:830} INFO - Processing file /home/airflow/.local/lib/python3.8/site-packages/airflow/example_dags/example_datasets.py for tasks to queue
[2024-05-12T08:22:46.028+0000] {logging_mixin.py:188} INFO - [2024-05-12T08:22:46.028+0000] {dagbag.py:540} INFO - Filling up the DagBag from /home/airflow/.local/lib/python3.8/site-packages/airflow/example_dags/example_datasets.py
[2024-05-12T08:22:46.038+0000] {processor.py:840} INFO - DAG(s) 'dataset_consumes_unknown_never_scheduled', 'dataset_produces_2', 'dataset_consumes_1_and_2', 'dataset_consumes_1', 'dataset_produces_1', 'dataset_consumes_1_never_scheduled' retrieved from /home/airflow/.local/lib/python3.8/site-packages/airflow/example_dags/example_datasets.py
[2024-05-12T08:22:46.079+0000] {logging_mixin.py:188} INFO - [2024-05-12T08:22:46.079+0000] {dag.py:3047} INFO - Sync 6 DAGs
[2024-05-12T08:22:46.104+0000] {logging_mixin.py:188} INFO - [2024-05-12T08:22:46.104+0000] {dag.py:3834} INFO - Setting next_dagrun for dataset_consumes_1 to None, run_after=None
[2024-05-12T08:22:46.107+0000] {logging_mixin.py:188} INFO - [2024-05-12T08:22:46.107+0000] {dag.py:3834} INFO - Setting next_dagrun for dataset_consumes_1_and_2 to None, run_after=None
[2024-05-12T08:22:46.109+0000] {logging_mixin.py:188} INFO - [2024-05-12T08:22:46.109+0000] {dag.py:3834} INFO - Setting next_dagrun for dataset_consumes_1_never_scheduled to None, run_after=None
[2024-05-12T08:22:46.110+0000] {logging_mixin.py:188} INFO - [2024-05-12T08:22:46.110+0000] {dag.py:3834} INFO - Setting next_dagrun for dataset_consumes_unknown_never_scheduled to None, run_after=None
[2024-05-12T08:22:46.113+0000] {logging_mixin.py:188} INFO - [2024-05-12T08:22:46.113+0000] {dag.py:3834} INFO - Setting next_dagrun for dataset_produces_1 to 2024-05-11 00:00:00+00:00, run_after=2024-05-12 00:00:00+00:00
[2024-05-12T08:22:46.114+0000] {logging_mixin.py:188} INFO - [2024-05-12T08:22:46.114+0000] {dag.py:3834} INFO - Setting next_dagrun for dataset_produces_2 to None, run_after=None
[2024-05-12T08:22:46.153+0000] {processor.py:183} INFO - Processing /home/airflow/.local/lib/python3.8/site-packages/airflow/example_dags/example_datasets.py took 0.132 seconds
[2024-05-12T08:23:16.695+0000] {processor.py:161} INFO - Started process (PID=355) to work on /home/airflow/.local/lib/python3.8/site-packages/airflow/example_dags/example_datasets.py
[2024-05-12T08:23:16.697+0000] {processor.py:830} INFO - Processing file /home/airflow/.local/lib/python3.8/site-packages/airflow/example_dags/example_datasets.py for tasks to queue
[2024-05-12T08:23:16.699+0000] {logging_mixin.py:188} INFO - [2024-05-12T08:23:16.699+0000] {dagbag.py:540} INFO - Filling up the DagBag from /home/airflow/.local/lib/python3.8/site-packages/airflow/example_dags/example_datasets.py
[2024-05-12T08:23:16.713+0000] {processor.py:840} INFO - DAG(s) 'dataset_consumes_1', 'dataset_produces_2', 'dataset_produces_1', 'dataset_consumes_unknown_never_scheduled', 'dataset_consumes_1_and_2', 'dataset_consumes_1_never_scheduled' retrieved from /home/airflow/.local/lib/python3.8/site-packages/airflow/example_dags/example_datasets.py
[2024-05-12T08:23:16.733+0000] {logging_mixin.py:188} INFO - [2024-05-12T08:23:16.733+0000] {dag.py:3047} INFO - Sync 6 DAGs
[2024-05-12T08:23:16.767+0000] {logging_mixin.py:188} INFO - [2024-05-12T08:23:16.767+0000] {dag.py:3834} INFO - Setting next_dagrun for dataset_consumes_1 to None, run_after=None
[2024-05-12T08:23:16.772+0000] {logging_mixin.py:188} INFO - [2024-05-12T08:23:16.772+0000] {dag.py:3834} INFO - Setting next_dagrun for dataset_consumes_1_and_2 to None, run_after=None
[2024-05-12T08:23:16.774+0000] {logging_mixin.py:188} INFO - [2024-05-12T08:23:16.774+0000] {dag.py:3834} INFO - Setting next_dagrun for dataset_consumes_1_never_scheduled to None, run_after=None
[2024-05-12T08:23:16.775+0000] {logging_mixin.py:188} INFO - [2024-05-12T08:23:16.775+0000] {dag.py:3834} INFO - Setting next_dagrun for dataset_consumes_unknown_never_scheduled to None, run_after=None
[2024-05-12T08:23:16.780+0000] {logging_mixin.py:188} INFO - [2024-05-12T08:23:16.780+0000] {dag.py:3834} INFO - Setting next_dagrun for dataset_produces_1 to 2024-05-11 00:00:00+00:00, run_after=2024-05-12 00:00:00+00:00
[2024-05-12T08:23:16.782+0000] {logging_mixin.py:188} INFO - [2024-05-12T08:23:16.781+0000] {dag.py:3834} INFO - Setting next_dagrun for dataset_produces_2 to None, run_after=None
[2024-05-12T08:23:16.824+0000] {processor.py:183} INFO - Processing /home/airflow/.local/lib/python3.8/site-packages/airflow/example_dags/example_datasets.py took 0.132 seconds
[2024-05-12T08:23:47.118+0000] {processor.py:161} INFO - Started process (PID=410) to work on /home/airflow/.local/lib/python3.8/site-packages/airflow/example_dags/example_datasets.py
[2024-05-12T08:23:47.120+0000] {processor.py:830} INFO - Processing file /home/airflow/.local/lib/python3.8/site-packages/airflow/example_dags/example_datasets.py for tasks to queue
[2024-05-12T08:23:47.122+0000] {logging_mixin.py:188} INFO - [2024-05-12T08:23:47.121+0000] {dagbag.py:540} INFO - Filling up the DagBag from /home/airflow/.local/lib/python3.8/site-packages/airflow/example_dags/example_datasets.py
[2024-05-12T08:23:47.132+0000] {processor.py:840} INFO - DAG(s) 'dataset_consumes_1', 'dataset_produces_2', 'dataset_consumes_1_and_2', 'dataset_consumes_1_never_scheduled', 'dataset_produces_1', 'dataset_consumes_unknown_never_scheduled' retrieved from /home/airflow/.local/lib/python3.8/site-packages/airflow/example_dags/example_datasets.py
[2024-05-12T08:23:47.307+0000] {logging_mixin.py:188} INFO - [2024-05-12T08:23:47.307+0000] {dag.py:3047} INFO - Sync 6 DAGs
[2024-05-12T08:23:47.329+0000] {logging_mixin.py:188} INFO - [2024-05-12T08:23:47.328+0000] {dag.py:3834} INFO - Setting next_dagrun for dataset_consumes_1 to None, run_after=None
[2024-05-12T08:23:47.332+0000] {logging_mixin.py:188} INFO - [2024-05-12T08:23:47.332+0000] {dag.py:3834} INFO - Setting next_dagrun for dataset_consumes_1_and_2 to None, run_after=None
[2024-05-12T08:23:47.333+0000] {logging_mixin.py:188} INFO - [2024-05-12T08:23:47.333+0000] {dag.py:3834} INFO - Setting next_dagrun for dataset_consumes_1_never_scheduled to None, run_after=None
[2024-05-12T08:23:47.334+0000] {logging_mixin.py:188} INFO - [2024-05-12T08:23:47.334+0000] {dag.py:3834} INFO - Setting next_dagrun for dataset_consumes_unknown_never_scheduled to None, run_after=None
[2024-05-12T08:23:47.337+0000] {logging_mixin.py:188} INFO - [2024-05-12T08:23:47.337+0000] {dag.py:3834} INFO - Setting next_dagrun for dataset_produces_1 to 2024-05-11 00:00:00+00:00, run_after=2024-05-12 00:00:00+00:00
[2024-05-12T08:23:47.338+0000] {logging_mixin.py:188} INFO - [2024-05-12T08:23:47.338+0000] {dag.py:3834} INFO - Setting next_dagrun for dataset_produces_2 to None, run_after=None
[2024-05-12T08:23:47.373+0000] {processor.py:183} INFO - Processing /home/airflow/.local/lib/python3.8/site-packages/airflow/example_dags/example_datasets.py took 0.258 seconds
[2024-05-12T08:24:17.914+0000] {processor.py:161} INFO - Started process (PID=466) to work on /home/airflow/.local/lib/python3.8/site-packages/airflow/example_dags/example_datasets.py
[2024-05-12T08:24:17.916+0000] {processor.py:830} INFO - Processing file /home/airflow/.local/lib/python3.8/site-packages/airflow/example_dags/example_datasets.py for tasks to queue
[2024-05-12T08:24:17.917+0000] {logging_mixin.py:188} INFO - [2024-05-12T08:24:17.917+0000] {dagbag.py:540} INFO - Filling up the DagBag from /home/airflow/.local/lib/python3.8/site-packages/airflow/example_dags/example_datasets.py
[2024-05-12T08:24:17.928+0000] {processor.py:840} INFO - DAG(s) 'dataset_produces_2', 'dataset_produces_1', 'dataset_consumes_1_and_2', 'dataset_consumes_unknown_never_scheduled', 'dataset_consumes_1_never_scheduled', 'dataset_consumes_1' retrieved from /home/airflow/.local/lib/python3.8/site-packages/airflow/example_dags/example_datasets.py
[2024-05-12T08:24:17.964+0000] {logging_mixin.py:188} INFO - [2024-05-12T08:24:17.964+0000] {dag.py:3047} INFO - Sync 6 DAGs
[2024-05-12T08:24:17.991+0000] {logging_mixin.py:188} INFO - [2024-05-12T08:24:17.990+0000] {dag.py:3834} INFO - Setting next_dagrun for dataset_consumes_1 to None, run_after=None
[2024-05-12T08:24:17.994+0000] {logging_mixin.py:188} INFO - [2024-05-12T08:24:17.994+0000] {dag.py:3834} INFO - Setting next_dagrun for dataset_consumes_1_and_2 to None, run_after=None
[2024-05-12T08:24:17.995+0000] {logging_mixin.py:188} INFO - [2024-05-12T08:24:17.995+0000] {dag.py:3834} INFO - Setting next_dagrun for dataset_consumes_1_never_scheduled to None, run_after=None
[2024-05-12T08:24:17.996+0000] {logging_mixin.py:188} INFO - [2024-05-12T08:24:17.996+0000] {dag.py:3834} INFO - Setting next_dagrun for dataset_consumes_unknown_never_scheduled to None, run_after=None
[2024-05-12T08:24:17.999+0000] {logging_mixin.py:188} INFO - [2024-05-12T08:24:17.999+0000] {dag.py:3834} INFO - Setting next_dagrun for dataset_produces_1 to 2024-05-11 00:00:00+00:00, run_after=2024-05-12 00:00:00+00:00
[2024-05-12T08:24:18.001+0000] {logging_mixin.py:188} INFO - [2024-05-12T08:24:18.000+0000] {dag.py:3834} INFO - Setting next_dagrun for dataset_produces_2 to None, run_after=None
[2024-05-12T08:24:18.038+0000] {processor.py:183} INFO - Processing /home/airflow/.local/lib/python3.8/site-packages/airflow/example_dags/example_datasets.py took 0.128 seconds
[2024-05-12T08:24:48.239+0000] {processor.py:161} INFO - Started process (PID=521) to work on /home/airflow/.local/lib/python3.8/site-packages/airflow/example_dags/example_datasets.py
[2024-05-12T08:24:48.240+0000] {processor.py:830} INFO - Processing file /home/airflow/.local/lib/python3.8/site-packages/airflow/example_dags/example_datasets.py for tasks to queue
[2024-05-12T08:24:48.241+0000] {logging_mixin.py:188} INFO - [2024-05-12T08:24:48.241+0000] {dagbag.py:540} INFO - Filling up the DagBag from /home/airflow/.local/lib/python3.8/site-packages/airflow/example_dags/example_datasets.py
[2024-05-12T08:24:48.251+0000] {processor.py:840} INFO - DAG(s) 'dataset_produces_1', 'dataset_consumes_1', 'dataset_consumes_1_never_scheduled', 'dataset_consumes_unknown_never_scheduled', 'dataset_produces_2', 'dataset_consumes_1_and_2' retrieved from /home/airflow/.local/lib/python3.8/site-packages/airflow/example_dags/example_datasets.py
[2024-05-12T08:24:48.287+0000] {logging_mixin.py:188} INFO - [2024-05-12T08:24:48.287+0000] {dag.py:3047} INFO - Sync 6 DAGs
[2024-05-12T08:24:48.310+0000] {logging_mixin.py:188} INFO - [2024-05-12T08:24:48.309+0000] {dag.py:3834} INFO - Setting next_dagrun for dataset_consumes_1 to None, run_after=None
[2024-05-12T08:24:48.313+0000] {logging_mixin.py:188} INFO - [2024-05-12T08:24:48.313+0000] {dag.py:3834} INFO - Setting next_dagrun for dataset_consumes_1_and_2 to None, run_after=None
[2024-05-12T08:24:48.315+0000] {logging_mixin.py:188} INFO - [2024-05-12T08:24:48.315+0000] {dag.py:3834} INFO - Setting next_dagrun for dataset_consumes_1_never_scheduled to None, run_after=None
[2024-05-12T08:24:48.316+0000] {logging_mixin.py:188} INFO - [2024-05-12T08:24:48.316+0000] {dag.py:3834} INFO - Setting next_dagrun for dataset_consumes_unknown_never_scheduled to None, run_after=None
[2024-05-12T08:24:48.319+0000] {logging_mixin.py:188} INFO - [2024-05-12T08:24:48.319+0000] {dag.py:3834} INFO - Setting next_dagrun for dataset_produces_1 to 2024-05-11 00:00:00+00:00, run_after=2024-05-12 00:00:00+00:00
[2024-05-12T08:24:48.320+0000] {logging_mixin.py:188} INFO - [2024-05-12T08:24:48.320+0000] {dag.py:3834} INFO - Setting next_dagrun for dataset_produces_2 to None, run_after=None
[2024-05-12T08:24:48.366+0000] {processor.py:183} INFO - Processing /home/airflow/.local/lib/python3.8/site-packages/airflow/example_dags/example_datasets.py took 0.131 seconds
[2024-05-12T08:25:18.478+0000] {processor.py:161} INFO - Started process (PID=576) to work on /home/airflow/.local/lib/python3.8/site-packages/airflow/example_dags/example_datasets.py
[2024-05-12T08:25:18.480+0000] {processor.py:830} INFO - Processing file /home/airflow/.local/lib/python3.8/site-packages/airflow/example_dags/example_datasets.py for tasks to queue
[2024-05-12T08:25:18.481+0000] {logging_mixin.py:188} INFO - [2024-05-12T08:25:18.481+0000] {dagbag.py:540} INFO - Filling up the DagBag from /home/airflow/.local/lib/python3.8/site-packages/airflow/example_dags/example_datasets.py
[2024-05-12T08:25:18.491+0000] {processor.py:840} INFO - DAG(s) 'dataset_produces_2', 'dataset_consumes_1_and_2', 'dataset_consumes_1_never_scheduled', 'dataset_produces_1', 'dataset_consumes_unknown_never_scheduled', 'dataset_consumes_1' retrieved from /home/airflow/.local/lib/python3.8/site-packages/airflow/example_dags/example_datasets.py
[2024-05-12T08:25:18.528+0000] {logging_mixin.py:188} INFO - [2024-05-12T08:25:18.528+0000] {dag.py:3047} INFO - Sync 6 DAGs
[2024-05-12T08:25:18.552+0000] {logging_mixin.py:188} INFO - [2024-05-12T08:25:18.552+0000] {dag.py:3834} INFO - Setting next_dagrun for dataset_consumes_1 to None, run_after=None
[2024-05-12T08:25:18.555+0000] {logging_mixin.py:188} INFO - [2024-05-12T08:25:18.555+0000] {dag.py:3834} INFO - Setting next_dagrun for dataset_consumes_1_and_2 to None, run_after=None
[2024-05-12T08:25:18.557+0000] {logging_mixin.py:188} INFO - [2024-05-12T08:25:18.556+0000] {dag.py:3834} INFO - Setting next_dagrun for dataset_consumes_1_never_scheduled to None, run_after=None
[2024-05-12T08:25:18.558+0000] {logging_mixin.py:188} INFO - [2024-05-12T08:25:18.558+0000] {dag.py:3834} INFO - Setting next_dagrun for dataset_consumes_unknown_never_scheduled to None, run_after=None
[2024-05-12T08:25:18.561+0000] {logging_mixin.py:188} INFO - [2024-05-12T08:25:18.561+0000] {dag.py:3834} INFO - Setting next_dagrun for dataset_produces_1 to 2024-05-11 00:00:00+00:00, run_after=2024-05-12 00:00:00+00:00
[2024-05-12T08:25:18.562+0000] {logging_mixin.py:188} INFO - [2024-05-12T08:25:18.562+0000] {dag.py:3834} INFO - Setting next_dagrun for dataset_produces_2 to None, run_after=None
[2024-05-12T08:25:18.603+0000] {processor.py:183} INFO - Processing /home/airflow/.local/lib/python3.8/site-packages/airflow/example_dags/example_datasets.py took 0.128 seconds
[2024-05-12T08:25:48.671+0000] {processor.py:161} INFO - Started process (PID=631) to work on /home/airflow/.local/lib/python3.8/site-packages/airflow/example_dags/example_datasets.py
[2024-05-12T08:25:48.672+0000] {processor.py:830} INFO - Processing file /home/airflow/.local/lib/python3.8/site-packages/airflow/example_dags/example_datasets.py for tasks to queue
[2024-05-12T08:25:48.674+0000] {logging_mixin.py:188} INFO - [2024-05-12T08:25:48.674+0000] {dagbag.py:540} INFO - Filling up the DagBag from /home/airflow/.local/lib/python3.8/site-packages/airflow/example_dags/example_datasets.py
[2024-05-12T08:25:48.688+0000] {processor.py:840} INFO - DAG(s) 'dataset_consumes_unknown_never_scheduled', 'dataset_consumes_1_and_2', 'dataset_produces_2', 'dataset_consumes_1_never_scheduled', 'dataset_consumes_1', 'dataset_produces_1' retrieved from /home/airflow/.local/lib/python3.8/site-packages/airflow/example_dags/example_datasets.py
[2024-05-12T08:25:48.733+0000] {logging_mixin.py:188} INFO - [2024-05-12T08:25:48.732+0000] {dag.py:3047} INFO - Sync 6 DAGs
[2024-05-12T08:25:48.762+0000] {logging_mixin.py:188} INFO - [2024-05-12T08:25:48.762+0000] {dag.py:3834} INFO - Setting next_dagrun for dataset_consumes_1 to None, run_after=None
[2024-05-12T08:25:48.767+0000] {logging_mixin.py:188} INFO - [2024-05-12T08:25:48.767+0000] {dag.py:3834} INFO - Setting next_dagrun for dataset_consumes_1_and_2 to None, run_after=None
[2024-05-12T08:25:48.768+0000] {logging_mixin.py:188} INFO - [2024-05-12T08:25:48.768+0000] {dag.py:3834} INFO - Setting next_dagrun for dataset_consumes_1_never_scheduled to None, run_after=None
[2024-05-12T08:25:48.770+0000] {logging_mixin.py:188} INFO - [2024-05-12T08:25:48.770+0000] {dag.py:3834} INFO - Setting next_dagrun for dataset_consumes_unknown_never_scheduled to None, run_after=None
[2024-05-12T08:25:48.774+0000] {logging_mixin.py:188} INFO - [2024-05-12T08:25:48.774+0000] {dag.py:3834} INFO - Setting next_dagrun for dataset_produces_1 to 2024-05-11 00:00:00+00:00, run_after=2024-05-12 00:00:00+00:00
[2024-05-12T08:25:48.776+0000] {logging_mixin.py:188} INFO - [2024-05-12T08:25:48.776+0000] {dag.py:3834} INFO - Setting next_dagrun for dataset_produces_2 to None, run_after=None
[2024-05-12T08:25:48.809+0000] {processor.py:183} INFO - Processing /home/airflow/.local/lib/python3.8/site-packages/airflow/example_dags/example_datasets.py took 0.141 seconds
[2024-05-12T08:26:18.879+0000] {processor.py:161} INFO - Started process (PID=686) to work on /home/airflow/.local/lib/python3.8/site-packages/airflow/example_dags/example_datasets.py
[2024-05-12T08:26:18.880+0000] {processor.py:830} INFO - Processing file /home/airflow/.local/lib/python3.8/site-packages/airflow/example_dags/example_datasets.py for tasks to queue
[2024-05-12T08:26:18.882+0000] {logging_mixin.py:188} INFO - [2024-05-12T08:26:18.882+0000] {dagbag.py:540} INFO - Filling up the DagBag from /home/airflow/.local/lib/python3.8/site-packages/airflow/example_dags/example_datasets.py
[2024-05-12T08:26:18.892+0000] {processor.py:840} INFO - DAG(s) 'dataset_consumes_unknown_never_scheduled', 'dataset_consumes_1_never_scheduled', 'dataset_consumes_1_and_2', 'dataset_produces_1', 'dataset_consumes_1', 'dataset_produces_2' retrieved from /home/airflow/.local/lib/python3.8/site-packages/airflow/example_dags/example_datasets.py
[2024-05-12T08:26:18.933+0000] {logging_mixin.py:188} INFO - [2024-05-12T08:26:18.933+0000] {dag.py:3047} INFO - Sync 6 DAGs
[2024-05-12T08:26:18.960+0000] {logging_mixin.py:188} INFO - [2024-05-12T08:26:18.959+0000] {dag.py:3834} INFO - Setting next_dagrun for dataset_consumes_1 to None, run_after=None
[2024-05-12T08:26:18.963+0000] {logging_mixin.py:188} INFO - [2024-05-12T08:26:18.963+0000] {dag.py:3834} INFO - Setting next_dagrun for dataset_consumes_1_and_2 to None, run_after=None
[2024-05-12T08:26:18.965+0000] {logging_mixin.py:188} INFO - [2024-05-12T08:26:18.965+0000] {dag.py:3834} INFO - Setting next_dagrun for dataset_consumes_1_never_scheduled to None, run_after=None
[2024-05-12T08:26:18.967+0000] {logging_mixin.py:188} INFO - [2024-05-12T08:26:18.966+0000] {dag.py:3834} INFO - Setting next_dagrun for dataset_consumes_unknown_never_scheduled to None, run_after=None
[2024-05-12T08:26:18.971+0000] {logging_mixin.py:188} INFO - [2024-05-12T08:26:18.970+0000] {dag.py:3834} INFO - Setting next_dagrun for dataset_produces_1 to 2024-05-11 00:00:00+00:00, run_after=2024-05-12 00:00:00+00:00
[2024-05-12T08:26:18.972+0000] {logging_mixin.py:188} INFO - [2024-05-12T08:26:18.972+0000] {dag.py:3834} INFO - Setting next_dagrun for dataset_produces_2 to None, run_after=None
[2024-05-12T08:26:19.002+0000] {processor.py:183} INFO - Processing /home/airflow/.local/lib/python3.8/site-packages/airflow/example_dags/example_datasets.py took 0.127 seconds
[2024-05-12T08:26:49.692+0000] {processor.py:161} INFO - Started process (PID=746) to work on /home/airflow/.local/lib/python3.8/site-packages/airflow/example_dags/example_datasets.py
[2024-05-12T08:26:49.693+0000] {processor.py:830} INFO - Processing file /home/airflow/.local/lib/python3.8/site-packages/airflow/example_dags/example_datasets.py for tasks to queue
[2024-05-12T08:26:49.695+0000] {logging_mixin.py:188} INFO - [2024-05-12T08:26:49.695+0000] {dagbag.py:540} INFO - Filling up the DagBag from /home/airflow/.local/lib/python3.8/site-packages/airflow/example_dags/example_datasets.py
[2024-05-12T08:26:49.706+0000] {processor.py:840} INFO - DAG(s) 'dataset_consumes_1_never_scheduled', 'dataset_consumes_1_and_2', 'dataset_produces_2', 'dataset_produces_1', 'dataset_consumes_1', 'dataset_consumes_unknown_never_scheduled' retrieved from /home/airflow/.local/lib/python3.8/site-packages/airflow/example_dags/example_datasets.py
[2024-05-12T08:26:49.745+0000] {logging_mixin.py:188} INFO - [2024-05-12T08:26:49.744+0000] {dag.py:3047} INFO - Sync 6 DAGs
[2024-05-12T08:26:49.771+0000] {logging_mixin.py:188} INFO - [2024-05-12T08:26:49.771+0000] {dag.py:3834} INFO - Setting next_dagrun for dataset_consumes_1 to None, run_after=None
[2024-05-12T08:26:49.775+0000] {logging_mixin.py:188} INFO - [2024-05-12T08:26:49.775+0000] {dag.py:3834} INFO - Setting next_dagrun for dataset_consumes_1_and_2 to None, run_after=None
[2024-05-12T08:26:49.777+0000] {logging_mixin.py:188} INFO - [2024-05-12T08:26:49.777+0000] {dag.py:3834} INFO - Setting next_dagrun for dataset_consumes_1_never_scheduled to None, run_after=None
[2024-05-12T08:26:49.779+0000] {logging_mixin.py:188} INFO - [2024-05-12T08:26:49.779+0000] {dag.py:3834} INFO - Setting next_dagrun for dataset_consumes_unknown_never_scheduled to None, run_after=None
[2024-05-12T08:26:49.783+0000] {logging_mixin.py:188} INFO - [2024-05-12T08:26:49.783+0000] {dag.py:3834} INFO - Setting next_dagrun for dataset_produces_1 to 2024-05-11 00:00:00+00:00, run_after=2024-05-12 00:00:00+00:00
[2024-05-12T08:26:49.785+0000] {logging_mixin.py:188} INFO - [2024-05-12T08:26:49.785+0000] {dag.py:3834} INFO - Setting next_dagrun for dataset_produces_2 to None, run_after=None
[2024-05-12T08:26:49.822+0000] {processor.py:183} INFO - Processing /home/airflow/.local/lib/python3.8/site-packages/airflow/example_dags/example_datasets.py took 0.134 seconds
[2024-05-12T08:27:20.525+0000] {processor.py:161} INFO - Started process (PID=801) to work on /home/airflow/.local/lib/python3.8/site-packages/airflow/example_dags/example_datasets.py
[2024-05-12T08:27:20.527+0000] {processor.py:830} INFO - Processing file /home/airflow/.local/lib/python3.8/site-packages/airflow/example_dags/example_datasets.py for tasks to queue
[2024-05-12T08:27:20.528+0000] {logging_mixin.py:188} INFO - [2024-05-12T08:27:20.528+0000] {dagbag.py:540} INFO - Filling up the DagBag from /home/airflow/.local/lib/python3.8/site-packages/airflow/example_dags/example_datasets.py
[2024-05-12T08:27:20.539+0000] {processor.py:840} INFO - DAG(s) 'dataset_produces_2', 'dataset_consumes_1_never_scheduled', 'dataset_consumes_1_and_2', 'dataset_produces_1', 'dataset_consumes_unknown_never_scheduled', 'dataset_consumes_1' retrieved from /home/airflow/.local/lib/python3.8/site-packages/airflow/example_dags/example_datasets.py
[2024-05-12T08:27:20.577+0000] {logging_mixin.py:188} INFO - [2024-05-12T08:27:20.577+0000] {dag.py:3047} INFO - Sync 6 DAGs
[2024-05-12T08:27:20.605+0000] {logging_mixin.py:188} INFO - [2024-05-12T08:27:20.604+0000] {dag.py:3834} INFO - Setting next_dagrun for dataset_consumes_1 to None, run_after=None
[2024-05-12T08:27:20.608+0000] {logging_mixin.py:188} INFO - [2024-05-12T08:27:20.608+0000] {dag.py:3834} INFO - Setting next_dagrun for dataset_consumes_1_and_2 to None, run_after=None
[2024-05-12T08:27:20.609+0000] {logging_mixin.py:188} INFO - [2024-05-12T08:27:20.609+0000] {dag.py:3834} INFO - Setting next_dagrun for dataset_consumes_1_never_scheduled to None, run_after=None
[2024-05-12T08:27:20.611+0000] {logging_mixin.py:188} INFO - [2024-05-12T08:27:20.611+0000] {dag.py:3834} INFO - Setting next_dagrun for dataset_consumes_unknown_never_scheduled to None, run_after=None
[2024-05-12T08:27:20.614+0000] {logging_mixin.py:188} INFO - [2024-05-12T08:27:20.614+0000] {dag.py:3834} INFO - Setting next_dagrun for dataset_produces_1 to 2024-05-11 00:00:00+00:00, run_after=2024-05-12 00:00:00+00:00
[2024-05-12T08:27:20.615+0000] {logging_mixin.py:188} INFO - [2024-05-12T08:27:20.615+0000] {dag.py:3834} INFO - Setting next_dagrun for dataset_produces_2 to None, run_after=None
[2024-05-12T08:27:20.648+0000] {processor.py:183} INFO - Processing /home/airflow/.local/lib/python3.8/site-packages/airflow/example_dags/example_datasets.py took 0.127 seconds
[2024-05-12T08:27:50.923+0000] {processor.py:161} INFO - Started process (PID=857) to work on /home/airflow/.local/lib/python3.8/site-packages/airflow/example_dags/example_datasets.py
[2024-05-12T08:27:50.925+0000] {processor.py:830} INFO - Processing file /home/airflow/.local/lib/python3.8/site-packages/airflow/example_dags/example_datasets.py for tasks to queue
[2024-05-12T08:27:50.927+0000] {logging_mixin.py:188} INFO - [2024-05-12T08:27:50.927+0000] {dagbag.py:540} INFO - Filling up the DagBag from /home/airflow/.local/lib/python3.8/site-packages/airflow/example_dags/example_datasets.py
[2024-05-12T08:27:50.939+0000] {processor.py:840} INFO - DAG(s) 'dataset_consumes_1_never_scheduled', 'dataset_produces_2', 'dataset_consumes_1_and_2', 'dataset_produces_1', 'dataset_consumes_1', 'dataset_consumes_unknown_never_scheduled' retrieved from /home/airflow/.local/lib/python3.8/site-packages/airflow/example_dags/example_datasets.py
[2024-05-12T08:27:50.983+0000] {logging_mixin.py:188} INFO - [2024-05-12T08:27:50.983+0000] {dag.py:3047} INFO - Sync 6 DAGs
[2024-05-12T08:27:51.010+0000] {logging_mixin.py:188} INFO - [2024-05-12T08:27:51.010+0000] {dag.py:3834} INFO - Setting next_dagrun for dataset_consumes_1 to None, run_after=None
[2024-05-12T08:27:51.014+0000] {logging_mixin.py:188} INFO - [2024-05-12T08:27:51.014+0000] {dag.py:3834} INFO - Setting next_dagrun for dataset_consumes_1_and_2 to None, run_after=None
[2024-05-12T08:27:51.015+0000] {logging_mixin.py:188} INFO - [2024-05-12T08:27:51.015+0000] {dag.py:3834} INFO - Setting next_dagrun for dataset_consumes_1_never_scheduled to None, run_after=None
[2024-05-12T08:27:51.017+0000] {logging_mixin.py:188} INFO - [2024-05-12T08:27:51.016+0000] {dag.py:3834} INFO - Setting next_dagrun for dataset_consumes_unknown_never_scheduled to None, run_after=None
[2024-05-12T08:27:51.020+0000] {logging_mixin.py:188} INFO - [2024-05-12T08:27:51.020+0000] {dag.py:3834} INFO - Setting next_dagrun for dataset_produces_1 to 2024-05-11 00:00:00+00:00, run_after=2024-05-12 00:00:00+00:00
[2024-05-12T08:27:51.022+0000] {logging_mixin.py:188} INFO - [2024-05-12T08:27:51.021+0000] {dag.py:3834} INFO - Setting next_dagrun for dataset_produces_2 to None, run_after=None
[2024-05-12T08:27:51.064+0000] {processor.py:183} INFO - Processing /home/airflow/.local/lib/python3.8/site-packages/airflow/example_dags/example_datasets.py took 0.144 seconds
[2024-05-12T08:28:21.123+0000] {processor.py:161} INFO - Started process (PID=912) to work on /home/airflow/.local/lib/python3.8/site-packages/airflow/example_dags/example_datasets.py
[2024-05-12T08:28:21.124+0000] {processor.py:830} INFO - Processing file /home/airflow/.local/lib/python3.8/site-packages/airflow/example_dags/example_datasets.py for tasks to queue
[2024-05-12T08:28:21.126+0000] {logging_mixin.py:188} INFO - [2024-05-12T08:28:21.125+0000] {dagbag.py:540} INFO - Filling up the DagBag from /home/airflow/.local/lib/python3.8/site-packages/airflow/example_dags/example_datasets.py
[2024-05-12T08:28:21.137+0000] {processor.py:840} INFO - DAG(s) 'dataset_produces_2', 'dataset_consumes_1', 'dataset_consumes_unknown_never_scheduled', 'dataset_consumes_1_never_scheduled', 'dataset_produces_1', 'dataset_consumes_1_and_2' retrieved from /home/airflow/.local/lib/python3.8/site-packages/airflow/example_dags/example_datasets.py
[2024-05-12T08:28:21.175+0000] {logging_mixin.py:188} INFO - [2024-05-12T08:28:21.175+0000] {dag.py:3047} INFO - Sync 6 DAGs
[2024-05-12T08:28:21.199+0000] {logging_mixin.py:188} INFO - [2024-05-12T08:28:21.199+0000] {dag.py:3834} INFO - Setting next_dagrun for dataset_consumes_1 to None, run_after=None
[2024-05-12T08:28:21.203+0000] {logging_mixin.py:188} INFO - [2024-05-12T08:28:21.202+0000] {dag.py:3834} INFO - Setting next_dagrun for dataset_consumes_1_and_2 to None, run_after=None
[2024-05-12T08:28:21.204+0000] {logging_mixin.py:188} INFO - [2024-05-12T08:28:21.204+0000] {dag.py:3834} INFO - Setting next_dagrun for dataset_consumes_1_never_scheduled to None, run_after=None
[2024-05-12T08:28:21.205+0000] {logging_mixin.py:188} INFO - [2024-05-12T08:28:21.205+0000] {dag.py:3834} INFO - Setting next_dagrun for dataset_consumes_unknown_never_scheduled to None, run_after=None
[2024-05-12T08:28:21.208+0000] {logging_mixin.py:188} INFO - [2024-05-12T08:28:21.208+0000] {dag.py:3834} INFO - Setting next_dagrun for dataset_produces_1 to 2024-05-11 00:00:00+00:00, run_after=2024-05-12 00:00:00+00:00
[2024-05-12T08:28:21.209+0000] {logging_mixin.py:188} INFO - [2024-05-12T08:28:21.209+0000] {dag.py:3834} INFO - Setting next_dagrun for dataset_produces_2 to None, run_after=None
[2024-05-12T08:28:21.241+0000] {processor.py:183} INFO - Processing /home/airflow/.local/lib/python3.8/site-packages/airflow/example_dags/example_datasets.py took 0.122 seconds
