[2024-05-12T08:20:43.570+0000] {processor.py:161} INFO - Started process (PID=89) to work on /home/airflow/.local/lib/python3.8/site-packages/airflow/example_dags/example_branch_operator.py
[2024-05-12T08:20:43.572+0000] {processor.py:830} INFO - Processing file /home/airflow/.local/lib/python3.8/site-packages/airflow/example_dags/example_branch_operator.py for tasks to queue
[2024-05-12T08:20:43.574+0000] {logging_mixin.py:188} INFO - [2024-05-12T08:20:43.573+0000] {dagbag.py:540} INFO - Filling up the DagBag from /home/airflow/.local/lib/python3.8/site-packages/airflow/example_dags/example_branch_operator.py
[2024-05-12T08:20:43.600+0000] {processor.py:840} INFO - DAG(s) 'example_branch_operator' retrieved from /home/airflow/.local/lib/python3.8/site-packages/airflow/example_dags/example_branch_operator.py
[2024-05-12T08:20:43.730+0000] {logging_mixin.py:188} INFO - [2024-05-12T08:20:43.730+0000] {dag.py:3047} INFO - Sync 1 DAGs
[2024-05-12T08:20:43.753+0000] {logging_mixin.py:188} INFO - [2024-05-12T08:20:43.753+0000] {dag.py:3834} INFO - Setting next_dagrun for example_branch_operator to 2024-05-11 00:00:00+00:00, run_after=2024-05-12 00:00:00+00:00
[2024-05-12T08:20:43.777+0000] {processor.py:183} INFO - Processing /home/airflow/.local/lib/python3.8/site-packages/airflow/example_dags/example_branch_operator.py took 0.214 seconds
[2024-05-12T08:21:13.989+0000] {processor.py:161} INFO - Started process (PID=145) to work on /home/airflow/.local/lib/python3.8/site-packages/airflow/example_dags/example_branch_operator.py
[2024-05-12T08:21:13.990+0000] {processor.py:830} INFO - Processing file /home/airflow/.local/lib/python3.8/site-packages/airflow/example_dags/example_branch_operator.py for tasks to queue
[2024-05-12T08:21:13.992+0000] {logging_mixin.py:188} INFO - [2024-05-12T08:21:13.991+0000] {dagbag.py:540} INFO - Filling up the DagBag from /home/airflow/.local/lib/python3.8/site-packages/airflow/example_dags/example_branch_operator.py
[2024-05-12T08:21:14.011+0000] {processor.py:840} INFO - DAG(s) 'example_branch_operator' retrieved from /home/airflow/.local/lib/python3.8/site-packages/airflow/example_dags/example_branch_operator.py
[2024-05-12T08:21:14.047+0000] {logging_mixin.py:188} INFO - [2024-05-12T08:21:14.047+0000] {dag.py:3047} INFO - Sync 1 DAGs
[2024-05-12T08:21:14.075+0000] {logging_mixin.py:188} INFO - [2024-05-12T08:21:14.074+0000] {dag.py:3834} INFO - Setting next_dagrun for example_branch_operator to 2024-05-11 00:00:00+00:00, run_after=2024-05-12 00:00:00+00:00
[2024-05-12T08:21:14.097+0000] {processor.py:183} INFO - Processing /home/airflow/.local/lib/python3.8/site-packages/airflow/example_dags/example_branch_operator.py took 0.112 seconds
[2024-05-12T08:21:45.116+0000] {processor.py:161} INFO - Started process (PID=200) to work on /home/airflow/.local/lib/python3.8/site-packages/airflow/example_dags/example_branch_operator.py
[2024-05-12T08:21:45.119+0000] {processor.py:830} INFO - Processing file /home/airflow/.local/lib/python3.8/site-packages/airflow/example_dags/example_branch_operator.py for tasks to queue
[2024-05-12T08:21:45.121+0000] {logging_mixin.py:188} INFO - [2024-05-12T08:21:45.120+0000] {dagbag.py:540} INFO - Filling up the DagBag from /home/airflow/.local/lib/python3.8/site-packages/airflow/example_dags/example_branch_operator.py
[2024-05-12T08:21:45.149+0000] {processor.py:840} INFO - DAG(s) 'example_branch_operator' retrieved from /home/airflow/.local/lib/python3.8/site-packages/airflow/example_dags/example_branch_operator.py
[2024-05-12T08:21:45.187+0000] {logging_mixin.py:188} INFO - [2024-05-12T08:21:45.187+0000] {dag.py:3047} INFO - Sync 1 DAGs
[2024-05-12T08:21:45.215+0000] {logging_mixin.py:188} INFO - [2024-05-12T08:21:45.214+0000] {dag.py:3834} INFO - Setting next_dagrun for example_branch_operator to 2024-05-11 00:00:00+00:00, run_after=2024-05-12 00:00:00+00:00
[2024-05-12T08:21:45.234+0000] {processor.py:183} INFO - Processing /home/airflow/.local/lib/python3.8/site-packages/airflow/example_dags/example_branch_operator.py took 0.122 seconds
[2024-05-12T08:22:15.677+0000] {processor.py:161} INFO - Started process (PID=255) to work on /home/airflow/.local/lib/python3.8/site-packages/airflow/example_dags/example_branch_operator.py
[2024-05-12T08:22:15.679+0000] {processor.py:830} INFO - Processing file /home/airflow/.local/lib/python3.8/site-packages/airflow/example_dags/example_branch_operator.py for tasks to queue
[2024-05-12T08:22:15.681+0000] {logging_mixin.py:188} INFO - [2024-05-12T08:22:15.681+0000] {dagbag.py:540} INFO - Filling up the DagBag from /home/airflow/.local/lib/python3.8/site-packages/airflow/example_dags/example_branch_operator.py
[2024-05-12T08:22:15.706+0000] {processor.py:840} INFO - DAG(s) 'example_branch_operator' retrieved from /home/airflow/.local/lib/python3.8/site-packages/airflow/example_dags/example_branch_operator.py
[2024-05-12T08:22:15.746+0000] {logging_mixin.py:188} INFO - [2024-05-12T08:22:15.746+0000] {dag.py:3047} INFO - Sync 1 DAGs
[2024-05-12T08:22:15.779+0000] {logging_mixin.py:188} INFO - [2024-05-12T08:22:15.779+0000] {dag.py:3834} INFO - Setting next_dagrun for example_branch_operator to 2024-05-11 00:00:00+00:00, run_after=2024-05-12 00:00:00+00:00
[2024-05-12T08:22:15.807+0000] {processor.py:183} INFO - Processing /home/airflow/.local/lib/python3.8/site-packages/airflow/example_dags/example_branch_operator.py took 0.135 seconds
[2024-05-12T08:22:46.590+0000] {processor.py:161} INFO - Started process (PID=309) to work on /home/airflow/.local/lib/python3.8/site-packages/airflow/example_dags/example_branch_operator.py
[2024-05-12T08:22:46.591+0000] {processor.py:830} INFO - Processing file /home/airflow/.local/lib/python3.8/site-packages/airflow/example_dags/example_branch_operator.py for tasks to queue
[2024-05-12T08:22:46.593+0000] {logging_mixin.py:188} INFO - [2024-05-12T08:22:46.593+0000] {dagbag.py:540} INFO - Filling up the DagBag from /home/airflow/.local/lib/python3.8/site-packages/airflow/example_dags/example_branch_operator.py
[2024-05-12T08:22:46.615+0000] {processor.py:840} INFO - DAG(s) 'example_branch_operator' retrieved from /home/airflow/.local/lib/python3.8/site-packages/airflow/example_dags/example_branch_operator.py
[2024-05-12T08:22:46.653+0000] {logging_mixin.py:188} INFO - [2024-05-12T08:22:46.653+0000] {dag.py:3047} INFO - Sync 1 DAGs
[2024-05-12T08:22:46.685+0000] {logging_mixin.py:188} INFO - [2024-05-12T08:22:46.685+0000] {dag.py:3834} INFO - Setting next_dagrun for example_branch_operator to 2024-05-11 00:00:00+00:00, run_after=2024-05-12 00:00:00+00:00
[2024-05-12T08:22:46.708+0000] {processor.py:183} INFO - Processing /home/airflow/.local/lib/python3.8/site-packages/airflow/example_dags/example_branch_operator.py took 0.122 seconds
[2024-05-12T08:23:17.158+0000] {processor.py:161} INFO - Started process (PID=364) to work on /home/airflow/.local/lib/python3.8/site-packages/airflow/example_dags/example_branch_operator.py
[2024-05-12T08:23:17.160+0000] {processor.py:830} INFO - Processing file /home/airflow/.local/lib/python3.8/site-packages/airflow/example_dags/example_branch_operator.py for tasks to queue
[2024-05-12T08:23:17.162+0000] {logging_mixin.py:188} INFO - [2024-05-12T08:23:17.162+0000] {dagbag.py:540} INFO - Filling up the DagBag from /home/airflow/.local/lib/python3.8/site-packages/airflow/example_dags/example_branch_operator.py
[2024-05-12T08:23:17.190+0000] {processor.py:840} INFO - DAG(s) 'example_branch_operator' retrieved from /home/airflow/.local/lib/python3.8/site-packages/airflow/example_dags/example_branch_operator.py
[2024-05-12T08:23:17.203+0000] {logging_mixin.py:188} INFO - [2024-05-12T08:23:17.202+0000] {dag.py:3047} INFO - Sync 1 DAGs
[2024-05-12T08:23:17.233+0000] {logging_mixin.py:188} INFO - [2024-05-12T08:23:17.233+0000] {dag.py:3834} INFO - Setting next_dagrun for example_branch_operator to 2024-05-11 00:00:00+00:00, run_after=2024-05-12 00:00:00+00:00
[2024-05-12T08:23:17.256+0000] {processor.py:183} INFO - Processing /home/airflow/.local/lib/python3.8/site-packages/airflow/example_dags/example_branch_operator.py took 0.103 seconds
[2024-05-12T08:23:48.060+0000] {processor.py:161} INFO - Started process (PID=419) to work on /home/airflow/.local/lib/python3.8/site-packages/airflow/example_dags/example_branch_operator.py
[2024-05-12T08:23:48.061+0000] {processor.py:830} INFO - Processing file /home/airflow/.local/lib/python3.8/site-packages/airflow/example_dags/example_branch_operator.py for tasks to queue
[2024-05-12T08:23:48.063+0000] {logging_mixin.py:188} INFO - [2024-05-12T08:23:48.063+0000] {dagbag.py:540} INFO - Filling up the DagBag from /home/airflow/.local/lib/python3.8/site-packages/airflow/example_dags/example_branch_operator.py
[2024-05-12T08:23:48.082+0000] {processor.py:840} INFO - DAG(s) 'example_branch_operator' retrieved from /home/airflow/.local/lib/python3.8/site-packages/airflow/example_dags/example_branch_operator.py
[2024-05-12T08:23:48.221+0000] {logging_mixin.py:188} INFO - [2024-05-12T08:23:48.221+0000] {dag.py:3047} INFO - Sync 1 DAGs
[2024-05-12T08:23:48.247+0000] {logging_mixin.py:188} INFO - [2024-05-12T08:23:48.247+0000] {dag.py:3834} INFO - Setting next_dagrun for example_branch_operator to 2024-05-11 00:00:00+00:00, run_after=2024-05-12 00:00:00+00:00
[2024-05-12T08:23:48.269+0000] {processor.py:183} INFO - Processing /home/airflow/.local/lib/python3.8/site-packages/airflow/example_dags/example_branch_operator.py took 0.213 seconds
[2024-05-12T08:24:18.466+0000] {processor.py:161} INFO - Started process (PID=475) to work on /home/airflow/.local/lib/python3.8/site-packages/airflow/example_dags/example_branch_operator.py
[2024-05-12T08:24:18.468+0000] {processor.py:830} INFO - Processing file /home/airflow/.local/lib/python3.8/site-packages/airflow/example_dags/example_branch_operator.py for tasks to queue
[2024-05-12T08:24:18.470+0000] {logging_mixin.py:188} INFO - [2024-05-12T08:24:18.469+0000] {dagbag.py:540} INFO - Filling up the DagBag from /home/airflow/.local/lib/python3.8/site-packages/airflow/example_dags/example_branch_operator.py
[2024-05-12T08:24:18.492+0000] {processor.py:840} INFO - DAG(s) 'example_branch_operator' retrieved from /home/airflow/.local/lib/python3.8/site-packages/airflow/example_dags/example_branch_operator.py
[2024-05-12T08:24:18.522+0000] {logging_mixin.py:188} INFO - [2024-05-12T08:24:18.521+0000] {dag.py:3047} INFO - Sync 1 DAGs
[2024-05-12T08:24:18.545+0000] {logging_mixin.py:188} INFO - [2024-05-12T08:24:18.545+0000] {dag.py:3834} INFO - Setting next_dagrun for example_branch_operator to 2024-05-11 00:00:00+00:00, run_after=2024-05-12 00:00:00+00:00
[2024-05-12T08:24:18.570+0000] {processor.py:183} INFO - Processing /home/airflow/.local/lib/python3.8/site-packages/airflow/example_dags/example_branch_operator.py took 0.108 seconds
[2024-05-12T08:24:48.902+0000] {processor.py:161} INFO - Started process (PID=536) to work on /home/airflow/.local/lib/python3.8/site-packages/airflow/example_dags/example_branch_operator.py
[2024-05-12T08:24:48.903+0000] {processor.py:830} INFO - Processing file /home/airflow/.local/lib/python3.8/site-packages/airflow/example_dags/example_branch_operator.py for tasks to queue
[2024-05-12T08:24:48.904+0000] {logging_mixin.py:188} INFO - [2024-05-12T08:24:48.904+0000] {dagbag.py:540} INFO - Filling up the DagBag from /home/airflow/.local/lib/python3.8/site-packages/airflow/example_dags/example_branch_operator.py
[2024-05-12T08:24:48.923+0000] {processor.py:840} INFO - DAG(s) 'example_branch_operator' retrieved from /home/airflow/.local/lib/python3.8/site-packages/airflow/example_dags/example_branch_operator.py
[2024-05-12T08:24:48.955+0000] {logging_mixin.py:188} INFO - [2024-05-12T08:24:48.954+0000] {dag.py:3047} INFO - Sync 1 DAGs
[2024-05-12T08:24:48.979+0000] {logging_mixin.py:188} INFO - [2024-05-12T08:24:48.979+0000] {dag.py:3834} INFO - Setting next_dagrun for example_branch_operator to 2024-05-11 00:00:00+00:00, run_after=2024-05-12 00:00:00+00:00
[2024-05-12T08:24:48.997+0000] {processor.py:183} INFO - Processing /home/airflow/.local/lib/python3.8/site-packages/airflow/example_dags/example_branch_operator.py took 0.098 seconds
[2024-05-12T08:25:19.046+0000] {processor.py:161} INFO - Started process (PID=591) to work on /home/airflow/.local/lib/python3.8/site-packages/airflow/example_dags/example_branch_operator.py
[2024-05-12T08:25:19.047+0000] {processor.py:830} INFO - Processing file /home/airflow/.local/lib/python3.8/site-packages/airflow/example_dags/example_branch_operator.py for tasks to queue
[2024-05-12T08:25:19.049+0000] {logging_mixin.py:188} INFO - [2024-05-12T08:25:19.049+0000] {dagbag.py:540} INFO - Filling up the DagBag from /home/airflow/.local/lib/python3.8/site-packages/airflow/example_dags/example_branch_operator.py
[2024-05-12T08:25:19.070+0000] {processor.py:840} INFO - DAG(s) 'example_branch_operator' retrieved from /home/airflow/.local/lib/python3.8/site-packages/airflow/example_dags/example_branch_operator.py
[2024-05-12T08:25:19.100+0000] {logging_mixin.py:188} INFO - [2024-05-12T08:25:19.100+0000] {dag.py:3047} INFO - Sync 1 DAGs
[2024-05-12T08:25:19.130+0000] {logging_mixin.py:188} INFO - [2024-05-12T08:25:19.130+0000] {dag.py:3834} INFO - Setting next_dagrun for example_branch_operator to 2024-05-11 00:00:00+00:00, run_after=2024-05-12 00:00:00+00:00
[2024-05-12T08:25:19.153+0000] {processor.py:183} INFO - Processing /home/airflow/.local/lib/python3.8/site-packages/airflow/example_dags/example_branch_operator.py took 0.111 seconds
[2024-05-12T08:25:49.254+0000] {processor.py:161} INFO - Started process (PID=646) to work on /home/airflow/.local/lib/python3.8/site-packages/airflow/example_dags/example_branch_operator.py
[2024-05-12T08:25:49.255+0000] {processor.py:830} INFO - Processing file /home/airflow/.local/lib/python3.8/site-packages/airflow/example_dags/example_branch_operator.py for tasks to queue
[2024-05-12T08:25:49.257+0000] {logging_mixin.py:188} INFO - [2024-05-12T08:25:49.257+0000] {dagbag.py:540} INFO - Filling up the DagBag from /home/airflow/.local/lib/python3.8/site-packages/airflow/example_dags/example_branch_operator.py
[2024-05-12T08:25:49.278+0000] {processor.py:840} INFO - DAG(s) 'example_branch_operator' retrieved from /home/airflow/.local/lib/python3.8/site-packages/airflow/example_dags/example_branch_operator.py
[2024-05-12T08:25:49.307+0000] {logging_mixin.py:188} INFO - [2024-05-12T08:25:49.307+0000] {dag.py:3047} INFO - Sync 1 DAGs
[2024-05-12T08:25:49.333+0000] {logging_mixin.py:188} INFO - [2024-05-12T08:25:49.332+0000] {dag.py:3834} INFO - Setting next_dagrun for example_branch_operator to 2024-05-11 00:00:00+00:00, run_after=2024-05-12 00:00:00+00:00
[2024-05-12T08:25:49.351+0000] {processor.py:183} INFO - Processing /home/airflow/.local/lib/python3.8/site-packages/airflow/example_dags/example_branch_operator.py took 0.100 seconds
[2024-05-12T08:26:19.462+0000] {processor.py:161} INFO - Started process (PID=702) to work on /home/airflow/.local/lib/python3.8/site-packages/airflow/example_dags/example_branch_operator.py
[2024-05-12T08:26:19.464+0000] {processor.py:830} INFO - Processing file /home/airflow/.local/lib/python3.8/site-packages/airflow/example_dags/example_branch_operator.py for tasks to queue
[2024-05-12T08:26:19.465+0000] {logging_mixin.py:188} INFO - [2024-05-12T08:26:19.465+0000] {dagbag.py:540} INFO - Filling up the DagBag from /home/airflow/.local/lib/python3.8/site-packages/airflow/example_dags/example_branch_operator.py
[2024-05-12T08:26:19.484+0000] {processor.py:840} INFO - DAG(s) 'example_branch_operator' retrieved from /home/airflow/.local/lib/python3.8/site-packages/airflow/example_dags/example_branch_operator.py
[2024-05-12T08:26:19.514+0000] {logging_mixin.py:188} INFO - [2024-05-12T08:26:19.514+0000] {dag.py:3047} INFO - Sync 1 DAGs
[2024-05-12T08:26:19.540+0000] {logging_mixin.py:188} INFO - [2024-05-12T08:26:19.539+0000] {dag.py:3834} INFO - Setting next_dagrun for example_branch_operator to 2024-05-11 00:00:00+00:00, run_after=2024-05-12 00:00:00+00:00
[2024-05-12T08:26:19.558+0000] {processor.py:183} INFO - Processing /home/airflow/.local/lib/python3.8/site-packages/airflow/example_dags/example_branch_operator.py took 0.100 seconds
[2024-05-12T08:26:50.376+0000] {processor.py:161} INFO - Started process (PID=757) to work on /home/airflow/.local/lib/python3.8/site-packages/airflow/example_dags/example_branch_operator.py
[2024-05-12T08:26:50.377+0000] {processor.py:830} INFO - Processing file /home/airflow/.local/lib/python3.8/site-packages/airflow/example_dags/example_branch_operator.py for tasks to queue
[2024-05-12T08:26:50.379+0000] {logging_mixin.py:188} INFO - [2024-05-12T08:26:50.378+0000] {dagbag.py:540} INFO - Filling up the DagBag from /home/airflow/.local/lib/python3.8/site-packages/airflow/example_dags/example_branch_operator.py
[2024-05-12T08:26:50.399+0000] {processor.py:840} INFO - DAG(s) 'example_branch_operator' retrieved from /home/airflow/.local/lib/python3.8/site-packages/airflow/example_dags/example_branch_operator.py
[2024-05-12T08:26:50.429+0000] {logging_mixin.py:188} INFO - [2024-05-12T08:26:50.428+0000] {dag.py:3047} INFO - Sync 1 DAGs
[2024-05-12T08:26:50.453+0000] {logging_mixin.py:188} INFO - [2024-05-12T08:26:50.452+0000] {dag.py:3834} INFO - Setting next_dagrun for example_branch_operator to 2024-05-11 00:00:00+00:00, run_after=2024-05-12 00:00:00+00:00
[2024-05-12T08:26:50.479+0000] {processor.py:183} INFO - Processing /home/airflow/.local/lib/python3.8/site-packages/airflow/example_dags/example_branch_operator.py took 0.107 seconds
[2024-05-12T08:27:21.002+0000] {processor.py:161} INFO - Started process (PID=810) to work on /home/airflow/.local/lib/python3.8/site-packages/airflow/example_dags/example_branch_operator.py
[2024-05-12T08:27:21.003+0000] {processor.py:830} INFO - Processing file /home/airflow/.local/lib/python3.8/site-packages/airflow/example_dags/example_branch_operator.py for tasks to queue
[2024-05-12T08:27:21.005+0000] {logging_mixin.py:188} INFO - [2024-05-12T08:27:21.005+0000] {dagbag.py:540} INFO - Filling up the DagBag from /home/airflow/.local/lib/python3.8/site-packages/airflow/example_dags/example_branch_operator.py
[2024-05-12T08:27:21.030+0000] {processor.py:840} INFO - DAG(s) 'example_branch_operator' retrieved from /home/airflow/.local/lib/python3.8/site-packages/airflow/example_dags/example_branch_operator.py
[2024-05-12T08:27:21.062+0000] {logging_mixin.py:188} INFO - [2024-05-12T08:27:21.062+0000] {dag.py:3047} INFO - Sync 1 DAGs
[2024-05-12T08:27:21.088+0000] {logging_mixin.py:188} INFO - [2024-05-12T08:27:21.088+0000] {dag.py:3834} INFO - Setting next_dagrun for example_branch_operator to 2024-05-11 00:00:00+00:00, run_after=2024-05-12 00:00:00+00:00
[2024-05-12T08:27:21.110+0000] {processor.py:183} INFO - Processing /home/airflow/.local/lib/python3.8/site-packages/airflow/example_dags/example_branch_operator.py took 0.112 seconds
[2024-05-12T08:27:51.474+0000] {processor.py:161} INFO - Started process (PID=866) to work on /home/airflow/.local/lib/python3.8/site-packages/airflow/example_dags/example_branch_operator.py
[2024-05-12T08:27:51.476+0000] {processor.py:830} INFO - Processing file /home/airflow/.local/lib/python3.8/site-packages/airflow/example_dags/example_branch_operator.py for tasks to queue
[2024-05-12T08:27:51.478+0000] {logging_mixin.py:188} INFO - [2024-05-12T08:27:51.478+0000] {dagbag.py:540} INFO - Filling up the DagBag from /home/airflow/.local/lib/python3.8/site-packages/airflow/example_dags/example_branch_operator.py
[2024-05-12T08:27:51.497+0000] {processor.py:840} INFO - DAG(s) 'example_branch_operator' retrieved from /home/airflow/.local/lib/python3.8/site-packages/airflow/example_dags/example_branch_operator.py
[2024-05-12T08:27:51.532+0000] {logging_mixin.py:188} INFO - [2024-05-12T08:27:51.532+0000] {dag.py:3047} INFO - Sync 1 DAGs
[2024-05-12T08:27:51.560+0000] {logging_mixin.py:188} INFO - [2024-05-12T08:27:51.559+0000] {dag.py:3834} INFO - Setting next_dagrun for example_branch_operator to 2024-05-11 00:00:00+00:00, run_after=2024-05-12 00:00:00+00:00
[2024-05-12T08:27:51.579+0000] {processor.py:183} INFO - Processing /home/airflow/.local/lib/python3.8/site-packages/airflow/example_dags/example_branch_operator.py took 0.109 seconds
[2024-05-12T08:28:21.665+0000] {processor.py:161} INFO - Started process (PID=921) to work on /home/airflow/.local/lib/python3.8/site-packages/airflow/example_dags/example_branch_operator.py
[2024-05-12T08:28:21.666+0000] {processor.py:830} INFO - Processing file /home/airflow/.local/lib/python3.8/site-packages/airflow/example_dags/example_branch_operator.py for tasks to queue
[2024-05-12T08:28:21.668+0000] {logging_mixin.py:188} INFO - [2024-05-12T08:28:21.668+0000] {dagbag.py:540} INFO - Filling up the DagBag from /home/airflow/.local/lib/python3.8/site-packages/airflow/example_dags/example_branch_operator.py
[2024-05-12T08:28:21.687+0000] {processor.py:840} INFO - DAG(s) 'example_branch_operator' retrieved from /home/airflow/.local/lib/python3.8/site-packages/airflow/example_dags/example_branch_operator.py
[2024-05-12T08:28:21.717+0000] {logging_mixin.py:188} INFO - [2024-05-12T08:28:21.717+0000] {dag.py:3047} INFO - Sync 1 DAGs
[2024-05-12T08:28:21.744+0000] {logging_mixin.py:188} INFO - [2024-05-12T08:28:21.743+0000] {dag.py:3834} INFO - Setting next_dagrun for example_branch_operator to 2024-05-11 00:00:00+00:00, run_after=2024-05-12 00:00:00+00:00
[2024-05-12T08:28:21.768+0000] {processor.py:183} INFO - Processing /home/airflow/.local/lib/python3.8/site-packages/airflow/example_dags/example_branch_operator.py took 0.107 seconds
