[2024-05-12T08:20:35.157+0000] {processor.py:161} INFO - Started process (PID=55) to work on /home/airflow/.local/lib/python3.8/site-packages/airflow/example_dags/example_short_circuit_operator.py
[2024-05-12T08:20:35.158+0000] {processor.py:830} INFO - Processing file /home/airflow/.local/lib/python3.8/site-packages/airflow/example_dags/example_short_circuit_operator.py for tasks to queue
[2024-05-12T08:20:35.160+0000] {logging_mixin.py:188} INFO - [2024-05-12T08:20:35.159+0000] {dagbag.py:540} INFO - Filling up the DagBag from /home/airflow/.local/lib/python3.8/site-packages/airflow/example_dags/example_short_circuit_operator.py
[2024-05-12T08:20:35.171+0000] {processor.py:840} INFO - DAG(s) 'example_short_circuit_operator' retrieved from /home/airflow/.local/lib/python3.8/site-packages/airflow/example_dags/example_short_circuit_operator.py
[2024-05-12T08:20:35.209+0000] {logging_mixin.py:188} INFO - [2024-05-12T08:20:35.209+0000] {dag.py:3047} INFO - Sync 1 DAGs
[2024-05-12T08:20:35.232+0000] {logging_mixin.py:188} INFO - [2024-05-12T08:20:35.232+0000] {dag.py:3834} INFO - Setting next_dagrun for example_short_circuit_operator to 2024-05-11 00:00:00+00:00, run_after=2024-05-12 00:00:00+00:00
[2024-05-12T08:20:35.250+0000] {processor.py:183} INFO - Processing /home/airflow/.local/lib/python3.8/site-packages/airflow/example_dags/example_short_circuit_operator.py took 0.096 seconds
[2024-05-12T08:21:05.352+0000] {processor.py:161} INFO - Started process (PID=111) to work on /home/airflow/.local/lib/python3.8/site-packages/airflow/example_dags/example_short_circuit_operator.py
[2024-05-12T08:21:05.353+0000] {processor.py:830} INFO - Processing file /home/airflow/.local/lib/python3.8/site-packages/airflow/example_dags/example_short_circuit_operator.py for tasks to queue
[2024-05-12T08:21:05.355+0000] {logging_mixin.py:188} INFO - [2024-05-12T08:21:05.355+0000] {dagbag.py:540} INFO - Filling up the DagBag from /home/airflow/.local/lib/python3.8/site-packages/airflow/example_dags/example_short_circuit_operator.py
[2024-05-12T08:21:05.363+0000] {processor.py:840} INFO - DAG(s) 'example_short_circuit_operator' retrieved from /home/airflow/.local/lib/python3.8/site-packages/airflow/example_dags/example_short_circuit_operator.py
[2024-05-12T08:21:05.387+0000] {logging_mixin.py:188} INFO - [2024-05-12T08:21:05.387+0000] {dag.py:3047} INFO - Sync 1 DAGs
[2024-05-12T08:21:05.410+0000] {logging_mixin.py:188} INFO - [2024-05-12T08:21:05.410+0000] {dag.py:3834} INFO - Setting next_dagrun for example_short_circuit_operator to 2024-05-11 00:00:00+00:00, run_after=2024-05-12 00:00:00+00:00
[2024-05-12T08:21:05.427+0000] {processor.py:183} INFO - Processing /home/airflow/.local/lib/python3.8/site-packages/airflow/example_dags/example_short_circuit_operator.py took 0.079 seconds
[2024-05-12T08:21:35.690+0000] {processor.py:161} INFO - Started process (PID=164) to work on /home/airflow/.local/lib/python3.8/site-packages/airflow/example_dags/example_short_circuit_operator.py
[2024-05-12T08:21:35.691+0000] {processor.py:830} INFO - Processing file /home/airflow/.local/lib/python3.8/site-packages/airflow/example_dags/example_short_circuit_operator.py for tasks to queue
[2024-05-12T08:21:35.692+0000] {logging_mixin.py:188} INFO - [2024-05-12T08:21:35.692+0000] {dagbag.py:540} INFO - Filling up the DagBag from /home/airflow/.local/lib/python3.8/site-packages/airflow/example_dags/example_short_circuit_operator.py
[2024-05-12T08:21:35.703+0000] {processor.py:840} INFO - DAG(s) 'example_short_circuit_operator' retrieved from /home/airflow/.local/lib/python3.8/site-packages/airflow/example_dags/example_short_circuit_operator.py
[2024-05-12T08:21:35.732+0000] {logging_mixin.py:188} INFO - [2024-05-12T08:21:35.732+0000] {dag.py:3047} INFO - Sync 1 DAGs
[2024-05-12T08:21:35.763+0000] {logging_mixin.py:188} INFO - [2024-05-12T08:21:35.763+0000] {dag.py:3834} INFO - Setting next_dagrun for example_short_circuit_operator to 2024-05-11 00:00:00+00:00, run_after=2024-05-12 00:00:00+00:00
[2024-05-12T08:21:35.786+0000] {processor.py:183} INFO - Processing /home/airflow/.local/lib/python3.8/site-packages/airflow/example_dags/example_short_circuit_operator.py took 0.101 seconds
[2024-05-12T08:22:05.863+0000] {processor.py:161} INFO - Started process (PID=219) to work on /home/airflow/.local/lib/python3.8/site-packages/airflow/example_dags/example_short_circuit_operator.py
[2024-05-12T08:22:05.864+0000] {processor.py:830} INFO - Processing file /home/airflow/.local/lib/python3.8/site-packages/airflow/example_dags/example_short_circuit_operator.py for tasks to queue
[2024-05-12T08:22:05.866+0000] {logging_mixin.py:188} INFO - [2024-05-12T08:22:05.866+0000] {dagbag.py:540} INFO - Filling up the DagBag from /home/airflow/.local/lib/python3.8/site-packages/airflow/example_dags/example_short_circuit_operator.py
[2024-05-12T08:22:05.875+0000] {processor.py:840} INFO - DAG(s) 'example_short_circuit_operator' retrieved from /home/airflow/.local/lib/python3.8/site-packages/airflow/example_dags/example_short_circuit_operator.py
[2024-05-12T08:22:05.901+0000] {logging_mixin.py:188} INFO - [2024-05-12T08:22:05.900+0000] {dag.py:3047} INFO - Sync 1 DAGs
[2024-05-12T08:22:05.923+0000] {logging_mixin.py:188} INFO - [2024-05-12T08:22:05.923+0000] {dag.py:3834} INFO - Setting next_dagrun for example_short_circuit_operator to 2024-05-11 00:00:00+00:00, run_after=2024-05-12 00:00:00+00:00
[2024-05-12T08:22:05.942+0000] {processor.py:183} INFO - Processing /home/airflow/.local/lib/python3.8/site-packages/airflow/example_dags/example_short_circuit_operator.py took 0.083 seconds
[2024-05-12T08:22:36.493+0000] {processor.py:161} INFO - Started process (PID=273) to work on /home/airflow/.local/lib/python3.8/site-packages/airflow/example_dags/example_short_circuit_operator.py
[2024-05-12T08:22:36.494+0000] {processor.py:830} INFO - Processing file /home/airflow/.local/lib/python3.8/site-packages/airflow/example_dags/example_short_circuit_operator.py for tasks to queue
[2024-05-12T08:22:36.496+0000] {logging_mixin.py:188} INFO - [2024-05-12T08:22:36.495+0000] {dagbag.py:540} INFO - Filling up the DagBag from /home/airflow/.local/lib/python3.8/site-packages/airflow/example_dags/example_short_circuit_operator.py
[2024-05-12T08:22:36.503+0000] {processor.py:840} INFO - DAG(s) 'example_short_circuit_operator' retrieved from /home/airflow/.local/lib/python3.8/site-packages/airflow/example_dags/example_short_circuit_operator.py
[2024-05-12T08:22:36.528+0000] {logging_mixin.py:188} INFO - [2024-05-12T08:22:36.527+0000] {dag.py:3047} INFO - Sync 1 DAGs
[2024-05-12T08:22:36.550+0000] {logging_mixin.py:188} INFO - [2024-05-12T08:22:36.550+0000] {dag.py:3834} INFO - Setting next_dagrun for example_short_circuit_operator to 2024-05-11 00:00:00+00:00, run_after=2024-05-12 00:00:00+00:00
[2024-05-12T08:22:36.574+0000] {processor.py:183} INFO - Processing /home/airflow/.local/lib/python3.8/site-packages/airflow/example_dags/example_short_circuit_operator.py took 0.085 seconds
[2024-05-12T08:23:07.332+0000] {processor.py:161} INFO - Started process (PID=328) to work on /home/airflow/.local/lib/python3.8/site-packages/airflow/example_dags/example_short_circuit_operator.py
[2024-05-12T08:23:07.336+0000] {processor.py:830} INFO - Processing file /home/airflow/.local/lib/python3.8/site-packages/airflow/example_dags/example_short_circuit_operator.py for tasks to queue
[2024-05-12T08:23:07.338+0000] {logging_mixin.py:188} INFO - [2024-05-12T08:23:07.338+0000] {dagbag.py:540} INFO - Filling up the DagBag from /home/airflow/.local/lib/python3.8/site-packages/airflow/example_dags/example_short_circuit_operator.py
[2024-05-12T08:23:07.347+0000] {processor.py:840} INFO - DAG(s) 'example_short_circuit_operator' retrieved from /home/airflow/.local/lib/python3.8/site-packages/airflow/example_dags/example_short_circuit_operator.py
[2024-05-12T08:23:07.372+0000] {logging_mixin.py:188} INFO - [2024-05-12T08:23:07.371+0000] {dag.py:3047} INFO - Sync 1 DAGs
[2024-05-12T08:23:07.399+0000] {logging_mixin.py:188} INFO - [2024-05-12T08:23:07.398+0000] {dag.py:3834} INFO - Setting next_dagrun for example_short_circuit_operator to 2024-05-11 00:00:00+00:00, run_after=2024-05-12 00:00:00+00:00
[2024-05-12T08:23:07.424+0000] {processor.py:183} INFO - Processing /home/airflow/.local/lib/python3.8/site-packages/airflow/example_dags/example_short_circuit_operator.py took 0.095 seconds
[2024-05-12T08:23:37.861+0000] {processor.py:161} INFO - Started process (PID=383) to work on /home/airflow/.local/lib/python3.8/site-packages/airflow/example_dags/example_short_circuit_operator.py
[2024-05-12T08:23:37.863+0000] {processor.py:830} INFO - Processing file /home/airflow/.local/lib/python3.8/site-packages/airflow/example_dags/example_short_circuit_operator.py for tasks to queue
[2024-05-12T08:23:37.865+0000] {logging_mixin.py:188} INFO - [2024-05-12T08:23:37.865+0000] {dagbag.py:540} INFO - Filling up the DagBag from /home/airflow/.local/lib/python3.8/site-packages/airflow/example_dags/example_short_circuit_operator.py
[2024-05-12T08:23:37.873+0000] {processor.py:840} INFO - DAG(s) 'example_short_circuit_operator' retrieved from /home/airflow/.local/lib/python3.8/site-packages/airflow/example_dags/example_short_circuit_operator.py
[2024-05-12T08:23:37.886+0000] {logging_mixin.py:188} INFO - [2024-05-12T08:23:37.885+0000] {dag.py:3047} INFO - Sync 1 DAGs
[2024-05-12T08:23:37.917+0000] {logging_mixin.py:188} INFO - [2024-05-12T08:23:37.917+0000] {dag.py:3834} INFO - Setting next_dagrun for example_short_circuit_operator to 2024-05-11 00:00:00+00:00, run_after=2024-05-12 00:00:00+00:00
[2024-05-12T08:23:37.939+0000] {processor.py:183} INFO - Processing /home/airflow/.local/lib/python3.8/site-packages/airflow/example_dags/example_short_circuit_operator.py took 0.081 seconds
[2024-05-12T08:24:08.169+0000] {processor.py:161} INFO - Started process (PID=439) to work on /home/airflow/.local/lib/python3.8/site-packages/airflow/example_dags/example_short_circuit_operator.py
[2024-05-12T08:24:08.171+0000] {processor.py:830} INFO - Processing file /home/airflow/.local/lib/python3.8/site-packages/airflow/example_dags/example_short_circuit_operator.py for tasks to queue
[2024-05-12T08:24:08.172+0000] {logging_mixin.py:188} INFO - [2024-05-12T08:24:08.172+0000] {dagbag.py:540} INFO - Filling up the DagBag from /home/airflow/.local/lib/python3.8/site-packages/airflow/example_dags/example_short_circuit_operator.py
[2024-05-12T08:24:08.180+0000] {processor.py:840} INFO - DAG(s) 'example_short_circuit_operator' retrieved from /home/airflow/.local/lib/python3.8/site-packages/airflow/example_dags/example_short_circuit_operator.py
[2024-05-12T08:24:08.313+0000] {logging_mixin.py:188} INFO - [2024-05-12T08:24:08.313+0000] {dag.py:3047} INFO - Sync 1 DAGs
[2024-05-12T08:24:08.341+0000] {logging_mixin.py:188} INFO - [2024-05-12T08:24:08.340+0000] {dag.py:3834} INFO - Setting next_dagrun for example_short_circuit_operator to 2024-05-11 00:00:00+00:00, run_after=2024-05-12 00:00:00+00:00
[2024-05-12T08:24:08.364+0000] {processor.py:183} INFO - Processing /home/airflow/.local/lib/python3.8/site-packages/airflow/example_dags/example_short_circuit_operator.py took 0.199 seconds
[2024-05-12T08:24:38.436+0000] {processor.py:161} INFO - Started process (PID=494) to work on /home/airflow/.local/lib/python3.8/site-packages/airflow/example_dags/example_short_circuit_operator.py
[2024-05-12T08:24:38.437+0000] {processor.py:830} INFO - Processing file /home/airflow/.local/lib/python3.8/site-packages/airflow/example_dags/example_short_circuit_operator.py for tasks to queue
[2024-05-12T08:24:38.439+0000] {logging_mixin.py:188} INFO - [2024-05-12T08:24:38.439+0000] {dagbag.py:540} INFO - Filling up the DagBag from /home/airflow/.local/lib/python3.8/site-packages/airflow/example_dags/example_short_circuit_operator.py
[2024-05-12T08:24:38.447+0000] {processor.py:840} INFO - DAG(s) 'example_short_circuit_operator' retrieved from /home/airflow/.local/lib/python3.8/site-packages/airflow/example_dags/example_short_circuit_operator.py
[2024-05-12T08:24:38.475+0000] {logging_mixin.py:188} INFO - [2024-05-12T08:24:38.475+0000] {dag.py:3047} INFO - Sync 1 DAGs
[2024-05-12T08:24:38.497+0000] {logging_mixin.py:188} INFO - [2024-05-12T08:24:38.497+0000] {dag.py:3834} INFO - Setting next_dagrun for example_short_circuit_operator to 2024-05-11 00:00:00+00:00, run_after=2024-05-12 00:00:00+00:00
[2024-05-12T08:24:38.524+0000] {processor.py:183} INFO - Processing /home/airflow/.local/lib/python3.8/site-packages/airflow/example_dags/example_short_circuit_operator.py took 0.091 seconds
[2024-05-12T08:25:08.627+0000] {processor.py:161} INFO - Started process (PID=549) to work on /home/airflow/.local/lib/python3.8/site-packages/airflow/example_dags/example_short_circuit_operator.py
[2024-05-12T08:25:08.628+0000] {processor.py:830} INFO - Processing file /home/airflow/.local/lib/python3.8/site-packages/airflow/example_dags/example_short_circuit_operator.py for tasks to queue
[2024-05-12T08:25:08.630+0000] {logging_mixin.py:188} INFO - [2024-05-12T08:25:08.629+0000] {dagbag.py:540} INFO - Filling up the DagBag from /home/airflow/.local/lib/python3.8/site-packages/airflow/example_dags/example_short_circuit_operator.py
[2024-05-12T08:25:08.638+0000] {processor.py:840} INFO - DAG(s) 'example_short_circuit_operator' retrieved from /home/airflow/.local/lib/python3.8/site-packages/airflow/example_dags/example_short_circuit_operator.py
[2024-05-12T08:25:08.669+0000] {logging_mixin.py:188} INFO - [2024-05-12T08:25:08.668+0000] {dag.py:3047} INFO - Sync 1 DAGs
[2024-05-12T08:25:08.693+0000] {logging_mixin.py:188} INFO - [2024-05-12T08:25:08.693+0000] {dag.py:3834} INFO - Setting next_dagrun for example_short_circuit_operator to 2024-05-11 00:00:00+00:00, run_after=2024-05-12 00:00:00+00:00
[2024-05-12T08:25:08.716+0000] {processor.py:183} INFO - Processing /home/airflow/.local/lib/python3.8/site-packages/airflow/example_dags/example_short_circuit_operator.py took 0.093 seconds
[2024-05-12T08:25:38.816+0000] {processor.py:161} INFO - Started process (PID=605) to work on /home/airflow/.local/lib/python3.8/site-packages/airflow/example_dags/example_short_circuit_operator.py
[2024-05-12T08:25:38.817+0000] {processor.py:830} INFO - Processing file /home/airflow/.local/lib/python3.8/site-packages/airflow/example_dags/example_short_circuit_operator.py for tasks to queue
[2024-05-12T08:25:38.818+0000] {logging_mixin.py:188} INFO - [2024-05-12T08:25:38.818+0000] {dagbag.py:540} INFO - Filling up the DagBag from /home/airflow/.local/lib/python3.8/site-packages/airflow/example_dags/example_short_circuit_operator.py
[2024-05-12T08:25:38.826+0000] {processor.py:840} INFO - DAG(s) 'example_short_circuit_operator' retrieved from /home/airflow/.local/lib/python3.8/site-packages/airflow/example_dags/example_short_circuit_operator.py
[2024-05-12T08:25:38.850+0000] {logging_mixin.py:188} INFO - [2024-05-12T08:25:38.850+0000] {dag.py:3047} INFO - Sync 1 DAGs
[2024-05-12T08:25:38.873+0000] {logging_mixin.py:188} INFO - [2024-05-12T08:25:38.873+0000] {dag.py:3834} INFO - Setting next_dagrun for example_short_circuit_operator to 2024-05-11 00:00:00+00:00, run_after=2024-05-12 00:00:00+00:00
[2024-05-12T08:25:38.890+0000] {processor.py:183} INFO - Processing /home/airflow/.local/lib/python3.8/site-packages/airflow/example_dags/example_short_circuit_operator.py took 0.078 seconds
[2024-05-12T08:26:09.036+0000] {processor.py:161} INFO - Started process (PID=660) to work on /home/airflow/.local/lib/python3.8/site-packages/airflow/example_dags/example_short_circuit_operator.py
[2024-05-12T08:26:09.037+0000] {processor.py:830} INFO - Processing file /home/airflow/.local/lib/python3.8/site-packages/airflow/example_dags/example_short_circuit_operator.py for tasks to queue
[2024-05-12T08:26:09.039+0000] {logging_mixin.py:188} INFO - [2024-05-12T08:26:09.038+0000] {dagbag.py:540} INFO - Filling up the DagBag from /home/airflow/.local/lib/python3.8/site-packages/airflow/example_dags/example_short_circuit_operator.py
[2024-05-12T08:26:09.047+0000] {processor.py:840} INFO - DAG(s) 'example_short_circuit_operator' retrieved from /home/airflow/.local/lib/python3.8/site-packages/airflow/example_dags/example_short_circuit_operator.py
[2024-05-12T08:26:09.071+0000] {logging_mixin.py:188} INFO - [2024-05-12T08:26:09.071+0000] {dag.py:3047} INFO - Sync 1 DAGs
[2024-05-12T08:26:09.094+0000] {logging_mixin.py:188} INFO - [2024-05-12T08:26:09.094+0000] {dag.py:3834} INFO - Setting next_dagrun for example_short_circuit_operator to 2024-05-11 00:00:00+00:00, run_after=2024-05-12 00:00:00+00:00
[2024-05-12T08:26:09.120+0000] {processor.py:183} INFO - Processing /home/airflow/.local/lib/python3.8/site-packages/airflow/example_dags/example_short_circuit_operator.py took 0.088 seconds
[2024-05-12T08:26:39.302+0000] {processor.py:161} INFO - Started process (PID=716) to work on /home/airflow/.local/lib/python3.8/site-packages/airflow/example_dags/example_short_circuit_operator.py
[2024-05-12T08:26:39.303+0000] {processor.py:830} INFO - Processing file /home/airflow/.local/lib/python3.8/site-packages/airflow/example_dags/example_short_circuit_operator.py for tasks to queue
[2024-05-12T08:26:39.305+0000] {logging_mixin.py:188} INFO - [2024-05-12T08:26:39.304+0000] {dagbag.py:540} INFO - Filling up the DagBag from /home/airflow/.local/lib/python3.8/site-packages/airflow/example_dags/example_short_circuit_operator.py
[2024-05-12T08:26:39.314+0000] {processor.py:840} INFO - DAG(s) 'example_short_circuit_operator' retrieved from /home/airflow/.local/lib/python3.8/site-packages/airflow/example_dags/example_short_circuit_operator.py
[2024-05-12T08:26:39.346+0000] {logging_mixin.py:188} INFO - [2024-05-12T08:26:39.345+0000] {dag.py:3047} INFO - Sync 1 DAGs
[2024-05-12T08:26:39.376+0000] {logging_mixin.py:188} INFO - [2024-05-12T08:26:39.376+0000] {dag.py:3834} INFO - Setting next_dagrun for example_short_circuit_operator to 2024-05-11 00:00:00+00:00, run_after=2024-05-12 00:00:00+00:00
[2024-05-12T08:26:39.402+0000] {processor.py:183} INFO - Processing /home/airflow/.local/lib/python3.8/site-packages/airflow/example_dags/example_short_circuit_operator.py took 0.105 seconds
[2024-05-12T08:27:10.039+0000] {processor.py:161} INFO - Started process (PID=770) to work on /home/airflow/.local/lib/python3.8/site-packages/airflow/example_dags/example_short_circuit_operator.py
[2024-05-12T08:27:10.040+0000] {processor.py:830} INFO - Processing file /home/airflow/.local/lib/python3.8/site-packages/airflow/example_dags/example_short_circuit_operator.py for tasks to queue
[2024-05-12T08:27:10.042+0000] {logging_mixin.py:188} INFO - [2024-05-12T08:27:10.042+0000] {dagbag.py:540} INFO - Filling up the DagBag from /home/airflow/.local/lib/python3.8/site-packages/airflow/example_dags/example_short_circuit_operator.py
[2024-05-12T08:27:10.051+0000] {processor.py:840} INFO - DAG(s) 'example_short_circuit_operator' retrieved from /home/airflow/.local/lib/python3.8/site-packages/airflow/example_dags/example_short_circuit_operator.py
[2024-05-12T08:27:10.076+0000] {logging_mixin.py:188} INFO - [2024-05-12T08:27:10.076+0000] {dag.py:3047} INFO - Sync 1 DAGs
[2024-05-12T08:27:10.100+0000] {logging_mixin.py:188} INFO - [2024-05-12T08:27:10.100+0000] {dag.py:3834} INFO - Setting next_dagrun for example_short_circuit_operator to 2024-05-11 00:00:00+00:00, run_after=2024-05-12 00:00:00+00:00
[2024-05-12T08:27:10.129+0000] {processor.py:183} INFO - Processing /home/airflow/.local/lib/python3.8/site-packages/airflow/example_dags/example_short_circuit_operator.py took 0.094 seconds
[2024-05-12T08:27:40.188+0000] {processor.py:161} INFO - Started process (PID=825) to work on /home/airflow/.local/lib/python3.8/site-packages/airflow/example_dags/example_short_circuit_operator.py
[2024-05-12T08:27:40.189+0000] {processor.py:830} INFO - Processing file /home/airflow/.local/lib/python3.8/site-packages/airflow/example_dags/example_short_circuit_operator.py for tasks to queue
[2024-05-12T08:27:40.191+0000] {logging_mixin.py:188} INFO - [2024-05-12T08:27:40.191+0000] {dagbag.py:540} INFO - Filling up the DagBag from /home/airflow/.local/lib/python3.8/site-packages/airflow/example_dags/example_short_circuit_operator.py
[2024-05-12T08:27:40.202+0000] {processor.py:840} INFO - DAG(s) 'example_short_circuit_operator' retrieved from /home/airflow/.local/lib/python3.8/site-packages/airflow/example_dags/example_short_circuit_operator.py
[2024-05-12T08:27:40.233+0000] {logging_mixin.py:188} INFO - [2024-05-12T08:27:40.233+0000] {dag.py:3047} INFO - Sync 1 DAGs
[2024-05-12T08:27:40.262+0000] {logging_mixin.py:188} INFO - [2024-05-12T08:27:40.261+0000] {dag.py:3834} INFO - Setting next_dagrun for example_short_circuit_operator to 2024-05-11 00:00:00+00:00, run_after=2024-05-12 00:00:00+00:00
[2024-05-12T08:27:40.288+0000] {processor.py:183} INFO - Processing /home/airflow/.local/lib/python3.8/site-packages/airflow/example_dags/example_short_circuit_operator.py took 0.104 seconds
[2024-05-12T08:28:10.553+0000] {processor.py:161} INFO - Started process (PID=881) to work on /home/airflow/.local/lib/python3.8/site-packages/airflow/example_dags/example_short_circuit_operator.py
[2024-05-12T08:28:10.555+0000] {processor.py:830} INFO - Processing file /home/airflow/.local/lib/python3.8/site-packages/airflow/example_dags/example_short_circuit_operator.py for tasks to queue
[2024-05-12T08:28:10.557+0000] {logging_mixin.py:188} INFO - [2024-05-12T08:28:10.556+0000] {dagbag.py:540} INFO - Filling up the DagBag from /home/airflow/.local/lib/python3.8/site-packages/airflow/example_dags/example_short_circuit_operator.py
[2024-05-12T08:28:10.567+0000] {processor.py:840} INFO - DAG(s) 'example_short_circuit_operator' retrieved from /home/airflow/.local/lib/python3.8/site-packages/airflow/example_dags/example_short_circuit_operator.py
[2024-05-12T08:28:10.594+0000] {logging_mixin.py:188} INFO - [2024-05-12T08:28:10.593+0000] {dag.py:3047} INFO - Sync 1 DAGs
[2024-05-12T08:28:10.618+0000] {logging_mixin.py:188} INFO - [2024-05-12T08:28:10.618+0000] {dag.py:3834} INFO - Setting next_dagrun for example_short_circuit_operator to 2024-05-11 00:00:00+00:00, run_after=2024-05-12 00:00:00+00:00
[2024-05-12T08:28:10.641+0000] {processor.py:183} INFO - Processing /home/airflow/.local/lib/python3.8/site-packages/airflow/example_dags/example_short_circuit_operator.py took 0.092 seconds
[2024-05-12T08:28:40.760+0000] {processor.py:161} INFO - Started process (PID=936) to work on /home/airflow/.local/lib/python3.8/site-packages/airflow/example_dags/example_short_circuit_operator.py
[2024-05-12T08:28:40.761+0000] {processor.py:830} INFO - Processing file /home/airflow/.local/lib/python3.8/site-packages/airflow/example_dags/example_short_circuit_operator.py for tasks to queue
[2024-05-12T08:28:40.763+0000] {logging_mixin.py:188} INFO - [2024-05-12T08:28:40.763+0000] {dagbag.py:540} INFO - Filling up the DagBag from /home/airflow/.local/lib/python3.8/site-packages/airflow/example_dags/example_short_circuit_operator.py
[2024-05-12T08:28:40.774+0000] {processor.py:840} INFO - DAG(s) 'example_short_circuit_operator' retrieved from /home/airflow/.local/lib/python3.8/site-packages/airflow/example_dags/example_short_circuit_operator.py
[2024-05-12T08:28:40.800+0000] {logging_mixin.py:188} INFO - [2024-05-12T08:28:40.799+0000] {dag.py:3047} INFO - Sync 1 DAGs
[2024-05-12T08:28:40.823+0000] {logging_mixin.py:188} INFO - [2024-05-12T08:28:40.823+0000] {dag.py:3834} INFO - Setting next_dagrun for example_short_circuit_operator to 2024-05-11 00:00:00+00:00, run_after=2024-05-12 00:00:00+00:00
[2024-05-12T08:28:40.845+0000] {processor.py:183} INFO - Processing /home/airflow/.local/lib/python3.8/site-packages/airflow/example_dags/example_short_circuit_operator.py took 0.088 seconds
