[2024-05-12T08:20:42.435+0000] {processor.py:161} INFO - Started process (PID=75) to work on /home/airflow/.local/lib/python3.8/site-packages/airflow/example_dags/tutorial_dag.py
[2024-05-12T08:20:42.436+0000] {processor.py:830} INFO - Processing file /home/airflow/.local/lib/python3.8/site-packages/airflow/example_dags/tutorial_dag.py for tasks to queue
[2024-05-12T08:20:42.437+0000] {logging_mixin.py:188} INFO - [2024-05-12T08:20:42.437+0000] {dagbag.py:540} INFO - Filling up the DagBag from /home/airflow/.local/lib/python3.8/site-packages/airflow/example_dags/tutorial_dag.py
[2024-05-12T08:20:42.444+0000] {processor.py:840} INFO - DAG(s) 'tutorial_dag' retrieved from /home/airflow/.local/lib/python3.8/site-packages/airflow/example_dags/tutorial_dag.py
[2024-05-12T08:20:42.473+0000] {logging_mixin.py:188} INFO - [2024-05-12T08:20:42.473+0000] {dag.py:3047} INFO - Sync 1 DAGs
[2024-05-12T08:20:42.485+0000] {logging_mixin.py:188} INFO - [2024-05-12T08:20:42.485+0000] {dag.py:3834} INFO - Setting next_dagrun for tutorial_dag to None, run_after=None
[2024-05-12T08:20:42.517+0000] {processor.py:183} INFO - Processing /home/airflow/.local/lib/python3.8/site-packages/airflow/example_dags/tutorial_dag.py took 0.087 seconds
[2024-05-12T08:21:13.106+0000] {processor.py:161} INFO - Started process (PID=131) to work on /home/airflow/.local/lib/python3.8/site-packages/airflow/example_dags/tutorial_dag.py
[2024-05-12T08:21:13.107+0000] {processor.py:830} INFO - Processing file /home/airflow/.local/lib/python3.8/site-packages/airflow/example_dags/tutorial_dag.py for tasks to queue
[2024-05-12T08:21:13.110+0000] {logging_mixin.py:188} INFO - [2024-05-12T08:21:13.109+0000] {dagbag.py:540} INFO - Filling up the DagBag from /home/airflow/.local/lib/python3.8/site-packages/airflow/example_dags/tutorial_dag.py
[2024-05-12T08:21:13.117+0000] {processor.py:840} INFO - DAG(s) 'tutorial_dag' retrieved from /home/airflow/.local/lib/python3.8/site-packages/airflow/example_dags/tutorial_dag.py
[2024-05-12T08:21:13.145+0000] {logging_mixin.py:188} INFO - [2024-05-12T08:21:13.144+0000] {dag.py:3047} INFO - Sync 1 DAGs
[2024-05-12T08:21:13.163+0000] {logging_mixin.py:188} INFO - [2024-05-12T08:21:13.163+0000] {dag.py:3834} INFO - Setting next_dagrun for tutorial_dag to None, run_after=None
[2024-05-12T08:21:13.237+0000] {processor.py:183} INFO - Processing /home/airflow/.local/lib/python3.8/site-packages/airflow/example_dags/tutorial_dag.py took 0.136 seconds
[2024-05-12T08:21:44.118+0000] {processor.py:161} INFO - Started process (PID=186) to work on /home/airflow/.local/lib/python3.8/site-packages/airflow/example_dags/tutorial_dag.py
[2024-05-12T08:21:44.120+0000] {processor.py:830} INFO - Processing file /home/airflow/.local/lib/python3.8/site-packages/airflow/example_dags/tutorial_dag.py for tasks to queue
[2024-05-12T08:21:44.122+0000] {logging_mixin.py:188} INFO - [2024-05-12T08:21:44.122+0000] {dagbag.py:540} INFO - Filling up the DagBag from /home/airflow/.local/lib/python3.8/site-packages/airflow/example_dags/tutorial_dag.py
[2024-05-12T08:21:44.130+0000] {processor.py:840} INFO - DAG(s) 'tutorial_dag' retrieved from /home/airflow/.local/lib/python3.8/site-packages/airflow/example_dags/tutorial_dag.py
[2024-05-12T08:21:44.156+0000] {logging_mixin.py:188} INFO - [2024-05-12T08:21:44.155+0000] {dag.py:3047} INFO - Sync 1 DAGs
[2024-05-12T08:21:44.173+0000] {logging_mixin.py:188} INFO - [2024-05-12T08:21:44.173+0000] {dag.py:3834} INFO - Setting next_dagrun for tutorial_dag to None, run_after=None
[2024-05-12T08:21:44.195+0000] {processor.py:183} INFO - Processing /home/airflow/.local/lib/python3.8/site-packages/airflow/example_dags/tutorial_dag.py took 0.081 seconds
[2024-05-12T08:22:14.557+0000] {processor.py:161} INFO - Started process (PID=241) to work on /home/airflow/.local/lib/python3.8/site-packages/airflow/example_dags/tutorial_dag.py
[2024-05-12T08:22:14.561+0000] {processor.py:830} INFO - Processing file /home/airflow/.local/lib/python3.8/site-packages/airflow/example_dags/tutorial_dag.py for tasks to queue
[2024-05-12T08:22:14.564+0000] {logging_mixin.py:188} INFO - [2024-05-12T08:22:14.563+0000] {dagbag.py:540} INFO - Filling up the DagBag from /home/airflow/.local/lib/python3.8/site-packages/airflow/example_dags/tutorial_dag.py
[2024-05-12T08:22:14.571+0000] {processor.py:840} INFO - DAG(s) 'tutorial_dag' retrieved from /home/airflow/.local/lib/python3.8/site-packages/airflow/example_dags/tutorial_dag.py
[2024-05-12T08:22:14.595+0000] {logging_mixin.py:188} INFO - [2024-05-12T08:22:14.595+0000] {dag.py:3047} INFO - Sync 1 DAGs
[2024-05-12T08:22:14.608+0000] {logging_mixin.py:188} INFO - [2024-05-12T08:22:14.608+0000] {dag.py:3834} INFO - Setting next_dagrun for tutorial_dag to None, run_after=None
[2024-05-12T08:22:14.637+0000] {processor.py:183} INFO - Processing /home/airflow/.local/lib/python3.8/site-packages/airflow/example_dags/tutorial_dag.py took 0.085 seconds
[2024-05-12T08:22:44.791+0000] {processor.py:161} INFO - Started process (PID=295) to work on /home/airflow/.local/lib/python3.8/site-packages/airflow/example_dags/tutorial_dag.py
[2024-05-12T08:22:44.792+0000] {processor.py:830} INFO - Processing file /home/airflow/.local/lib/python3.8/site-packages/airflow/example_dags/tutorial_dag.py for tasks to queue
[2024-05-12T08:22:44.794+0000] {logging_mixin.py:188} INFO - [2024-05-12T08:22:44.794+0000] {dagbag.py:540} INFO - Filling up the DagBag from /home/airflow/.local/lib/python3.8/site-packages/airflow/example_dags/tutorial_dag.py
[2024-05-12T08:22:44.800+0000] {processor.py:840} INFO - DAG(s) 'tutorial_dag' retrieved from /home/airflow/.local/lib/python3.8/site-packages/airflow/example_dags/tutorial_dag.py
[2024-05-12T08:22:44.820+0000] {logging_mixin.py:188} INFO - [2024-05-12T08:22:44.820+0000] {dag.py:3047} INFO - Sync 1 DAGs
[2024-05-12T08:22:44.833+0000] {logging_mixin.py:188} INFO - [2024-05-12T08:22:44.832+0000] {dag.py:3834} INFO - Setting next_dagrun for tutorial_dag to None, run_after=None
[2024-05-12T08:22:44.856+0000] {processor.py:183} INFO - Processing /home/airflow/.local/lib/python3.8/site-packages/airflow/example_dags/tutorial_dag.py took 0.069 seconds
[2024-05-12T08:23:15.417+0000] {processor.py:161} INFO - Started process (PID=350) to work on /home/airflow/.local/lib/python3.8/site-packages/airflow/example_dags/tutorial_dag.py
[2024-05-12T08:23:15.419+0000] {processor.py:830} INFO - Processing file /home/airflow/.local/lib/python3.8/site-packages/airflow/example_dags/tutorial_dag.py for tasks to queue
[2024-05-12T08:23:15.421+0000] {logging_mixin.py:188} INFO - [2024-05-12T08:23:15.421+0000] {dagbag.py:540} INFO - Filling up the DagBag from /home/airflow/.local/lib/python3.8/site-packages/airflow/example_dags/tutorial_dag.py
[2024-05-12T08:23:15.427+0000] {processor.py:840} INFO - DAG(s) 'tutorial_dag' retrieved from /home/airflow/.local/lib/python3.8/site-packages/airflow/example_dags/tutorial_dag.py
[2024-05-12T08:23:15.439+0000] {logging_mixin.py:188} INFO - [2024-05-12T08:23:15.439+0000] {dag.py:3047} INFO - Sync 1 DAGs
[2024-05-12T08:23:15.454+0000] {logging_mixin.py:188} INFO - [2024-05-12T08:23:15.454+0000] {dag.py:3834} INFO - Setting next_dagrun for tutorial_dag to None, run_after=None
[2024-05-12T08:23:15.474+0000] {processor.py:183} INFO - Processing /home/airflow/.local/lib/python3.8/site-packages/airflow/example_dags/tutorial_dag.py took 0.062 seconds
[2024-05-12T08:23:46.661+0000] {processor.py:161} INFO - Started process (PID=405) to work on /home/airflow/.local/lib/python3.8/site-packages/airflow/example_dags/tutorial_dag.py
[2024-05-12T08:23:46.663+0000] {processor.py:830} INFO - Processing file /home/airflow/.local/lib/python3.8/site-packages/airflow/example_dags/tutorial_dag.py for tasks to queue
[2024-05-12T08:23:46.665+0000] {logging_mixin.py:188} INFO - [2024-05-12T08:23:46.665+0000] {dagbag.py:540} INFO - Filling up the DagBag from /home/airflow/.local/lib/python3.8/site-packages/airflow/example_dags/tutorial_dag.py
[2024-05-12T08:23:46.673+0000] {processor.py:840} INFO - DAG(s) 'tutorial_dag' retrieved from /home/airflow/.local/lib/python3.8/site-packages/airflow/example_dags/tutorial_dag.py
[2024-05-12T08:23:46.817+0000] {logging_mixin.py:188} INFO - [2024-05-12T08:23:46.817+0000] {dag.py:3047} INFO - Sync 1 DAGs
[2024-05-12T08:23:46.829+0000] {logging_mixin.py:188} INFO - [2024-05-12T08:23:46.829+0000] {dag.py:3834} INFO - Setting next_dagrun for tutorial_dag to None, run_after=None
[2024-05-12T08:23:46.849+0000] {processor.py:183} INFO - Processing /home/airflow/.local/lib/python3.8/site-packages/airflow/example_dags/tutorial_dag.py took 0.192 seconds
[2024-05-12T08:24:17.651+0000] {processor.py:161} INFO - Started process (PID=461) to work on /home/airflow/.local/lib/python3.8/site-packages/airflow/example_dags/tutorial_dag.py
[2024-05-12T08:24:17.653+0000] {processor.py:830} INFO - Processing file /home/airflow/.local/lib/python3.8/site-packages/airflow/example_dags/tutorial_dag.py for tasks to queue
[2024-05-12T08:24:17.654+0000] {logging_mixin.py:188} INFO - [2024-05-12T08:24:17.654+0000] {dagbag.py:540} INFO - Filling up the DagBag from /home/airflow/.local/lib/python3.8/site-packages/airflow/example_dags/tutorial_dag.py
[2024-05-12T08:24:17.660+0000] {processor.py:840} INFO - DAG(s) 'tutorial_dag' retrieved from /home/airflow/.local/lib/python3.8/site-packages/airflow/example_dags/tutorial_dag.py
[2024-05-12T08:24:17.679+0000] {logging_mixin.py:188} INFO - [2024-05-12T08:24:17.679+0000] {dag.py:3047} INFO - Sync 1 DAGs
[2024-05-12T08:24:17.691+0000] {logging_mixin.py:188} INFO - [2024-05-12T08:24:17.691+0000] {dag.py:3834} INFO - Setting next_dagrun for tutorial_dag to None, run_after=None
[2024-05-12T08:24:17.712+0000] {processor.py:183} INFO - Processing /home/airflow/.local/lib/python3.8/site-packages/airflow/example_dags/tutorial_dag.py took 0.065 seconds
[2024-05-12T08:24:47.965+0000] {processor.py:161} INFO - Started process (PID=516) to work on /home/airflow/.local/lib/python3.8/site-packages/airflow/example_dags/tutorial_dag.py
[2024-05-12T08:24:47.966+0000] {processor.py:830} INFO - Processing file /home/airflow/.local/lib/python3.8/site-packages/airflow/example_dags/tutorial_dag.py for tasks to queue
[2024-05-12T08:24:47.968+0000] {logging_mixin.py:188} INFO - [2024-05-12T08:24:47.967+0000] {dagbag.py:540} INFO - Filling up the DagBag from /home/airflow/.local/lib/python3.8/site-packages/airflow/example_dags/tutorial_dag.py
[2024-05-12T08:24:47.973+0000] {processor.py:840} INFO - DAG(s) 'tutorial_dag' retrieved from /home/airflow/.local/lib/python3.8/site-packages/airflow/example_dags/tutorial_dag.py
[2024-05-12T08:24:47.993+0000] {logging_mixin.py:188} INFO - [2024-05-12T08:24:47.992+0000] {dag.py:3047} INFO - Sync 1 DAGs
[2024-05-12T08:24:48.006+0000] {logging_mixin.py:188} INFO - [2024-05-12T08:24:48.005+0000] {dag.py:3834} INFO - Setting next_dagrun for tutorial_dag to None, run_after=None
[2024-05-12T08:24:48.023+0000] {processor.py:183} INFO - Processing /home/airflow/.local/lib/python3.8/site-packages/airflow/example_dags/tutorial_dag.py took 0.061 seconds
[2024-05-12T08:25:18.255+0000] {processor.py:161} INFO - Started process (PID=571) to work on /home/airflow/.local/lib/python3.8/site-packages/airflow/example_dags/tutorial_dag.py
[2024-05-12T08:25:18.256+0000] {processor.py:830} INFO - Processing file /home/airflow/.local/lib/python3.8/site-packages/airflow/example_dags/tutorial_dag.py for tasks to queue
[2024-05-12T08:25:18.258+0000] {logging_mixin.py:188} INFO - [2024-05-12T08:25:18.258+0000] {dagbag.py:540} INFO - Filling up the DagBag from /home/airflow/.local/lib/python3.8/site-packages/airflow/example_dags/tutorial_dag.py
[2024-05-12T08:25:18.264+0000] {processor.py:840} INFO - DAG(s) 'tutorial_dag' retrieved from /home/airflow/.local/lib/python3.8/site-packages/airflow/example_dags/tutorial_dag.py
[2024-05-12T08:25:18.284+0000] {logging_mixin.py:188} INFO - [2024-05-12T08:25:18.284+0000] {dag.py:3047} INFO - Sync 1 DAGs
[2024-05-12T08:25:18.302+0000] {logging_mixin.py:188} INFO - [2024-05-12T08:25:18.301+0000] {dag.py:3834} INFO - Setting next_dagrun for tutorial_dag to None, run_after=None
[2024-05-12T08:25:18.331+0000] {processor.py:183} INFO - Processing /home/airflow/.local/lib/python3.8/site-packages/airflow/example_dags/tutorial_dag.py took 0.080 seconds
[2024-05-12T08:25:48.396+0000] {processor.py:161} INFO - Started process (PID=626) to work on /home/airflow/.local/lib/python3.8/site-packages/airflow/example_dags/tutorial_dag.py
[2024-05-12T08:25:48.397+0000] {processor.py:830} INFO - Processing file /home/airflow/.local/lib/python3.8/site-packages/airflow/example_dags/tutorial_dag.py for tasks to queue
[2024-05-12T08:25:48.399+0000] {logging_mixin.py:188} INFO - [2024-05-12T08:25:48.399+0000] {dagbag.py:540} INFO - Filling up the DagBag from /home/airflow/.local/lib/python3.8/site-packages/airflow/example_dags/tutorial_dag.py
[2024-05-12T08:25:48.406+0000] {processor.py:840} INFO - DAG(s) 'tutorial_dag' retrieved from /home/airflow/.local/lib/python3.8/site-packages/airflow/example_dags/tutorial_dag.py
[2024-05-12T08:25:48.426+0000] {logging_mixin.py:188} INFO - [2024-05-12T08:25:48.426+0000] {dag.py:3047} INFO - Sync 1 DAGs
[2024-05-12T08:25:48.439+0000] {logging_mixin.py:188} INFO - [2024-05-12T08:25:48.438+0000] {dag.py:3834} INFO - Setting next_dagrun for tutorial_dag to None, run_after=None
[2024-05-12T08:25:48.455+0000] {processor.py:183} INFO - Processing /home/airflow/.local/lib/python3.8/site-packages/airflow/example_dags/tutorial_dag.py took 0.064 seconds
[2024-05-12T08:26:18.600+0000] {processor.py:161} INFO - Started process (PID=681) to work on /home/airflow/.local/lib/python3.8/site-packages/airflow/example_dags/tutorial_dag.py
[2024-05-12T08:26:18.602+0000] {processor.py:830} INFO - Processing file /home/airflow/.local/lib/python3.8/site-packages/airflow/example_dags/tutorial_dag.py for tasks to queue
[2024-05-12T08:26:18.604+0000] {logging_mixin.py:188} INFO - [2024-05-12T08:26:18.604+0000] {dagbag.py:540} INFO - Filling up the DagBag from /home/airflow/.local/lib/python3.8/site-packages/airflow/example_dags/tutorial_dag.py
[2024-05-12T08:26:18.611+0000] {processor.py:840} INFO - DAG(s) 'tutorial_dag' retrieved from /home/airflow/.local/lib/python3.8/site-packages/airflow/example_dags/tutorial_dag.py
[2024-05-12T08:26:18.631+0000] {logging_mixin.py:188} INFO - [2024-05-12T08:26:18.631+0000] {dag.py:3047} INFO - Sync 1 DAGs
[2024-05-12T08:26:18.644+0000] {logging_mixin.py:188} INFO - [2024-05-12T08:26:18.644+0000] {dag.py:3834} INFO - Setting next_dagrun for tutorial_dag to None, run_after=None
[2024-05-12T08:26:18.667+0000] {processor.py:183} INFO - Processing /home/airflow/.local/lib/python3.8/site-packages/airflow/example_dags/tutorial_dag.py took 0.070 seconds
[2024-05-12T08:26:49.474+0000] {processor.py:161} INFO - Started process (PID=741) to work on /home/airflow/.local/lib/python3.8/site-packages/airflow/example_dags/tutorial_dag.py
[2024-05-12T08:26:49.475+0000] {processor.py:830} INFO - Processing file /home/airflow/.local/lib/python3.8/site-packages/airflow/example_dags/tutorial_dag.py for tasks to queue
[2024-05-12T08:26:49.476+0000] {logging_mixin.py:188} INFO - [2024-05-12T08:26:49.476+0000] {dagbag.py:540} INFO - Filling up the DagBag from /home/airflow/.local/lib/python3.8/site-packages/airflow/example_dags/tutorial_dag.py
[2024-05-12T08:26:49.482+0000] {processor.py:840} INFO - DAG(s) 'tutorial_dag' retrieved from /home/airflow/.local/lib/python3.8/site-packages/airflow/example_dags/tutorial_dag.py
[2024-05-12T08:26:49.504+0000] {logging_mixin.py:188} INFO - [2024-05-12T08:26:49.504+0000] {dag.py:3047} INFO - Sync 1 DAGs
[2024-05-12T08:26:49.522+0000] {logging_mixin.py:188} INFO - [2024-05-12T08:26:49.522+0000] {dag.py:3834} INFO - Setting next_dagrun for tutorial_dag to None, run_after=None
[2024-05-12T08:26:49.545+0000] {processor.py:183} INFO - Processing /home/airflow/.local/lib/python3.8/site-packages/airflow/example_dags/tutorial_dag.py took 0.074 seconds
[2024-05-12T08:27:20.312+0000] {processor.py:161} INFO - Started process (PID=796) to work on /home/airflow/.local/lib/python3.8/site-packages/airflow/example_dags/tutorial_dag.py
[2024-05-12T08:27:20.314+0000] {processor.py:830} INFO - Processing file /home/airflow/.local/lib/python3.8/site-packages/airflow/example_dags/tutorial_dag.py for tasks to queue
[2024-05-12T08:27:20.315+0000] {logging_mixin.py:188} INFO - [2024-05-12T08:27:20.315+0000] {dagbag.py:540} INFO - Filling up the DagBag from /home/airflow/.local/lib/python3.8/site-packages/airflow/example_dags/tutorial_dag.py
[2024-05-12T08:27:20.321+0000] {processor.py:840} INFO - DAG(s) 'tutorial_dag' retrieved from /home/airflow/.local/lib/python3.8/site-packages/airflow/example_dags/tutorial_dag.py
[2024-05-12T08:27:20.340+0000] {logging_mixin.py:188} INFO - [2024-05-12T08:27:20.340+0000] {dag.py:3047} INFO - Sync 1 DAGs
[2024-05-12T08:27:20.353+0000] {logging_mixin.py:188} INFO - [2024-05-12T08:27:20.353+0000] {dag.py:3834} INFO - Setting next_dagrun for tutorial_dag to None, run_after=None
[2024-05-12T08:27:20.372+0000] {processor.py:183} INFO - Processing /home/airflow/.local/lib/python3.8/site-packages/airflow/example_dags/tutorial_dag.py took 0.063 seconds
[2024-05-12T08:27:50.636+0000] {processor.py:161} INFO - Started process (PID=852) to work on /home/airflow/.local/lib/python3.8/site-packages/airflow/example_dags/tutorial_dag.py
[2024-05-12T08:27:50.638+0000] {processor.py:830} INFO - Processing file /home/airflow/.local/lib/python3.8/site-packages/airflow/example_dags/tutorial_dag.py for tasks to queue
[2024-05-12T08:27:50.640+0000] {logging_mixin.py:188} INFO - [2024-05-12T08:27:50.639+0000] {dagbag.py:540} INFO - Filling up the DagBag from /home/airflow/.local/lib/python3.8/site-packages/airflow/example_dags/tutorial_dag.py
[2024-05-12T08:27:50.645+0000] {processor.py:840} INFO - DAG(s) 'tutorial_dag' retrieved from /home/airflow/.local/lib/python3.8/site-packages/airflow/example_dags/tutorial_dag.py
[2024-05-12T08:27:50.665+0000] {logging_mixin.py:188} INFO - [2024-05-12T08:27:50.665+0000] {dag.py:3047} INFO - Sync 1 DAGs
[2024-05-12T08:27:50.678+0000] {logging_mixin.py:188} INFO - [2024-05-12T08:27:50.678+0000] {dag.py:3834} INFO - Setting next_dagrun for tutorial_dag to None, run_after=None
[2024-05-12T08:27:50.699+0000] {processor.py:183} INFO - Processing /home/airflow/.local/lib/python3.8/site-packages/airflow/example_dags/tutorial_dag.py took 0.066 seconds
[2024-05-12T08:28:20.854+0000] {processor.py:161} INFO - Started process (PID=907) to work on /home/airflow/.local/lib/python3.8/site-packages/airflow/example_dags/tutorial_dag.py
[2024-05-12T08:28:20.856+0000] {processor.py:830} INFO - Processing file /home/airflow/.local/lib/python3.8/site-packages/airflow/example_dags/tutorial_dag.py for tasks to queue
[2024-05-12T08:28:20.858+0000] {logging_mixin.py:188} INFO - [2024-05-12T08:28:20.857+0000] {dagbag.py:540} INFO - Filling up the DagBag from /home/airflow/.local/lib/python3.8/site-packages/airflow/example_dags/tutorial_dag.py
[2024-05-12T08:28:20.864+0000] {processor.py:840} INFO - DAG(s) 'tutorial_dag' retrieved from /home/airflow/.local/lib/python3.8/site-packages/airflow/example_dags/tutorial_dag.py
[2024-05-12T08:28:20.888+0000] {logging_mixin.py:188} INFO - [2024-05-12T08:28:20.888+0000] {dag.py:3047} INFO - Sync 1 DAGs
[2024-05-12T08:28:20.905+0000] {logging_mixin.py:188} INFO - [2024-05-12T08:28:20.904+0000] {dag.py:3834} INFO - Setting next_dagrun for tutorial_dag to None, run_after=None
[2024-05-12T08:28:20.928+0000] {processor.py:183} INFO - Processing /home/airflow/.local/lib/python3.8/site-packages/airflow/example_dags/tutorial_dag.py took 0.078 seconds
