[2024-05-12T08:20:44.821+0000] {processor.py:161} INFO - Started process (PID=95) to work on /home/airflow/.local/lib/python3.8/site-packages/airflow/example_dags/tutorial_objectstorage.py
[2024-05-12T08:20:44.822+0000] {processor.py:830} INFO - Processing file /home/airflow/.local/lib/python3.8/site-packages/airflow/example_dags/tutorial_objectstorage.py for tasks to queue
[2024-05-12T08:20:44.823+0000] {logging_mixin.py:188} INFO - [2024-05-12T08:20:44.823+0000] {dagbag.py:540} INFO - Filling up the DagBag from /home/airflow/.local/lib/python3.8/site-packages/airflow/example_dags/tutorial_objectstorage.py
[2024-05-12T08:20:44.830+0000] {processor.py:840} INFO - DAG(s) 'tutorial_objectstorage' retrieved from /home/airflow/.local/lib/python3.8/site-packages/airflow/example_dags/tutorial_objectstorage.py
[2024-05-12T08:20:44.852+0000] {logging_mixin.py:188} INFO - [2024-05-12T08:20:44.851+0000] {dag.py:3047} INFO - Sync 1 DAGs
[2024-05-12T08:20:44.865+0000] {logging_mixin.py:188} INFO - [2024-05-12T08:20:44.864+0000] {dag.py:3834} INFO - Setting next_dagrun for tutorial_objectstorage to None, run_after=None
[2024-05-12T08:20:44.884+0000] {processor.py:183} INFO - Processing /home/airflow/.local/lib/python3.8/site-packages/airflow/example_dags/tutorial_objectstorage.py took 0.067 seconds
[2024-05-12T08:21:15.301+0000] {processor.py:161} INFO - Started process (PID=151) to work on /home/airflow/.local/lib/python3.8/site-packages/airflow/example_dags/tutorial_objectstorage.py
[2024-05-12T08:21:15.302+0000] {processor.py:830} INFO - Processing file /home/airflow/.local/lib/python3.8/site-packages/airflow/example_dags/tutorial_objectstorage.py for tasks to queue
[2024-05-12T08:21:15.304+0000] {logging_mixin.py:188} INFO - [2024-05-12T08:21:15.304+0000] {dagbag.py:540} INFO - Filling up the DagBag from /home/airflow/.local/lib/python3.8/site-packages/airflow/example_dags/tutorial_objectstorage.py
[2024-05-12T08:21:15.313+0000] {processor.py:840} INFO - DAG(s) 'tutorial_objectstorage' retrieved from /home/airflow/.local/lib/python3.8/site-packages/airflow/example_dags/tutorial_objectstorage.py
[2024-05-12T08:21:15.338+0000] {logging_mixin.py:188} INFO - [2024-05-12T08:21:15.338+0000] {dag.py:3047} INFO - Sync 1 DAGs
[2024-05-12T08:21:15.355+0000] {logging_mixin.py:188} INFO - [2024-05-12T08:21:15.355+0000] {dag.py:3834} INFO - Setting next_dagrun for tutorial_objectstorage to None, run_after=None
[2024-05-12T08:21:15.386+0000] {processor.py:183} INFO - Processing /home/airflow/.local/lib/python3.8/site-packages/airflow/example_dags/tutorial_objectstorage.py took 0.091 seconds
[2024-05-12T08:21:45.491+0000] {processor.py:161} INFO - Started process (PID=206) to work on /home/airflow/.local/lib/python3.8/site-packages/airflow/example_dags/tutorial_objectstorage.py
[2024-05-12T08:21:45.495+0000] {processor.py:830} INFO - Processing file /home/airflow/.local/lib/python3.8/site-packages/airflow/example_dags/tutorial_objectstorage.py for tasks to queue
[2024-05-12T08:21:45.496+0000] {logging_mixin.py:188} INFO - [2024-05-12T08:21:45.496+0000] {dagbag.py:540} INFO - Filling up the DagBag from /home/airflow/.local/lib/python3.8/site-packages/airflow/example_dags/tutorial_objectstorage.py
[2024-05-12T08:21:45.504+0000] {processor.py:840} INFO - DAG(s) 'tutorial_objectstorage' retrieved from /home/airflow/.local/lib/python3.8/site-packages/airflow/example_dags/tutorial_objectstorage.py
[2024-05-12T08:21:45.524+0000] {logging_mixin.py:188} INFO - [2024-05-12T08:21:45.524+0000] {dag.py:3047} INFO - Sync 1 DAGs
[2024-05-12T08:21:45.537+0000] {logging_mixin.py:188} INFO - [2024-05-12T08:21:45.537+0000] {dag.py:3834} INFO - Setting next_dagrun for tutorial_objectstorage to None, run_after=None
[2024-05-12T08:21:45.564+0000] {processor.py:183} INFO - Processing /home/airflow/.local/lib/python3.8/site-packages/airflow/example_dags/tutorial_objectstorage.py took 0.076 seconds
[2024-05-12T08:22:16.104+0000] {processor.py:161} INFO - Started process (PID=261) to work on /home/airflow/.local/lib/python3.8/site-packages/airflow/example_dags/tutorial_objectstorage.py
[2024-05-12T08:22:16.109+0000] {processor.py:830} INFO - Processing file /home/airflow/.local/lib/python3.8/site-packages/airflow/example_dags/tutorial_objectstorage.py for tasks to queue
[2024-05-12T08:22:16.112+0000] {logging_mixin.py:188} INFO - [2024-05-12T08:22:16.111+0000] {dagbag.py:540} INFO - Filling up the DagBag from /home/airflow/.local/lib/python3.8/site-packages/airflow/example_dags/tutorial_objectstorage.py
[2024-05-12T08:22:16.122+0000] {processor.py:840} INFO - DAG(s) 'tutorial_objectstorage' retrieved from /home/airflow/.local/lib/python3.8/site-packages/airflow/example_dags/tutorial_objectstorage.py
[2024-05-12T08:22:16.146+0000] {logging_mixin.py:188} INFO - [2024-05-12T08:22:16.145+0000] {dag.py:3047} INFO - Sync 1 DAGs
[2024-05-12T08:22:16.161+0000] {logging_mixin.py:188} INFO - [2024-05-12T08:22:16.161+0000] {dag.py:3834} INFO - Setting next_dagrun for tutorial_objectstorage to None, run_after=None
[2024-05-12T08:22:16.202+0000] {processor.py:183} INFO - Processing /home/airflow/.local/lib/python3.8/site-packages/airflow/example_dags/tutorial_objectstorage.py took 0.103 seconds
[2024-05-12T08:22:47.035+0000] {processor.py:161} INFO - Started process (PID=315) to work on /home/airflow/.local/lib/python3.8/site-packages/airflow/example_dags/tutorial_objectstorage.py
[2024-05-12T08:22:47.036+0000] {processor.py:830} INFO - Processing file /home/airflow/.local/lib/python3.8/site-packages/airflow/example_dags/tutorial_objectstorage.py for tasks to queue
[2024-05-12T08:22:47.038+0000] {logging_mixin.py:188} INFO - [2024-05-12T08:22:47.038+0000] {dagbag.py:540} INFO - Filling up the DagBag from /home/airflow/.local/lib/python3.8/site-packages/airflow/example_dags/tutorial_objectstorage.py
[2024-05-12T08:22:47.045+0000] {processor.py:840} INFO - DAG(s) 'tutorial_objectstorage' retrieved from /home/airflow/.local/lib/python3.8/site-packages/airflow/example_dags/tutorial_objectstorage.py
[2024-05-12T08:22:47.065+0000] {logging_mixin.py:188} INFO - [2024-05-12T08:22:47.065+0000] {dag.py:3047} INFO - Sync 1 DAGs
[2024-05-12T08:22:47.078+0000] {logging_mixin.py:188} INFO - [2024-05-12T08:22:47.078+0000] {dag.py:3834} INFO - Setting next_dagrun for tutorial_objectstorage to None, run_after=None
[2024-05-12T08:22:47.098+0000] {processor.py:183} INFO - Processing /home/airflow/.local/lib/python3.8/site-packages/airflow/example_dags/tutorial_objectstorage.py took 0.067 seconds
[2024-05-12T08:23:17.551+0000] {processor.py:161} INFO - Started process (PID=371) to work on /home/airflow/.local/lib/python3.8/site-packages/airflow/example_dags/tutorial_objectstorage.py
[2024-05-12T08:23:17.552+0000] {processor.py:830} INFO - Processing file /home/airflow/.local/lib/python3.8/site-packages/airflow/example_dags/tutorial_objectstorage.py for tasks to queue
[2024-05-12T08:23:17.554+0000] {logging_mixin.py:188} INFO - [2024-05-12T08:23:17.554+0000] {dagbag.py:540} INFO - Filling up the DagBag from /home/airflow/.local/lib/python3.8/site-packages/airflow/example_dags/tutorial_objectstorage.py
[2024-05-12T08:23:17.561+0000] {processor.py:840} INFO - DAG(s) 'tutorial_objectstorage' retrieved from /home/airflow/.local/lib/python3.8/site-packages/airflow/example_dags/tutorial_objectstorage.py
[2024-05-12T08:23:17.574+0000] {logging_mixin.py:188} INFO - [2024-05-12T08:23:17.574+0000] {dag.py:3047} INFO - Sync 1 DAGs
[2024-05-12T08:23:17.592+0000] {logging_mixin.py:188} INFO - [2024-05-12T08:23:17.592+0000] {dag.py:3834} INFO - Setting next_dagrun for tutorial_objectstorage to None, run_after=None
[2024-05-12T08:23:17.614+0000] {processor.py:183} INFO - Processing /home/airflow/.local/lib/python3.8/site-packages/airflow/example_dags/tutorial_objectstorage.py took 0.067 seconds
[2024-05-12T08:23:48.721+0000] {processor.py:161} INFO - Started process (PID=432) to work on /home/airflow/.local/lib/python3.8/site-packages/airflow/example_dags/tutorial_objectstorage.py
[2024-05-12T08:23:48.723+0000] {processor.py:830} INFO - Processing file /home/airflow/.local/lib/python3.8/site-packages/airflow/example_dags/tutorial_objectstorage.py for tasks to queue
[2024-05-12T08:23:48.725+0000] {logging_mixin.py:188} INFO - [2024-05-12T08:23:48.724+0000] {dagbag.py:540} INFO - Filling up the DagBag from /home/airflow/.local/lib/python3.8/site-packages/airflow/example_dags/tutorial_objectstorage.py
[2024-05-12T08:23:48.732+0000] {processor.py:840} INFO - DAG(s) 'tutorial_objectstorage' retrieved from /home/airflow/.local/lib/python3.8/site-packages/airflow/example_dags/tutorial_objectstorage.py
[2024-05-12T08:23:48.878+0000] {logging_mixin.py:188} INFO - [2024-05-12T08:23:48.877+0000] {dag.py:3047} INFO - Sync 1 DAGs
[2024-05-12T08:23:48.892+0000] {logging_mixin.py:188} INFO - [2024-05-12T08:23:48.891+0000] {dag.py:3834} INFO - Setting next_dagrun for tutorial_objectstorage to None, run_after=None
[2024-05-12T08:23:48.918+0000] {processor.py:183} INFO - Processing /home/airflow/.local/lib/python3.8/site-packages/airflow/example_dags/tutorial_objectstorage.py took 0.200 seconds
[2024-05-12T08:24:18.946+0000] {processor.py:161} INFO - Started process (PID=488) to work on /home/airflow/.local/lib/python3.8/site-packages/airflow/example_dags/tutorial_objectstorage.py
[2024-05-12T08:24:18.948+0000] {processor.py:830} INFO - Processing file /home/airflow/.local/lib/python3.8/site-packages/airflow/example_dags/tutorial_objectstorage.py for tasks to queue
[2024-05-12T08:24:18.949+0000] {logging_mixin.py:188} INFO - [2024-05-12T08:24:18.949+0000] {dagbag.py:540} INFO - Filling up the DagBag from /home/airflow/.local/lib/python3.8/site-packages/airflow/example_dags/tutorial_objectstorage.py
[2024-05-12T08:24:18.957+0000] {processor.py:840} INFO - DAG(s) 'tutorial_objectstorage' retrieved from /home/airflow/.local/lib/python3.8/site-packages/airflow/example_dags/tutorial_objectstorage.py
[2024-05-12T08:24:18.977+0000] {logging_mixin.py:188} INFO - [2024-05-12T08:24:18.977+0000] {dag.py:3047} INFO - Sync 1 DAGs
[2024-05-12T08:24:18.989+0000] {logging_mixin.py:188} INFO - [2024-05-12T08:24:18.989+0000] {dag.py:3834} INFO - Setting next_dagrun for tutorial_objectstorage to None, run_after=None
[2024-05-12T08:24:19.019+0000] {processor.py:183} INFO - Processing /home/airflow/.local/lib/python3.8/site-packages/airflow/example_dags/tutorial_objectstorage.py took 0.077 seconds
[2024-05-12T08:24:49.217+0000] {processor.py:161} INFO - Started process (PID=542) to work on /home/airflow/.local/lib/python3.8/site-packages/airflow/example_dags/tutorial_objectstorage.py
[2024-05-12T08:24:49.218+0000] {processor.py:830} INFO - Processing file /home/airflow/.local/lib/python3.8/site-packages/airflow/example_dags/tutorial_objectstorage.py for tasks to queue
[2024-05-12T08:24:49.219+0000] {logging_mixin.py:188} INFO - [2024-05-12T08:24:49.219+0000] {dagbag.py:540} INFO - Filling up the DagBag from /home/airflow/.local/lib/python3.8/site-packages/airflow/example_dags/tutorial_objectstorage.py
[2024-05-12T08:24:49.226+0000] {processor.py:840} INFO - DAG(s) 'tutorial_objectstorage' retrieved from /home/airflow/.local/lib/python3.8/site-packages/airflow/example_dags/tutorial_objectstorage.py
[2024-05-12T08:24:49.246+0000] {logging_mixin.py:188} INFO - [2024-05-12T08:24:49.246+0000] {dag.py:3047} INFO - Sync 1 DAGs
[2024-05-12T08:24:49.260+0000] {logging_mixin.py:188} INFO - [2024-05-12T08:24:49.260+0000] {dag.py:3834} INFO - Setting next_dagrun for tutorial_objectstorage to None, run_after=None
[2024-05-12T08:24:49.283+0000] {processor.py:183} INFO - Processing /home/airflow/.local/lib/python3.8/site-packages/airflow/example_dags/tutorial_objectstorage.py took 0.070 seconds
[2024-05-12T08:25:19.398+0000] {processor.py:161} INFO - Started process (PID=597) to work on /home/airflow/.local/lib/python3.8/site-packages/airflow/example_dags/tutorial_objectstorage.py
[2024-05-12T08:25:19.399+0000] {processor.py:830} INFO - Processing file /home/airflow/.local/lib/python3.8/site-packages/airflow/example_dags/tutorial_objectstorage.py for tasks to queue
[2024-05-12T08:25:19.401+0000] {logging_mixin.py:188} INFO - [2024-05-12T08:25:19.401+0000] {dagbag.py:540} INFO - Filling up the DagBag from /home/airflow/.local/lib/python3.8/site-packages/airflow/example_dags/tutorial_objectstorage.py
[2024-05-12T08:25:19.408+0000] {processor.py:840} INFO - DAG(s) 'tutorial_objectstorage' retrieved from /home/airflow/.local/lib/python3.8/site-packages/airflow/example_dags/tutorial_objectstorage.py
[2024-05-12T08:25:19.428+0000] {logging_mixin.py:188} INFO - [2024-05-12T08:25:19.428+0000] {dag.py:3047} INFO - Sync 1 DAGs
[2024-05-12T08:25:19.442+0000] {logging_mixin.py:188} INFO - [2024-05-12T08:25:19.441+0000] {dag.py:3834} INFO - Setting next_dagrun for tutorial_objectstorage to None, run_after=None
[2024-05-12T08:25:19.464+0000] {processor.py:183} INFO - Processing /home/airflow/.local/lib/python3.8/site-packages/airflow/example_dags/tutorial_objectstorage.py took 0.070 seconds
[2024-05-12T08:25:49.619+0000] {processor.py:161} INFO - Started process (PID=653) to work on /home/airflow/.local/lib/python3.8/site-packages/airflow/example_dags/tutorial_objectstorage.py
[2024-05-12T08:25:49.620+0000] {processor.py:830} INFO - Processing file /home/airflow/.local/lib/python3.8/site-packages/airflow/example_dags/tutorial_objectstorage.py for tasks to queue
[2024-05-12T08:25:49.622+0000] {logging_mixin.py:188} INFO - [2024-05-12T08:25:49.621+0000] {dagbag.py:540} INFO - Filling up the DagBag from /home/airflow/.local/lib/python3.8/site-packages/airflow/example_dags/tutorial_objectstorage.py
[2024-05-12T08:25:49.629+0000] {processor.py:840} INFO - DAG(s) 'tutorial_objectstorage' retrieved from /home/airflow/.local/lib/python3.8/site-packages/airflow/example_dags/tutorial_objectstorage.py
[2024-05-12T08:25:49.648+0000] {logging_mixin.py:188} INFO - [2024-05-12T08:25:49.648+0000] {dag.py:3047} INFO - Sync 1 DAGs
[2024-05-12T08:25:49.661+0000] {logging_mixin.py:188} INFO - [2024-05-12T08:25:49.660+0000] {dag.py:3834} INFO - Setting next_dagrun for tutorial_objectstorage to None, run_after=None
[2024-05-12T08:25:49.678+0000] {processor.py:183} INFO - Processing /home/airflow/.local/lib/python3.8/site-packages/airflow/example_dags/tutorial_objectstorage.py took 0.063 seconds
[2024-05-12T08:26:19.857+0000] {processor.py:161} INFO - Started process (PID=708) to work on /home/airflow/.local/lib/python3.8/site-packages/airflow/example_dags/tutorial_objectstorage.py
[2024-05-12T08:26:19.859+0000] {processor.py:830} INFO - Processing file /home/airflow/.local/lib/python3.8/site-packages/airflow/example_dags/tutorial_objectstorage.py for tasks to queue
[2024-05-12T08:26:19.861+0000] {logging_mixin.py:188} INFO - [2024-05-12T08:26:19.860+0000] {dagbag.py:540} INFO - Filling up the DagBag from /home/airflow/.local/lib/python3.8/site-packages/airflow/example_dags/tutorial_objectstorage.py
[2024-05-12T08:26:19.868+0000] {processor.py:840} INFO - DAG(s) 'tutorial_objectstorage' retrieved from /home/airflow/.local/lib/python3.8/site-packages/airflow/example_dags/tutorial_objectstorage.py
[2024-05-12T08:26:19.888+0000] {logging_mixin.py:188} INFO - [2024-05-12T08:26:19.888+0000] {dag.py:3047} INFO - Sync 1 DAGs
[2024-05-12T08:26:19.901+0000] {logging_mixin.py:188} INFO - [2024-05-12T08:26:19.900+0000] {dag.py:3834} INFO - Setting next_dagrun for tutorial_objectstorage to None, run_after=None
[2024-05-12T08:26:19.921+0000] {processor.py:183} INFO - Processing /home/airflow/.local/lib/python3.8/site-packages/airflow/example_dags/tutorial_objectstorage.py took 0.067 seconds
[2024-05-12T08:26:50.709+0000] {processor.py:161} INFO - Started process (PID=763) to work on /home/airflow/.local/lib/python3.8/site-packages/airflow/example_dags/tutorial_objectstorage.py
[2024-05-12T08:26:50.710+0000] {processor.py:830} INFO - Processing file /home/airflow/.local/lib/python3.8/site-packages/airflow/example_dags/tutorial_objectstorage.py for tasks to queue
[2024-05-12T08:26:50.712+0000] {logging_mixin.py:188} INFO - [2024-05-12T08:26:50.711+0000] {dagbag.py:540} INFO - Filling up the DagBag from /home/airflow/.local/lib/python3.8/site-packages/airflow/example_dags/tutorial_objectstorage.py
[2024-05-12T08:26:50.720+0000] {processor.py:840} INFO - DAG(s) 'tutorial_objectstorage' retrieved from /home/airflow/.local/lib/python3.8/site-packages/airflow/example_dags/tutorial_objectstorage.py
[2024-05-12T08:26:50.742+0000] {logging_mixin.py:188} INFO - [2024-05-12T08:26:50.742+0000] {dag.py:3047} INFO - Sync 1 DAGs
[2024-05-12T08:26:50.758+0000] {logging_mixin.py:188} INFO - [2024-05-12T08:26:50.758+0000] {dag.py:3834} INFO - Setting next_dagrun for tutorial_objectstorage to None, run_after=None
[2024-05-12T08:26:50.780+0000] {processor.py:183} INFO - Processing /home/airflow/.local/lib/python3.8/site-packages/airflow/example_dags/tutorial_objectstorage.py took 0.075 seconds
[2024-05-12T08:27:21.449+0000] {processor.py:161} INFO - Started process (PID=816) to work on /home/airflow/.local/lib/python3.8/site-packages/airflow/example_dags/tutorial_objectstorage.py
[2024-05-12T08:27:21.450+0000] {processor.py:830} INFO - Processing file /home/airflow/.local/lib/python3.8/site-packages/airflow/example_dags/tutorial_objectstorage.py for tasks to queue
[2024-05-12T08:27:21.452+0000] {logging_mixin.py:188} INFO - [2024-05-12T08:27:21.452+0000] {dagbag.py:540} INFO - Filling up the DagBag from /home/airflow/.local/lib/python3.8/site-packages/airflow/example_dags/tutorial_objectstorage.py
[2024-05-12T08:27:21.459+0000] {processor.py:840} INFO - DAG(s) 'tutorial_objectstorage' retrieved from /home/airflow/.local/lib/python3.8/site-packages/airflow/example_dags/tutorial_objectstorage.py
[2024-05-12T08:27:21.480+0000] {logging_mixin.py:188} INFO - [2024-05-12T08:27:21.479+0000] {dag.py:3047} INFO - Sync 1 DAGs
[2024-05-12T08:27:21.492+0000] {logging_mixin.py:188} INFO - [2024-05-12T08:27:21.492+0000] {dag.py:3834} INFO - Setting next_dagrun for tutorial_objectstorage to None, run_after=None
[2024-05-12T08:27:21.514+0000] {processor.py:183} INFO - Processing /home/airflow/.local/lib/python3.8/site-packages/airflow/example_dags/tutorial_objectstorage.py took 0.069 seconds
[2024-05-12T08:27:51.810+0000] {processor.py:161} INFO - Started process (PID=872) to work on /home/airflow/.local/lib/python3.8/site-packages/airflow/example_dags/tutorial_objectstorage.py
[2024-05-12T08:27:51.812+0000] {processor.py:830} INFO - Processing file /home/airflow/.local/lib/python3.8/site-packages/airflow/example_dags/tutorial_objectstorage.py for tasks to queue
[2024-05-12T08:27:51.814+0000] {logging_mixin.py:188} INFO - [2024-05-12T08:27:51.814+0000] {dagbag.py:540} INFO - Filling up the DagBag from /home/airflow/.local/lib/python3.8/site-packages/airflow/example_dags/tutorial_objectstorage.py
[2024-05-12T08:27:51.821+0000] {processor.py:840} INFO - DAG(s) 'tutorial_objectstorage' retrieved from /home/airflow/.local/lib/python3.8/site-packages/airflow/example_dags/tutorial_objectstorage.py
[2024-05-12T08:27:51.842+0000] {logging_mixin.py:188} INFO - [2024-05-12T08:27:51.842+0000] {dag.py:3047} INFO - Sync 1 DAGs
[2024-05-12T08:27:51.858+0000] {logging_mixin.py:188} INFO - [2024-05-12T08:27:51.858+0000] {dag.py:3834} INFO - Setting next_dagrun for tutorial_objectstorage to None, run_after=None
[2024-05-12T08:27:51.880+0000] {processor.py:183} INFO - Processing /home/airflow/.local/lib/python3.8/site-packages/airflow/example_dags/tutorial_objectstorage.py took 0.074 seconds
[2024-05-12T08:28:21.991+0000] {processor.py:161} INFO - Started process (PID=927) to work on /home/airflow/.local/lib/python3.8/site-packages/airflow/example_dags/tutorial_objectstorage.py
[2024-05-12T08:28:21.992+0000] {processor.py:830} INFO - Processing file /home/airflow/.local/lib/python3.8/site-packages/airflow/example_dags/tutorial_objectstorage.py for tasks to queue
[2024-05-12T08:28:21.994+0000] {logging_mixin.py:188} INFO - [2024-05-12T08:28:21.994+0000] {dagbag.py:540} INFO - Filling up the DagBag from /home/airflow/.local/lib/python3.8/site-packages/airflow/example_dags/tutorial_objectstorage.py
[2024-05-12T08:28:22.002+0000] {processor.py:840} INFO - DAG(s) 'tutorial_objectstorage' retrieved from /home/airflow/.local/lib/python3.8/site-packages/airflow/example_dags/tutorial_objectstorage.py
[2024-05-12T08:28:22.025+0000] {logging_mixin.py:188} INFO - [2024-05-12T08:28:22.025+0000] {dag.py:3047} INFO - Sync 1 DAGs
[2024-05-12T08:28:22.042+0000] {logging_mixin.py:188} INFO - [2024-05-12T08:28:22.042+0000] {dag.py:3834} INFO - Setting next_dagrun for tutorial_objectstorage to None, run_after=None
[2024-05-12T08:28:22.064+0000] {processor.py:183} INFO - Processing /home/airflow/.local/lib/python3.8/site-packages/airflow/example_dags/tutorial_objectstorage.py took 0.076 seconds
