[2024-05-12T08:20:36.174+0000] {processor.py:161} INFO - Started process (PID=65) to work on /home/airflow/.local/lib/python3.8/site-packages/airflow/example_dags/tutorial.py
[2024-05-12T08:20:36.175+0000] {processor.py:830} INFO - Processing file /home/airflow/.local/lib/python3.8/site-packages/airflow/example_dags/tutorial.py for tasks to queue
[2024-05-12T08:20:36.176+0000] {logging_mixin.py:188} INFO - [2024-05-12T08:20:36.176+0000] {dagbag.py:540} INFO - Filling up the DagBag from /home/airflow/.local/lib/python3.8/site-packages/airflow/example_dags/tutorial.py
[2024-05-12T08:20:36.187+0000] {processor.py:840} INFO - DAG(s) 'tutorial' retrieved from /home/airflow/.local/lib/python3.8/site-packages/airflow/example_dags/tutorial.py
[2024-05-12T08:20:36.213+0000] {logging_mixin.py:188} INFO - [2024-05-12T08:20:36.213+0000] {dag.py:3047} INFO - Sync 1 DAGs
[2024-05-12T08:20:36.236+0000] {logging_mixin.py:188} INFO - [2024-05-12T08:20:36.235+0000] {dag.py:3834} INFO - Setting next_dagrun for tutorial to 2024-05-11 00:00:00+00:00, run_after=2024-05-12 00:00:00+00:00
[2024-05-12T08:20:36.304+0000] {processor.py:183} INFO - Processing /home/airflow/.local/lib/python3.8/site-packages/airflow/example_dags/tutorial.py took 0.134 seconds
[2024-05-12T08:21:07.132+0000] {processor.py:161} INFO - Started process (PID=120) to work on /home/airflow/.local/lib/python3.8/site-packages/airflow/example_dags/tutorial.py
[2024-05-12T08:21:07.248+0000] {processor.py:830} INFO - Processing file /home/airflow/.local/lib/python3.8/site-packages/airflow/example_dags/tutorial.py for tasks to queue
[2024-05-12T08:21:07.251+0000] {logging_mixin.py:188} INFO - [2024-05-12T08:21:07.251+0000] {dagbag.py:540} INFO - Filling up the DagBag from /home/airflow/.local/lib/python3.8/site-packages/airflow/example_dags/tutorial.py
[2024-05-12T08:21:07.257+0000] {processor.py:840} INFO - DAG(s) 'tutorial' retrieved from /home/airflow/.local/lib/python3.8/site-packages/airflow/example_dags/tutorial.py
[2024-05-12T08:21:07.277+0000] {logging_mixin.py:188} INFO - [2024-05-12T08:21:07.277+0000] {dag.py:3047} INFO - Sync 1 DAGs
[2024-05-12T08:21:07.300+0000] {logging_mixin.py:188} INFO - [2024-05-12T08:21:07.300+0000] {dag.py:3834} INFO - Setting next_dagrun for tutorial to 2024-05-11 00:00:00+00:00, run_after=2024-05-12 00:00:00+00:00
[2024-05-12T08:21:07.320+0000] {processor.py:183} INFO - Processing /home/airflow/.local/lib/python3.8/site-packages/airflow/example_dags/tutorial.py took 0.191 seconds
[2024-05-12T08:21:38.146+0000] {processor.py:161} INFO - Started process (PID=173) to work on /home/airflow/.local/lib/python3.8/site-packages/airflow/example_dags/tutorial.py
[2024-05-12T08:21:38.147+0000] {processor.py:830} INFO - Processing file /home/airflow/.local/lib/python3.8/site-packages/airflow/example_dags/tutorial.py for tasks to queue
[2024-05-12T08:21:38.148+0000] {logging_mixin.py:188} INFO - [2024-05-12T08:21:38.148+0000] {dagbag.py:540} INFO - Filling up the DagBag from /home/airflow/.local/lib/python3.8/site-packages/airflow/example_dags/tutorial.py
[2024-05-12T08:21:38.154+0000] {processor.py:840} INFO - DAG(s) 'tutorial' retrieved from /home/airflow/.local/lib/python3.8/site-packages/airflow/example_dags/tutorial.py
[2024-05-12T08:21:38.177+0000] {logging_mixin.py:188} INFO - [2024-05-12T08:21:38.177+0000] {dag.py:3047} INFO - Sync 1 DAGs
[2024-05-12T08:21:38.201+0000] {logging_mixin.py:188} INFO - [2024-05-12T08:21:38.201+0000] {dag.py:3834} INFO - Setting next_dagrun for tutorial to 2024-05-11 00:00:00+00:00, run_after=2024-05-12 00:00:00+00:00
[2024-05-12T08:21:38.219+0000] {processor.py:183} INFO - Processing /home/airflow/.local/lib/python3.8/site-packages/airflow/example_dags/tutorial.py took 0.077 seconds
[2024-05-12T08:22:08.470+0000] {processor.py:161} INFO - Started process (PID=228) to work on /home/airflow/.local/lib/python3.8/site-packages/airflow/example_dags/tutorial.py
[2024-05-12T08:22:08.489+0000] {processor.py:830} INFO - Processing file /home/airflow/.local/lib/python3.8/site-packages/airflow/example_dags/tutorial.py for tasks to queue
[2024-05-12T08:22:08.491+0000] {logging_mixin.py:188} INFO - [2024-05-12T08:22:08.491+0000] {dagbag.py:540} INFO - Filling up the DagBag from /home/airflow/.local/lib/python3.8/site-packages/airflow/example_dags/tutorial.py
[2024-05-12T08:22:08.499+0000] {processor.py:840} INFO - DAG(s) 'tutorial' retrieved from /home/airflow/.local/lib/python3.8/site-packages/airflow/example_dags/tutorial.py
[2024-05-12T08:22:08.526+0000] {logging_mixin.py:188} INFO - [2024-05-12T08:22:08.526+0000] {dag.py:3047} INFO - Sync 1 DAGs
[2024-05-12T08:22:08.558+0000] {logging_mixin.py:188} INFO - [2024-05-12T08:22:08.558+0000] {dag.py:3834} INFO - Setting next_dagrun for tutorial to 2024-05-11 00:00:00+00:00, run_after=2024-05-12 00:00:00+00:00
[2024-05-12T08:22:08.591+0000] {processor.py:183} INFO - Processing /home/airflow/.local/lib/python3.8/site-packages/airflow/example_dags/tutorial.py took 0.124 seconds
[2024-05-12T08:22:38.918+0000] {processor.py:161} INFO - Started process (PID=282) to work on /home/airflow/.local/lib/python3.8/site-packages/airflow/example_dags/tutorial.py
[2024-05-12T08:22:38.919+0000] {processor.py:830} INFO - Processing file /home/airflow/.local/lib/python3.8/site-packages/airflow/example_dags/tutorial.py for tasks to queue
[2024-05-12T08:22:38.921+0000] {logging_mixin.py:188} INFO - [2024-05-12T08:22:38.921+0000] {dagbag.py:540} INFO - Filling up the DagBag from /home/airflow/.local/lib/python3.8/site-packages/airflow/example_dags/tutorial.py
[2024-05-12T08:22:38.927+0000] {processor.py:840} INFO - DAG(s) 'tutorial' retrieved from /home/airflow/.local/lib/python3.8/site-packages/airflow/example_dags/tutorial.py
[2024-05-12T08:22:38.951+0000] {logging_mixin.py:188} INFO - [2024-05-12T08:22:38.951+0000] {dag.py:3047} INFO - Sync 1 DAGs
[2024-05-12T08:22:38.981+0000] {logging_mixin.py:188} INFO - [2024-05-12T08:22:38.981+0000] {dag.py:3834} INFO - Setting next_dagrun for tutorial to 2024-05-11 00:00:00+00:00, run_after=2024-05-12 00:00:00+00:00
[2024-05-12T08:22:39.007+0000] {processor.py:183} INFO - Processing /home/airflow/.local/lib/python3.8/site-packages/airflow/example_dags/tutorial.py took 0.093 seconds
[2024-05-12T08:23:09.698+0000] {processor.py:161} INFO - Started process (PID=337) to work on /home/airflow/.local/lib/python3.8/site-packages/airflow/example_dags/tutorial.py
[2024-05-12T08:23:09.699+0000] {processor.py:830} INFO - Processing file /home/airflow/.local/lib/python3.8/site-packages/airflow/example_dags/tutorial.py for tasks to queue
[2024-05-12T08:23:09.701+0000] {logging_mixin.py:188} INFO - [2024-05-12T08:23:09.701+0000] {dagbag.py:540} INFO - Filling up the DagBag from /home/airflow/.local/lib/python3.8/site-packages/airflow/example_dags/tutorial.py
[2024-05-12T08:23:09.707+0000] {processor.py:840} INFO - DAG(s) 'tutorial' retrieved from /home/airflow/.local/lib/python3.8/site-packages/airflow/example_dags/tutorial.py
[2024-05-12T08:23:09.732+0000] {logging_mixin.py:188} INFO - [2024-05-12T08:23:09.732+0000] {dag.py:3047} INFO - Sync 1 DAGs
[2024-05-12T08:23:09.758+0000] {logging_mixin.py:188} INFO - [2024-05-12T08:23:09.758+0000] {dag.py:3834} INFO - Setting next_dagrun for tutorial to 2024-05-11 00:00:00+00:00, run_after=2024-05-12 00:00:00+00:00
[2024-05-12T08:23:09.780+0000] {processor.py:183} INFO - Processing /home/airflow/.local/lib/python3.8/site-packages/airflow/example_dags/tutorial.py took 0.085 seconds
[2024-05-12T08:23:40.339+0000] {processor.py:161} INFO - Started process (PID=392) to work on /home/airflow/.local/lib/python3.8/site-packages/airflow/example_dags/tutorial.py
[2024-05-12T08:23:40.341+0000] {processor.py:830} INFO - Processing file /home/airflow/.local/lib/python3.8/site-packages/airflow/example_dags/tutorial.py for tasks to queue
[2024-05-12T08:23:40.342+0000] {logging_mixin.py:188} INFO - [2024-05-12T08:23:40.342+0000] {dagbag.py:540} INFO - Filling up the DagBag from /home/airflow/.local/lib/python3.8/site-packages/airflow/example_dags/tutorial.py
[2024-05-12T08:23:40.349+0000] {processor.py:840} INFO - DAG(s) 'tutorial' retrieved from /home/airflow/.local/lib/python3.8/site-packages/airflow/example_dags/tutorial.py
[2024-05-12T08:23:40.463+0000] {logging_mixin.py:188} INFO - [2024-05-12T08:23:40.463+0000] {dag.py:3047} INFO - Sync 1 DAGs
[2024-05-12T08:23:40.485+0000] {logging_mixin.py:188} INFO - [2024-05-12T08:23:40.485+0000] {dag.py:3834} INFO - Setting next_dagrun for tutorial to 2024-05-11 00:00:00+00:00, run_after=2024-05-12 00:00:00+00:00
[2024-05-12T08:23:40.507+0000] {processor.py:183} INFO - Processing /home/airflow/.local/lib/python3.8/site-packages/airflow/example_dags/tutorial.py took 0.172 seconds
[2024-05-12T08:24:10.877+0000] {processor.py:161} INFO - Started process (PID=448) to work on /home/airflow/.local/lib/python3.8/site-packages/airflow/example_dags/tutorial.py
[2024-05-12T08:24:10.878+0000] {processor.py:830} INFO - Processing file /home/airflow/.local/lib/python3.8/site-packages/airflow/example_dags/tutorial.py for tasks to queue
[2024-05-12T08:24:10.880+0000] {logging_mixin.py:188} INFO - [2024-05-12T08:24:10.880+0000] {dagbag.py:540} INFO - Filling up the DagBag from /home/airflow/.local/lib/python3.8/site-packages/airflow/example_dags/tutorial.py
[2024-05-12T08:24:10.886+0000] {processor.py:840} INFO - DAG(s) 'tutorial' retrieved from /home/airflow/.local/lib/python3.8/site-packages/airflow/example_dags/tutorial.py
[2024-05-12T08:24:10.909+0000] {logging_mixin.py:188} INFO - [2024-05-12T08:24:10.908+0000] {dag.py:3047} INFO - Sync 1 DAGs
[2024-05-12T08:24:10.938+0000] {logging_mixin.py:188} INFO - [2024-05-12T08:24:10.938+0000] {dag.py:3834} INFO - Setting next_dagrun for tutorial to 2024-05-11 00:00:00+00:00, run_after=2024-05-12 00:00:00+00:00
[2024-05-12T08:24:10.961+0000] {processor.py:183} INFO - Processing /home/airflow/.local/lib/python3.8/site-packages/airflow/example_dags/tutorial.py took 0.088 seconds
[2024-05-12T08:24:41.130+0000] {processor.py:161} INFO - Started process (PID=503) to work on /home/airflow/.local/lib/python3.8/site-packages/airflow/example_dags/tutorial.py
[2024-05-12T08:24:41.132+0000] {processor.py:830} INFO - Processing file /home/airflow/.local/lib/python3.8/site-packages/airflow/example_dags/tutorial.py for tasks to queue
[2024-05-12T08:24:41.134+0000] {logging_mixin.py:188} INFO - [2024-05-12T08:24:41.133+0000] {dagbag.py:540} INFO - Filling up the DagBag from /home/airflow/.local/lib/python3.8/site-packages/airflow/example_dags/tutorial.py
[2024-05-12T08:24:41.140+0000] {processor.py:840} INFO - DAG(s) 'tutorial' retrieved from /home/airflow/.local/lib/python3.8/site-packages/airflow/example_dags/tutorial.py
[2024-05-12T08:24:41.162+0000] {logging_mixin.py:188} INFO - [2024-05-12T08:24:41.162+0000] {dag.py:3047} INFO - Sync 1 DAGs
[2024-05-12T08:24:41.191+0000] {logging_mixin.py:188} INFO - [2024-05-12T08:24:41.191+0000] {dag.py:3834} INFO - Setting next_dagrun for tutorial to 2024-05-11 00:00:00+00:00, run_after=2024-05-12 00:00:00+00:00
[2024-05-12T08:24:41.212+0000] {processor.py:183} INFO - Processing /home/airflow/.local/lib/python3.8/site-packages/airflow/example_dags/tutorial.py took 0.086 seconds
[2024-05-12T08:25:12.140+0000] {processor.py:161} INFO - Started process (PID=558) to work on /home/airflow/.local/lib/python3.8/site-packages/airflow/example_dags/tutorial.py
[2024-05-12T08:25:12.141+0000] {processor.py:830} INFO - Processing file /home/airflow/.local/lib/python3.8/site-packages/airflow/example_dags/tutorial.py for tasks to queue
[2024-05-12T08:25:12.144+0000] {logging_mixin.py:188} INFO - [2024-05-12T08:25:12.143+0000] {dagbag.py:540} INFO - Filling up the DagBag from /home/airflow/.local/lib/python3.8/site-packages/airflow/example_dags/tutorial.py
[2024-05-12T08:25:12.150+0000] {processor.py:840} INFO - DAG(s) 'tutorial' retrieved from /home/airflow/.local/lib/python3.8/site-packages/airflow/example_dags/tutorial.py
[2024-05-12T08:25:12.173+0000] {logging_mixin.py:188} INFO - [2024-05-12T08:25:12.172+0000] {dag.py:3047} INFO - Sync 1 DAGs
[2024-05-12T08:25:12.201+0000] {logging_mixin.py:188} INFO - [2024-05-12T08:25:12.201+0000] {dag.py:3834} INFO - Setting next_dagrun for tutorial to 2024-05-11 00:00:00+00:00, run_after=2024-05-12 00:00:00+00:00
[2024-05-12T08:25:12.261+0000] {processor.py:183} INFO - Processing /home/airflow/.local/lib/python3.8/site-packages/airflow/example_dags/tutorial.py took 0.125 seconds
[2024-05-12T08:25:42.304+0000] {processor.py:161} INFO - Started process (PID=613) to work on /home/airflow/.local/lib/python3.8/site-packages/airflow/example_dags/tutorial.py
[2024-05-12T08:25:42.305+0000] {processor.py:830} INFO - Processing file /home/airflow/.local/lib/python3.8/site-packages/airflow/example_dags/tutorial.py for tasks to queue
[2024-05-12T08:25:42.307+0000] {logging_mixin.py:188} INFO - [2024-05-12T08:25:42.307+0000] {dagbag.py:540} INFO - Filling up the DagBag from /home/airflow/.local/lib/python3.8/site-packages/airflow/example_dags/tutorial.py
[2024-05-12T08:25:42.313+0000] {processor.py:840} INFO - DAG(s) 'tutorial' retrieved from /home/airflow/.local/lib/python3.8/site-packages/airflow/example_dags/tutorial.py
[2024-05-12T08:25:42.333+0000] {logging_mixin.py:188} INFO - [2024-05-12T08:25:42.333+0000] {dag.py:3047} INFO - Sync 1 DAGs
[2024-05-12T08:25:42.356+0000] {logging_mixin.py:188} INFO - [2024-05-12T08:25:42.355+0000] {dag.py:3834} INFO - Setting next_dagrun for tutorial to 2024-05-11 00:00:00+00:00, run_after=2024-05-12 00:00:00+00:00
[2024-05-12T08:25:42.374+0000] {processor.py:183} INFO - Processing /home/airflow/.local/lib/python3.8/site-packages/airflow/example_dags/tutorial.py took 0.073 seconds
[2024-05-12T08:26:12.452+0000] {processor.py:161} INFO - Started process (PID=668) to work on /home/airflow/.local/lib/python3.8/site-packages/airflow/example_dags/tutorial.py
[2024-05-12T08:26:12.453+0000] {processor.py:830} INFO - Processing file /home/airflow/.local/lib/python3.8/site-packages/airflow/example_dags/tutorial.py for tasks to queue
[2024-05-12T08:26:12.455+0000] {logging_mixin.py:188} INFO - [2024-05-12T08:26:12.454+0000] {dagbag.py:540} INFO - Filling up the DagBag from /home/airflow/.local/lib/python3.8/site-packages/airflow/example_dags/tutorial.py
[2024-05-12T08:26:12.461+0000] {processor.py:840} INFO - DAG(s) 'tutorial' retrieved from /home/airflow/.local/lib/python3.8/site-packages/airflow/example_dags/tutorial.py
[2024-05-12T08:26:12.480+0000] {logging_mixin.py:188} INFO - [2024-05-12T08:26:12.480+0000] {dag.py:3047} INFO - Sync 1 DAGs
[2024-05-12T08:26:12.502+0000] {logging_mixin.py:188} INFO - [2024-05-12T08:26:12.502+0000] {dag.py:3834} INFO - Setting next_dagrun for tutorial to 2024-05-11 00:00:00+00:00, run_after=2024-05-12 00:00:00+00:00
[2024-05-12T08:26:12.525+0000] {processor.py:183} INFO - Processing /home/airflow/.local/lib/python3.8/site-packages/airflow/example_dags/tutorial.py took 0.077 seconds
[2024-05-12T08:26:42.673+0000] {processor.py:161} INFO - Started process (PID=724) to work on /home/airflow/.local/lib/python3.8/site-packages/airflow/example_dags/tutorial.py
[2024-05-12T08:26:42.675+0000] {processor.py:830} INFO - Processing file /home/airflow/.local/lib/python3.8/site-packages/airflow/example_dags/tutorial.py for tasks to queue
[2024-05-12T08:26:42.677+0000] {logging_mixin.py:188} INFO - [2024-05-12T08:26:42.676+0000] {dagbag.py:540} INFO - Filling up the DagBag from /home/airflow/.local/lib/python3.8/site-packages/airflow/example_dags/tutorial.py
[2024-05-12T08:26:42.682+0000] {processor.py:840} INFO - DAG(s) 'tutorial' retrieved from /home/airflow/.local/lib/python3.8/site-packages/airflow/example_dags/tutorial.py
[2024-05-12T08:26:42.705+0000] {logging_mixin.py:188} INFO - [2024-05-12T08:26:42.705+0000] {dag.py:3047} INFO - Sync 1 DAGs
[2024-05-12T08:26:42.735+0000] {logging_mixin.py:188} INFO - [2024-05-12T08:26:42.734+0000] {dag.py:3834} INFO - Setting next_dagrun for tutorial to 2024-05-11 00:00:00+00:00, run_after=2024-05-12 00:00:00+00:00
[2024-05-12T08:26:42.760+0000] {processor.py:183} INFO - Processing /home/airflow/.local/lib/python3.8/site-packages/airflow/example_dags/tutorial.py took 0.090 seconds
[2024-05-12T08:27:13.613+0000] {processor.py:161} INFO - Started process (PID=779) to work on /home/airflow/.local/lib/python3.8/site-packages/airflow/example_dags/tutorial.py
[2024-05-12T08:27:13.615+0000] {processor.py:830} INFO - Processing file /home/airflow/.local/lib/python3.8/site-packages/airflow/example_dags/tutorial.py for tasks to queue
[2024-05-12T08:27:13.618+0000] {logging_mixin.py:188} INFO - [2024-05-12T08:27:13.617+0000] {dagbag.py:540} INFO - Filling up the DagBag from /home/airflow/.local/lib/python3.8/site-packages/airflow/example_dags/tutorial.py
[2024-05-12T08:27:13.625+0000] {processor.py:840} INFO - DAG(s) 'tutorial' retrieved from /home/airflow/.local/lib/python3.8/site-packages/airflow/example_dags/tutorial.py
[2024-05-12T08:27:13.649+0000] {logging_mixin.py:188} INFO - [2024-05-12T08:27:13.648+0000] {dag.py:3047} INFO - Sync 1 DAGs
[2024-05-12T08:27:13.673+0000] {logging_mixin.py:188} INFO - [2024-05-12T08:27:13.672+0000] {dag.py:3834} INFO - Setting next_dagrun for tutorial to 2024-05-11 00:00:00+00:00, run_after=2024-05-12 00:00:00+00:00
[2024-05-12T08:27:13.705+0000] {processor.py:183} INFO - Processing /home/airflow/.local/lib/python3.8/site-packages/airflow/example_dags/tutorial.py took 0.096 seconds
[2024-05-12T08:27:43.793+0000] {processor.py:161} INFO - Started process (PID=834) to work on /home/airflow/.local/lib/python3.8/site-packages/airflow/example_dags/tutorial.py
[2024-05-12T08:27:43.794+0000] {processor.py:830} INFO - Processing file /home/airflow/.local/lib/python3.8/site-packages/airflow/example_dags/tutorial.py for tasks to queue
[2024-05-12T08:27:43.796+0000] {logging_mixin.py:188} INFO - [2024-05-12T08:27:43.796+0000] {dagbag.py:540} INFO - Filling up the DagBag from /home/airflow/.local/lib/python3.8/site-packages/airflow/example_dags/tutorial.py
[2024-05-12T08:27:43.803+0000] {processor.py:840} INFO - DAG(s) 'tutorial' retrieved from /home/airflow/.local/lib/python3.8/site-packages/airflow/example_dags/tutorial.py
[2024-05-12T08:27:43.823+0000] {logging_mixin.py:188} INFO - [2024-05-12T08:27:43.823+0000] {dag.py:3047} INFO - Sync 1 DAGs
[2024-05-12T08:27:43.846+0000] {logging_mixin.py:188} INFO - [2024-05-12T08:27:43.846+0000] {dag.py:3834} INFO - Setting next_dagrun for tutorial to 2024-05-11 00:00:00+00:00, run_after=2024-05-12 00:00:00+00:00
[2024-05-12T08:27:43.876+0000] {processor.py:183} INFO - Processing /home/airflow/.local/lib/python3.8/site-packages/airflow/example_dags/tutorial.py took 0.087 seconds
[2024-05-12T08:28:14.068+0000] {processor.py:161} INFO - Started process (PID=890) to work on /home/airflow/.local/lib/python3.8/site-packages/airflow/example_dags/tutorial.py
[2024-05-12T08:28:14.070+0000] {processor.py:830} INFO - Processing file /home/airflow/.local/lib/python3.8/site-packages/airflow/example_dags/tutorial.py for tasks to queue
[2024-05-12T08:28:14.072+0000] {logging_mixin.py:188} INFO - [2024-05-12T08:28:14.071+0000] {dagbag.py:540} INFO - Filling up the DagBag from /home/airflow/.local/lib/python3.8/site-packages/airflow/example_dags/tutorial.py
[2024-05-12T08:28:14.077+0000] {processor.py:840} INFO - DAG(s) 'tutorial' retrieved from /home/airflow/.local/lib/python3.8/site-packages/airflow/example_dags/tutorial.py
[2024-05-12T08:28:14.103+0000] {logging_mixin.py:188} INFO - [2024-05-12T08:28:14.103+0000] {dag.py:3047} INFO - Sync 1 DAGs
[2024-05-12T08:28:14.134+0000] {logging_mixin.py:188} INFO - [2024-05-12T08:28:14.134+0000] {dag.py:3834} INFO - Setting next_dagrun for tutorial to 2024-05-11 00:00:00+00:00, run_after=2024-05-12 00:00:00+00:00
[2024-05-12T08:28:14.157+0000] {processor.py:183} INFO - Processing /home/airflow/.local/lib/python3.8/site-packages/airflow/example_dags/tutorial.py took 0.093 seconds
